[2024-02-18T23:46:38.801+0000] {processor.py:161} INFO - Started process (PID=339) to work on /home/airflow/.local/lib/python3.8/site-packages/airflow/example_dags/example_sensor_decorator.py
[2024-02-18T23:46:38.805+0000] {processor.py:830} INFO - Processing file /home/airflow/.local/lib/python3.8/site-packages/airflow/example_dags/example_sensor_decorator.py for tasks to queue
[2024-02-18T23:46:38.808+0000] {logging_mixin.py:188} INFO - [2024-02-18T23:46:38.807+0000] {dagbag.py:538} INFO - Filling up the DagBag from /home/airflow/.local/lib/python3.8/site-packages/airflow/example_dags/example_sensor_decorator.py
[2024-02-18T23:46:38.827+0000] {processor.py:840} INFO - DAG(s) 'example_sensor_decorator' retrieved from /home/airflow/.local/lib/python3.8/site-packages/airflow/example_dags/example_sensor_decorator.py
[2024-02-18T23:46:39.103+0000] {logging_mixin.py:188} INFO - [2024-02-18T23:46:39.102+0000] {dag.py:3036} INFO - Sync 1 DAGs
[2024-02-18T23:46:39.133+0000] {logging_mixin.py:188} INFO - [2024-02-18T23:46:39.132+0000] {dag.py:3823} INFO - Setting next_dagrun for example_sensor_decorator to None, run_after=None
[2024-02-18T23:46:39.195+0000] {processor.py:183} INFO - Processing /home/airflow/.local/lib/python3.8/site-packages/airflow/example_dags/example_sensor_decorator.py took 0.404 seconds
[2024-02-18T23:47:09.971+0000] {processor.py:161} INFO - Started process (PID=587) to work on /home/airflow/.local/lib/python3.8/site-packages/airflow/example_dags/example_sensor_decorator.py
[2024-02-18T23:47:09.973+0000] {processor.py:830} INFO - Processing file /home/airflow/.local/lib/python3.8/site-packages/airflow/example_dags/example_sensor_decorator.py for tasks to queue
[2024-02-18T23:47:09.976+0000] {logging_mixin.py:188} INFO - [2024-02-18T23:47:09.975+0000] {dagbag.py:538} INFO - Filling up the DagBag from /home/airflow/.local/lib/python3.8/site-packages/airflow/example_dags/example_sensor_decorator.py
[2024-02-18T23:47:09.991+0000] {processor.py:840} INFO - DAG(s) 'example_sensor_decorator' retrieved from /home/airflow/.local/lib/python3.8/site-packages/airflow/example_dags/example_sensor_decorator.py
[2024-02-18T23:47:10.031+0000] {logging_mixin.py:188} INFO - [2024-02-18T23:47:10.030+0000] {dag.py:3036} INFO - Sync 1 DAGs
[2024-02-18T23:47:10.055+0000] {logging_mixin.py:188} INFO - [2024-02-18T23:47:10.055+0000] {dag.py:3823} INFO - Setting next_dagrun for example_sensor_decorator to None, run_after=None
[2024-02-18T23:47:10.094+0000] {processor.py:183} INFO - Processing /home/airflow/.local/lib/python3.8/site-packages/airflow/example_dags/example_sensor_decorator.py took 0.131 seconds
[2024-02-18T23:52:15.038+0000] {processor.py:161} INFO - Started process (PID=886) to work on /home/airflow/.local/lib/python3.8/site-packages/airflow/example_dags/example_sensor_decorator.py
[2024-02-18T23:52:15.042+0000] {processor.py:830} INFO - Processing file /home/airflow/.local/lib/python3.8/site-packages/airflow/example_dags/example_sensor_decorator.py for tasks to queue
[2024-02-18T23:52:15.051+0000] {logging_mixin.py:188} INFO - [2024-02-18T23:52:15.049+0000] {dagbag.py:538} INFO - Filling up the DagBag from /home/airflow/.local/lib/python3.8/site-packages/airflow/example_dags/example_sensor_decorator.py
[2024-02-18T23:52:15.080+0000] {processor.py:840} INFO - DAG(s) 'example_sensor_decorator' retrieved from /home/airflow/.local/lib/python3.8/site-packages/airflow/example_dags/example_sensor_decorator.py
[2024-02-18T23:52:15.151+0000] {logging_mixin.py:188} INFO - [2024-02-18T23:52:15.150+0000] {dag.py:3036} INFO - Sync 1 DAGs
[2024-02-18T23:52:15.199+0000] {logging_mixin.py:188} INFO - [2024-02-18T23:52:15.197+0000] {dag.py:3823} INFO - Setting next_dagrun for example_sensor_decorator to None, run_after=None
[2024-02-18T23:52:15.269+0000] {processor.py:183} INFO - Processing /home/airflow/.local/lib/python3.8/site-packages/airflow/example_dags/example_sensor_decorator.py took 0.243 seconds
[2024-02-18T23:52:46.500+0000] {processor.py:161} INFO - Started process (PID=1133) to work on /home/airflow/.local/lib/python3.8/site-packages/airflow/example_dags/example_sensor_decorator.py
[2024-02-18T23:52:46.511+0000] {processor.py:830} INFO - Processing file /home/airflow/.local/lib/python3.8/site-packages/airflow/example_dags/example_sensor_decorator.py for tasks to queue
[2024-02-18T23:52:46.533+0000] {logging_mixin.py:188} INFO - [2024-02-18T23:52:46.521+0000] {dagbag.py:538} INFO - Filling up the DagBag from /home/airflow/.local/lib/python3.8/site-packages/airflow/example_dags/example_sensor_decorator.py
[2024-02-18T23:52:46.602+0000] {processor.py:840} INFO - DAG(s) 'example_sensor_decorator' retrieved from /home/airflow/.local/lib/python3.8/site-packages/airflow/example_dags/example_sensor_decorator.py
[2024-02-18T23:52:46.854+0000] {logging_mixin.py:188} INFO - [2024-02-18T23:52:46.843+0000] {dag.py:3036} INFO - Sync 1 DAGs
[2024-02-18T23:52:46.930+0000] {logging_mixin.py:188} INFO - [2024-02-18T23:52:46.928+0000] {dag.py:3823} INFO - Setting next_dagrun for example_sensor_decorator to None, run_after=None
[2024-02-18T23:52:47.112+0000] {processor.py:183} INFO - Processing /home/airflow/.local/lib/python3.8/site-packages/airflow/example_dags/example_sensor_decorator.py took 0.643 seconds
[2024-02-18T23:53:17.449+0000] {processor.py:161} INFO - Started process (PID=1378) to work on /home/airflow/.local/lib/python3.8/site-packages/airflow/example_dags/example_sensor_decorator.py
[2024-02-18T23:53:17.457+0000] {processor.py:830} INFO - Processing file /home/airflow/.local/lib/python3.8/site-packages/airflow/example_dags/example_sensor_decorator.py for tasks to queue
[2024-02-18T23:53:17.469+0000] {logging_mixin.py:188} INFO - [2024-02-18T23:53:17.468+0000] {dagbag.py:538} INFO - Filling up the DagBag from /home/airflow/.local/lib/python3.8/site-packages/airflow/example_dags/example_sensor_decorator.py
[2024-02-18T23:53:17.513+0000] {processor.py:840} INFO - DAG(s) 'example_sensor_decorator' retrieved from /home/airflow/.local/lib/python3.8/site-packages/airflow/example_dags/example_sensor_decorator.py
[2024-02-18T23:53:17.602+0000] {logging_mixin.py:188} INFO - [2024-02-18T23:53:17.601+0000] {dag.py:3036} INFO - Sync 1 DAGs
[2024-02-18T23:53:17.662+0000] {logging_mixin.py:188} INFO - [2024-02-18T23:53:17.662+0000] {dag.py:3823} INFO - Setting next_dagrun for example_sensor_decorator to None, run_after=None
[2024-02-18T23:53:17.749+0000] {processor.py:183} INFO - Processing /home/airflow/.local/lib/python3.8/site-packages/airflow/example_dags/example_sensor_decorator.py took 0.309 seconds
[2024-02-18T23:53:48.163+0000] {processor.py:161} INFO - Started process (PID=1627) to work on /home/airflow/.local/lib/python3.8/site-packages/airflow/example_dags/example_sensor_decorator.py
[2024-02-18T23:53:48.167+0000] {processor.py:830} INFO - Processing file /home/airflow/.local/lib/python3.8/site-packages/airflow/example_dags/example_sensor_decorator.py for tasks to queue
[2024-02-18T23:53:48.172+0000] {logging_mixin.py:188} INFO - [2024-02-18T23:53:48.171+0000] {dagbag.py:538} INFO - Filling up the DagBag from /home/airflow/.local/lib/python3.8/site-packages/airflow/example_dags/example_sensor_decorator.py
[2024-02-18T23:53:48.192+0000] {processor.py:840} INFO - DAG(s) 'example_sensor_decorator' retrieved from /home/airflow/.local/lib/python3.8/site-packages/airflow/example_dags/example_sensor_decorator.py
[2024-02-18T23:53:48.259+0000] {logging_mixin.py:188} INFO - [2024-02-18T23:53:48.258+0000] {dag.py:3036} INFO - Sync 1 DAGs
[2024-02-18T23:53:48.294+0000] {logging_mixin.py:188} INFO - [2024-02-18T23:53:48.292+0000] {dag.py:3823} INFO - Setting next_dagrun for example_sensor_decorator to None, run_after=None
[2024-02-18T23:53:48.374+0000] {processor.py:183} INFO - Processing /home/airflow/.local/lib/python3.8/site-packages/airflow/example_dags/example_sensor_decorator.py took 0.220 seconds
[2024-02-18T23:54:18.475+0000] {processor.py:161} INFO - Started process (PID=1874) to work on /home/airflow/.local/lib/python3.8/site-packages/airflow/example_dags/example_sensor_decorator.py
[2024-02-18T23:54:18.477+0000] {processor.py:830} INFO - Processing file /home/airflow/.local/lib/python3.8/site-packages/airflow/example_dags/example_sensor_decorator.py for tasks to queue
[2024-02-18T23:54:18.481+0000] {logging_mixin.py:188} INFO - [2024-02-18T23:54:18.480+0000] {dagbag.py:538} INFO - Filling up the DagBag from /home/airflow/.local/lib/python3.8/site-packages/airflow/example_dags/example_sensor_decorator.py
[2024-02-18T23:54:18.502+0000] {processor.py:840} INFO - DAG(s) 'example_sensor_decorator' retrieved from /home/airflow/.local/lib/python3.8/site-packages/airflow/example_dags/example_sensor_decorator.py
[2024-02-18T23:54:18.557+0000] {logging_mixin.py:188} INFO - [2024-02-18T23:54:18.556+0000] {dag.py:3036} INFO - Sync 1 DAGs
[2024-02-18T23:54:18.588+0000] {logging_mixin.py:188} INFO - [2024-02-18T23:54:18.587+0000] {dag.py:3823} INFO - Setting next_dagrun for example_sensor_decorator to None, run_after=None
[2024-02-18T23:54:18.651+0000] {processor.py:183} INFO - Processing /home/airflow/.local/lib/python3.8/site-packages/airflow/example_dags/example_sensor_decorator.py took 0.187 seconds
[2024-02-18T23:54:49.415+0000] {processor.py:161} INFO - Started process (PID=2121) to work on /home/airflow/.local/lib/python3.8/site-packages/airflow/example_dags/example_sensor_decorator.py
[2024-02-18T23:54:49.419+0000] {processor.py:830} INFO - Processing file /home/airflow/.local/lib/python3.8/site-packages/airflow/example_dags/example_sensor_decorator.py for tasks to queue
[2024-02-18T23:54:49.424+0000] {logging_mixin.py:188} INFO - [2024-02-18T23:54:49.423+0000] {dagbag.py:538} INFO - Filling up the DagBag from /home/airflow/.local/lib/python3.8/site-packages/airflow/example_dags/example_sensor_decorator.py
[2024-02-18T23:54:49.447+0000] {processor.py:840} INFO - DAG(s) 'example_sensor_decorator' retrieved from /home/airflow/.local/lib/python3.8/site-packages/airflow/example_dags/example_sensor_decorator.py
[2024-02-18T23:54:49.496+0000] {logging_mixin.py:188} INFO - [2024-02-18T23:54:49.495+0000] {dag.py:3036} INFO - Sync 1 DAGs
[2024-02-18T23:54:49.522+0000] {logging_mixin.py:188} INFO - [2024-02-18T23:54:49.522+0000] {dag.py:3823} INFO - Setting next_dagrun for example_sensor_decorator to None, run_after=None
[2024-02-18T23:54:49.561+0000] {processor.py:183} INFO - Processing /home/airflow/.local/lib/python3.8/site-packages/airflow/example_dags/example_sensor_decorator.py took 0.164 seconds
[2024-02-18T23:55:19.760+0000] {processor.py:161} INFO - Started process (PID=2368) to work on /home/airflow/.local/lib/python3.8/site-packages/airflow/example_dags/example_sensor_decorator.py
[2024-02-18T23:55:19.764+0000] {processor.py:830} INFO - Processing file /home/airflow/.local/lib/python3.8/site-packages/airflow/example_dags/example_sensor_decorator.py for tasks to queue
[2024-02-18T23:55:19.768+0000] {logging_mixin.py:188} INFO - [2024-02-18T23:55:19.767+0000] {dagbag.py:538} INFO - Filling up the DagBag from /home/airflow/.local/lib/python3.8/site-packages/airflow/example_dags/example_sensor_decorator.py
[2024-02-18T23:55:19.793+0000] {processor.py:840} INFO - DAG(s) 'example_sensor_decorator' retrieved from /home/airflow/.local/lib/python3.8/site-packages/airflow/example_dags/example_sensor_decorator.py
[2024-02-18T23:55:19.844+0000] {logging_mixin.py:188} INFO - [2024-02-18T23:55:19.844+0000] {dag.py:3036} INFO - Sync 1 DAGs
[2024-02-18T23:55:19.870+0000] {logging_mixin.py:188} INFO - [2024-02-18T23:55:19.869+0000] {dag.py:3823} INFO - Setting next_dagrun for example_sensor_decorator to None, run_after=None
[2024-02-18T23:55:19.913+0000] {processor.py:183} INFO - Processing /home/airflow/.local/lib/python3.8/site-packages/airflow/example_dags/example_sensor_decorator.py took 0.169 seconds
[2024-02-18T23:55:50.064+0000] {processor.py:161} INFO - Started process (PID=2615) to work on /home/airflow/.local/lib/python3.8/site-packages/airflow/example_dags/example_sensor_decorator.py
[2024-02-18T23:55:50.079+0000] {processor.py:830} INFO - Processing file /home/airflow/.local/lib/python3.8/site-packages/airflow/example_dags/example_sensor_decorator.py for tasks to queue
[2024-02-18T23:55:50.083+0000] {logging_mixin.py:188} INFO - [2024-02-18T23:55:50.083+0000] {dagbag.py:538} INFO - Filling up the DagBag from /home/airflow/.local/lib/python3.8/site-packages/airflow/example_dags/example_sensor_decorator.py
[2024-02-18T23:55:50.108+0000] {processor.py:840} INFO - DAG(s) 'example_sensor_decorator' retrieved from /home/airflow/.local/lib/python3.8/site-packages/airflow/example_dags/example_sensor_decorator.py
[2024-02-18T23:55:50.160+0000] {logging_mixin.py:188} INFO - [2024-02-18T23:55:50.159+0000] {dag.py:3036} INFO - Sync 1 DAGs
[2024-02-18T23:55:50.194+0000] {logging_mixin.py:188} INFO - [2024-02-18T23:55:50.193+0000] {dag.py:3823} INFO - Setting next_dagrun for example_sensor_decorator to None, run_after=None
[2024-02-18T23:55:50.247+0000] {processor.py:183} INFO - Processing /home/airflow/.local/lib/python3.8/site-packages/airflow/example_dags/example_sensor_decorator.py took 0.198 seconds
[2024-02-18T23:56:20.424+0000] {processor.py:161} INFO - Started process (PID=2862) to work on /home/airflow/.local/lib/python3.8/site-packages/airflow/example_dags/example_sensor_decorator.py
[2024-02-18T23:56:20.426+0000] {processor.py:830} INFO - Processing file /home/airflow/.local/lib/python3.8/site-packages/airflow/example_dags/example_sensor_decorator.py for tasks to queue
[2024-02-18T23:56:20.429+0000] {logging_mixin.py:188} INFO - [2024-02-18T23:56:20.429+0000] {dagbag.py:538} INFO - Filling up the DagBag from /home/airflow/.local/lib/python3.8/site-packages/airflow/example_dags/example_sensor_decorator.py
[2024-02-18T23:56:20.445+0000] {processor.py:840} INFO - DAG(s) 'example_sensor_decorator' retrieved from /home/airflow/.local/lib/python3.8/site-packages/airflow/example_dags/example_sensor_decorator.py
[2024-02-18T23:56:20.507+0000] {logging_mixin.py:188} INFO - [2024-02-18T23:56:20.506+0000] {dag.py:3036} INFO - Sync 1 DAGs
[2024-02-18T23:56:20.533+0000] {logging_mixin.py:188} INFO - [2024-02-18T23:56:20.532+0000] {dag.py:3823} INFO - Setting next_dagrun for example_sensor_decorator to None, run_after=None
[2024-02-18T23:56:20.574+0000] {processor.py:183} INFO - Processing /home/airflow/.local/lib/python3.8/site-packages/airflow/example_dags/example_sensor_decorator.py took 0.158 seconds
[2024-02-18T23:56:51.252+0000] {processor.py:161} INFO - Started process (PID=3111) to work on /home/airflow/.local/lib/python3.8/site-packages/airflow/example_dags/example_sensor_decorator.py
[2024-02-18T23:56:51.254+0000] {processor.py:830} INFO - Processing file /home/airflow/.local/lib/python3.8/site-packages/airflow/example_dags/example_sensor_decorator.py for tasks to queue
[2024-02-18T23:56:51.258+0000] {logging_mixin.py:188} INFO - [2024-02-18T23:56:51.257+0000] {dagbag.py:538} INFO - Filling up the DagBag from /home/airflow/.local/lib/python3.8/site-packages/airflow/example_dags/example_sensor_decorator.py
[2024-02-18T23:56:51.279+0000] {processor.py:840} INFO - DAG(s) 'example_sensor_decorator' retrieved from /home/airflow/.local/lib/python3.8/site-packages/airflow/example_dags/example_sensor_decorator.py
[2024-02-18T23:56:51.337+0000] {logging_mixin.py:188} INFO - [2024-02-18T23:56:51.336+0000] {dag.py:3036} INFO - Sync 1 DAGs
[2024-02-18T23:56:51.379+0000] {logging_mixin.py:188} INFO - [2024-02-18T23:56:51.378+0000] {dag.py:3823} INFO - Setting next_dagrun for example_sensor_decorator to None, run_after=None
[2024-02-18T23:56:51.424+0000] {processor.py:183} INFO - Processing /home/airflow/.local/lib/python3.8/site-packages/airflow/example_dags/example_sensor_decorator.py took 0.182 seconds
[2024-02-18T23:57:21.666+0000] {processor.py:161} INFO - Started process (PID=3356) to work on /home/airflow/.local/lib/python3.8/site-packages/airflow/example_dags/example_sensor_decorator.py
[2024-02-18T23:57:21.670+0000] {processor.py:830} INFO - Processing file /home/airflow/.local/lib/python3.8/site-packages/airflow/example_dags/example_sensor_decorator.py for tasks to queue
[2024-02-18T23:57:21.674+0000] {logging_mixin.py:188} INFO - [2024-02-18T23:57:21.673+0000] {dagbag.py:538} INFO - Filling up the DagBag from /home/airflow/.local/lib/python3.8/site-packages/airflow/example_dags/example_sensor_decorator.py
[2024-02-18T23:57:21.693+0000] {processor.py:840} INFO - DAG(s) 'example_sensor_decorator' retrieved from /home/airflow/.local/lib/python3.8/site-packages/airflow/example_dags/example_sensor_decorator.py
[2024-02-18T23:57:21.750+0000] {logging_mixin.py:188} INFO - [2024-02-18T23:57:21.750+0000] {dag.py:3036} INFO - Sync 1 DAGs
[2024-02-18T23:57:21.778+0000] {logging_mixin.py:188} INFO - [2024-02-18T23:57:21.777+0000] {dag.py:3823} INFO - Setting next_dagrun for example_sensor_decorator to None, run_after=None
[2024-02-18T23:57:21.820+0000] {processor.py:183} INFO - Processing /home/airflow/.local/lib/python3.8/site-packages/airflow/example_dags/example_sensor_decorator.py took 0.161 seconds
[2024-02-18T23:57:52.577+0000] {processor.py:161} INFO - Started process (PID=3602) to work on /home/airflow/.local/lib/python3.8/site-packages/airflow/example_dags/example_sensor_decorator.py
[2024-02-18T23:57:52.580+0000] {processor.py:830} INFO - Processing file /home/airflow/.local/lib/python3.8/site-packages/airflow/example_dags/example_sensor_decorator.py for tasks to queue
[2024-02-18T23:57:52.585+0000] {logging_mixin.py:188} INFO - [2024-02-18T23:57:52.584+0000] {dagbag.py:538} INFO - Filling up the DagBag from /home/airflow/.local/lib/python3.8/site-packages/airflow/example_dags/example_sensor_decorator.py
[2024-02-18T23:57:52.601+0000] {processor.py:840} INFO - DAG(s) 'example_sensor_decorator' retrieved from /home/airflow/.local/lib/python3.8/site-packages/airflow/example_dags/example_sensor_decorator.py
[2024-02-18T23:57:52.646+0000] {logging_mixin.py:188} INFO - [2024-02-18T23:57:52.646+0000] {dag.py:3036} INFO - Sync 1 DAGs
[2024-02-18T23:57:52.673+0000] {logging_mixin.py:188} INFO - [2024-02-18T23:57:52.672+0000] {dag.py:3823} INFO - Setting next_dagrun for example_sensor_decorator to None, run_after=None
[2024-02-18T23:57:52.719+0000] {processor.py:183} INFO - Processing /home/airflow/.local/lib/python3.8/site-packages/airflow/example_dags/example_sensor_decorator.py took 0.149 seconds
[2024-02-18T23:58:23.653+0000] {processor.py:161} INFO - Started process (PID=3851) to work on /home/airflow/.local/lib/python3.8/site-packages/airflow/example_dags/example_sensor_decorator.py
[2024-02-18T23:58:23.656+0000] {processor.py:830} INFO - Processing file /home/airflow/.local/lib/python3.8/site-packages/airflow/example_dags/example_sensor_decorator.py for tasks to queue
[2024-02-18T23:58:23.660+0000] {logging_mixin.py:188} INFO - [2024-02-18T23:58:23.659+0000] {dagbag.py:538} INFO - Filling up the DagBag from /home/airflow/.local/lib/python3.8/site-packages/airflow/example_dags/example_sensor_decorator.py
[2024-02-18T23:58:23.677+0000] {processor.py:840} INFO - DAG(s) 'example_sensor_decorator' retrieved from /home/airflow/.local/lib/python3.8/site-packages/airflow/example_dags/example_sensor_decorator.py
[2024-02-18T23:58:23.724+0000] {logging_mixin.py:188} INFO - [2024-02-18T23:58:23.723+0000] {dag.py:3036} INFO - Sync 1 DAGs
[2024-02-18T23:58:23.756+0000] {logging_mixin.py:188} INFO - [2024-02-18T23:58:23.755+0000] {dag.py:3823} INFO - Setting next_dagrun for example_sensor_decorator to None, run_after=None
[2024-02-18T23:58:23.798+0000] {processor.py:183} INFO - Processing /home/airflow/.local/lib/python3.8/site-packages/airflow/example_dags/example_sensor_decorator.py took 0.153 seconds
[2024-02-18T23:58:54.537+0000] {processor.py:161} INFO - Started process (PID=4098) to work on /home/airflow/.local/lib/python3.8/site-packages/airflow/example_dags/example_sensor_decorator.py
[2024-02-18T23:58:54.539+0000] {processor.py:830} INFO - Processing file /home/airflow/.local/lib/python3.8/site-packages/airflow/example_dags/example_sensor_decorator.py for tasks to queue
[2024-02-18T23:58:54.542+0000] {logging_mixin.py:188} INFO - [2024-02-18T23:58:54.541+0000] {dagbag.py:538} INFO - Filling up the DagBag from /home/airflow/.local/lib/python3.8/site-packages/airflow/example_dags/example_sensor_decorator.py
[2024-02-18T23:58:54.555+0000] {processor.py:840} INFO - DAG(s) 'example_sensor_decorator' retrieved from /home/airflow/.local/lib/python3.8/site-packages/airflow/example_dags/example_sensor_decorator.py
[2024-02-18T23:58:54.614+0000] {logging_mixin.py:188} INFO - [2024-02-18T23:58:54.613+0000] {dag.py:3036} INFO - Sync 1 DAGs
[2024-02-18T23:58:54.651+0000] {logging_mixin.py:188} INFO - [2024-02-18T23:58:54.651+0000] {dag.py:3823} INFO - Setting next_dagrun for example_sensor_decorator to None, run_after=None
[2024-02-18T23:58:54.711+0000] {processor.py:183} INFO - Processing /home/airflow/.local/lib/python3.8/site-packages/airflow/example_dags/example_sensor_decorator.py took 0.181 seconds
[2024-02-18T23:59:27.138+0000] {processor.py:161} INFO - Started process (PID=4343) to work on /home/airflow/.local/lib/python3.8/site-packages/airflow/example_dags/example_sensor_decorator.py
[2024-02-18T23:59:27.144+0000] {processor.py:830} INFO - Processing file /home/airflow/.local/lib/python3.8/site-packages/airflow/example_dags/example_sensor_decorator.py for tasks to queue
[2024-02-18T23:59:27.148+0000] {logging_mixin.py:188} INFO - [2024-02-18T23:59:27.147+0000] {dagbag.py:538} INFO - Filling up the DagBag from /home/airflow/.local/lib/python3.8/site-packages/airflow/example_dags/example_sensor_decorator.py
[2024-02-18T23:59:27.171+0000] {processor.py:840} INFO - DAG(s) 'example_sensor_decorator' retrieved from /home/airflow/.local/lib/python3.8/site-packages/airflow/example_dags/example_sensor_decorator.py
[2024-02-18T23:59:27.263+0000] {logging_mixin.py:188} INFO - [2024-02-18T23:59:27.262+0000] {dag.py:3036} INFO - Sync 1 DAGs
[2024-02-18T23:59:27.328+0000] {logging_mixin.py:188} INFO - [2024-02-18T23:59:27.327+0000] {dag.py:3823} INFO - Setting next_dagrun for example_sensor_decorator to None, run_after=None
[2024-02-18T23:59:27.438+0000] {processor.py:183} INFO - Processing /home/airflow/.local/lib/python3.8/site-packages/airflow/example_dags/example_sensor_decorator.py took 0.329 seconds
[2024-02-18T23:59:57.678+0000] {processor.py:161} INFO - Started process (PID=4590) to work on /home/airflow/.local/lib/python3.8/site-packages/airflow/example_dags/example_sensor_decorator.py
[2024-02-18T23:59:57.681+0000] {processor.py:830} INFO - Processing file /home/airflow/.local/lib/python3.8/site-packages/airflow/example_dags/example_sensor_decorator.py for tasks to queue
[2024-02-18T23:59:57.685+0000] {logging_mixin.py:188} INFO - [2024-02-18T23:59:57.684+0000] {dagbag.py:538} INFO - Filling up the DagBag from /home/airflow/.local/lib/python3.8/site-packages/airflow/example_dags/example_sensor_decorator.py
[2024-02-18T23:59:57.709+0000] {processor.py:840} INFO - DAG(s) 'example_sensor_decorator' retrieved from /home/airflow/.local/lib/python3.8/site-packages/airflow/example_dags/example_sensor_decorator.py
[2024-02-18T23:59:57.760+0000] {logging_mixin.py:188} INFO - [2024-02-18T23:59:57.759+0000] {dag.py:3036} INFO - Sync 1 DAGs
[2024-02-18T23:59:57.798+0000] {logging_mixin.py:188} INFO - [2024-02-18T23:59:57.797+0000] {dag.py:3823} INFO - Setting next_dagrun for example_sensor_decorator to None, run_after=None
[2024-02-18T23:59:57.849+0000] {processor.py:183} INFO - Processing /home/airflow/.local/lib/python3.8/site-packages/airflow/example_dags/example_sensor_decorator.py took 0.182 seconds
