[2024-02-18T23:46:41.350+0000] {processor.py:161} INFO - Started process (PID=379) to work on /home/airflow/.local/lib/python3.8/site-packages/airflow/example_dags/example_latest_only.py
[2024-02-18T23:46:41.353+0000] {processor.py:830} INFO - Processing file /home/airflow/.local/lib/python3.8/site-packages/airflow/example_dags/example_latest_only.py for tasks to queue
[2024-02-18T23:46:41.357+0000] {logging_mixin.py:188} INFO - [2024-02-18T23:46:41.356+0000] {dagbag.py:538} INFO - Filling up the DagBag from /home/airflow/.local/lib/python3.8/site-packages/airflow/example_dags/example_latest_only.py
[2024-02-18T23:46:41.375+0000] {processor.py:840} INFO - DAG(s) 'latest_only' retrieved from /home/airflow/.local/lib/python3.8/site-packages/airflow/example_dags/example_latest_only.py
[2024-02-18T23:46:41.685+0000] {logging_mixin.py:188} INFO - [2024-02-18T23:46:41.685+0000] {dag.py:3036} INFO - Sync 1 DAGs
[2024-02-18T23:46:41.752+0000] {logging_mixin.py:188} INFO - [2024-02-18T23:46:41.750+0000] {dag.py:3823} INFO - Setting next_dagrun for latest_only to 2024-02-18 16:00:00+00:00, run_after=2024-02-18 20:00:00+00:00
[2024-02-18T23:46:41.822+0000] {processor.py:183} INFO - Processing /home/airflow/.local/lib/python3.8/site-packages/airflow/example_dags/example_latest_only.py took 0.482 seconds
[2024-02-18T23:47:12.291+0000] {processor.py:161} INFO - Started process (PID=627) to work on /home/airflow/.local/lib/python3.8/site-packages/airflow/example_dags/example_latest_only.py
[2024-02-18T23:47:12.293+0000] {processor.py:830} INFO - Processing file /home/airflow/.local/lib/python3.8/site-packages/airflow/example_dags/example_latest_only.py for tasks to queue
[2024-02-18T23:47:12.296+0000] {logging_mixin.py:188} INFO - [2024-02-18T23:47:12.295+0000] {dagbag.py:538} INFO - Filling up the DagBag from /home/airflow/.local/lib/python3.8/site-packages/airflow/example_dags/example_latest_only.py
[2024-02-18T23:47:12.312+0000] {processor.py:840} INFO - DAG(s) 'latest_only' retrieved from /home/airflow/.local/lib/python3.8/site-packages/airflow/example_dags/example_latest_only.py
[2024-02-18T23:47:12.368+0000] {logging_mixin.py:188} INFO - [2024-02-18T23:47:12.368+0000] {dag.py:3036} INFO - Sync 1 DAGs
[2024-02-18T23:47:12.423+0000] {logging_mixin.py:188} INFO - [2024-02-18T23:47:12.423+0000] {dag.py:3823} INFO - Setting next_dagrun for latest_only to 2024-02-18 16:00:00+00:00, run_after=2024-02-18 20:00:00+00:00
[2024-02-18T23:47:12.495+0000] {processor.py:183} INFO - Processing /home/airflow/.local/lib/python3.8/site-packages/airflow/example_dags/example_latest_only.py took 0.211 seconds
[2024-02-18T23:52:16.714+0000] {processor.py:161} INFO - Started process (PID=926) to work on /home/airflow/.local/lib/python3.8/site-packages/airflow/example_dags/example_latest_only.py
[2024-02-18T23:52:16.717+0000] {processor.py:830} INFO - Processing file /home/airflow/.local/lib/python3.8/site-packages/airflow/example_dags/example_latest_only.py for tasks to queue
[2024-02-18T23:52:16.719+0000] {logging_mixin.py:188} INFO - [2024-02-18T23:52:16.718+0000] {dagbag.py:538} INFO - Filling up the DagBag from /home/airflow/.local/lib/python3.8/site-packages/airflow/example_dags/example_latest_only.py
[2024-02-18T23:52:16.731+0000] {processor.py:840} INFO - DAG(s) 'latest_only' retrieved from /home/airflow/.local/lib/python3.8/site-packages/airflow/example_dags/example_latest_only.py
[2024-02-18T23:52:16.776+0000] {logging_mixin.py:188} INFO - [2024-02-18T23:52:16.776+0000] {dag.py:3036} INFO - Sync 1 DAGs
[2024-02-18T23:52:16.824+0000] {logging_mixin.py:188} INFO - [2024-02-18T23:52:16.823+0000] {dag.py:3823} INFO - Setting next_dagrun for latest_only to 2024-02-18 16:00:00+00:00, run_after=2024-02-18 20:00:00+00:00
[2024-02-18T23:52:16.868+0000] {processor.py:183} INFO - Processing /home/airflow/.local/lib/python3.8/site-packages/airflow/example_dags/example_latest_only.py took 0.161 seconds
[2024-02-18T23:52:49.933+0000] {processor.py:161} INFO - Started process (PID=1173) to work on /home/airflow/.local/lib/python3.8/site-packages/airflow/example_dags/example_latest_only.py
[2024-02-18T23:52:49.947+0000] {processor.py:830} INFO - Processing file /home/airflow/.local/lib/python3.8/site-packages/airflow/example_dags/example_latest_only.py for tasks to queue
[2024-02-18T23:52:49.961+0000] {logging_mixin.py:188} INFO - [2024-02-18T23:52:49.960+0000] {dagbag.py:538} INFO - Filling up the DagBag from /home/airflow/.local/lib/python3.8/site-packages/airflow/example_dags/example_latest_only.py
[2024-02-18T23:52:49.995+0000] {processor.py:840} INFO - DAG(s) 'latest_only' retrieved from /home/airflow/.local/lib/python3.8/site-packages/airflow/example_dags/example_latest_only.py
[2024-02-18T23:52:50.161+0000] {logging_mixin.py:188} INFO - [2024-02-18T23:52:50.161+0000] {dag.py:3036} INFO - Sync 1 DAGs
[2024-02-18T23:52:50.374+0000] {logging_mixin.py:188} INFO - [2024-02-18T23:52:50.373+0000] {dag.py:3823} INFO - Setting next_dagrun for latest_only to 2024-02-18 16:00:00+00:00, run_after=2024-02-18 20:00:00+00:00
[2024-02-18T23:52:50.516+0000] {processor.py:183} INFO - Processing /home/airflow/.local/lib/python3.8/site-packages/airflow/example_dags/example_latest_only.py took 0.640 seconds
[2024-02-18T23:53:21.349+0000] {processor.py:161} INFO - Started process (PID=1422) to work on /home/airflow/.local/lib/python3.8/site-packages/airflow/example_dags/example_latest_only.py
[2024-02-18T23:53:21.354+0000] {processor.py:830} INFO - Processing file /home/airflow/.local/lib/python3.8/site-packages/airflow/example_dags/example_latest_only.py for tasks to queue
[2024-02-18T23:53:21.362+0000] {logging_mixin.py:188} INFO - [2024-02-18T23:53:21.361+0000] {dagbag.py:538} INFO - Filling up the DagBag from /home/airflow/.local/lib/python3.8/site-packages/airflow/example_dags/example_latest_only.py
[2024-02-18T23:53:21.386+0000] {processor.py:840} INFO - DAG(s) 'latest_only' retrieved from /home/airflow/.local/lib/python3.8/site-packages/airflow/example_dags/example_latest_only.py
[2024-02-18T23:53:21.475+0000] {logging_mixin.py:188} INFO - [2024-02-18T23:53:21.475+0000] {dag.py:3036} INFO - Sync 1 DAGs
[2024-02-18T23:53:21.571+0000] {logging_mixin.py:188} INFO - [2024-02-18T23:53:21.570+0000] {dag.py:3823} INFO - Setting next_dagrun for latest_only to 2024-02-18 16:00:00+00:00, run_after=2024-02-18 20:00:00+00:00
[2024-02-18T23:53:21.645+0000] {processor.py:183} INFO - Processing /home/airflow/.local/lib/python3.8/site-packages/airflow/example_dags/example_latest_only.py took 0.307 seconds
[2024-02-18T23:53:51.949+0000] {processor.py:161} INFO - Started process (PID=1669) to work on /home/airflow/.local/lib/python3.8/site-packages/airflow/example_dags/example_latest_only.py
[2024-02-18T23:53:51.952+0000] {processor.py:830} INFO - Processing file /home/airflow/.local/lib/python3.8/site-packages/airflow/example_dags/example_latest_only.py for tasks to queue
[2024-02-18T23:53:51.955+0000] {logging_mixin.py:188} INFO - [2024-02-18T23:53:51.954+0000] {dagbag.py:538} INFO - Filling up the DagBag from /home/airflow/.local/lib/python3.8/site-packages/airflow/example_dags/example_latest_only.py
[2024-02-18T23:53:51.995+0000] {processor.py:840} INFO - DAG(s) 'latest_only' retrieved from /home/airflow/.local/lib/python3.8/site-packages/airflow/example_dags/example_latest_only.py
[2024-02-18T23:53:52.136+0000] {logging_mixin.py:188} INFO - [2024-02-18T23:53:52.135+0000] {dag.py:3036} INFO - Sync 1 DAGs
[2024-02-18T23:53:52.235+0000] {logging_mixin.py:188} INFO - [2024-02-18T23:53:52.234+0000] {dag.py:3823} INFO - Setting next_dagrun for latest_only to 2024-02-18 16:00:00+00:00, run_after=2024-02-18 20:00:00+00:00
[2024-02-18T23:53:52.331+0000] {processor.py:183} INFO - Processing /home/airflow/.local/lib/python3.8/site-packages/airflow/example_dags/example_latest_only.py took 0.397 seconds
[2024-02-18T23:54:22.558+0000] {processor.py:161} INFO - Started process (PID=1916) to work on /home/airflow/.local/lib/python3.8/site-packages/airflow/example_dags/example_latest_only.py
[2024-02-18T23:54:22.562+0000] {processor.py:830} INFO - Processing file /home/airflow/.local/lib/python3.8/site-packages/airflow/example_dags/example_latest_only.py for tasks to queue
[2024-02-18T23:54:22.570+0000] {logging_mixin.py:188} INFO - [2024-02-18T23:54:22.569+0000] {dagbag.py:538} INFO - Filling up the DagBag from /home/airflow/.local/lib/python3.8/site-packages/airflow/example_dags/example_latest_only.py
[2024-02-18T23:54:22.591+0000] {processor.py:840} INFO - DAG(s) 'latest_only' retrieved from /home/airflow/.local/lib/python3.8/site-packages/airflow/example_dags/example_latest_only.py
[2024-02-18T23:54:22.693+0000] {logging_mixin.py:188} INFO - [2024-02-18T23:54:22.692+0000] {dag.py:3036} INFO - Sync 1 DAGs
[2024-02-18T23:54:22.851+0000] {logging_mixin.py:188} INFO - [2024-02-18T23:54:22.850+0000] {dag.py:3823} INFO - Setting next_dagrun for latest_only to 2024-02-18 16:00:00+00:00, run_after=2024-02-18 20:00:00+00:00
[2024-02-18T23:54:22.954+0000] {processor.py:183} INFO - Processing /home/airflow/.local/lib/python3.8/site-packages/airflow/example_dags/example_latest_only.py took 0.411 seconds
[2024-02-18T23:54:53.118+0000] {processor.py:161} INFO - Started process (PID=2163) to work on /home/airflow/.local/lib/python3.8/site-packages/airflow/example_dags/example_latest_only.py
[2024-02-18T23:54:53.120+0000] {processor.py:830} INFO - Processing file /home/airflow/.local/lib/python3.8/site-packages/airflow/example_dags/example_latest_only.py for tasks to queue
[2024-02-18T23:54:53.123+0000] {logging_mixin.py:188} INFO - [2024-02-18T23:54:53.122+0000] {dagbag.py:538} INFO - Filling up the DagBag from /home/airflow/.local/lib/python3.8/site-packages/airflow/example_dags/example_latest_only.py
[2024-02-18T23:54:53.138+0000] {processor.py:840} INFO - DAG(s) 'latest_only' retrieved from /home/airflow/.local/lib/python3.8/site-packages/airflow/example_dags/example_latest_only.py
[2024-02-18T23:54:53.193+0000] {logging_mixin.py:188} INFO - [2024-02-18T23:54:53.192+0000] {dag.py:3036} INFO - Sync 1 DAGs
[2024-02-18T23:54:53.239+0000] {logging_mixin.py:188} INFO - [2024-02-18T23:54:53.239+0000] {dag.py:3823} INFO - Setting next_dagrun for latest_only to 2024-02-18 16:00:00+00:00, run_after=2024-02-18 20:00:00+00:00
[2024-02-18T23:54:53.284+0000] {processor.py:183} INFO - Processing /home/airflow/.local/lib/python3.8/site-packages/airflow/example_dags/example_latest_only.py took 0.175 seconds
[2024-02-18T23:55:23.433+0000] {processor.py:161} INFO - Started process (PID=2408) to work on /home/airflow/.local/lib/python3.8/site-packages/airflow/example_dags/example_latest_only.py
[2024-02-18T23:55:23.436+0000] {processor.py:830} INFO - Processing file /home/airflow/.local/lib/python3.8/site-packages/airflow/example_dags/example_latest_only.py for tasks to queue
[2024-02-18T23:55:23.442+0000] {logging_mixin.py:188} INFO - [2024-02-18T23:55:23.440+0000] {dagbag.py:538} INFO - Filling up the DagBag from /home/airflow/.local/lib/python3.8/site-packages/airflow/example_dags/example_latest_only.py
[2024-02-18T23:55:23.459+0000] {processor.py:840} INFO - DAG(s) 'latest_only' retrieved from /home/airflow/.local/lib/python3.8/site-packages/airflow/example_dags/example_latest_only.py
[2024-02-18T23:55:23.551+0000] {logging_mixin.py:188} INFO - [2024-02-18T23:55:23.550+0000] {dag.py:3036} INFO - Sync 1 DAGs
[2024-02-18T23:55:23.619+0000] {logging_mixin.py:188} INFO - [2024-02-18T23:55:23.618+0000] {dag.py:3823} INFO - Setting next_dagrun for latest_only to 2024-02-18 16:00:00+00:00, run_after=2024-02-18 20:00:00+00:00
[2024-02-18T23:55:23.743+0000] {processor.py:183} INFO - Processing /home/airflow/.local/lib/python3.8/site-packages/airflow/example_dags/example_latest_only.py took 0.317 seconds
[2024-02-18T23:55:54.479+0000] {processor.py:161} INFO - Started process (PID=2655) to work on /home/airflow/.local/lib/python3.8/site-packages/airflow/example_dags/example_latest_only.py
[2024-02-18T23:55:54.481+0000] {processor.py:830} INFO - Processing file /home/airflow/.local/lib/python3.8/site-packages/airflow/example_dags/example_latest_only.py for tasks to queue
[2024-02-18T23:55:54.485+0000] {logging_mixin.py:188} INFO - [2024-02-18T23:55:54.484+0000] {dagbag.py:538} INFO - Filling up the DagBag from /home/airflow/.local/lib/python3.8/site-packages/airflow/example_dags/example_latest_only.py
[2024-02-18T23:55:54.500+0000] {processor.py:840} INFO - DAG(s) 'latest_only' retrieved from /home/airflow/.local/lib/python3.8/site-packages/airflow/example_dags/example_latest_only.py
[2024-02-18T23:55:54.545+0000] {logging_mixin.py:188} INFO - [2024-02-18T23:55:54.544+0000] {dag.py:3036} INFO - Sync 1 DAGs
[2024-02-18T23:55:54.596+0000] {logging_mixin.py:188} INFO - [2024-02-18T23:55:54.596+0000] {dag.py:3823} INFO - Setting next_dagrun for latest_only to 2024-02-18 16:00:00+00:00, run_after=2024-02-18 20:00:00+00:00
[2024-02-18T23:55:54.637+0000] {processor.py:183} INFO - Processing /home/airflow/.local/lib/python3.8/site-packages/airflow/example_dags/example_latest_only.py took 0.165 seconds
[2024-02-18T23:56:25.666+0000] {processor.py:161} INFO - Started process (PID=2902) to work on /home/airflow/.local/lib/python3.8/site-packages/airflow/example_dags/example_latest_only.py
[2024-02-18T23:56:25.669+0000] {processor.py:830} INFO - Processing file /home/airflow/.local/lib/python3.8/site-packages/airflow/example_dags/example_latest_only.py for tasks to queue
[2024-02-18T23:56:25.672+0000] {logging_mixin.py:188} INFO - [2024-02-18T23:56:25.671+0000] {dagbag.py:538} INFO - Filling up the DagBag from /home/airflow/.local/lib/python3.8/site-packages/airflow/example_dags/example_latest_only.py
[2024-02-18T23:56:25.693+0000] {processor.py:840} INFO - DAG(s) 'latest_only' retrieved from /home/airflow/.local/lib/python3.8/site-packages/airflow/example_dags/example_latest_only.py
[2024-02-18T23:56:25.736+0000] {logging_mixin.py:188} INFO - [2024-02-18T23:56:25.736+0000] {dag.py:3036} INFO - Sync 1 DAGs
[2024-02-18T23:56:25.803+0000] {logging_mixin.py:188} INFO - [2024-02-18T23:56:25.802+0000] {dag.py:3823} INFO - Setting next_dagrun for latest_only to 2024-02-18 16:00:00+00:00, run_after=2024-02-18 20:00:00+00:00
[2024-02-18T23:56:25.860+0000] {processor.py:183} INFO - Processing /home/airflow/.local/lib/python3.8/site-packages/airflow/example_dags/example_latest_only.py took 0.207 seconds
[2024-02-18T23:56:56.239+0000] {processor.py:161} INFO - Started process (PID=3146) to work on /home/airflow/.local/lib/python3.8/site-packages/airflow/example_dags/example_latest_only.py
[2024-02-18T23:56:56.241+0000] {processor.py:830} INFO - Processing file /home/airflow/.local/lib/python3.8/site-packages/airflow/example_dags/example_latest_only.py for tasks to queue
[2024-02-18T23:56:56.244+0000] {logging_mixin.py:188} INFO - [2024-02-18T23:56:56.243+0000] {dagbag.py:538} INFO - Filling up the DagBag from /home/airflow/.local/lib/python3.8/site-packages/airflow/example_dags/example_latest_only.py
[2024-02-18T23:56:56.256+0000] {processor.py:840} INFO - DAG(s) 'latest_only' retrieved from /home/airflow/.local/lib/python3.8/site-packages/airflow/example_dags/example_latest_only.py
[2024-02-18T23:56:56.299+0000] {logging_mixin.py:188} INFO - [2024-02-18T23:56:56.299+0000] {dag.py:3036} INFO - Sync 1 DAGs
[2024-02-18T23:56:56.343+0000] {logging_mixin.py:188} INFO - [2024-02-18T23:56:56.343+0000] {dag.py:3823} INFO - Setting next_dagrun for latest_only to 2024-02-18 16:00:00+00:00, run_after=2024-02-18 20:00:00+00:00
[2024-02-18T23:56:56.380+0000] {processor.py:183} INFO - Processing /home/airflow/.local/lib/python3.8/site-packages/airflow/example_dags/example_latest_only.py took 0.149 seconds
[2024-02-18T23:57:26.746+0000] {processor.py:161} INFO - Started process (PID=3393) to work on /home/airflow/.local/lib/python3.8/site-packages/airflow/example_dags/example_latest_only.py
[2024-02-18T23:57:26.748+0000] {processor.py:830} INFO - Processing file /home/airflow/.local/lib/python3.8/site-packages/airflow/example_dags/example_latest_only.py for tasks to queue
[2024-02-18T23:57:26.751+0000] {logging_mixin.py:188} INFO - [2024-02-18T23:57:26.750+0000] {dagbag.py:538} INFO - Filling up the DagBag from /home/airflow/.local/lib/python3.8/site-packages/airflow/example_dags/example_latest_only.py
[2024-02-18T23:57:26.763+0000] {processor.py:840} INFO - DAG(s) 'latest_only' retrieved from /home/airflow/.local/lib/python3.8/site-packages/airflow/example_dags/example_latest_only.py
[2024-02-18T23:57:26.804+0000] {logging_mixin.py:188} INFO - [2024-02-18T23:57:26.804+0000] {dag.py:3036} INFO - Sync 1 DAGs
[2024-02-18T23:57:26.842+0000] {logging_mixin.py:188} INFO - [2024-02-18T23:57:26.842+0000] {dag.py:3823} INFO - Setting next_dagrun for latest_only to 2024-02-18 16:00:00+00:00, run_after=2024-02-18 20:00:00+00:00
[2024-02-18T23:57:26.882+0000] {processor.py:183} INFO - Processing /home/airflow/.local/lib/python3.8/site-packages/airflow/example_dags/example_latest_only.py took 0.142 seconds
[2024-02-18T23:57:57.463+0000] {processor.py:161} INFO - Started process (PID=3639) to work on /home/airflow/.local/lib/python3.8/site-packages/airflow/example_dags/example_latest_only.py
[2024-02-18T23:57:57.465+0000] {processor.py:830} INFO - Processing file /home/airflow/.local/lib/python3.8/site-packages/airflow/example_dags/example_latest_only.py for tasks to queue
[2024-02-18T23:57:57.468+0000] {logging_mixin.py:188} INFO - [2024-02-18T23:57:57.467+0000] {dagbag.py:538} INFO - Filling up the DagBag from /home/airflow/.local/lib/python3.8/site-packages/airflow/example_dags/example_latest_only.py
[2024-02-18T23:57:57.479+0000] {processor.py:840} INFO - DAG(s) 'latest_only' retrieved from /home/airflow/.local/lib/python3.8/site-packages/airflow/example_dags/example_latest_only.py
[2024-02-18T23:57:57.519+0000] {logging_mixin.py:188} INFO - [2024-02-18T23:57:57.518+0000] {dag.py:3036} INFO - Sync 1 DAGs
[2024-02-18T23:57:57.579+0000] {logging_mixin.py:188} INFO - [2024-02-18T23:57:57.578+0000] {dag.py:3823} INFO - Setting next_dagrun for latest_only to 2024-02-18 16:00:00+00:00, run_after=2024-02-18 20:00:00+00:00
[2024-02-18T23:57:57.615+0000] {processor.py:183} INFO - Processing /home/airflow/.local/lib/python3.8/site-packages/airflow/example_dags/example_latest_only.py took 0.158 seconds
[2024-02-18T23:58:28.480+0000] {processor.py:161} INFO - Started process (PID=3886) to work on /home/airflow/.local/lib/python3.8/site-packages/airflow/example_dags/example_latest_only.py
[2024-02-18T23:58:28.482+0000] {processor.py:830} INFO - Processing file /home/airflow/.local/lib/python3.8/site-packages/airflow/example_dags/example_latest_only.py for tasks to queue
[2024-02-18T23:58:28.484+0000] {logging_mixin.py:188} INFO - [2024-02-18T23:58:28.483+0000] {dagbag.py:538} INFO - Filling up the DagBag from /home/airflow/.local/lib/python3.8/site-packages/airflow/example_dags/example_latest_only.py
[2024-02-18T23:58:28.496+0000] {processor.py:840} INFO - DAG(s) 'latest_only' retrieved from /home/airflow/.local/lib/python3.8/site-packages/airflow/example_dags/example_latest_only.py
[2024-02-18T23:58:28.534+0000] {logging_mixin.py:188} INFO - [2024-02-18T23:58:28.533+0000] {dag.py:3036} INFO - Sync 1 DAGs
[2024-02-18T23:58:28.579+0000] {logging_mixin.py:188} INFO - [2024-02-18T23:58:28.579+0000] {dag.py:3823} INFO - Setting next_dagrun for latest_only to 2024-02-18 16:00:00+00:00, run_after=2024-02-18 20:00:00+00:00
[2024-02-18T23:58:28.629+0000] {processor.py:183} INFO - Processing /home/airflow/.local/lib/python3.8/site-packages/airflow/example_dags/example_latest_only.py took 0.155 seconds
[2024-02-18T23:58:59.751+0000] {processor.py:161} INFO - Started process (PID=4131) to work on /home/airflow/.local/lib/python3.8/site-packages/airflow/example_dags/example_latest_only.py
[2024-02-18T23:58:59.753+0000] {processor.py:830} INFO - Processing file /home/airflow/.local/lib/python3.8/site-packages/airflow/example_dags/example_latest_only.py for tasks to queue
[2024-02-18T23:58:59.756+0000] {logging_mixin.py:188} INFO - [2024-02-18T23:58:59.755+0000] {dagbag.py:538} INFO - Filling up the DagBag from /home/airflow/.local/lib/python3.8/site-packages/airflow/example_dags/example_latest_only.py
[2024-02-18T23:58:59.770+0000] {processor.py:840} INFO - DAG(s) 'latest_only' retrieved from /home/airflow/.local/lib/python3.8/site-packages/airflow/example_dags/example_latest_only.py
[2024-02-18T23:58:59.815+0000] {logging_mixin.py:188} INFO - [2024-02-18T23:58:59.814+0000] {dag.py:3036} INFO - Sync 1 DAGs
[2024-02-18T23:58:59.862+0000] {logging_mixin.py:188} INFO - [2024-02-18T23:58:59.862+0000] {dag.py:3823} INFO - Setting next_dagrun for latest_only to 2024-02-18 16:00:00+00:00, run_after=2024-02-18 20:00:00+00:00
[2024-02-18T23:58:59.909+0000] {processor.py:183} INFO - Processing /home/airflow/.local/lib/python3.8/site-packages/airflow/example_dags/example_latest_only.py took 0.165 seconds
[2024-02-18T23:59:31.121+0000] {processor.py:161} INFO - Started process (PID=4378) to work on /home/airflow/.local/lib/python3.8/site-packages/airflow/example_dags/example_latest_only.py
[2024-02-18T23:59:31.125+0000] {processor.py:830} INFO - Processing file /home/airflow/.local/lib/python3.8/site-packages/airflow/example_dags/example_latest_only.py for tasks to queue
[2024-02-18T23:59:31.130+0000] {logging_mixin.py:188} INFO - [2024-02-18T23:59:31.129+0000] {dagbag.py:538} INFO - Filling up the DagBag from /home/airflow/.local/lib/python3.8/site-packages/airflow/example_dags/example_latest_only.py
[2024-02-18T23:59:31.162+0000] {processor.py:840} INFO - DAG(s) 'latest_only' retrieved from /home/airflow/.local/lib/python3.8/site-packages/airflow/example_dags/example_latest_only.py
[2024-02-18T23:59:31.232+0000] {logging_mixin.py:188} INFO - [2024-02-18T23:59:31.232+0000] {dag.py:3036} INFO - Sync 1 DAGs
[2024-02-18T23:59:31.362+0000] {logging_mixin.py:188} INFO - [2024-02-18T23:59:31.360+0000] {dag.py:3823} INFO - Setting next_dagrun for latest_only to 2024-02-18 16:00:00+00:00, run_after=2024-02-18 20:00:00+00:00
[2024-02-18T23:59:31.524+0000] {processor.py:183} INFO - Processing /home/airflow/.local/lib/python3.8/site-packages/airflow/example_dags/example_latest_only.py took 0.416 seconds
