[2024-02-18T23:46:39.626+0000] {processor.py:161} INFO - Started process (PID=354) to work on /home/airflow/.local/lib/python3.8/site-packages/airflow/example_dags/example_skip_dag.py
[2024-02-18T23:46:39.629+0000] {processor.py:830} INFO - Processing file /home/airflow/.local/lib/python3.8/site-packages/airflow/example_dags/example_skip_dag.py for tasks to queue
[2024-02-18T23:46:39.632+0000] {logging_mixin.py:188} INFO - [2024-02-18T23:46:39.631+0000] {dagbag.py:538} INFO - Filling up the DagBag from /home/airflow/.local/lib/python3.8/site-packages/airflow/example_dags/example_skip_dag.py
[2024-02-18T23:46:39.652+0000] {processor.py:840} INFO - DAG(s) 'example_skip_dag' retrieved from /home/airflow/.local/lib/python3.8/site-packages/airflow/example_dags/example_skip_dag.py
[2024-02-18T23:46:39.953+0000] {logging_mixin.py:188} INFO - [2024-02-18T23:46:39.952+0000] {dag.py:3036} INFO - Sync 1 DAGs
[2024-02-18T23:46:40.019+0000] {logging_mixin.py:188} INFO - [2024-02-18T23:46:40.019+0000] {dag.py:3823} INFO - Setting next_dagrun for example_skip_dag to 2024-02-17 00:00:00+00:00, run_after=2024-02-18 00:00:00+00:00
[2024-02-18T23:46:40.075+0000] {processor.py:183} INFO - Processing /home/airflow/.local/lib/python3.8/site-packages/airflow/example_dags/example_skip_dag.py took 0.459 seconds
[2024-02-18T23:47:10.365+0000] {processor.py:161} INFO - Started process (PID=600) to work on /home/airflow/.local/lib/python3.8/site-packages/airflow/example_dags/example_skip_dag.py
[2024-02-18T23:47:10.369+0000] {processor.py:830} INFO - Processing file /home/airflow/.local/lib/python3.8/site-packages/airflow/example_dags/example_skip_dag.py for tasks to queue
[2024-02-18T23:47:10.375+0000] {logging_mixin.py:188} INFO - [2024-02-18T23:47:10.374+0000] {dagbag.py:538} INFO - Filling up the DagBag from /home/airflow/.local/lib/python3.8/site-packages/airflow/example_dags/example_skip_dag.py
[2024-02-18T23:47:10.406+0000] {processor.py:840} INFO - DAG(s) 'example_skip_dag' retrieved from /home/airflow/.local/lib/python3.8/site-packages/airflow/example_dags/example_skip_dag.py
[2024-02-18T23:47:10.455+0000] {logging_mixin.py:188} INFO - [2024-02-18T23:47:10.454+0000] {dag.py:3036} INFO - Sync 1 DAGs
[2024-02-18T23:47:10.493+0000] {logging_mixin.py:188} INFO - [2024-02-18T23:47:10.492+0000] {dag.py:3823} INFO - Setting next_dagrun for example_skip_dag to 2024-02-17 00:00:00+00:00, run_after=2024-02-18 00:00:00+00:00
[2024-02-18T23:47:10.539+0000] {processor.py:183} INFO - Processing /home/airflow/.local/lib/python3.8/site-packages/airflow/example_dags/example_skip_dag.py took 0.184 seconds
[2024-02-18T23:52:15.542+0000] {processor.py:161} INFO - Started process (PID=901) to work on /home/airflow/.local/lib/python3.8/site-packages/airflow/example_dags/example_skip_dag.py
[2024-02-18T23:52:15.544+0000] {processor.py:830} INFO - Processing file /home/airflow/.local/lib/python3.8/site-packages/airflow/example_dags/example_skip_dag.py for tasks to queue
[2024-02-18T23:52:15.548+0000] {logging_mixin.py:188} INFO - [2024-02-18T23:52:15.547+0000] {dagbag.py:538} INFO - Filling up the DagBag from /home/airflow/.local/lib/python3.8/site-packages/airflow/example_dags/example_skip_dag.py
[2024-02-18T23:52:15.563+0000] {processor.py:840} INFO - DAG(s) 'example_skip_dag' retrieved from /home/airflow/.local/lib/python3.8/site-packages/airflow/example_dags/example_skip_dag.py
[2024-02-18T23:52:15.612+0000] {logging_mixin.py:188} INFO - [2024-02-18T23:52:15.612+0000] {dag.py:3036} INFO - Sync 1 DAGs
[2024-02-18T23:52:15.658+0000] {logging_mixin.py:188} INFO - [2024-02-18T23:52:15.658+0000] {dag.py:3823} INFO - Setting next_dagrun for example_skip_dag to 2024-02-17 00:00:00+00:00, run_after=2024-02-18 00:00:00+00:00
[2024-02-18T23:52:15.694+0000] {processor.py:183} INFO - Processing /home/airflow/.local/lib/python3.8/site-packages/airflow/example_dags/example_skip_dag.py took 0.160 seconds
[2024-02-18T23:52:47.263+0000] {processor.py:161} INFO - Started process (PID=1145) to work on /home/airflow/.local/lib/python3.8/site-packages/airflow/example_dags/example_skip_dag.py
[2024-02-18T23:52:47.269+0000] {processor.py:830} INFO - Processing file /home/airflow/.local/lib/python3.8/site-packages/airflow/example_dags/example_skip_dag.py for tasks to queue
[2024-02-18T23:52:47.281+0000] {logging_mixin.py:188} INFO - [2024-02-18T23:52:47.280+0000] {dagbag.py:538} INFO - Filling up the DagBag from /home/airflow/.local/lib/python3.8/site-packages/airflow/example_dags/example_skip_dag.py
[2024-02-18T23:52:47.310+0000] {processor.py:840} INFO - DAG(s) 'example_skip_dag' retrieved from /home/airflow/.local/lib/python3.8/site-packages/airflow/example_dags/example_skip_dag.py
[2024-02-18T23:52:47.382+0000] {logging_mixin.py:188} INFO - [2024-02-18T23:52:47.381+0000] {dag.py:3036} INFO - Sync 1 DAGs
[2024-02-18T23:52:47.463+0000] {logging_mixin.py:188} INFO - [2024-02-18T23:52:47.462+0000] {dag.py:3823} INFO - Setting next_dagrun for example_skip_dag to 2024-02-17 00:00:00+00:00, run_after=2024-02-18 00:00:00+00:00
[2024-02-18T23:52:47.522+0000] {processor.py:183} INFO - Processing /home/airflow/.local/lib/python3.8/site-packages/airflow/example_dags/example_skip_dag.py took 0.269 seconds
[2024-02-18T23:53:18.108+0000] {processor.py:161} INFO - Started process (PID=1392) to work on /home/airflow/.local/lib/python3.8/site-packages/airflow/example_dags/example_skip_dag.py
[2024-02-18T23:53:18.111+0000] {processor.py:830} INFO - Processing file /home/airflow/.local/lib/python3.8/site-packages/airflow/example_dags/example_skip_dag.py for tasks to queue
[2024-02-18T23:53:18.116+0000] {logging_mixin.py:188} INFO - [2024-02-18T23:53:18.115+0000] {dagbag.py:538} INFO - Filling up the DagBag from /home/airflow/.local/lib/python3.8/site-packages/airflow/example_dags/example_skip_dag.py
[2024-02-18T23:53:18.140+0000] {processor.py:840} INFO - DAG(s) 'example_skip_dag' retrieved from /home/airflow/.local/lib/python3.8/site-packages/airflow/example_dags/example_skip_dag.py
[2024-02-18T23:53:18.202+0000] {logging_mixin.py:188} INFO - [2024-02-18T23:53:18.201+0000] {dag.py:3036} INFO - Sync 1 DAGs
[2024-02-18T23:53:18.263+0000] {logging_mixin.py:188} INFO - [2024-02-18T23:53:18.262+0000] {dag.py:3823} INFO - Setting next_dagrun for example_skip_dag to 2024-02-17 00:00:00+00:00, run_after=2024-02-18 00:00:00+00:00
[2024-02-18T23:53:18.318+0000] {processor.py:183} INFO - Processing /home/airflow/.local/lib/python3.8/site-packages/airflow/example_dags/example_skip_dag.py took 0.223 seconds
[2024-02-18T23:53:48.640+0000] {processor.py:161} INFO - Started process (PID=1639) to work on /home/airflow/.local/lib/python3.8/site-packages/airflow/example_dags/example_skip_dag.py
[2024-02-18T23:53:48.643+0000] {processor.py:830} INFO - Processing file /home/airflow/.local/lib/python3.8/site-packages/airflow/example_dags/example_skip_dag.py for tasks to queue
[2024-02-18T23:53:48.648+0000] {logging_mixin.py:188} INFO - [2024-02-18T23:53:48.646+0000] {dagbag.py:538} INFO - Filling up the DagBag from /home/airflow/.local/lib/python3.8/site-packages/airflow/example_dags/example_skip_dag.py
[2024-02-18T23:53:48.670+0000] {processor.py:840} INFO - DAG(s) 'example_skip_dag' retrieved from /home/airflow/.local/lib/python3.8/site-packages/airflow/example_dags/example_skip_dag.py
[2024-02-18T23:53:48.737+0000] {logging_mixin.py:188} INFO - [2024-02-18T23:53:48.736+0000] {dag.py:3036} INFO - Sync 1 DAGs
[2024-02-18T23:53:48.796+0000] {logging_mixin.py:188} INFO - [2024-02-18T23:53:48.796+0000] {dag.py:3823} INFO - Setting next_dagrun for example_skip_dag to 2024-02-17 00:00:00+00:00, run_after=2024-02-18 00:00:00+00:00
[2024-02-18T23:53:48.844+0000] {processor.py:183} INFO - Processing /home/airflow/.local/lib/python3.8/site-packages/airflow/example_dags/example_skip_dag.py took 0.214 seconds
[2024-02-18T23:54:18.943+0000] {processor.py:161} INFO - Started process (PID=1886) to work on /home/airflow/.local/lib/python3.8/site-packages/airflow/example_dags/example_skip_dag.py
[2024-02-18T23:54:18.946+0000] {processor.py:830} INFO - Processing file /home/airflow/.local/lib/python3.8/site-packages/airflow/example_dags/example_skip_dag.py for tasks to queue
[2024-02-18T23:54:18.953+0000] {logging_mixin.py:188} INFO - [2024-02-18T23:54:18.952+0000] {dagbag.py:538} INFO - Filling up the DagBag from /home/airflow/.local/lib/python3.8/site-packages/airflow/example_dags/example_skip_dag.py
[2024-02-18T23:54:18.975+0000] {processor.py:840} INFO - DAG(s) 'example_skip_dag' retrieved from /home/airflow/.local/lib/python3.8/site-packages/airflow/example_dags/example_skip_dag.py
[2024-02-18T23:54:19.035+0000] {logging_mixin.py:188} INFO - [2024-02-18T23:54:19.035+0000] {dag.py:3036} INFO - Sync 1 DAGs
[2024-02-18T23:54:19.089+0000] {logging_mixin.py:188} INFO - [2024-02-18T23:54:19.089+0000] {dag.py:3823} INFO - Setting next_dagrun for example_skip_dag to 2024-02-17 00:00:00+00:00, run_after=2024-02-18 00:00:00+00:00
[2024-02-18T23:54:19.142+0000] {processor.py:183} INFO - Processing /home/airflow/.local/lib/python3.8/site-packages/airflow/example_dags/example_skip_dag.py took 0.208 seconds
[2024-02-18T23:54:49.795+0000] {processor.py:161} INFO - Started process (PID=2133) to work on /home/airflow/.local/lib/python3.8/site-packages/airflow/example_dags/example_skip_dag.py
[2024-02-18T23:54:49.797+0000] {processor.py:830} INFO - Processing file /home/airflow/.local/lib/python3.8/site-packages/airflow/example_dags/example_skip_dag.py for tasks to queue
[2024-02-18T23:54:49.801+0000] {logging_mixin.py:188} INFO - [2024-02-18T23:54:49.800+0000] {dagbag.py:538} INFO - Filling up the DagBag from /home/airflow/.local/lib/python3.8/site-packages/airflow/example_dags/example_skip_dag.py
[2024-02-18T23:54:49.825+0000] {processor.py:840} INFO - DAG(s) 'example_skip_dag' retrieved from /home/airflow/.local/lib/python3.8/site-packages/airflow/example_dags/example_skip_dag.py
[2024-02-18T23:54:49.878+0000] {logging_mixin.py:188} INFO - [2024-02-18T23:54:49.878+0000] {dag.py:3036} INFO - Sync 1 DAGs
[2024-02-18T23:54:49.922+0000] {logging_mixin.py:188} INFO - [2024-02-18T23:54:49.922+0000] {dag.py:3823} INFO - Setting next_dagrun for example_skip_dag to 2024-02-17 00:00:00+00:00, run_after=2024-02-18 00:00:00+00:00
[2024-02-18T23:54:49.968+0000] {processor.py:183} INFO - Processing /home/airflow/.local/lib/python3.8/site-packages/airflow/example_dags/example_skip_dag.py took 0.182 seconds
[2024-02-18T23:55:20.191+0000] {processor.py:161} INFO - Started process (PID=2380) to work on /home/airflow/.local/lib/python3.8/site-packages/airflow/example_dags/example_skip_dag.py
[2024-02-18T23:55:20.197+0000] {processor.py:830} INFO - Processing file /home/airflow/.local/lib/python3.8/site-packages/airflow/example_dags/example_skip_dag.py for tasks to queue
[2024-02-18T23:55:20.200+0000] {logging_mixin.py:188} INFO - [2024-02-18T23:55:20.199+0000] {dagbag.py:538} INFO - Filling up the DagBag from /home/airflow/.local/lib/python3.8/site-packages/airflow/example_dags/example_skip_dag.py
[2024-02-18T23:55:20.228+0000] {processor.py:840} INFO - DAG(s) 'example_skip_dag' retrieved from /home/airflow/.local/lib/python3.8/site-packages/airflow/example_dags/example_skip_dag.py
[2024-02-18T23:55:20.296+0000] {logging_mixin.py:188} INFO - [2024-02-18T23:55:20.294+0000] {dag.py:3036} INFO - Sync 1 DAGs
[2024-02-18T23:55:20.366+0000] {logging_mixin.py:188} INFO - [2024-02-18T23:55:20.365+0000] {dag.py:3823} INFO - Setting next_dagrun for example_skip_dag to 2024-02-17 00:00:00+00:00, run_after=2024-02-18 00:00:00+00:00
[2024-02-18T23:55:20.428+0000] {processor.py:183} INFO - Processing /home/airflow/.local/lib/python3.8/site-packages/airflow/example_dags/example_skip_dag.py took 0.247 seconds
[2024-02-18T23:55:50.541+0000] {processor.py:161} INFO - Started process (PID=2627) to work on /home/airflow/.local/lib/python3.8/site-packages/airflow/example_dags/example_skip_dag.py
[2024-02-18T23:55:50.544+0000] {processor.py:830} INFO - Processing file /home/airflow/.local/lib/python3.8/site-packages/airflow/example_dags/example_skip_dag.py for tasks to queue
[2024-02-18T23:55:50.548+0000] {logging_mixin.py:188} INFO - [2024-02-18T23:55:50.547+0000] {dagbag.py:538} INFO - Filling up the DagBag from /home/airflow/.local/lib/python3.8/site-packages/airflow/example_dags/example_skip_dag.py
[2024-02-18T23:55:50.571+0000] {processor.py:840} INFO - DAG(s) 'example_skip_dag' retrieved from /home/airflow/.local/lib/python3.8/site-packages/airflow/example_dags/example_skip_dag.py
[2024-02-18T23:55:50.621+0000] {logging_mixin.py:188} INFO - [2024-02-18T23:55:50.620+0000] {dag.py:3036} INFO - Sync 1 DAGs
[2024-02-18T23:55:50.686+0000] {logging_mixin.py:188} INFO - [2024-02-18T23:55:50.685+0000] {dag.py:3823} INFO - Setting next_dagrun for example_skip_dag to 2024-02-17 00:00:00+00:00, run_after=2024-02-18 00:00:00+00:00
[2024-02-18T23:55:50.762+0000] {processor.py:183} INFO - Processing /home/airflow/.local/lib/python3.8/site-packages/airflow/example_dags/example_skip_dag.py took 0.229 seconds
[2024-02-18T23:56:20.810+0000] {processor.py:161} INFO - Started process (PID=2874) to work on /home/airflow/.local/lib/python3.8/site-packages/airflow/example_dags/example_skip_dag.py
[2024-02-18T23:56:20.813+0000] {processor.py:830} INFO - Processing file /home/airflow/.local/lib/python3.8/site-packages/airflow/example_dags/example_skip_dag.py for tasks to queue
[2024-02-18T23:56:20.816+0000] {logging_mixin.py:188} INFO - [2024-02-18T23:56:20.815+0000] {dagbag.py:538} INFO - Filling up the DagBag from /home/airflow/.local/lib/python3.8/site-packages/airflow/example_dags/example_skip_dag.py
[2024-02-18T23:56:20.831+0000] {processor.py:840} INFO - DAG(s) 'example_skip_dag' retrieved from /home/airflow/.local/lib/python3.8/site-packages/airflow/example_dags/example_skip_dag.py
[2024-02-18T23:56:20.880+0000] {logging_mixin.py:188} INFO - [2024-02-18T23:56:20.880+0000] {dag.py:3036} INFO - Sync 1 DAGs
[2024-02-18T23:56:20.921+0000] {logging_mixin.py:188} INFO - [2024-02-18T23:56:20.921+0000] {dag.py:3823} INFO - Setting next_dagrun for example_skip_dag to 2024-02-17 00:00:00+00:00, run_after=2024-02-18 00:00:00+00:00
[2024-02-18T23:56:20.968+0000] {processor.py:183} INFO - Processing /home/airflow/.local/lib/python3.8/site-packages/airflow/example_dags/example_skip_dag.py took 0.166 seconds
[2024-02-18T23:56:51.481+0000] {processor.py:161} INFO - Started process (PID=3119) to work on /home/airflow/.local/lib/python3.8/site-packages/airflow/example_dags/example_skip_dag.py
[2024-02-18T23:56:51.482+0000] {processor.py:830} INFO - Processing file /home/airflow/.local/lib/python3.8/site-packages/airflow/example_dags/example_skip_dag.py for tasks to queue
[2024-02-18T23:56:51.485+0000] {logging_mixin.py:188} INFO - [2024-02-18T23:56:51.484+0000] {dagbag.py:538} INFO - Filling up the DagBag from /home/airflow/.local/lib/python3.8/site-packages/airflow/example_dags/example_skip_dag.py
[2024-02-18T23:56:51.512+0000] {processor.py:840} INFO - DAG(s) 'example_skip_dag' retrieved from /home/airflow/.local/lib/python3.8/site-packages/airflow/example_dags/example_skip_dag.py
[2024-02-18T23:56:51.567+0000] {logging_mixin.py:188} INFO - [2024-02-18T23:56:51.567+0000] {dag.py:3036} INFO - Sync 1 DAGs
[2024-02-18T23:56:51.630+0000] {logging_mixin.py:188} INFO - [2024-02-18T23:56:51.629+0000] {dag.py:3823} INFO - Setting next_dagrun for example_skip_dag to 2024-02-17 00:00:00+00:00, run_after=2024-02-18 00:00:00+00:00
[2024-02-18T23:56:51.683+0000] {processor.py:183} INFO - Processing /home/airflow/.local/lib/python3.8/site-packages/airflow/example_dags/example_skip_dag.py took 0.211 seconds
[2024-02-18T23:57:22.082+0000] {processor.py:161} INFO - Started process (PID=3368) to work on /home/airflow/.local/lib/python3.8/site-packages/airflow/example_dags/example_skip_dag.py
[2024-02-18T23:57:22.084+0000] {processor.py:830} INFO - Processing file /home/airflow/.local/lib/python3.8/site-packages/airflow/example_dags/example_skip_dag.py for tasks to queue
[2024-02-18T23:57:22.088+0000] {logging_mixin.py:188} INFO - [2024-02-18T23:57:22.087+0000] {dagbag.py:538} INFO - Filling up the DagBag from /home/airflow/.local/lib/python3.8/site-packages/airflow/example_dags/example_skip_dag.py
[2024-02-18T23:57:22.111+0000] {processor.py:840} INFO - DAG(s) 'example_skip_dag' retrieved from /home/airflow/.local/lib/python3.8/site-packages/airflow/example_dags/example_skip_dag.py
[2024-02-18T23:57:22.171+0000] {logging_mixin.py:188} INFO - [2024-02-18T23:57:22.170+0000] {dag.py:3036} INFO - Sync 1 DAGs
[2024-02-18T23:57:22.218+0000] {logging_mixin.py:188} INFO - [2024-02-18T23:57:22.217+0000] {dag.py:3823} INFO - Setting next_dagrun for example_skip_dag to 2024-02-17 00:00:00+00:00, run_after=2024-02-18 00:00:00+00:00
[2024-02-18T23:57:22.276+0000] {processor.py:183} INFO - Processing /home/airflow/.local/lib/python3.8/site-packages/airflow/example_dags/example_skip_dag.py took 0.203 seconds
[2024-02-18T23:57:52.775+0000] {processor.py:161} INFO - Started process (PID=3612) to work on /home/airflow/.local/lib/python3.8/site-packages/airflow/example_dags/example_skip_dag.py
[2024-02-18T23:57:52.782+0000] {processor.py:830} INFO - Processing file /home/airflow/.local/lib/python3.8/site-packages/airflow/example_dags/example_skip_dag.py for tasks to queue
[2024-02-18T23:57:52.785+0000] {logging_mixin.py:188} INFO - [2024-02-18T23:57:52.784+0000] {dagbag.py:538} INFO - Filling up the DagBag from /home/airflow/.local/lib/python3.8/site-packages/airflow/example_dags/example_skip_dag.py
[2024-02-18T23:57:52.803+0000] {processor.py:840} INFO - DAG(s) 'example_skip_dag' retrieved from /home/airflow/.local/lib/python3.8/site-packages/airflow/example_dags/example_skip_dag.py
[2024-02-18T23:57:52.848+0000] {logging_mixin.py:188} INFO - [2024-02-18T23:57:52.848+0000] {dag.py:3036} INFO - Sync 1 DAGs
[2024-02-18T23:57:52.893+0000] {logging_mixin.py:188} INFO - [2024-02-18T23:57:52.893+0000] {dag.py:3823} INFO - Setting next_dagrun for example_skip_dag to 2024-02-17 00:00:00+00:00, run_after=2024-02-18 00:00:00+00:00
[2024-02-18T23:57:52.942+0000] {processor.py:183} INFO - Processing /home/airflow/.local/lib/python3.8/site-packages/airflow/example_dags/example_skip_dag.py took 0.176 seconds
[2024-02-18T23:58:23.861+0000] {processor.py:161} INFO - Started process (PID=3859) to work on /home/airflow/.local/lib/python3.8/site-packages/airflow/example_dags/example_skip_dag.py
[2024-02-18T23:58:23.865+0000] {processor.py:830} INFO - Processing file /home/airflow/.local/lib/python3.8/site-packages/airflow/example_dags/example_skip_dag.py for tasks to queue
[2024-02-18T23:58:23.869+0000] {logging_mixin.py:188} INFO - [2024-02-18T23:58:23.868+0000] {dagbag.py:538} INFO - Filling up the DagBag from /home/airflow/.local/lib/python3.8/site-packages/airflow/example_dags/example_skip_dag.py
[2024-02-18T23:58:23.887+0000] {processor.py:840} INFO - DAG(s) 'example_skip_dag' retrieved from /home/airflow/.local/lib/python3.8/site-packages/airflow/example_dags/example_skip_dag.py
[2024-02-18T23:58:23.938+0000] {logging_mixin.py:188} INFO - [2024-02-18T23:58:23.937+0000] {dag.py:3036} INFO - Sync 1 DAGs
[2024-02-18T23:58:23.983+0000] {logging_mixin.py:188} INFO - [2024-02-18T23:58:23.983+0000] {dag.py:3823} INFO - Setting next_dagrun for example_skip_dag to 2024-02-17 00:00:00+00:00, run_after=2024-02-18 00:00:00+00:00
[2024-02-18T23:58:24.028+0000] {processor.py:183} INFO - Processing /home/airflow/.local/lib/python3.8/site-packages/airflow/example_dags/example_skip_dag.py took 0.176 seconds
[2024-02-18T23:58:54.835+0000] {processor.py:161} INFO - Started process (PID=4106) to work on /home/airflow/.local/lib/python3.8/site-packages/airflow/example_dags/example_skip_dag.py
[2024-02-18T23:58:54.839+0000] {processor.py:830} INFO - Processing file /home/airflow/.local/lib/python3.8/site-packages/airflow/example_dags/example_skip_dag.py for tasks to queue
[2024-02-18T23:58:54.843+0000] {logging_mixin.py:188} INFO - [2024-02-18T23:58:54.842+0000] {dagbag.py:538} INFO - Filling up the DagBag from /home/airflow/.local/lib/python3.8/site-packages/airflow/example_dags/example_skip_dag.py
[2024-02-18T23:58:54.869+0000] {processor.py:840} INFO - DAG(s) 'example_skip_dag' retrieved from /home/airflow/.local/lib/python3.8/site-packages/airflow/example_dags/example_skip_dag.py
[2024-02-18T23:58:54.968+0000] {logging_mixin.py:188} INFO - [2024-02-18T23:58:54.967+0000] {dag.py:3036} INFO - Sync 1 DAGs
[2024-02-18T23:58:55.033+0000] {logging_mixin.py:188} INFO - [2024-02-18T23:58:55.032+0000] {dag.py:3823} INFO - Setting next_dagrun for example_skip_dag to 2024-02-17 00:00:00+00:00, run_after=2024-02-18 00:00:00+00:00
[2024-02-18T23:58:55.093+0000] {processor.py:183} INFO - Processing /home/airflow/.local/lib/python3.8/site-packages/airflow/example_dags/example_skip_dag.py took 0.275 seconds
[2024-02-18T23:59:28.197+0000] {processor.py:161} INFO - Started process (PID=4354) to work on /home/airflow/.local/lib/python3.8/site-packages/airflow/example_dags/example_skip_dag.py
[2024-02-18T23:59:28.213+0000] {processor.py:830} INFO - Processing file /home/airflow/.local/lib/python3.8/site-packages/airflow/example_dags/example_skip_dag.py for tasks to queue
[2024-02-18T23:59:28.227+0000] {logging_mixin.py:188} INFO - [2024-02-18T23:59:28.225+0000] {dagbag.py:538} INFO - Filling up the DagBag from /home/airflow/.local/lib/python3.8/site-packages/airflow/example_dags/example_skip_dag.py
[2024-02-18T23:59:28.270+0000] {processor.py:840} INFO - DAG(s) 'example_skip_dag' retrieved from /home/airflow/.local/lib/python3.8/site-packages/airflow/example_dags/example_skip_dag.py
[2024-02-18T23:59:28.360+0000] {logging_mixin.py:188} INFO - [2024-02-18T23:59:28.360+0000] {dag.py:3036} INFO - Sync 1 DAGs
[2024-02-18T23:59:28.494+0000] {logging_mixin.py:188} INFO - [2024-02-18T23:59:28.493+0000] {dag.py:3823} INFO - Setting next_dagrun for example_skip_dag to 2024-02-17 00:00:00+00:00, run_after=2024-02-18 00:00:00+00:00
[2024-02-18T23:59:28.619+0000] {processor.py:183} INFO - Processing /home/airflow/.local/lib/python3.8/site-packages/airflow/example_dags/example_skip_dag.py took 0.442 seconds
[2024-02-18T23:59:58.952+0000] {processor.py:161} INFO - Started process (PID=4600) to work on /home/airflow/.local/lib/python3.8/site-packages/airflow/example_dags/example_skip_dag.py
[2024-02-18T23:59:58.956+0000] {processor.py:830} INFO - Processing file /home/airflow/.local/lib/python3.8/site-packages/airflow/example_dags/example_skip_dag.py for tasks to queue
[2024-02-18T23:59:58.960+0000] {logging_mixin.py:188} INFO - [2024-02-18T23:59:58.959+0000] {dagbag.py:538} INFO - Filling up the DagBag from /home/airflow/.local/lib/python3.8/site-packages/airflow/example_dags/example_skip_dag.py
[2024-02-18T23:59:58.990+0000] {processor.py:840} INFO - DAG(s) 'example_skip_dag' retrieved from /home/airflow/.local/lib/python3.8/site-packages/airflow/example_dags/example_skip_dag.py
[2024-02-18T23:59:59.050+0000] {logging_mixin.py:188} INFO - [2024-02-18T23:59:59.049+0000] {dag.py:3036} INFO - Sync 1 DAGs
[2024-02-18T23:59:59.108+0000] {logging_mixin.py:188} INFO - [2024-02-18T23:59:59.107+0000] {dag.py:3823} INFO - Setting next_dagrun for example_skip_dag to 2024-02-17 00:00:00+00:00, run_after=2024-02-18 00:00:00+00:00
[2024-02-18T23:59:59.157+0000] {processor.py:183} INFO - Processing /home/airflow/.local/lib/python3.8/site-packages/airflow/example_dags/example_skip_dag.py took 0.217 seconds
