[2024-02-18T23:46:35.742+0000] {processor.py:161} INFO - Started process (PID=304) to work on /home/airflow/.local/lib/python3.8/site-packages/airflow/example_dags/example_task_group_decorator.py
[2024-02-18T23:46:35.745+0000] {processor.py:830} INFO - Processing file /home/airflow/.local/lib/python3.8/site-packages/airflow/example_dags/example_task_group_decorator.py for tasks to queue
[2024-02-18T23:46:35.752+0000] {logging_mixin.py:188} INFO - [2024-02-18T23:46:35.751+0000] {dagbag.py:538} INFO - Filling up the DagBag from /home/airflow/.local/lib/python3.8/site-packages/airflow/example_dags/example_task_group_decorator.py
[2024-02-18T23:46:35.811+0000] {processor.py:840} INFO - DAG(s) 'example_task_group_decorator' retrieved from /home/airflow/.local/lib/python3.8/site-packages/airflow/example_dags/example_task_group_decorator.py
[2024-02-18T23:46:36.352+0000] {logging_mixin.py:188} INFO - [2024-02-18T23:46:36.352+0000] {dag.py:3036} INFO - Sync 1 DAGs
[2024-02-18T23:46:36.489+0000] {logging_mixin.py:188} INFO - [2024-02-18T23:46:36.489+0000] {dag.py:3823} INFO - Setting next_dagrun for example_task_group_decorator to 2024-02-17 00:00:00+00:00, run_after=2024-02-18 00:00:00+00:00
[2024-02-18T23:46:36.672+0000] {processor.py:183} INFO - Processing /home/airflow/.local/lib/python3.8/site-packages/airflow/example_dags/example_task_group_decorator.py took 0.946 seconds
[2024-02-18T23:47:06.827+0000] {processor.py:161} INFO - Started process (PID=550) to work on /home/airflow/.local/lib/python3.8/site-packages/airflow/example_dags/example_task_group_decorator.py
[2024-02-18T23:47:06.829+0000] {processor.py:830} INFO - Processing file /home/airflow/.local/lib/python3.8/site-packages/airflow/example_dags/example_task_group_decorator.py for tasks to queue
[2024-02-18T23:47:06.832+0000] {logging_mixin.py:188} INFO - [2024-02-18T23:47:06.831+0000] {dagbag.py:538} INFO - Filling up the DagBag from /home/airflow/.local/lib/python3.8/site-packages/airflow/example_dags/example_task_group_decorator.py
[2024-02-18T23:47:06.873+0000] {processor.py:840} INFO - DAG(s) 'example_task_group_decorator' retrieved from /home/airflow/.local/lib/python3.8/site-packages/airflow/example_dags/example_task_group_decorator.py
[2024-02-18T23:47:06.936+0000] {logging_mixin.py:188} INFO - [2024-02-18T23:47:06.936+0000] {dag.py:3036} INFO - Sync 1 DAGs
[2024-02-18T23:47:06.982+0000] {logging_mixin.py:188} INFO - [2024-02-18T23:47:06.981+0000] {dag.py:3823} INFO - Setting next_dagrun for example_task_group_decorator to 2024-02-17 00:00:00+00:00, run_after=2024-02-18 00:00:00+00:00
[2024-02-18T23:47:07.030+0000] {processor.py:183} INFO - Processing /home/airflow/.local/lib/python3.8/site-packages/airflow/example_dags/example_task_group_decorator.py took 0.213 seconds
[2024-02-18T23:52:13.371+0000] {processor.py:161} INFO - Started process (PID=851) to work on /home/airflow/.local/lib/python3.8/site-packages/airflow/example_dags/example_task_group_decorator.py
[2024-02-18T23:52:13.386+0000] {processor.py:830} INFO - Processing file /home/airflow/.local/lib/python3.8/site-packages/airflow/example_dags/example_task_group_decorator.py for tasks to queue
[2024-02-18T23:52:13.422+0000] {logging_mixin.py:188} INFO - [2024-02-18T23:52:13.421+0000] {dagbag.py:538} INFO - Filling up the DagBag from /home/airflow/.local/lib/python3.8/site-packages/airflow/example_dags/example_task_group_decorator.py
[2024-02-18T23:52:13.566+0000] {processor.py:840} INFO - DAG(s) 'example_task_group_decorator' retrieved from /home/airflow/.local/lib/python3.8/site-packages/airflow/example_dags/example_task_group_decorator.py
[2024-02-18T23:52:13.759+0000] {logging_mixin.py:188} INFO - [2024-02-18T23:52:13.758+0000] {dag.py:3036} INFO - Sync 1 DAGs
[2024-02-18T23:52:13.845+0000] {logging_mixin.py:188} INFO - [2024-02-18T23:52:13.844+0000] {dag.py:3823} INFO - Setting next_dagrun for example_task_group_decorator to 2024-02-17 00:00:00+00:00, run_after=2024-02-18 00:00:00+00:00
[2024-02-18T23:52:13.963+0000] {processor.py:183} INFO - Processing /home/airflow/.local/lib/python3.8/site-packages/airflow/example_dags/example_task_group_decorator.py took 0.636 seconds
[2024-02-18T23:52:44.431+0000] {processor.py:161} INFO - Started process (PID=1105) to work on /home/airflow/.local/lib/python3.8/site-packages/airflow/example_dags/example_task_group_decorator.py
[2024-02-18T23:52:44.438+0000] {processor.py:830} INFO - Processing file /home/airflow/.local/lib/python3.8/site-packages/airflow/example_dags/example_task_group_decorator.py for tasks to queue
[2024-02-18T23:52:44.445+0000] {logging_mixin.py:188} INFO - [2024-02-18T23:52:44.443+0000] {dagbag.py:538} INFO - Filling up the DagBag from /home/airflow/.local/lib/python3.8/site-packages/airflow/example_dags/example_task_group_decorator.py
[2024-02-18T23:52:44.486+0000] {processor.py:840} INFO - DAG(s) 'example_task_group_decorator' retrieved from /home/airflow/.local/lib/python3.8/site-packages/airflow/example_dags/example_task_group_decorator.py
[2024-02-18T23:52:44.582+0000] {logging_mixin.py:188} INFO - [2024-02-18T23:52:44.581+0000] {dag.py:3036} INFO - Sync 1 DAGs
[2024-02-18T23:52:44.648+0000] {logging_mixin.py:188} INFO - [2024-02-18T23:52:44.648+0000] {dag.py:3823} INFO - Setting next_dagrun for example_task_group_decorator to 2024-02-17 00:00:00+00:00, run_after=2024-02-18 00:00:00+00:00
[2024-02-18T23:52:44.733+0000] {processor.py:183} INFO - Processing /home/airflow/.local/lib/python3.8/site-packages/airflow/example_dags/example_task_group_decorator.py took 0.314 seconds
[2024-02-18T23:53:15.012+0000] {processor.py:161} INFO - Started process (PID=1350) to work on /home/airflow/.local/lib/python3.8/site-packages/airflow/example_dags/example_task_group_decorator.py
[2024-02-18T23:53:15.015+0000] {processor.py:830} INFO - Processing file /home/airflow/.local/lib/python3.8/site-packages/airflow/example_dags/example_task_group_decorator.py for tasks to queue
[2024-02-18T23:53:15.021+0000] {logging_mixin.py:188} INFO - [2024-02-18T23:53:15.021+0000] {dagbag.py:538} INFO - Filling up the DagBag from /home/airflow/.local/lib/python3.8/site-packages/airflow/example_dags/example_task_group_decorator.py
[2024-02-18T23:53:15.090+0000] {processor.py:840} INFO - DAG(s) 'example_task_group_decorator' retrieved from /home/airflow/.local/lib/python3.8/site-packages/airflow/example_dags/example_task_group_decorator.py
[2024-02-18T23:53:15.183+0000] {logging_mixin.py:188} INFO - [2024-02-18T23:53:15.182+0000] {dag.py:3036} INFO - Sync 1 DAGs
[2024-02-18T23:53:15.273+0000] {logging_mixin.py:188} INFO - [2024-02-18T23:53:15.273+0000] {dag.py:3823} INFO - Setting next_dagrun for example_task_group_decorator to 2024-02-17 00:00:00+00:00, run_after=2024-02-18 00:00:00+00:00
[2024-02-18T23:53:15.365+0000] {processor.py:183} INFO - Processing /home/airflow/.local/lib/python3.8/site-packages/airflow/example_dags/example_task_group_decorator.py took 0.364 seconds
[2024-02-18T23:53:45.914+0000] {processor.py:161} INFO - Started process (PID=1597) to work on /home/airflow/.local/lib/python3.8/site-packages/airflow/example_dags/example_task_group_decorator.py
[2024-02-18T23:53:45.918+0000] {processor.py:830} INFO - Processing file /home/airflow/.local/lib/python3.8/site-packages/airflow/example_dags/example_task_group_decorator.py for tasks to queue
[2024-02-18T23:53:45.921+0000] {logging_mixin.py:188} INFO - [2024-02-18T23:53:45.920+0000] {dagbag.py:538} INFO - Filling up the DagBag from /home/airflow/.local/lib/python3.8/site-packages/airflow/example_dags/example_task_group_decorator.py
[2024-02-18T23:53:45.966+0000] {processor.py:840} INFO - DAG(s) 'example_task_group_decorator' retrieved from /home/airflow/.local/lib/python3.8/site-packages/airflow/example_dags/example_task_group_decorator.py
[2024-02-18T23:53:46.065+0000] {logging_mixin.py:188} INFO - [2024-02-18T23:53:46.064+0000] {dag.py:3036} INFO - Sync 1 DAGs
[2024-02-18T23:53:46.142+0000] {logging_mixin.py:188} INFO - [2024-02-18T23:53:46.141+0000] {dag.py:3823} INFO - Setting next_dagrun for example_task_group_decorator to 2024-02-17 00:00:00+00:00, run_after=2024-02-18 00:00:00+00:00
[2024-02-18T23:53:46.301+0000] {processor.py:183} INFO - Processing /home/airflow/.local/lib/python3.8/site-packages/airflow/example_dags/example_task_group_decorator.py took 0.398 seconds
[2024-02-18T23:54:16.427+0000] {processor.py:161} INFO - Started process (PID=1839) to work on /home/airflow/.local/lib/python3.8/site-packages/airflow/example_dags/example_task_group_decorator.py
[2024-02-18T23:54:16.430+0000] {processor.py:830} INFO - Processing file /home/airflow/.local/lib/python3.8/site-packages/airflow/example_dags/example_task_group_decorator.py for tasks to queue
[2024-02-18T23:54:16.434+0000] {logging_mixin.py:188} INFO - [2024-02-18T23:54:16.433+0000] {dagbag.py:538} INFO - Filling up the DagBag from /home/airflow/.local/lib/python3.8/site-packages/airflow/example_dags/example_task_group_decorator.py
[2024-02-18T23:54:16.480+0000] {processor.py:840} INFO - DAG(s) 'example_task_group_decorator' retrieved from /home/airflow/.local/lib/python3.8/site-packages/airflow/example_dags/example_task_group_decorator.py
[2024-02-18T23:54:16.554+0000] {logging_mixin.py:188} INFO - [2024-02-18T23:54:16.553+0000] {dag.py:3036} INFO - Sync 1 DAGs
[2024-02-18T23:54:16.615+0000] {logging_mixin.py:188} INFO - [2024-02-18T23:54:16.615+0000] {dag.py:3823} INFO - Setting next_dagrun for example_task_group_decorator to 2024-02-17 00:00:00+00:00, run_after=2024-02-18 00:00:00+00:00
[2024-02-18T23:54:16.701+0000] {processor.py:183} INFO - Processing /home/airflow/.local/lib/python3.8/site-packages/airflow/example_dags/example_task_group_decorator.py took 0.284 seconds
[2024-02-18T23:54:47.470+0000] {processor.py:161} INFO - Started process (PID=2086) to work on /home/airflow/.local/lib/python3.8/site-packages/airflow/example_dags/example_task_group_decorator.py
[2024-02-18T23:54:47.472+0000] {processor.py:830} INFO - Processing file /home/airflow/.local/lib/python3.8/site-packages/airflow/example_dags/example_task_group_decorator.py for tasks to queue
[2024-02-18T23:54:47.476+0000] {logging_mixin.py:188} INFO - [2024-02-18T23:54:47.475+0000] {dagbag.py:538} INFO - Filling up the DagBag from /home/airflow/.local/lib/python3.8/site-packages/airflow/example_dags/example_task_group_decorator.py
[2024-02-18T23:54:47.507+0000] {processor.py:840} INFO - DAG(s) 'example_task_group_decorator' retrieved from /home/airflow/.local/lib/python3.8/site-packages/airflow/example_dags/example_task_group_decorator.py
[2024-02-18T23:54:47.570+0000] {logging_mixin.py:188} INFO - [2024-02-18T23:54:47.569+0000] {dag.py:3036} INFO - Sync 1 DAGs
[2024-02-18T23:54:47.622+0000] {logging_mixin.py:188} INFO - [2024-02-18T23:54:47.621+0000] {dag.py:3823} INFO - Setting next_dagrun for example_task_group_decorator to 2024-02-17 00:00:00+00:00, run_after=2024-02-18 00:00:00+00:00
[2024-02-18T23:54:47.667+0000] {processor.py:183} INFO - Processing /home/airflow/.local/lib/python3.8/site-packages/airflow/example_dags/example_task_group_decorator.py took 0.205 seconds
[2024-02-18T23:55:17.994+0000] {processor.py:161} INFO - Started process (PID=2333) to work on /home/airflow/.local/lib/python3.8/site-packages/airflow/example_dags/example_task_group_decorator.py
[2024-02-18T23:55:17.999+0000] {processor.py:830} INFO - Processing file /home/airflow/.local/lib/python3.8/site-packages/airflow/example_dags/example_task_group_decorator.py for tasks to queue
[2024-02-18T23:55:18.009+0000] {logging_mixin.py:188} INFO - [2024-02-18T23:55:18.008+0000] {dagbag.py:538} INFO - Filling up the DagBag from /home/airflow/.local/lib/python3.8/site-packages/airflow/example_dags/example_task_group_decorator.py
[2024-02-18T23:55:18.048+0000] {processor.py:840} INFO - DAG(s) 'example_task_group_decorator' retrieved from /home/airflow/.local/lib/python3.8/site-packages/airflow/example_dags/example_task_group_decorator.py
[2024-02-18T23:55:18.099+0000] {logging_mixin.py:188} INFO - [2024-02-18T23:55:18.099+0000] {dag.py:3036} INFO - Sync 1 DAGs
[2024-02-18T23:55:18.149+0000] {logging_mixin.py:188} INFO - [2024-02-18T23:55:18.149+0000] {dag.py:3823} INFO - Setting next_dagrun for example_task_group_decorator to 2024-02-17 00:00:00+00:00, run_after=2024-02-18 00:00:00+00:00
[2024-02-18T23:55:18.194+0000] {processor.py:183} INFO - Processing /home/airflow/.local/lib/python3.8/site-packages/airflow/example_dags/example_task_group_decorator.py took 0.212 seconds
[2024-02-18T23:55:48.792+0000] {processor.py:161} INFO - Started process (PID=2580) to work on /home/airflow/.local/lib/python3.8/site-packages/airflow/example_dags/example_task_group_decorator.py
[2024-02-18T23:55:48.794+0000] {processor.py:830} INFO - Processing file /home/airflow/.local/lib/python3.8/site-packages/airflow/example_dags/example_task_group_decorator.py for tasks to queue
[2024-02-18T23:55:48.797+0000] {logging_mixin.py:188} INFO - [2024-02-18T23:55:48.796+0000] {dagbag.py:538} INFO - Filling up the DagBag from /home/airflow/.local/lib/python3.8/site-packages/airflow/example_dags/example_task_group_decorator.py
[2024-02-18T23:55:48.835+0000] {processor.py:840} INFO - DAG(s) 'example_task_group_decorator' retrieved from /home/airflow/.local/lib/python3.8/site-packages/airflow/example_dags/example_task_group_decorator.py
[2024-02-18T23:55:48.960+0000] {logging_mixin.py:188} INFO - [2024-02-18T23:55:48.960+0000] {dag.py:3036} INFO - Sync 1 DAGs
[2024-02-18T23:55:49.116+0000] {logging_mixin.py:188} INFO - [2024-02-18T23:55:49.115+0000] {dag.py:3823} INFO - Setting next_dagrun for example_task_group_decorator to 2024-02-17 00:00:00+00:00, run_after=2024-02-18 00:00:00+00:00
[2024-02-18T23:55:49.181+0000] {processor.py:183} INFO - Processing /home/airflow/.local/lib/python3.8/site-packages/airflow/example_dags/example_task_group_decorator.py took 0.398 seconds
[2024-02-18T23:56:19.469+0000] {processor.py:161} INFO - Started process (PID=2827) to work on /home/airflow/.local/lib/python3.8/site-packages/airflow/example_dags/example_task_group_decorator.py
[2024-02-18T23:56:19.471+0000] {processor.py:830} INFO - Processing file /home/airflow/.local/lib/python3.8/site-packages/airflow/example_dags/example_task_group_decorator.py for tasks to queue
[2024-02-18T23:56:19.475+0000] {logging_mixin.py:188} INFO - [2024-02-18T23:56:19.474+0000] {dagbag.py:538} INFO - Filling up the DagBag from /home/airflow/.local/lib/python3.8/site-packages/airflow/example_dags/example_task_group_decorator.py
[2024-02-18T23:56:19.519+0000] {processor.py:840} INFO - DAG(s) 'example_task_group_decorator' retrieved from /home/airflow/.local/lib/python3.8/site-packages/airflow/example_dags/example_task_group_decorator.py
[2024-02-18T23:56:19.570+0000] {logging_mixin.py:188} INFO - [2024-02-18T23:56:19.569+0000] {dag.py:3036} INFO - Sync 1 DAGs
[2024-02-18T23:56:19.624+0000] {logging_mixin.py:188} INFO - [2024-02-18T23:56:19.623+0000] {dag.py:3823} INFO - Setting next_dagrun for example_task_group_decorator to 2024-02-17 00:00:00+00:00, run_after=2024-02-18 00:00:00+00:00
[2024-02-18T23:56:19.667+0000] {processor.py:183} INFO - Processing /home/airflow/.local/lib/python3.8/site-packages/airflow/example_dags/example_task_group_decorator.py took 0.208 seconds
[2024-02-18T23:56:50.023+0000] {processor.py:161} INFO - Started process (PID=3074) to work on /home/airflow/.local/lib/python3.8/site-packages/airflow/example_dags/example_task_group_decorator.py
[2024-02-18T23:56:50.025+0000] {processor.py:830} INFO - Processing file /home/airflow/.local/lib/python3.8/site-packages/airflow/example_dags/example_task_group_decorator.py for tasks to queue
[2024-02-18T23:56:50.029+0000] {logging_mixin.py:188} INFO - [2024-02-18T23:56:50.028+0000] {dagbag.py:538} INFO - Filling up the DagBag from /home/airflow/.local/lib/python3.8/site-packages/airflow/example_dags/example_task_group_decorator.py
[2024-02-18T23:56:50.066+0000] {processor.py:840} INFO - DAG(s) 'example_task_group_decorator' retrieved from /home/airflow/.local/lib/python3.8/site-packages/airflow/example_dags/example_task_group_decorator.py
[2024-02-18T23:56:50.129+0000] {logging_mixin.py:188} INFO - [2024-02-18T23:56:50.128+0000] {dag.py:3036} INFO - Sync 1 DAGs
[2024-02-18T23:56:50.188+0000] {logging_mixin.py:188} INFO - [2024-02-18T23:56:50.187+0000] {dag.py:3823} INFO - Setting next_dagrun for example_task_group_decorator to 2024-02-17 00:00:00+00:00, run_after=2024-02-18 00:00:00+00:00
[2024-02-18T23:56:50.239+0000] {processor.py:183} INFO - Processing /home/airflow/.local/lib/python3.8/site-packages/airflow/example_dags/example_task_group_decorator.py took 0.228 seconds
[2024-02-18T23:57:20.563+0000] {processor.py:161} INFO - Started process (PID=3321) to work on /home/airflow/.local/lib/python3.8/site-packages/airflow/example_dags/example_task_group_decorator.py
[2024-02-18T23:57:20.570+0000] {processor.py:830} INFO - Processing file /home/airflow/.local/lib/python3.8/site-packages/airflow/example_dags/example_task_group_decorator.py for tasks to queue
[2024-02-18T23:57:20.582+0000] {logging_mixin.py:188} INFO - [2024-02-18T23:57:20.581+0000] {dagbag.py:538} INFO - Filling up the DagBag from /home/airflow/.local/lib/python3.8/site-packages/airflow/example_dags/example_task_group_decorator.py
[2024-02-18T23:57:20.636+0000] {processor.py:840} INFO - DAG(s) 'example_task_group_decorator' retrieved from /home/airflow/.local/lib/python3.8/site-packages/airflow/example_dags/example_task_group_decorator.py
[2024-02-18T23:57:20.711+0000] {logging_mixin.py:188} INFO - [2024-02-18T23:57:20.711+0000] {dag.py:3036} INFO - Sync 1 DAGs
[2024-02-18T23:57:20.761+0000] {logging_mixin.py:188} INFO - [2024-02-18T23:57:20.760+0000] {dag.py:3823} INFO - Setting next_dagrun for example_task_group_decorator to 2024-02-17 00:00:00+00:00, run_after=2024-02-18 00:00:00+00:00
[2024-02-18T23:57:20.802+0000] {processor.py:183} INFO - Processing /home/airflow/.local/lib/python3.8/site-packages/airflow/example_dags/example_task_group_decorator.py took 0.251 seconds
[2024-02-18T23:57:51.367+0000] {processor.py:161} INFO - Started process (PID=3567) to work on /home/airflow/.local/lib/python3.8/site-packages/airflow/example_dags/example_task_group_decorator.py
[2024-02-18T23:57:51.373+0000] {processor.py:830} INFO - Processing file /home/airflow/.local/lib/python3.8/site-packages/airflow/example_dags/example_task_group_decorator.py for tasks to queue
[2024-02-18T23:57:51.377+0000] {logging_mixin.py:188} INFO - [2024-02-18T23:57:51.376+0000] {dagbag.py:538} INFO - Filling up the DagBag from /home/airflow/.local/lib/python3.8/site-packages/airflow/example_dags/example_task_group_decorator.py
[2024-02-18T23:57:51.433+0000] {processor.py:840} INFO - DAG(s) 'example_task_group_decorator' retrieved from /home/airflow/.local/lib/python3.8/site-packages/airflow/example_dags/example_task_group_decorator.py
[2024-02-18T23:57:51.494+0000] {logging_mixin.py:188} INFO - [2024-02-18T23:57:51.493+0000] {dag.py:3036} INFO - Sync 1 DAGs
[2024-02-18T23:57:51.586+0000] {logging_mixin.py:188} INFO - [2024-02-18T23:57:51.585+0000] {dag.py:3823} INFO - Setting next_dagrun for example_task_group_decorator to 2024-02-17 00:00:00+00:00, run_after=2024-02-18 00:00:00+00:00
[2024-02-18T23:57:51.640+0000] {processor.py:183} INFO - Processing /home/airflow/.local/lib/python3.8/site-packages/airflow/example_dags/example_task_group_decorator.py took 0.285 seconds
[2024-02-18T23:58:22.418+0000] {processor.py:161} INFO - Started process (PID=3814) to work on /home/airflow/.local/lib/python3.8/site-packages/airflow/example_dags/example_task_group_decorator.py
[2024-02-18T23:58:22.421+0000] {processor.py:830} INFO - Processing file /home/airflow/.local/lib/python3.8/site-packages/airflow/example_dags/example_task_group_decorator.py for tasks to queue
[2024-02-18T23:58:22.424+0000] {logging_mixin.py:188} INFO - [2024-02-18T23:58:22.423+0000] {dagbag.py:538} INFO - Filling up the DagBag from /home/airflow/.local/lib/python3.8/site-packages/airflow/example_dags/example_task_group_decorator.py
[2024-02-18T23:58:22.466+0000] {processor.py:840} INFO - DAG(s) 'example_task_group_decorator' retrieved from /home/airflow/.local/lib/python3.8/site-packages/airflow/example_dags/example_task_group_decorator.py
[2024-02-18T23:58:22.541+0000] {logging_mixin.py:188} INFO - [2024-02-18T23:58:22.541+0000] {dag.py:3036} INFO - Sync 1 DAGs
[2024-02-18T23:58:22.608+0000] {logging_mixin.py:188} INFO - [2024-02-18T23:58:22.608+0000] {dag.py:3823} INFO - Setting next_dagrun for example_task_group_decorator to 2024-02-17 00:00:00+00:00, run_after=2024-02-18 00:00:00+00:00
[2024-02-18T23:58:22.673+0000] {processor.py:183} INFO - Processing /home/airflow/.local/lib/python3.8/site-packages/airflow/example_dags/example_task_group_decorator.py took 0.265 seconds
[2024-02-18T23:58:53.315+0000] {processor.py:161} INFO - Started process (PID=4061) to work on /home/airflow/.local/lib/python3.8/site-packages/airflow/example_dags/example_task_group_decorator.py
[2024-02-18T23:58:53.317+0000] {processor.py:830} INFO - Processing file /home/airflow/.local/lib/python3.8/site-packages/airflow/example_dags/example_task_group_decorator.py for tasks to queue
[2024-02-18T23:58:53.320+0000] {logging_mixin.py:188} INFO - [2024-02-18T23:58:53.319+0000] {dagbag.py:538} INFO - Filling up the DagBag from /home/airflow/.local/lib/python3.8/site-packages/airflow/example_dags/example_task_group_decorator.py
[2024-02-18T23:58:53.360+0000] {processor.py:840} INFO - DAG(s) 'example_task_group_decorator' retrieved from /home/airflow/.local/lib/python3.8/site-packages/airflow/example_dags/example_task_group_decorator.py
[2024-02-18T23:58:53.434+0000] {logging_mixin.py:188} INFO - [2024-02-18T23:58:53.434+0000] {dag.py:3036} INFO - Sync 1 DAGs
[2024-02-18T23:58:53.495+0000] {logging_mixin.py:188} INFO - [2024-02-18T23:58:53.494+0000] {dag.py:3823} INFO - Setting next_dagrun for example_task_group_decorator to 2024-02-17 00:00:00+00:00, run_after=2024-02-18 00:00:00+00:00
[2024-02-18T23:58:53.558+0000] {processor.py:183} INFO - Processing /home/airflow/.local/lib/python3.8/site-packages/airflow/example_dags/example_task_group_decorator.py took 0.251 seconds
[2024-02-18T23:59:25.241+0000] {processor.py:161} INFO - Started process (PID=4308) to work on /home/airflow/.local/lib/python3.8/site-packages/airflow/example_dags/example_task_group_decorator.py
[2024-02-18T23:59:25.248+0000] {processor.py:830} INFO - Processing file /home/airflow/.local/lib/python3.8/site-packages/airflow/example_dags/example_task_group_decorator.py for tasks to queue
[2024-02-18T23:59:25.255+0000] {logging_mixin.py:188} INFO - [2024-02-18T23:59:25.254+0000] {dagbag.py:538} INFO - Filling up the DagBag from /home/airflow/.local/lib/python3.8/site-packages/airflow/example_dags/example_task_group_decorator.py
[2024-02-18T23:59:25.323+0000] {processor.py:840} INFO - DAG(s) 'example_task_group_decorator' retrieved from /home/airflow/.local/lib/python3.8/site-packages/airflow/example_dags/example_task_group_decorator.py
[2024-02-18T23:59:25.456+0000] {logging_mixin.py:188} INFO - [2024-02-18T23:59:25.455+0000] {dag.py:3036} INFO - Sync 1 DAGs
[2024-02-18T23:59:25.538+0000] {logging_mixin.py:188} INFO - [2024-02-18T23:59:25.537+0000] {dag.py:3823} INFO - Setting next_dagrun for example_task_group_decorator to 2024-02-17 00:00:00+00:00, run_after=2024-02-18 00:00:00+00:00
[2024-02-18T23:59:25.593+0000] {processor.py:183} INFO - Processing /home/airflow/.local/lib/python3.8/site-packages/airflow/example_dags/example_task_group_decorator.py took 0.363 seconds
[2024-02-18T23:59:56.512+0000] {processor.py:161} INFO - Started process (PID=4555) to work on /home/airflow/.local/lib/python3.8/site-packages/airflow/example_dags/example_task_group_decorator.py
[2024-02-18T23:59:56.514+0000] {processor.py:830} INFO - Processing file /home/airflow/.local/lib/python3.8/site-packages/airflow/example_dags/example_task_group_decorator.py for tasks to queue
[2024-02-18T23:59:56.517+0000] {logging_mixin.py:188} INFO - [2024-02-18T23:59:56.516+0000] {dagbag.py:538} INFO - Filling up the DagBag from /home/airflow/.local/lib/python3.8/site-packages/airflow/example_dags/example_task_group_decorator.py
[2024-02-18T23:59:56.569+0000] {processor.py:840} INFO - DAG(s) 'example_task_group_decorator' retrieved from /home/airflow/.local/lib/python3.8/site-packages/airflow/example_dags/example_task_group_decorator.py
[2024-02-18T23:59:56.629+0000] {logging_mixin.py:188} INFO - [2024-02-18T23:59:56.628+0000] {dag.py:3036} INFO - Sync 1 DAGs
[2024-02-18T23:59:56.692+0000] {logging_mixin.py:188} INFO - [2024-02-18T23:59:56.691+0000] {dag.py:3823} INFO - Setting next_dagrun for example_task_group_decorator to 2024-02-17 00:00:00+00:00, run_after=2024-02-18 00:00:00+00:00
[2024-02-18T23:59:56.743+0000] {processor.py:183} INFO - Processing /home/airflow/.local/lib/python3.8/site-packages/airflow/example_dags/example_task_group_decorator.py took 0.240 seconds
