[2024-02-18T23:46:39.265+0000] {processor.py:161} INFO - Started process (PID=349) to work on /home/airflow/.local/lib/python3.8/site-packages/airflow/example_dags/example_dag_decorator.py
[2024-02-18T23:46:39.269+0000] {processor.py:830} INFO - Processing file /home/airflow/.local/lib/python3.8/site-packages/airflow/example_dags/example_dag_decorator.py for tasks to queue
[2024-02-18T23:46:39.272+0000] {logging_mixin.py:188} INFO - [2024-02-18T23:46:39.271+0000] {dagbag.py:538} INFO - Filling up the DagBag from /home/airflow/.local/lib/python3.8/site-packages/airflow/example_dags/example_dag_decorator.py
[2024-02-18T23:46:39.819+0000] {processor.py:840} INFO - DAG(s) 'example_dag_decorator' retrieved from /home/airflow/.local/lib/python3.8/site-packages/airflow/example_dags/example_dag_decorator.py
[2024-02-18T23:46:40.068+0000] {logging_mixin.py:188} INFO - [2024-02-18T23:46:40.067+0000] {dag.py:3036} INFO - Sync 1 DAGs
[2024-02-18T23:46:40.106+0000] {logging_mixin.py:188} INFO - [2024-02-18T23:46:40.106+0000] {dag.py:3823} INFO - Setting next_dagrun for example_dag_decorator to None, run_after=None
[2024-02-18T23:46:40.188+0000] {processor.py:183} INFO - Processing /home/airflow/.local/lib/python3.8/site-packages/airflow/example_dags/example_dag_decorator.py took 0.930 seconds
[2024-02-18T23:47:10.347+0000] {processor.py:161} INFO - Started process (PID=597) to work on /home/airflow/.local/lib/python3.8/site-packages/airflow/example_dags/example_dag_decorator.py
[2024-02-18T23:47:10.349+0000] {processor.py:830} INFO - Processing file /home/airflow/.local/lib/python3.8/site-packages/airflow/example_dags/example_dag_decorator.py for tasks to queue
[2024-02-18T23:47:10.354+0000] {logging_mixin.py:188} INFO - [2024-02-18T23:47:10.353+0000] {dagbag.py:538} INFO - Filling up the DagBag from /home/airflow/.local/lib/python3.8/site-packages/airflow/example_dags/example_dag_decorator.py
[2024-02-18T23:47:10.594+0000] {processor.py:840} INFO - DAG(s) 'example_dag_decorator' retrieved from /home/airflow/.local/lib/python3.8/site-packages/airflow/example_dags/example_dag_decorator.py
[2024-02-18T23:47:10.787+0000] {logging_mixin.py:188} INFO - [2024-02-18T23:47:10.786+0000] {dag.py:3036} INFO - Sync 1 DAGs
[2024-02-18T23:47:10.808+0000] {logging_mixin.py:188} INFO - [2024-02-18T23:47:10.807+0000] {dag.py:3823} INFO - Setting next_dagrun for example_dag_decorator to None, run_after=None
[2024-02-18T23:47:10.847+0000] {processor.py:183} INFO - Processing /home/airflow/.local/lib/python3.8/site-packages/airflow/example_dags/example_dag_decorator.py took 0.510 seconds
[2024-02-18T23:52:15.525+0000] {processor.py:161} INFO - Started process (PID=898) to work on /home/airflow/.local/lib/python3.8/site-packages/airflow/example_dags/example_dag_decorator.py
[2024-02-18T23:52:15.527+0000] {processor.py:830} INFO - Processing file /home/airflow/.local/lib/python3.8/site-packages/airflow/example_dags/example_dag_decorator.py for tasks to queue
[2024-02-18T23:52:15.530+0000] {logging_mixin.py:188} INFO - [2024-02-18T23:52:15.529+0000] {dagbag.py:538} INFO - Filling up the DagBag from /home/airflow/.local/lib/python3.8/site-packages/airflow/example_dags/example_dag_decorator.py
[2024-02-18T23:52:15.714+0000] {processor.py:840} INFO - DAG(s) 'example_dag_decorator' retrieved from /home/airflow/.local/lib/python3.8/site-packages/airflow/example_dags/example_dag_decorator.py
[2024-02-18T23:52:16.043+0000] {logging_mixin.py:188} INFO - [2024-02-18T23:52:16.042+0000] {dag.py:3036} INFO - Sync 1 DAGs
[2024-02-18T23:52:16.073+0000] {logging_mixin.py:188} INFO - [2024-02-18T23:52:16.073+0000] {dag.py:3823} INFO - Setting next_dagrun for example_dag_decorator to None, run_after=None
[2024-02-18T23:52:16.150+0000] {processor.py:183} INFO - Processing /home/airflow/.local/lib/python3.8/site-packages/airflow/example_dags/example_dag_decorator.py took 0.635 seconds
[2024-02-18T23:52:47.732+0000] {processor.py:161} INFO - Started process (PID=1150) to work on /home/airflow/.local/lib/python3.8/site-packages/airflow/example_dags/example_dag_decorator.py
[2024-02-18T23:52:47.748+0000] {processor.py:830} INFO - Processing file /home/airflow/.local/lib/python3.8/site-packages/airflow/example_dags/example_dag_decorator.py for tasks to queue
[2024-02-18T23:52:47.788+0000] {logging_mixin.py:188} INFO - [2024-02-18T23:52:47.779+0000] {dagbag.py:538} INFO - Filling up the DagBag from /home/airflow/.local/lib/python3.8/site-packages/airflow/example_dags/example_dag_decorator.py
[2024-02-18T23:52:48.288+0000] {processor.py:840} INFO - DAG(s) 'example_dag_decorator' retrieved from /home/airflow/.local/lib/python3.8/site-packages/airflow/example_dags/example_dag_decorator.py
[2024-02-18T23:52:48.963+0000] {logging_mixin.py:188} INFO - [2024-02-18T23:52:48.962+0000] {dag.py:3036} INFO - Sync 1 DAGs
[2024-02-18T23:52:49.047+0000] {logging_mixin.py:188} INFO - [2024-02-18T23:52:49.047+0000] {dag.py:3823} INFO - Setting next_dagrun for example_dag_decorator to None, run_after=None
[2024-02-18T23:52:49.145+0000] {processor.py:183} INFO - Processing /home/airflow/.local/lib/python3.8/site-packages/airflow/example_dags/example_dag_decorator.py took 1.453 seconds
[2024-02-18T23:53:19.391+0000] {processor.py:161} INFO - Started process (PID=1402) to work on /home/airflow/.local/lib/python3.8/site-packages/airflow/example_dags/example_dag_decorator.py
[2024-02-18T23:53:19.394+0000] {processor.py:830} INFO - Processing file /home/airflow/.local/lib/python3.8/site-packages/airflow/example_dags/example_dag_decorator.py for tasks to queue
[2024-02-18T23:53:19.397+0000] {logging_mixin.py:188} INFO - [2024-02-18T23:53:19.396+0000] {dagbag.py:538} INFO - Filling up the DagBag from /home/airflow/.local/lib/python3.8/site-packages/airflow/example_dags/example_dag_decorator.py
[2024-02-18T23:53:19.648+0000] {processor.py:840} INFO - DAG(s) 'example_dag_decorator' retrieved from /home/airflow/.local/lib/python3.8/site-packages/airflow/example_dags/example_dag_decorator.py
[2024-02-18T23:53:19.861+0000] {logging_mixin.py:188} INFO - [2024-02-18T23:53:19.860+0000] {dag.py:3036} INFO - Sync 1 DAGs
[2024-02-18T23:53:19.886+0000] {logging_mixin.py:188} INFO - [2024-02-18T23:53:19.885+0000] {dag.py:3823} INFO - Setting next_dagrun for example_dag_decorator to None, run_after=None
[2024-02-18T23:53:19.930+0000] {processor.py:183} INFO - Processing /home/airflow/.local/lib/python3.8/site-packages/airflow/example_dags/example_dag_decorator.py took 0.551 seconds
[2024-02-18T23:53:50.174+0000] {processor.py:161} INFO - Started process (PID=1654) to work on /home/airflow/.local/lib/python3.8/site-packages/airflow/example_dags/example_dag_decorator.py
[2024-02-18T23:53:50.176+0000] {processor.py:830} INFO - Processing file /home/airflow/.local/lib/python3.8/site-packages/airflow/example_dags/example_dag_decorator.py for tasks to queue
[2024-02-18T23:53:50.178+0000] {logging_mixin.py:188} INFO - [2024-02-18T23:53:50.178+0000] {dagbag.py:538} INFO - Filling up the DagBag from /home/airflow/.local/lib/python3.8/site-packages/airflow/example_dags/example_dag_decorator.py
[2024-02-18T23:53:50.324+0000] {processor.py:840} INFO - DAG(s) 'example_dag_decorator' retrieved from /home/airflow/.local/lib/python3.8/site-packages/airflow/example_dags/example_dag_decorator.py
[2024-02-18T23:53:50.535+0000] {logging_mixin.py:188} INFO - [2024-02-18T23:53:50.535+0000] {dag.py:3036} INFO - Sync 1 DAGs
[2024-02-18T23:53:50.554+0000] {logging_mixin.py:188} INFO - [2024-02-18T23:53:50.554+0000] {dag.py:3823} INFO - Setting next_dagrun for example_dag_decorator to None, run_after=None
[2024-02-18T23:53:50.591+0000] {processor.py:183} INFO - Processing /home/airflow/.local/lib/python3.8/site-packages/airflow/example_dags/example_dag_decorator.py took 0.425 seconds
[2024-02-18T23:54:21.253+0000] {processor.py:161} INFO - Started process (PID=1901) to work on /home/airflow/.local/lib/python3.8/site-packages/airflow/example_dags/example_dag_decorator.py
[2024-02-18T23:54:21.255+0000] {processor.py:830} INFO - Processing file /home/airflow/.local/lib/python3.8/site-packages/airflow/example_dags/example_dag_decorator.py for tasks to queue
[2024-02-18T23:54:21.269+0000] {logging_mixin.py:188} INFO - [2024-02-18T23:54:21.268+0000] {dagbag.py:538} INFO - Filling up the DagBag from /home/airflow/.local/lib/python3.8/site-packages/airflow/example_dags/example_dag_decorator.py
[2024-02-18T23:54:21.611+0000] {processor.py:840} INFO - DAG(s) 'example_dag_decorator' retrieved from /home/airflow/.local/lib/python3.8/site-packages/airflow/example_dags/example_dag_decorator.py
[2024-02-18T23:54:22.178+0000] {logging_mixin.py:188} INFO - [2024-02-18T23:54:22.177+0000] {dag.py:3036} INFO - Sync 1 DAGs
[2024-02-18T23:54:22.217+0000] {logging_mixin.py:188} INFO - [2024-02-18T23:54:22.217+0000] {dag.py:3823} INFO - Setting next_dagrun for example_dag_decorator to None, run_after=None
[2024-02-18T23:54:22.295+0000] {processor.py:183} INFO - Processing /home/airflow/.local/lib/python3.8/site-packages/airflow/example_dags/example_dag_decorator.py took 1.055 seconds
[2024-02-18T23:54:52.535+0000] {processor.py:161} INFO - Started process (PID=2153) to work on /home/airflow/.local/lib/python3.8/site-packages/airflow/example_dags/example_dag_decorator.py
[2024-02-18T23:54:52.537+0000] {processor.py:830} INFO - Processing file /home/airflow/.local/lib/python3.8/site-packages/airflow/example_dags/example_dag_decorator.py for tasks to queue
[2024-02-18T23:54:52.540+0000] {logging_mixin.py:188} INFO - [2024-02-18T23:54:52.539+0000] {dagbag.py:538} INFO - Filling up the DagBag from /home/airflow/.local/lib/python3.8/site-packages/airflow/example_dags/example_dag_decorator.py
[2024-02-18T23:54:52.674+0000] {processor.py:840} INFO - DAG(s) 'example_dag_decorator' retrieved from /home/airflow/.local/lib/python3.8/site-packages/airflow/example_dags/example_dag_decorator.py
[2024-02-18T23:54:52.751+0000] {logging_mixin.py:188} INFO - [2024-02-18T23:54:52.750+0000] {dag.py:3036} INFO - Sync 1 DAGs
[2024-02-18T23:54:52.783+0000] {logging_mixin.py:188} INFO - [2024-02-18T23:54:52.782+0000] {dag.py:3823} INFO - Setting next_dagrun for example_dag_decorator to None, run_after=None
[2024-02-18T23:54:52.830+0000] {processor.py:183} INFO - Processing /home/airflow/.local/lib/python3.8/site-packages/airflow/example_dags/example_dag_decorator.py took 0.302 seconds
[2024-02-18T23:55:23.141+0000] {processor.py:161} INFO - Started process (PID=2400) to work on /home/airflow/.local/lib/python3.8/site-packages/airflow/example_dags/example_dag_decorator.py
[2024-02-18T23:55:23.143+0000] {processor.py:830} INFO - Processing file /home/airflow/.local/lib/python3.8/site-packages/airflow/example_dags/example_dag_decorator.py for tasks to queue
[2024-02-18T23:55:23.146+0000] {logging_mixin.py:188} INFO - [2024-02-18T23:55:23.145+0000] {dagbag.py:538} INFO - Filling up the DagBag from /home/airflow/.local/lib/python3.8/site-packages/airflow/example_dags/example_dag_decorator.py
[2024-02-18T23:55:23.393+0000] {processor.py:840} INFO - DAG(s) 'example_dag_decorator' retrieved from /home/airflow/.local/lib/python3.8/site-packages/airflow/example_dags/example_dag_decorator.py
[2024-02-18T23:55:23.471+0000] {logging_mixin.py:188} INFO - [2024-02-18T23:55:23.470+0000] {dag.py:3036} INFO - Sync 1 DAGs
[2024-02-18T23:55:23.518+0000] {logging_mixin.py:188} INFO - [2024-02-18T23:55:23.517+0000] {dag.py:3823} INFO - Setting next_dagrun for example_dag_decorator to None, run_after=None
[2024-02-18T23:55:23.594+0000] {processor.py:183} INFO - Processing /home/airflow/.local/lib/python3.8/site-packages/airflow/example_dags/example_dag_decorator.py took 0.463 seconds
[2024-02-18T23:55:53.914+0000] {processor.py:161} INFO - Started process (PID=2642) to work on /home/airflow/.local/lib/python3.8/site-packages/airflow/example_dags/example_dag_decorator.py
[2024-02-18T23:55:53.917+0000] {processor.py:830} INFO - Processing file /home/airflow/.local/lib/python3.8/site-packages/airflow/example_dags/example_dag_decorator.py for tasks to queue
[2024-02-18T23:55:53.922+0000] {logging_mixin.py:188} INFO - [2024-02-18T23:55:53.921+0000] {dagbag.py:538} INFO - Filling up the DagBag from /home/airflow/.local/lib/python3.8/site-packages/airflow/example_dags/example_dag_decorator.py
[2024-02-18T23:55:54.133+0000] {processor.py:840} INFO - DAG(s) 'example_dag_decorator' retrieved from /home/airflow/.local/lib/python3.8/site-packages/airflow/example_dags/example_dag_decorator.py
[2024-02-18T23:55:54.346+0000] {logging_mixin.py:188} INFO - [2024-02-18T23:55:54.345+0000] {dag.py:3036} INFO - Sync 1 DAGs
[2024-02-18T23:55:54.376+0000] {logging_mixin.py:188} INFO - [2024-02-18T23:55:54.376+0000] {dag.py:3823} INFO - Setting next_dagrun for example_dag_decorator to None, run_after=None
[2024-02-18T23:55:54.424+0000] {processor.py:183} INFO - Processing /home/airflow/.local/lib/python3.8/site-packages/airflow/example_dags/example_dag_decorator.py took 0.524 seconds
[2024-02-18T23:56:25.080+0000] {processor.py:161} INFO - Started process (PID=2894) to work on /home/airflow/.local/lib/python3.8/site-packages/airflow/example_dags/example_dag_decorator.py
[2024-02-18T23:56:25.085+0000] {processor.py:830} INFO - Processing file /home/airflow/.local/lib/python3.8/site-packages/airflow/example_dags/example_dag_decorator.py for tasks to queue
[2024-02-18T23:56:25.093+0000] {logging_mixin.py:188} INFO - [2024-02-18T23:56:25.091+0000] {dagbag.py:538} INFO - Filling up the DagBag from /home/airflow/.local/lib/python3.8/site-packages/airflow/example_dags/example_dag_decorator.py
[2024-02-18T23:56:25.505+0000] {processor.py:840} INFO - DAG(s) 'example_dag_decorator' retrieved from /home/airflow/.local/lib/python3.8/site-packages/airflow/example_dags/example_dag_decorator.py
[2024-02-18T23:56:25.873+0000] {logging_mixin.py:188} INFO - [2024-02-18T23:56:25.872+0000] {dag.py:3036} INFO - Sync 1 DAGs
[2024-02-18T23:56:25.927+0000] {logging_mixin.py:188} INFO - [2024-02-18T23:56:25.926+0000] {dag.py:3823} INFO - Setting next_dagrun for example_dag_decorator to None, run_after=None
[2024-02-18T23:56:26.020+0000] {processor.py:183} INFO - Processing /home/airflow/.local/lib/python3.8/site-packages/airflow/example_dags/example_dag_decorator.py took 0.963 seconds
[2024-02-18T23:56:56.428+0000] {processor.py:161} INFO - Started process (PID=3151) to work on /home/airflow/.local/lib/python3.8/site-packages/airflow/example_dags/example_dag_decorator.py
[2024-02-18T23:56:56.432+0000] {processor.py:830} INFO - Processing file /home/airflow/.local/lib/python3.8/site-packages/airflow/example_dags/example_dag_decorator.py for tasks to queue
[2024-02-18T23:56:56.438+0000] {logging_mixin.py:188} INFO - [2024-02-18T23:56:56.436+0000] {dagbag.py:538} INFO - Filling up the DagBag from /home/airflow/.local/lib/python3.8/site-packages/airflow/example_dags/example_dag_decorator.py
[2024-02-18T23:56:56.704+0000] {processor.py:840} INFO - DAG(s) 'example_dag_decorator' retrieved from /home/airflow/.local/lib/python3.8/site-packages/airflow/example_dags/example_dag_decorator.py
[2024-02-18T23:56:57.122+0000] {logging_mixin.py:188} INFO - [2024-02-18T23:56:57.121+0000] {dag.py:3036} INFO - Sync 1 DAGs
[2024-02-18T23:56:57.154+0000] {logging_mixin.py:188} INFO - [2024-02-18T23:56:57.153+0000] {dag.py:3823} INFO - Setting next_dagrun for example_dag_decorator to None, run_after=None
[2024-02-18T23:56:57.224+0000] {processor.py:183} INFO - Processing /home/airflow/.local/lib/python3.8/site-packages/airflow/example_dags/example_dag_decorator.py took 0.806 seconds
[2024-02-18T23:57:27.285+0000] {processor.py:161} INFO - Started process (PID=3413) to work on /home/airflow/.local/lib/python3.8/site-packages/airflow/example_dags/example_dag_decorator.py
[2024-02-18T23:57:27.287+0000] {processor.py:830} INFO - Processing file /home/airflow/.local/lib/python3.8/site-packages/airflow/example_dags/example_dag_decorator.py for tasks to queue
[2024-02-18T23:57:27.290+0000] {logging_mixin.py:188} INFO - [2024-02-18T23:57:27.289+0000] {dagbag.py:538} INFO - Filling up the DagBag from /home/airflow/.local/lib/python3.8/site-packages/airflow/example_dags/example_dag_decorator.py
[2024-02-18T23:57:27.456+0000] {processor.py:840} INFO - DAG(s) 'example_dag_decorator' retrieved from /home/airflow/.local/lib/python3.8/site-packages/airflow/example_dags/example_dag_decorator.py
[2024-02-18T23:57:27.649+0000] {logging_mixin.py:188} INFO - [2024-02-18T23:57:27.648+0000] {dag.py:3036} INFO - Sync 1 DAGs
[2024-02-18T23:57:27.670+0000] {logging_mixin.py:188} INFO - [2024-02-18T23:57:27.670+0000] {dag.py:3823} INFO - Setting next_dagrun for example_dag_decorator to None, run_after=None
[2024-02-18T23:57:27.710+0000] {processor.py:183} INFO - Processing /home/airflow/.local/lib/python3.8/site-packages/airflow/example_dags/example_dag_decorator.py took 0.433 seconds
[2024-02-18T23:57:57.839+0000] {processor.py:161} INFO - Started process (PID=3649) to work on /home/airflow/.local/lib/python3.8/site-packages/airflow/example_dags/example_dag_decorator.py
[2024-02-18T23:57:57.843+0000] {processor.py:830} INFO - Processing file /home/airflow/.local/lib/python3.8/site-packages/airflow/example_dags/example_dag_decorator.py for tasks to queue
[2024-02-18T23:57:57.846+0000] {logging_mixin.py:188} INFO - [2024-02-18T23:57:57.845+0000] {dagbag.py:538} INFO - Filling up the DagBag from /home/airflow/.local/lib/python3.8/site-packages/airflow/example_dags/example_dag_decorator.py
[2024-02-18T23:57:58.054+0000] {processor.py:840} INFO - DAG(s) 'example_dag_decorator' retrieved from /home/airflow/.local/lib/python3.8/site-packages/airflow/example_dags/example_dag_decorator.py
[2024-02-18T23:57:58.242+0000] {logging_mixin.py:188} INFO - [2024-02-18T23:57:58.242+0000] {dag.py:3036} INFO - Sync 1 DAGs
[2024-02-18T23:57:58.264+0000] {logging_mixin.py:188} INFO - [2024-02-18T23:57:58.264+0000] {dag.py:3823} INFO - Setting next_dagrun for example_dag_decorator to None, run_after=None
[2024-02-18T23:57:58.308+0000] {processor.py:183} INFO - Processing /home/airflow/.local/lib/python3.8/site-packages/airflow/example_dags/example_dag_decorator.py took 0.477 seconds
[2024-02-18T23:58:28.957+0000] {processor.py:161} INFO - Started process (PID=3911) to work on /home/airflow/.local/lib/python3.8/site-packages/airflow/example_dags/example_dag_decorator.py
[2024-02-18T23:58:28.960+0000] {processor.py:830} INFO - Processing file /home/airflow/.local/lib/python3.8/site-packages/airflow/example_dags/example_dag_decorator.py for tasks to queue
[2024-02-18T23:58:28.963+0000] {logging_mixin.py:188} INFO - [2024-02-18T23:58:28.962+0000] {dagbag.py:538} INFO - Filling up the DagBag from /home/airflow/.local/lib/python3.8/site-packages/airflow/example_dags/example_dag_decorator.py
[2024-02-18T23:58:29.110+0000] {processor.py:840} INFO - DAG(s) 'example_dag_decorator' retrieved from /home/airflow/.local/lib/python3.8/site-packages/airflow/example_dags/example_dag_decorator.py
[2024-02-18T23:58:29.296+0000] {logging_mixin.py:188} INFO - [2024-02-18T23:58:29.296+0000] {dag.py:3036} INFO - Sync 1 DAGs
[2024-02-18T23:58:29.318+0000] {logging_mixin.py:188} INFO - [2024-02-18T23:58:29.318+0000] {dag.py:3823} INFO - Setting next_dagrun for example_dag_decorator to None, run_after=None
[2024-02-18T23:58:29.358+0000] {processor.py:183} INFO - Processing /home/airflow/.local/lib/python3.8/site-packages/airflow/example_dags/example_dag_decorator.py took 0.407 seconds
[2024-02-18T23:59:00.107+0000] {processor.py:161} INFO - Started process (PID=4156) to work on /home/airflow/.local/lib/python3.8/site-packages/airflow/example_dags/example_dag_decorator.py
[2024-02-18T23:59:00.110+0000] {processor.py:830} INFO - Processing file /home/airflow/.local/lib/python3.8/site-packages/airflow/example_dags/example_dag_decorator.py for tasks to queue
[2024-02-18T23:59:00.113+0000] {logging_mixin.py:188} INFO - [2024-02-18T23:59:00.112+0000] {dagbag.py:538} INFO - Filling up the DagBag from /home/airflow/.local/lib/python3.8/site-packages/airflow/example_dags/example_dag_decorator.py
[2024-02-18T23:59:00.263+0000] {processor.py:840} INFO - DAG(s) 'example_dag_decorator' retrieved from /home/airflow/.local/lib/python3.8/site-packages/airflow/example_dags/example_dag_decorator.py
[2024-02-18T23:59:00.457+0000] {logging_mixin.py:188} INFO - [2024-02-18T23:59:00.456+0000] {dag.py:3036} INFO - Sync 1 DAGs
[2024-02-18T23:59:00.481+0000] {logging_mixin.py:188} INFO - [2024-02-18T23:59:00.481+0000] {dag.py:3823} INFO - Setting next_dagrun for example_dag_decorator to None, run_after=None
[2024-02-18T23:59:00.524+0000] {processor.py:183} INFO - Processing /home/airflow/.local/lib/python3.8/site-packages/airflow/example_dags/example_dag_decorator.py took 0.424 seconds
[2024-02-18T23:59:32.233+0000] {processor.py:161} INFO - Started process (PID=4400) to work on /home/airflow/.local/lib/python3.8/site-packages/airflow/example_dags/example_dag_decorator.py
[2024-02-18T23:59:32.240+0000] {processor.py:830} INFO - Processing file /home/airflow/.local/lib/python3.8/site-packages/airflow/example_dags/example_dag_decorator.py for tasks to queue
[2024-02-18T23:59:32.252+0000] {logging_mixin.py:188} INFO - [2024-02-18T23:59:32.251+0000] {dagbag.py:538} INFO - Filling up the DagBag from /home/airflow/.local/lib/python3.8/site-packages/airflow/example_dags/example_dag_decorator.py
[2024-02-18T23:59:32.566+0000] {processor.py:840} INFO - DAG(s) 'example_dag_decorator' retrieved from /home/airflow/.local/lib/python3.8/site-packages/airflow/example_dags/example_dag_decorator.py
[2024-02-18T23:59:33.048+0000] {logging_mixin.py:188} INFO - [2024-02-18T23:59:33.047+0000] {dag.py:3036} INFO - Sync 1 DAGs
[2024-02-18T23:59:33.088+0000] {logging_mixin.py:188} INFO - [2024-02-18T23:59:33.087+0000] {dag.py:3823} INFO - Setting next_dagrun for example_dag_decorator to None, run_after=None
[2024-02-18T23:59:33.177+0000] {processor.py:183} INFO - Processing /home/airflow/.local/lib/python3.8/site-packages/airflow/example_dags/example_dag_decorator.py took 0.955 seconds
