[2024-02-18T23:46:26.459+0000] {processor.py:161} INFO - Started process (PID=164) to work on /home/airflow/.local/lib/python3.8/site-packages/airflow/example_dags/example_datasets.py
[2024-02-18T23:46:26.464+0000] {processor.py:830} INFO - Processing file /home/airflow/.local/lib/python3.8/site-packages/airflow/example_dags/example_datasets.py for tasks to queue
[2024-02-18T23:46:26.468+0000] {logging_mixin.py:188} INFO - [2024-02-18T23:46:26.467+0000] {dagbag.py:538} INFO - Filling up the DagBag from /home/airflow/.local/lib/python3.8/site-packages/airflow/example_dags/example_datasets.py
[2024-02-18T23:46:26.542+0000] {processor.py:840} INFO - DAG(s) 'dataset_consumes_1', 'dataset_consumes_1_and_2', 'dataset_consumes_1_never_scheduled', 'dataset_consumes_unknown_never_scheduled', 'dataset_produces_2', 'dataset_produces_1' retrieved from /home/airflow/.local/lib/python3.8/site-packages/airflow/example_dags/example_datasets.py
[2024-02-18T23:46:27.302+0000] {logging_mixin.py:188} INFO - [2024-02-18T23:46:27.302+0000] {dag.py:3036} INFO - Sync 6 DAGs
[2024-02-18T23:46:27.355+0000] {logging_mixin.py:188} INFO - [2024-02-18T23:46:27.354+0000] {dag.py:3823} INFO - Setting next_dagrun for dataset_consumes_1 to None, run_after=None
[2024-02-18T23:46:27.368+0000] {logging_mixin.py:188} INFO - [2024-02-18T23:46:27.367+0000] {dag.py:3823} INFO - Setting next_dagrun for dataset_consumes_1_and_2 to None, run_after=None
[2024-02-18T23:46:27.373+0000] {logging_mixin.py:188} INFO - [2024-02-18T23:46:27.373+0000] {dag.py:3823} INFO - Setting next_dagrun for dataset_consumes_1_never_scheduled to None, run_after=None
[2024-02-18T23:46:27.379+0000] {logging_mixin.py:188} INFO - [2024-02-18T23:46:27.378+0000] {dag.py:3823} INFO - Setting next_dagrun for dataset_consumes_unknown_never_scheduled to None, run_after=None
[2024-02-18T23:46:27.387+0000] {logging_mixin.py:188} INFO - [2024-02-18T23:46:27.387+0000] {dag.py:3823} INFO - Setting next_dagrun for dataset_produces_1 to 2024-02-17 00:00:00+00:00, run_after=2024-02-18 00:00:00+00:00
[2024-02-18T23:46:27.392+0000] {logging_mixin.py:188} INFO - [2024-02-18T23:46:27.392+0000] {dag.py:3823} INFO - Setting next_dagrun for dataset_produces_2 to None, run_after=None
[2024-02-18T23:46:27.485+0000] {processor.py:183} INFO - Processing /home/airflow/.local/lib/python3.8/site-packages/airflow/example_dags/example_datasets.py took 1.040 seconds
[2024-02-18T23:46:57.930+0000] {processor.py:161} INFO - Started process (PID=412) to work on /home/airflow/.local/lib/python3.8/site-packages/airflow/example_dags/example_datasets.py
[2024-02-18T23:46:57.934+0000] {processor.py:830} INFO - Processing file /home/airflow/.local/lib/python3.8/site-packages/airflow/example_dags/example_datasets.py for tasks to queue
[2024-02-18T23:46:57.937+0000] {logging_mixin.py:188} INFO - [2024-02-18T23:46:57.936+0000] {dagbag.py:538} INFO - Filling up the DagBag from /home/airflow/.local/lib/python3.8/site-packages/airflow/example_dags/example_datasets.py
[2024-02-18T23:46:57.976+0000] {processor.py:840} INFO - DAG(s) 'dataset_produces_2', 'dataset_produces_1', 'dataset_consumes_1', 'dataset_consumes_1_and_2', 'dataset_consumes_1_never_scheduled', 'dataset_consumes_unknown_never_scheduled' retrieved from /home/airflow/.local/lib/python3.8/site-packages/airflow/example_dags/example_datasets.py
[2024-02-18T23:46:58.078+0000] {logging_mixin.py:188} INFO - [2024-02-18T23:46:58.077+0000] {dag.py:3036} INFO - Sync 6 DAGs
[2024-02-18T23:46:58.152+0000] {logging_mixin.py:188} INFO - [2024-02-18T23:46:58.151+0000] {dag.py:3823} INFO - Setting next_dagrun for dataset_consumes_1 to None, run_after=None
[2024-02-18T23:46:58.164+0000] {logging_mixin.py:188} INFO - [2024-02-18T23:46:58.163+0000] {dag.py:3823} INFO - Setting next_dagrun for dataset_consumes_1_and_2 to None, run_after=None
[2024-02-18T23:46:58.170+0000] {logging_mixin.py:188} INFO - [2024-02-18T23:46:58.170+0000] {dag.py:3823} INFO - Setting next_dagrun for dataset_consumes_1_never_scheduled to None, run_after=None
[2024-02-18T23:46:58.181+0000] {logging_mixin.py:188} INFO - [2024-02-18T23:46:58.181+0000] {dag.py:3823} INFO - Setting next_dagrun for dataset_consumes_unknown_never_scheduled to None, run_after=None
[2024-02-18T23:46:58.195+0000] {logging_mixin.py:188} INFO - [2024-02-18T23:46:58.195+0000] {dag.py:3823} INFO - Setting next_dagrun for dataset_produces_1 to 2024-02-17 00:00:00+00:00, run_after=2024-02-18 00:00:00+00:00
[2024-02-18T23:46:58.204+0000] {logging_mixin.py:188} INFO - [2024-02-18T23:46:58.203+0000] {dag.py:3823} INFO - Setting next_dagrun for dataset_produces_2 to None, run_after=None
[2024-02-18T23:46:58.334+0000] {processor.py:183} INFO - Processing /home/airflow/.local/lib/python3.8/site-packages/airflow/example_dags/example_datasets.py took 0.413 seconds
[2024-02-18T23:47:29.210+0000] {processor.py:161} INFO - Started process (PID=658) to work on /home/airflow/.local/lib/python3.8/site-packages/airflow/example_dags/example_datasets.py
[2024-02-18T23:47:29.212+0000] {processor.py:830} INFO - Processing file /home/airflow/.local/lib/python3.8/site-packages/airflow/example_dags/example_datasets.py for tasks to queue
[2024-02-18T23:47:29.215+0000] {logging_mixin.py:188} INFO - [2024-02-18T23:47:29.214+0000] {dagbag.py:538} INFO - Filling up the DagBag from /home/airflow/.local/lib/python3.8/site-packages/airflow/example_dags/example_datasets.py
[2024-02-18T23:47:29.307+0000] {processor.py:840} INFO - DAG(s) 'dataset_consumes_unknown_never_scheduled', 'dataset_produces_1', 'dataset_consumes_1_never_scheduled', 'dataset_consumes_1_and_2', 'dataset_produces_2', 'dataset_consumes_1' retrieved from /home/airflow/.local/lib/python3.8/site-packages/airflow/example_dags/example_datasets.py
[2024-02-18T23:47:29.606+0000] {logging_mixin.py:188} INFO - [2024-02-18T23:47:29.605+0000] {dag.py:3036} INFO - Sync 6 DAGs
[2024-02-18T23:47:29.711+0000] {logging_mixin.py:188} INFO - [2024-02-18T23:47:29.710+0000] {dag.py:3823} INFO - Setting next_dagrun for dataset_consumes_1 to None, run_after=None
[2024-02-18T23:47:29.785+0000] {logging_mixin.py:188} INFO - [2024-02-18T23:47:29.784+0000] {dag.py:3823} INFO - Setting next_dagrun for dataset_consumes_1_and_2 to None, run_after=None
[2024-02-18T23:47:29.820+0000] {logging_mixin.py:188} INFO - [2024-02-18T23:47:29.817+0000] {dag.py:3823} INFO - Setting next_dagrun for dataset_consumes_1_never_scheduled to None, run_after=None
[2024-02-18T23:47:29.949+0000] {logging_mixin.py:188} INFO - [2024-02-18T23:47:29.890+0000] {dag.py:3823} INFO - Setting next_dagrun for dataset_consumes_unknown_never_scheduled to None, run_after=None
[2024-02-18T23:47:29.979+0000] {logging_mixin.py:188} INFO - [2024-02-18T23:47:29.978+0000] {dag.py:3823} INFO - Setting next_dagrun for dataset_produces_1 to 2024-02-17 00:00:00+00:00, run_after=2024-02-18 00:00:00+00:00
[2024-02-18T23:47:29.989+0000] {logging_mixin.py:188} INFO - [2024-02-18T23:47:29.988+0000] {dag.py:3823} INFO - Setting next_dagrun for dataset_produces_2 to None, run_after=None
[2024-02-18T23:47:30.150+0000] {processor.py:183} INFO - Processing /home/airflow/.local/lib/python3.8/site-packages/airflow/example_dags/example_datasets.py took 0.974 seconds
[2024-02-18T23:52:05.809+0000] {processor.py:161} INFO - Started process (PID=723) to work on /home/airflow/.local/lib/python3.8/site-packages/airflow/example_dags/example_datasets.py
[2024-02-18T23:52:05.818+0000] {processor.py:830} INFO - Processing file /home/airflow/.local/lib/python3.8/site-packages/airflow/example_dags/example_datasets.py for tasks to queue
[2024-02-18T23:52:05.843+0000] {logging_mixin.py:188} INFO - [2024-02-18T23:52:05.842+0000] {dagbag.py:538} INFO - Filling up the DagBag from /home/airflow/.local/lib/python3.8/site-packages/airflow/example_dags/example_datasets.py
[2024-02-18T23:52:05.946+0000] {processor.py:840} INFO - DAG(s) 'dataset_consumes_1_never_scheduled', 'dataset_produces_2', 'dataset_consumes_1_and_2', 'dataset_consumes_1', 'dataset_produces_1', 'dataset_consumes_unknown_never_scheduled' retrieved from /home/airflow/.local/lib/python3.8/site-packages/airflow/example_dags/example_datasets.py
[2024-02-18T23:52:06.360+0000] {logging_mixin.py:188} INFO - [2024-02-18T23:52:06.359+0000] {dag.py:3036} INFO - Sync 6 DAGs
[2024-02-18T23:52:06.468+0000] {logging_mixin.py:188} INFO - [2024-02-18T23:52:06.467+0000] {dag.py:3823} INFO - Setting next_dagrun for dataset_consumes_1 to None, run_after=None
[2024-02-18T23:52:06.489+0000] {logging_mixin.py:188} INFO - [2024-02-18T23:52:06.485+0000] {dag.py:3823} INFO - Setting next_dagrun for dataset_consumes_1_and_2 to None, run_after=None
[2024-02-18T23:52:06.498+0000] {logging_mixin.py:188} INFO - [2024-02-18T23:52:06.498+0000] {dag.py:3823} INFO - Setting next_dagrun for dataset_consumes_1_never_scheduled to None, run_after=None
[2024-02-18T23:52:06.505+0000] {logging_mixin.py:188} INFO - [2024-02-18T23:52:06.504+0000] {dag.py:3823} INFO - Setting next_dagrun for dataset_consumes_unknown_never_scheduled to None, run_after=None
[2024-02-18T23:52:06.517+0000] {logging_mixin.py:188} INFO - [2024-02-18T23:52:06.516+0000] {dag.py:3823} INFO - Setting next_dagrun for dataset_produces_1 to 2024-02-17 00:00:00+00:00, run_after=2024-02-18 00:00:00+00:00
[2024-02-18T23:52:06.523+0000] {logging_mixin.py:188} INFO - [2024-02-18T23:52:06.522+0000] {dag.py:3823} INFO - Setting next_dagrun for dataset_produces_2 to None, run_after=None
[2024-02-18T23:52:06.639+0000] {processor.py:183} INFO - Processing /home/airflow/.local/lib/python3.8/site-packages/airflow/example_dags/example_datasets.py took 0.857 seconds
[2024-02-18T23:52:36.786+0000] {processor.py:161} INFO - Started process (PID=970) to work on /home/airflow/.local/lib/python3.8/site-packages/airflow/example_dags/example_datasets.py
[2024-02-18T23:52:36.789+0000] {processor.py:830} INFO - Processing file /home/airflow/.local/lib/python3.8/site-packages/airflow/example_dags/example_datasets.py for tasks to queue
[2024-02-18T23:52:36.792+0000] {logging_mixin.py:188} INFO - [2024-02-18T23:52:36.791+0000] {dagbag.py:538} INFO - Filling up the DagBag from /home/airflow/.local/lib/python3.8/site-packages/airflow/example_dags/example_datasets.py
[2024-02-18T23:52:36.821+0000] {processor.py:840} INFO - DAG(s) 'dataset_produces_2', 'dataset_consumes_1_and_2', 'dataset_consumes_1', 'dataset_produces_1', 'dataset_consumes_unknown_never_scheduled', 'dataset_consumes_1_never_scheduled' retrieved from /home/airflow/.local/lib/python3.8/site-packages/airflow/example_dags/example_datasets.py
[2024-02-18T23:52:36.905+0000] {logging_mixin.py:188} INFO - [2024-02-18T23:52:36.905+0000] {dag.py:3036} INFO - Sync 6 DAGs
[2024-02-18T23:52:36.959+0000] {logging_mixin.py:188} INFO - [2024-02-18T23:52:36.959+0000] {dag.py:3823} INFO - Setting next_dagrun for dataset_consumes_1 to None, run_after=None
[2024-02-18T23:52:36.967+0000] {logging_mixin.py:188} INFO - [2024-02-18T23:52:36.967+0000] {dag.py:3823} INFO - Setting next_dagrun for dataset_consumes_1_and_2 to None, run_after=None
[2024-02-18T23:52:36.971+0000] {logging_mixin.py:188} INFO - [2024-02-18T23:52:36.971+0000] {dag.py:3823} INFO - Setting next_dagrun for dataset_consumes_1_never_scheduled to None, run_after=None
[2024-02-18T23:52:36.975+0000] {logging_mixin.py:188} INFO - [2024-02-18T23:52:36.975+0000] {dag.py:3823} INFO - Setting next_dagrun for dataset_consumes_unknown_never_scheduled to None, run_after=None
[2024-02-18T23:52:36.984+0000] {logging_mixin.py:188} INFO - [2024-02-18T23:52:36.983+0000] {dag.py:3823} INFO - Setting next_dagrun for dataset_produces_1 to 2024-02-17 00:00:00+00:00, run_after=2024-02-18 00:00:00+00:00
[2024-02-18T23:52:36.988+0000] {logging_mixin.py:188} INFO - [2024-02-18T23:52:36.988+0000] {dag.py:3823} INFO - Setting next_dagrun for dataset_produces_2 to None, run_after=None
[2024-02-18T23:52:37.056+0000] {processor.py:183} INFO - Processing /home/airflow/.local/lib/python3.8/site-packages/airflow/example_dags/example_datasets.py took 0.279 seconds
[2024-02-18T23:53:07.348+0000] {processor.py:161} INFO - Started process (PID=1217) to work on /home/airflow/.local/lib/python3.8/site-packages/airflow/example_dags/example_datasets.py
[2024-02-18T23:53:07.351+0000] {processor.py:830} INFO - Processing file /home/airflow/.local/lib/python3.8/site-packages/airflow/example_dags/example_datasets.py for tasks to queue
[2024-02-18T23:53:07.356+0000] {logging_mixin.py:188} INFO - [2024-02-18T23:53:07.356+0000] {dagbag.py:538} INFO - Filling up the DagBag from /home/airflow/.local/lib/python3.8/site-packages/airflow/example_dags/example_datasets.py
[2024-02-18T23:53:07.391+0000] {processor.py:840} INFO - DAG(s) 'dataset_produces_2', 'dataset_produces_1', 'dataset_consumes_1', 'dataset_consumes_unknown_never_scheduled', 'dataset_consumes_1_and_2', 'dataset_consumes_1_never_scheduled' retrieved from /home/airflow/.local/lib/python3.8/site-packages/airflow/example_dags/example_datasets.py
[2024-02-18T23:53:07.506+0000] {logging_mixin.py:188} INFO - [2024-02-18T23:53:07.505+0000] {dag.py:3036} INFO - Sync 6 DAGs
[2024-02-18T23:53:07.559+0000] {logging_mixin.py:188} INFO - [2024-02-18T23:53:07.559+0000] {dag.py:3823} INFO - Setting next_dagrun for dataset_consumes_1 to None, run_after=None
[2024-02-18T23:53:07.570+0000] {logging_mixin.py:188} INFO - [2024-02-18T23:53:07.570+0000] {dag.py:3823} INFO - Setting next_dagrun for dataset_consumes_1_and_2 to None, run_after=None
[2024-02-18T23:53:07.576+0000] {logging_mixin.py:188} INFO - [2024-02-18T23:53:07.576+0000] {dag.py:3823} INFO - Setting next_dagrun for dataset_consumes_1_never_scheduled to None, run_after=None
[2024-02-18T23:53:07.580+0000] {logging_mixin.py:188} INFO - [2024-02-18T23:53:07.580+0000] {dag.py:3823} INFO - Setting next_dagrun for dataset_consumes_unknown_never_scheduled to None, run_after=None
[2024-02-18T23:53:07.588+0000] {logging_mixin.py:188} INFO - [2024-02-18T23:53:07.588+0000] {dag.py:3823} INFO - Setting next_dagrun for dataset_produces_1 to 2024-02-17 00:00:00+00:00, run_after=2024-02-18 00:00:00+00:00
[2024-02-18T23:53:07.594+0000] {logging_mixin.py:188} INFO - [2024-02-18T23:53:07.593+0000] {dag.py:3823} INFO - Setting next_dagrun for dataset_produces_2 to None, run_after=None
[2024-02-18T23:53:07.696+0000] {processor.py:183} INFO - Processing /home/airflow/.local/lib/python3.8/site-packages/airflow/example_dags/example_datasets.py took 0.359 seconds
[2024-02-18T23:53:37.899+0000] {processor.py:161} INFO - Started process (PID=1464) to work on /home/airflow/.local/lib/python3.8/site-packages/airflow/example_dags/example_datasets.py
[2024-02-18T23:53:37.906+0000] {processor.py:830} INFO - Processing file /home/airflow/.local/lib/python3.8/site-packages/airflow/example_dags/example_datasets.py for tasks to queue
[2024-02-18T23:53:37.911+0000] {logging_mixin.py:188} INFO - [2024-02-18T23:53:37.910+0000] {dagbag.py:538} INFO - Filling up the DagBag from /home/airflow/.local/lib/python3.8/site-packages/airflow/example_dags/example_datasets.py
[2024-02-18T23:53:37.959+0000] {processor.py:840} INFO - DAG(s) 'dataset_consumes_1_and_2', 'dataset_consumes_unknown_never_scheduled', 'dataset_consumes_1', 'dataset_produces_1', 'dataset_consumes_1_never_scheduled', 'dataset_produces_2' retrieved from /home/airflow/.local/lib/python3.8/site-packages/airflow/example_dags/example_datasets.py
[2024-02-18T23:53:38.164+0000] {logging_mixin.py:188} INFO - [2024-02-18T23:53:38.164+0000] {dag.py:3036} INFO - Sync 6 DAGs
[2024-02-18T23:53:38.265+0000] {logging_mixin.py:188} INFO - [2024-02-18T23:53:38.264+0000] {dag.py:3823} INFO - Setting next_dagrun for dataset_consumes_1 to None, run_after=None
[2024-02-18T23:53:38.277+0000] {logging_mixin.py:188} INFO - [2024-02-18T23:53:38.277+0000] {dag.py:3823} INFO - Setting next_dagrun for dataset_consumes_1_and_2 to None, run_after=None
[2024-02-18T23:53:38.285+0000] {logging_mixin.py:188} INFO - [2024-02-18T23:53:38.284+0000] {dag.py:3823} INFO - Setting next_dagrun for dataset_consumes_1_never_scheduled to None, run_after=None
[2024-02-18T23:53:38.292+0000] {logging_mixin.py:188} INFO - [2024-02-18T23:53:38.291+0000] {dag.py:3823} INFO - Setting next_dagrun for dataset_consumes_unknown_never_scheduled to None, run_after=None
[2024-02-18T23:53:38.305+0000] {logging_mixin.py:188} INFO - [2024-02-18T23:53:38.304+0000] {dag.py:3823} INFO - Setting next_dagrun for dataset_produces_1 to 2024-02-17 00:00:00+00:00, run_after=2024-02-18 00:00:00+00:00
[2024-02-18T23:53:38.316+0000] {logging_mixin.py:188} INFO - [2024-02-18T23:53:38.316+0000] {dag.py:3823} INFO - Setting next_dagrun for dataset_produces_2 to None, run_after=None
[2024-02-18T23:53:38.440+0000] {processor.py:183} INFO - Processing /home/airflow/.local/lib/python3.8/site-packages/airflow/example_dags/example_datasets.py took 0.551 seconds
[2024-02-18T23:54:09.083+0000] {processor.py:161} INFO - Started process (PID=1711) to work on /home/airflow/.local/lib/python3.8/site-packages/airflow/example_dags/example_datasets.py
[2024-02-18T23:54:09.087+0000] {processor.py:830} INFO - Processing file /home/airflow/.local/lib/python3.8/site-packages/airflow/example_dags/example_datasets.py for tasks to queue
[2024-02-18T23:54:09.093+0000] {logging_mixin.py:188} INFO - [2024-02-18T23:54:09.092+0000] {dagbag.py:538} INFO - Filling up the DagBag from /home/airflow/.local/lib/python3.8/site-packages/airflow/example_dags/example_datasets.py
[2024-02-18T23:54:09.126+0000] {processor.py:840} INFO - DAG(s) 'dataset_produces_2', 'dataset_consumes_1_and_2', 'dataset_produces_1', 'dataset_consumes_1_never_scheduled', 'dataset_consumes_unknown_never_scheduled', 'dataset_consumes_1' retrieved from /home/airflow/.local/lib/python3.8/site-packages/airflow/example_dags/example_datasets.py
[2024-02-18T23:54:09.224+0000] {logging_mixin.py:188} INFO - [2024-02-18T23:54:09.223+0000] {dag.py:3036} INFO - Sync 6 DAGs
[2024-02-18T23:54:09.293+0000] {logging_mixin.py:188} INFO - [2024-02-18T23:54:09.293+0000] {dag.py:3823} INFO - Setting next_dagrun for dataset_consumes_1 to None, run_after=None
[2024-02-18T23:54:09.305+0000] {logging_mixin.py:188} INFO - [2024-02-18T23:54:09.304+0000] {dag.py:3823} INFO - Setting next_dagrun for dataset_consumes_1_and_2 to None, run_after=None
[2024-02-18T23:54:09.309+0000] {logging_mixin.py:188} INFO - [2024-02-18T23:54:09.308+0000] {dag.py:3823} INFO - Setting next_dagrun for dataset_consumes_1_never_scheduled to None, run_after=None
[2024-02-18T23:54:09.314+0000] {logging_mixin.py:188} INFO - [2024-02-18T23:54:09.313+0000] {dag.py:3823} INFO - Setting next_dagrun for dataset_consumes_unknown_never_scheduled to None, run_after=None
[2024-02-18T23:54:09.325+0000] {logging_mixin.py:188} INFO - [2024-02-18T23:54:09.325+0000] {dag.py:3823} INFO - Setting next_dagrun for dataset_produces_1 to 2024-02-17 00:00:00+00:00, run_after=2024-02-18 00:00:00+00:00
[2024-02-18T23:54:09.330+0000] {logging_mixin.py:188} INFO - [2024-02-18T23:54:09.329+0000] {dag.py:3823} INFO - Setting next_dagrun for dataset_produces_2 to None, run_after=None
[2024-02-18T23:54:09.408+0000] {processor.py:183} INFO - Processing /home/airflow/.local/lib/python3.8/site-packages/airflow/example_dags/example_datasets.py took 0.340 seconds
[2024-02-18T23:54:39.804+0000] {processor.py:161} INFO - Started process (PID=1958) to work on /home/airflow/.local/lib/python3.8/site-packages/airflow/example_dags/example_datasets.py
[2024-02-18T23:54:39.813+0000] {processor.py:830} INFO - Processing file /home/airflow/.local/lib/python3.8/site-packages/airflow/example_dags/example_datasets.py for tasks to queue
[2024-02-18T23:54:39.826+0000] {logging_mixin.py:188} INFO - [2024-02-18T23:54:39.818+0000] {dagbag.py:538} INFO - Filling up the DagBag from /home/airflow/.local/lib/python3.8/site-packages/airflow/example_dags/example_datasets.py
[2024-02-18T23:54:39.865+0000] {processor.py:840} INFO - DAG(s) 'dataset_consumes_1', 'dataset_produces_2', 'dataset_consumes_1_and_2', 'dataset_consumes_unknown_never_scheduled', 'dataset_produces_1', 'dataset_consumes_1_never_scheduled' retrieved from /home/airflow/.local/lib/python3.8/site-packages/airflow/example_dags/example_datasets.py
[2024-02-18T23:54:40.089+0000] {logging_mixin.py:188} INFO - [2024-02-18T23:54:40.089+0000] {dag.py:3036} INFO - Sync 6 DAGs
[2024-02-18T23:54:40.164+0000] {logging_mixin.py:188} INFO - [2024-02-18T23:54:40.164+0000] {dag.py:3823} INFO - Setting next_dagrun for dataset_consumes_1 to None, run_after=None
[2024-02-18T23:54:40.180+0000] {logging_mixin.py:188} INFO - [2024-02-18T23:54:40.179+0000] {dag.py:3823} INFO - Setting next_dagrun for dataset_consumes_1_and_2 to None, run_after=None
[2024-02-18T23:54:40.186+0000] {logging_mixin.py:188} INFO - [2024-02-18T23:54:40.185+0000] {dag.py:3823} INFO - Setting next_dagrun for dataset_consumes_1_never_scheduled to None, run_after=None
[2024-02-18T23:54:40.191+0000] {logging_mixin.py:188} INFO - [2024-02-18T23:54:40.190+0000] {dag.py:3823} INFO - Setting next_dagrun for dataset_consumes_unknown_never_scheduled to None, run_after=None
[2024-02-18T23:54:40.215+0000] {logging_mixin.py:188} INFO - [2024-02-18T23:54:40.215+0000] {dag.py:3823} INFO - Setting next_dagrun for dataset_produces_1 to 2024-02-17 00:00:00+00:00, run_after=2024-02-18 00:00:00+00:00
[2024-02-18T23:54:40.222+0000] {logging_mixin.py:188} INFO - [2024-02-18T23:54:40.221+0000] {dag.py:3823} INFO - Setting next_dagrun for dataset_produces_2 to None, run_after=None
[2024-02-18T23:54:40.332+0000] {processor.py:183} INFO - Processing /home/airflow/.local/lib/python3.8/site-packages/airflow/example_dags/example_datasets.py took 0.538 seconds
[2024-02-18T23:55:10.724+0000] {processor.py:161} INFO - Started process (PID=2205) to work on /home/airflow/.local/lib/python3.8/site-packages/airflow/example_dags/example_datasets.py
[2024-02-18T23:55:10.728+0000] {processor.py:830} INFO - Processing file /home/airflow/.local/lib/python3.8/site-packages/airflow/example_dags/example_datasets.py for tasks to queue
[2024-02-18T23:55:10.733+0000] {logging_mixin.py:188} INFO - [2024-02-18T23:55:10.732+0000] {dagbag.py:538} INFO - Filling up the DagBag from /home/airflow/.local/lib/python3.8/site-packages/airflow/example_dags/example_datasets.py
[2024-02-18T23:55:10.761+0000] {processor.py:840} INFO - DAG(s) 'dataset_consumes_1_and_2', 'dataset_consumes_1', 'dataset_produces_2', 'dataset_consumes_1_never_scheduled', 'dataset_produces_1', 'dataset_consumes_unknown_never_scheduled' retrieved from /home/airflow/.local/lib/python3.8/site-packages/airflow/example_dags/example_datasets.py
[2024-02-18T23:55:10.862+0000] {logging_mixin.py:188} INFO - [2024-02-18T23:55:10.861+0000] {dag.py:3036} INFO - Sync 6 DAGs
[2024-02-18T23:55:10.936+0000] {logging_mixin.py:188} INFO - [2024-02-18T23:55:10.935+0000] {dag.py:3823} INFO - Setting next_dagrun for dataset_consumes_1 to None, run_after=None
[2024-02-18T23:55:10.948+0000] {logging_mixin.py:188} INFO - [2024-02-18T23:55:10.948+0000] {dag.py:3823} INFO - Setting next_dagrun for dataset_consumes_1_and_2 to None, run_after=None
[2024-02-18T23:55:10.954+0000] {logging_mixin.py:188} INFO - [2024-02-18T23:55:10.954+0000] {dag.py:3823} INFO - Setting next_dagrun for dataset_consumes_1_never_scheduled to None, run_after=None
[2024-02-18T23:55:10.962+0000] {logging_mixin.py:188} INFO - [2024-02-18T23:55:10.961+0000] {dag.py:3823} INFO - Setting next_dagrun for dataset_consumes_unknown_never_scheduled to None, run_after=None
[2024-02-18T23:55:10.971+0000] {logging_mixin.py:188} INFO - [2024-02-18T23:55:10.970+0000] {dag.py:3823} INFO - Setting next_dagrun for dataset_produces_1 to 2024-02-17 00:00:00+00:00, run_after=2024-02-18 00:00:00+00:00
[2024-02-18T23:55:10.976+0000] {logging_mixin.py:188} INFO - [2024-02-18T23:55:10.976+0000] {dag.py:3823} INFO - Setting next_dagrun for dataset_produces_2 to None, run_after=None
[2024-02-18T23:55:11.072+0000] {processor.py:183} INFO - Processing /home/airflow/.local/lib/python3.8/site-packages/airflow/example_dags/example_datasets.py took 0.362 seconds
[2024-02-18T23:55:41.709+0000] {processor.py:161} INFO - Started process (PID=2452) to work on /home/airflow/.local/lib/python3.8/site-packages/airflow/example_dags/example_datasets.py
[2024-02-18T23:55:41.711+0000] {processor.py:830} INFO - Processing file /home/airflow/.local/lib/python3.8/site-packages/airflow/example_dags/example_datasets.py for tasks to queue
[2024-02-18T23:55:41.715+0000] {logging_mixin.py:188} INFO - [2024-02-18T23:55:41.714+0000] {dagbag.py:538} INFO - Filling up the DagBag from /home/airflow/.local/lib/python3.8/site-packages/airflow/example_dags/example_datasets.py
[2024-02-18T23:55:41.747+0000] {processor.py:840} INFO - DAG(s) 'dataset_consumes_1_never_scheduled', 'dataset_produces_1', 'dataset_consumes_unknown_never_scheduled', 'dataset_consumes_1', 'dataset_consumes_1_and_2', 'dataset_produces_2' retrieved from /home/airflow/.local/lib/python3.8/site-packages/airflow/example_dags/example_datasets.py
[2024-02-18T23:55:41.848+0000] {logging_mixin.py:188} INFO - [2024-02-18T23:55:41.847+0000] {dag.py:3036} INFO - Sync 6 DAGs
[2024-02-18T23:55:41.903+0000] {logging_mixin.py:188} INFO - [2024-02-18T23:55:41.902+0000] {dag.py:3823} INFO - Setting next_dagrun for dataset_consumes_1 to None, run_after=None
[2024-02-18T23:55:41.911+0000] {logging_mixin.py:188} INFO - [2024-02-18T23:55:41.911+0000] {dag.py:3823} INFO - Setting next_dagrun for dataset_consumes_1_and_2 to None, run_after=None
[2024-02-18T23:55:41.916+0000] {logging_mixin.py:188} INFO - [2024-02-18T23:55:41.915+0000] {dag.py:3823} INFO - Setting next_dagrun for dataset_consumes_1_never_scheduled to None, run_after=None
[2024-02-18T23:55:41.929+0000] {logging_mixin.py:188} INFO - [2024-02-18T23:55:41.928+0000] {dag.py:3823} INFO - Setting next_dagrun for dataset_consumes_unknown_never_scheduled to None, run_after=None
[2024-02-18T23:55:41.939+0000] {logging_mixin.py:188} INFO - [2024-02-18T23:55:41.939+0000] {dag.py:3823} INFO - Setting next_dagrun for dataset_produces_1 to 2024-02-17 00:00:00+00:00, run_after=2024-02-18 00:00:00+00:00
[2024-02-18T23:55:41.944+0000] {logging_mixin.py:188} INFO - [2024-02-18T23:55:41.943+0000] {dag.py:3823} INFO - Setting next_dagrun for dataset_produces_2 to None, run_after=None
[2024-02-18T23:55:42.012+0000] {processor.py:183} INFO - Processing /home/airflow/.local/lib/python3.8/site-packages/airflow/example_dags/example_datasets.py took 0.313 seconds
[2024-02-18T23:56:12.120+0000] {processor.py:161} INFO - Started process (PID=2699) to work on /home/airflow/.local/lib/python3.8/site-packages/airflow/example_dags/example_datasets.py
[2024-02-18T23:56:12.124+0000] {processor.py:830} INFO - Processing file /home/airflow/.local/lib/python3.8/site-packages/airflow/example_dags/example_datasets.py for tasks to queue
[2024-02-18T23:56:12.128+0000] {logging_mixin.py:188} INFO - [2024-02-18T23:56:12.127+0000] {dagbag.py:538} INFO - Filling up the DagBag from /home/airflow/.local/lib/python3.8/site-packages/airflow/example_dags/example_datasets.py
[2024-02-18T23:56:12.157+0000] {processor.py:840} INFO - DAG(s) 'dataset_consumes_1', 'dataset_consumes_1_never_scheduled', 'dataset_produces_2', 'dataset_consumes_unknown_never_scheduled', 'dataset_produces_1', 'dataset_consumes_1_and_2' retrieved from /home/airflow/.local/lib/python3.8/site-packages/airflow/example_dags/example_datasets.py
[2024-02-18T23:56:12.262+0000] {logging_mixin.py:188} INFO - [2024-02-18T23:56:12.262+0000] {dag.py:3036} INFO - Sync 6 DAGs
[2024-02-18T23:56:12.327+0000] {logging_mixin.py:188} INFO - [2024-02-18T23:56:12.327+0000] {dag.py:3823} INFO - Setting next_dagrun for dataset_consumes_1 to None, run_after=None
[2024-02-18T23:56:12.338+0000] {logging_mixin.py:188} INFO - [2024-02-18T23:56:12.337+0000] {dag.py:3823} INFO - Setting next_dagrun for dataset_consumes_1_and_2 to None, run_after=None
[2024-02-18T23:56:12.346+0000] {logging_mixin.py:188} INFO - [2024-02-18T23:56:12.345+0000] {dag.py:3823} INFO - Setting next_dagrun for dataset_consumes_1_never_scheduled to None, run_after=None
[2024-02-18T23:56:12.351+0000] {logging_mixin.py:188} INFO - [2024-02-18T23:56:12.351+0000] {dag.py:3823} INFO - Setting next_dagrun for dataset_consumes_unknown_never_scheduled to None, run_after=None
[2024-02-18T23:56:12.362+0000] {logging_mixin.py:188} INFO - [2024-02-18T23:56:12.361+0000] {dag.py:3823} INFO - Setting next_dagrun for dataset_produces_1 to 2024-02-17 00:00:00+00:00, run_after=2024-02-18 00:00:00+00:00
[2024-02-18T23:56:12.369+0000] {logging_mixin.py:188} INFO - [2024-02-18T23:56:12.368+0000] {dag.py:3823} INFO - Setting next_dagrun for dataset_produces_2 to None, run_after=None
[2024-02-18T23:56:12.480+0000] {processor.py:183} INFO - Processing /home/airflow/.local/lib/python3.8/site-packages/airflow/example_dags/example_datasets.py took 0.367 seconds
[2024-02-18T23:56:42.622+0000] {processor.py:161} INFO - Started process (PID=2946) to work on /home/airflow/.local/lib/python3.8/site-packages/airflow/example_dags/example_datasets.py
[2024-02-18T23:56:42.624+0000] {processor.py:830} INFO - Processing file /home/airflow/.local/lib/python3.8/site-packages/airflow/example_dags/example_datasets.py for tasks to queue
[2024-02-18T23:56:42.628+0000] {logging_mixin.py:188} INFO - [2024-02-18T23:56:42.627+0000] {dagbag.py:538} INFO - Filling up the DagBag from /home/airflow/.local/lib/python3.8/site-packages/airflow/example_dags/example_datasets.py
[2024-02-18T23:56:42.656+0000] {processor.py:840} INFO - DAG(s) 'dataset_produces_1', 'dataset_consumes_1_and_2', 'dataset_consumes_unknown_never_scheduled', 'dataset_consumes_1', 'dataset_consumes_1_never_scheduled', 'dataset_produces_2' retrieved from /home/airflow/.local/lib/python3.8/site-packages/airflow/example_dags/example_datasets.py
[2024-02-18T23:56:42.744+0000] {logging_mixin.py:188} INFO - [2024-02-18T23:56:42.744+0000] {dag.py:3036} INFO - Sync 6 DAGs
[2024-02-18T23:56:42.800+0000] {logging_mixin.py:188} INFO - [2024-02-18T23:56:42.800+0000] {dag.py:3823} INFO - Setting next_dagrun for dataset_consumes_1 to None, run_after=None
[2024-02-18T23:56:42.809+0000] {logging_mixin.py:188} INFO - [2024-02-18T23:56:42.809+0000] {dag.py:3823} INFO - Setting next_dagrun for dataset_consumes_1_and_2 to None, run_after=None
[2024-02-18T23:56:42.815+0000] {logging_mixin.py:188} INFO - [2024-02-18T23:56:42.814+0000] {dag.py:3823} INFO - Setting next_dagrun for dataset_consumes_1_never_scheduled to None, run_after=None
[2024-02-18T23:56:42.820+0000] {logging_mixin.py:188} INFO - [2024-02-18T23:56:42.819+0000] {dag.py:3823} INFO - Setting next_dagrun for dataset_consumes_unknown_never_scheduled to None, run_after=None
[2024-02-18T23:56:42.827+0000] {logging_mixin.py:188} INFO - [2024-02-18T23:56:42.827+0000] {dag.py:3823} INFO - Setting next_dagrun for dataset_produces_1 to 2024-02-17 00:00:00+00:00, run_after=2024-02-18 00:00:00+00:00
[2024-02-18T23:56:42.832+0000] {logging_mixin.py:188} INFO - [2024-02-18T23:56:42.832+0000] {dag.py:3823} INFO - Setting next_dagrun for dataset_produces_2 to None, run_after=None
[2024-02-18T23:56:42.903+0000] {processor.py:183} INFO - Processing /home/airflow/.local/lib/python3.8/site-packages/airflow/example_dags/example_datasets.py took 0.294 seconds
[2024-02-18T23:57:12.964+0000] {processor.py:161} INFO - Started process (PID=3193) to work on /home/airflow/.local/lib/python3.8/site-packages/airflow/example_dags/example_datasets.py
[2024-02-18T23:57:12.968+0000] {processor.py:830} INFO - Processing file /home/airflow/.local/lib/python3.8/site-packages/airflow/example_dags/example_datasets.py for tasks to queue
[2024-02-18T23:57:12.971+0000] {logging_mixin.py:188} INFO - [2024-02-18T23:57:12.970+0000] {dagbag.py:538} INFO - Filling up the DagBag from /home/airflow/.local/lib/python3.8/site-packages/airflow/example_dags/example_datasets.py
[2024-02-18T23:57:13.002+0000] {processor.py:840} INFO - DAG(s) 'dataset_produces_1', 'dataset_consumes_1_and_2', 'dataset_consumes_unknown_never_scheduled', 'dataset_produces_2', 'dataset_consumes_1', 'dataset_consumes_1_never_scheduled' retrieved from /home/airflow/.local/lib/python3.8/site-packages/airflow/example_dags/example_datasets.py
[2024-02-18T23:57:13.115+0000] {logging_mixin.py:188} INFO - [2024-02-18T23:57:13.114+0000] {dag.py:3036} INFO - Sync 6 DAGs
[2024-02-18T23:57:13.203+0000] {logging_mixin.py:188} INFO - [2024-02-18T23:57:13.202+0000] {dag.py:3823} INFO - Setting next_dagrun for dataset_consumes_1 to None, run_after=None
[2024-02-18T23:57:13.217+0000] {logging_mixin.py:188} INFO - [2024-02-18T23:57:13.216+0000] {dag.py:3823} INFO - Setting next_dagrun for dataset_consumes_1_and_2 to None, run_after=None
[2024-02-18T23:57:13.227+0000] {logging_mixin.py:188} INFO - [2024-02-18T23:57:13.227+0000] {dag.py:3823} INFO - Setting next_dagrun for dataset_consumes_1_never_scheduled to None, run_after=None
[2024-02-18T23:57:13.236+0000] {logging_mixin.py:188} INFO - [2024-02-18T23:57:13.235+0000] {dag.py:3823} INFO - Setting next_dagrun for dataset_consumes_unknown_never_scheduled to None, run_after=None
[2024-02-18T23:57:13.252+0000] {logging_mixin.py:188} INFO - [2024-02-18T23:57:13.251+0000] {dag.py:3823} INFO - Setting next_dagrun for dataset_produces_1 to 2024-02-17 00:00:00+00:00, run_after=2024-02-18 00:00:00+00:00
[2024-02-18T23:57:13.261+0000] {logging_mixin.py:188} INFO - [2024-02-18T23:57:13.260+0000] {dag.py:3823} INFO - Setting next_dagrun for dataset_produces_2 to None, run_after=None
[2024-02-18T23:57:13.351+0000] {processor.py:183} INFO - Processing /home/airflow/.local/lib/python3.8/site-packages/airflow/example_dags/example_datasets.py took 0.399 seconds
[2024-02-18T23:57:43.708+0000] {processor.py:161} INFO - Started process (PID=3439) to work on /home/airflow/.local/lib/python3.8/site-packages/airflow/example_dags/example_datasets.py
[2024-02-18T23:57:43.711+0000] {processor.py:830} INFO - Processing file /home/airflow/.local/lib/python3.8/site-packages/airflow/example_dags/example_datasets.py for tasks to queue
[2024-02-18T23:57:43.716+0000] {logging_mixin.py:188} INFO - [2024-02-18T23:57:43.715+0000] {dagbag.py:538} INFO - Filling up the DagBag from /home/airflow/.local/lib/python3.8/site-packages/airflow/example_dags/example_datasets.py
[2024-02-18T23:57:43.747+0000] {processor.py:840} INFO - DAG(s) 'dataset_produces_1', 'dataset_produces_2', 'dataset_consumes_unknown_never_scheduled', 'dataset_consumes_1_never_scheduled', 'dataset_consumes_1_and_2', 'dataset_consumes_1' retrieved from /home/airflow/.local/lib/python3.8/site-packages/airflow/example_dags/example_datasets.py
[2024-02-18T23:57:43.876+0000] {logging_mixin.py:188} INFO - [2024-02-18T23:57:43.875+0000] {dag.py:3036} INFO - Sync 6 DAGs
[2024-02-18T23:57:43.942+0000] {logging_mixin.py:188} INFO - [2024-02-18T23:57:43.942+0000] {dag.py:3823} INFO - Setting next_dagrun for dataset_consumes_1 to None, run_after=None
[2024-02-18T23:57:43.952+0000] {logging_mixin.py:188} INFO - [2024-02-18T23:57:43.951+0000] {dag.py:3823} INFO - Setting next_dagrun for dataset_consumes_1_and_2 to None, run_after=None
[2024-02-18T23:57:43.960+0000] {logging_mixin.py:188} INFO - [2024-02-18T23:57:43.959+0000] {dag.py:3823} INFO - Setting next_dagrun for dataset_consumes_1_never_scheduled to None, run_after=None
[2024-02-18T23:57:43.968+0000] {logging_mixin.py:188} INFO - [2024-02-18T23:57:43.967+0000] {dag.py:3823} INFO - Setting next_dagrun for dataset_consumes_unknown_never_scheduled to None, run_after=None
[2024-02-18T23:57:43.979+0000] {logging_mixin.py:188} INFO - [2024-02-18T23:57:43.979+0000] {dag.py:3823} INFO - Setting next_dagrun for dataset_produces_1 to 2024-02-17 00:00:00+00:00, run_after=2024-02-18 00:00:00+00:00
[2024-02-18T23:57:43.986+0000] {logging_mixin.py:188} INFO - [2024-02-18T23:57:43.985+0000] {dag.py:3823} INFO - Setting next_dagrun for dataset_produces_2 to None, run_after=None
[2024-02-18T23:57:44.059+0000] {processor.py:183} INFO - Processing /home/airflow/.local/lib/python3.8/site-packages/airflow/example_dags/example_datasets.py took 0.368 seconds
[2024-02-18T23:58:14.269+0000] {processor.py:161} INFO - Started process (PID=3686) to work on /home/airflow/.local/lib/python3.8/site-packages/airflow/example_dags/example_datasets.py
[2024-02-18T23:58:14.272+0000] {processor.py:830} INFO - Processing file /home/airflow/.local/lib/python3.8/site-packages/airflow/example_dags/example_datasets.py for tasks to queue
[2024-02-18T23:58:14.275+0000] {logging_mixin.py:188} INFO - [2024-02-18T23:58:14.274+0000] {dagbag.py:538} INFO - Filling up the DagBag from /home/airflow/.local/lib/python3.8/site-packages/airflow/example_dags/example_datasets.py
[2024-02-18T23:58:14.306+0000] {processor.py:840} INFO - DAG(s) 'dataset_consumes_unknown_never_scheduled', 'dataset_produces_1', 'dataset_consumes_1', 'dataset_produces_2', 'dataset_consumes_1_never_scheduled', 'dataset_consumes_1_and_2' retrieved from /home/airflow/.local/lib/python3.8/site-packages/airflow/example_dags/example_datasets.py
[2024-02-18T23:58:14.393+0000] {logging_mixin.py:188} INFO - [2024-02-18T23:58:14.392+0000] {dag.py:3036} INFO - Sync 6 DAGs
[2024-02-18T23:58:14.450+0000] {logging_mixin.py:188} INFO - [2024-02-18T23:58:14.449+0000] {dag.py:3823} INFO - Setting next_dagrun for dataset_consumes_1 to None, run_after=None
[2024-02-18T23:58:14.458+0000] {logging_mixin.py:188} INFO - [2024-02-18T23:58:14.458+0000] {dag.py:3823} INFO - Setting next_dagrun for dataset_consumes_1_and_2 to None, run_after=None
[2024-02-18T23:58:14.463+0000] {logging_mixin.py:188} INFO - [2024-02-18T23:58:14.463+0000] {dag.py:3823} INFO - Setting next_dagrun for dataset_consumes_1_never_scheduled to None, run_after=None
[2024-02-18T23:58:14.467+0000] {logging_mixin.py:188} INFO - [2024-02-18T23:58:14.467+0000] {dag.py:3823} INFO - Setting next_dagrun for dataset_consumes_unknown_never_scheduled to None, run_after=None
[2024-02-18T23:58:14.474+0000] {logging_mixin.py:188} INFO - [2024-02-18T23:58:14.474+0000] {dag.py:3823} INFO - Setting next_dagrun for dataset_produces_1 to 2024-02-17 00:00:00+00:00, run_after=2024-02-18 00:00:00+00:00
[2024-02-18T23:58:14.479+0000] {logging_mixin.py:188} INFO - [2024-02-18T23:58:14.478+0000] {dag.py:3823} INFO - Setting next_dagrun for dataset_produces_2 to None, run_after=None
[2024-02-18T23:58:14.544+0000] {processor.py:183} INFO - Processing /home/airflow/.local/lib/python3.8/site-packages/airflow/example_dags/example_datasets.py took 0.284 seconds
[2024-02-18T23:58:44.725+0000] {processor.py:161} INFO - Started process (PID=3933) to work on /home/airflow/.local/lib/python3.8/site-packages/airflow/example_dags/example_datasets.py
[2024-02-18T23:58:44.728+0000] {processor.py:830} INFO - Processing file /home/airflow/.local/lib/python3.8/site-packages/airflow/example_dags/example_datasets.py for tasks to queue
[2024-02-18T23:58:44.750+0000] {logging_mixin.py:188} INFO - [2024-02-18T23:58:44.749+0000] {dagbag.py:538} INFO - Filling up the DagBag from /home/airflow/.local/lib/python3.8/site-packages/airflow/example_dags/example_datasets.py
[2024-02-18T23:58:44.797+0000] {processor.py:840} INFO - DAG(s) 'dataset_produces_1', 'dataset_consumes_1_and_2', 'dataset_consumes_unknown_never_scheduled', 'dataset_produces_2', 'dataset_consumes_1_never_scheduled', 'dataset_consumes_1' retrieved from /home/airflow/.local/lib/python3.8/site-packages/airflow/example_dags/example_datasets.py
[2024-02-18T23:58:45.016+0000] {logging_mixin.py:188} INFO - [2024-02-18T23:58:45.015+0000] {dag.py:3036} INFO - Sync 6 DAGs
[2024-02-18T23:58:45.134+0000] {logging_mixin.py:188} INFO - [2024-02-18T23:58:45.133+0000] {dag.py:3823} INFO - Setting next_dagrun for dataset_consumes_1 to None, run_after=None
[2024-02-18T23:58:45.150+0000] {logging_mixin.py:188} INFO - [2024-02-18T23:58:45.149+0000] {dag.py:3823} INFO - Setting next_dagrun for dataset_consumes_1_and_2 to None, run_after=None
[2024-02-18T23:58:45.157+0000] {logging_mixin.py:188} INFO - [2024-02-18T23:58:45.157+0000] {dag.py:3823} INFO - Setting next_dagrun for dataset_consumes_1_never_scheduled to None, run_after=None
[2024-02-18T23:58:45.163+0000] {logging_mixin.py:188} INFO - [2024-02-18T23:58:45.163+0000] {dag.py:3823} INFO - Setting next_dagrun for dataset_consumes_unknown_never_scheduled to None, run_after=None
[2024-02-18T23:58:45.188+0000] {logging_mixin.py:188} INFO - [2024-02-18T23:58:45.187+0000] {dag.py:3823} INFO - Setting next_dagrun for dataset_produces_1 to 2024-02-17 00:00:00+00:00, run_after=2024-02-18 00:00:00+00:00
[2024-02-18T23:58:45.194+0000] {logging_mixin.py:188} INFO - [2024-02-18T23:58:45.193+0000] {dag.py:3823} INFO - Setting next_dagrun for dataset_produces_2 to None, run_after=None
[2024-02-18T23:58:45.372+0000] {processor.py:183} INFO - Processing /home/airflow/.local/lib/python3.8/site-packages/airflow/example_dags/example_datasets.py took 0.659 seconds
[2024-02-18T23:59:15.463+0000] {processor.py:161} INFO - Started process (PID=4180) to work on /home/airflow/.local/lib/python3.8/site-packages/airflow/example_dags/example_datasets.py
[2024-02-18T23:59:15.466+0000] {processor.py:830} INFO - Processing file /home/airflow/.local/lib/python3.8/site-packages/airflow/example_dags/example_datasets.py for tasks to queue
[2024-02-18T23:59:15.472+0000] {logging_mixin.py:188} INFO - [2024-02-18T23:59:15.470+0000] {dagbag.py:538} INFO - Filling up the DagBag from /home/airflow/.local/lib/python3.8/site-packages/airflow/example_dags/example_datasets.py
[2024-02-18T23:59:15.512+0000] {processor.py:840} INFO - DAG(s) 'dataset_produces_2', 'dataset_consumes_unknown_never_scheduled', 'dataset_consumes_1', 'dataset_consumes_1_never_scheduled', 'dataset_produces_1', 'dataset_consumes_1_and_2' retrieved from /home/airflow/.local/lib/python3.8/site-packages/airflow/example_dags/example_datasets.py
[2024-02-18T23:59:15.673+0000] {logging_mixin.py:188} INFO - [2024-02-18T23:59:15.673+0000] {dag.py:3036} INFO - Sync 6 DAGs
[2024-02-18T23:59:15.723+0000] {logging_mixin.py:188} INFO - [2024-02-18T23:59:15.722+0000] {dag.py:3823} INFO - Setting next_dagrun for dataset_consumes_1 to None, run_after=None
[2024-02-18T23:59:15.731+0000] {logging_mixin.py:188} INFO - [2024-02-18T23:59:15.730+0000] {dag.py:3823} INFO - Setting next_dagrun for dataset_consumes_1_and_2 to None, run_after=None
[2024-02-18T23:59:15.735+0000] {logging_mixin.py:188} INFO - [2024-02-18T23:59:15.734+0000] {dag.py:3823} INFO - Setting next_dagrun for dataset_consumes_1_never_scheduled to None, run_after=None
[2024-02-18T23:59:15.739+0000] {logging_mixin.py:188} INFO - [2024-02-18T23:59:15.739+0000] {dag.py:3823} INFO - Setting next_dagrun for dataset_consumes_unknown_never_scheduled to None, run_after=None
[2024-02-18T23:59:15.749+0000] {logging_mixin.py:188} INFO - [2024-02-18T23:59:15.749+0000] {dag.py:3823} INFO - Setting next_dagrun for dataset_produces_1 to 2024-02-17 00:00:00+00:00, run_after=2024-02-18 00:00:00+00:00
[2024-02-18T23:59:15.754+0000] {logging_mixin.py:188} INFO - [2024-02-18T23:59:15.754+0000] {dag.py:3823} INFO - Setting next_dagrun for dataset_produces_2 to None, run_after=None
[2024-02-18T23:59:15.825+0000] {processor.py:183} INFO - Processing /home/airflow/.local/lib/python3.8/site-packages/airflow/example_dags/example_datasets.py took 0.377 seconds
[2024-02-18T23:59:46.541+0000] {processor.py:161} INFO - Started process (PID=4427) to work on /home/airflow/.local/lib/python3.8/site-packages/airflow/example_dags/example_datasets.py
[2024-02-18T23:59:46.544+0000] {processor.py:830} INFO - Processing file /home/airflow/.local/lib/python3.8/site-packages/airflow/example_dags/example_datasets.py for tasks to queue
[2024-02-18T23:59:46.552+0000] {logging_mixin.py:188} INFO - [2024-02-18T23:59:46.550+0000] {dagbag.py:538} INFO - Filling up the DagBag from /home/airflow/.local/lib/python3.8/site-packages/airflow/example_dags/example_datasets.py
[2024-02-18T23:59:46.597+0000] {processor.py:840} INFO - DAG(s) 'dataset_consumes_1_never_scheduled', 'dataset_consumes_1_and_2', 'dataset_consumes_unknown_never_scheduled', 'dataset_produces_2', 'dataset_produces_1', 'dataset_consumes_1' retrieved from /home/airflow/.local/lib/python3.8/site-packages/airflow/example_dags/example_datasets.py
[2024-02-18T23:59:46.799+0000] {logging_mixin.py:188} INFO - [2024-02-18T23:59:46.795+0000] {dag.py:3036} INFO - Sync 6 DAGs
[2024-02-18T23:59:46.890+0000] {logging_mixin.py:188} INFO - [2024-02-18T23:59:46.889+0000] {dag.py:3823} INFO - Setting next_dagrun for dataset_consumes_1 to None, run_after=None
[2024-02-18T23:59:46.906+0000] {logging_mixin.py:188} INFO - [2024-02-18T23:59:46.904+0000] {dag.py:3823} INFO - Setting next_dagrun for dataset_consumes_1_and_2 to None, run_after=None
[2024-02-18T23:59:46.914+0000] {logging_mixin.py:188} INFO - [2024-02-18T23:59:46.914+0000] {dag.py:3823} INFO - Setting next_dagrun for dataset_consumes_1_never_scheduled to None, run_after=None
[2024-02-18T23:59:46.920+0000] {logging_mixin.py:188} INFO - [2024-02-18T23:59:46.919+0000] {dag.py:3823} INFO - Setting next_dagrun for dataset_consumes_unknown_never_scheduled to None, run_after=None
[2024-02-18T23:59:46.941+0000] {logging_mixin.py:188} INFO - [2024-02-18T23:59:46.940+0000] {dag.py:3823} INFO - Setting next_dagrun for dataset_produces_1 to 2024-02-17 00:00:00+00:00, run_after=2024-02-18 00:00:00+00:00
[2024-02-18T23:59:46.959+0000] {logging_mixin.py:188} INFO - [2024-02-18T23:59:46.958+0000] {dag.py:3823} INFO - Setting next_dagrun for dataset_produces_2 to None, run_after=None
[2024-02-18T23:59:47.064+0000] {processor.py:183} INFO - Processing /home/airflow/.local/lib/python3.8/site-packages/airflow/example_dags/example_datasets.py took 0.539 seconds
