[2024-02-18T23:46:31.541+0000] {processor.py:161} INFO - Started process (PID=244) to work on /home/airflow/.local/lib/python3.8/site-packages/airflow/example_dags/example_branch_python_dop_operator_3.py
[2024-02-18T23:46:31.545+0000] {processor.py:830} INFO - Processing file /home/airflow/.local/lib/python3.8/site-packages/airflow/example_dags/example_branch_python_dop_operator_3.py for tasks to queue
[2024-02-18T23:46:31.550+0000] {logging_mixin.py:188} INFO - [2024-02-18T23:46:31.549+0000] {dagbag.py:538} INFO - Filling up the DagBag from /home/airflow/.local/lib/python3.8/site-packages/airflow/example_dags/example_branch_python_dop_operator_3.py
[2024-02-18T23:46:31.598+0000] {processor.py:840} INFO - DAG(s) 'example_branch_dop_operator_v3' retrieved from /home/airflow/.local/lib/python3.8/site-packages/airflow/example_dags/example_branch_python_dop_operator_3.py
[2024-02-18T23:46:31.977+0000] {logging_mixin.py:188} INFO - [2024-02-18T23:46:31.976+0000] {dag.py:3036} INFO - Sync 1 DAGs
[2024-02-18T23:46:32.068+0000] {logging_mixin.py:188} INFO - [2024-02-18T23:46:32.067+0000] {dag.py:3823} INFO - Setting next_dagrun for example_branch_dop_operator_v3 to 2024-02-18 23:45:00+00:00, run_after=2024-02-18 23:46:00+00:00
[2024-02-18T23:46:32.130+0000] {processor.py:183} INFO - Processing /home/airflow/.local/lib/python3.8/site-packages/airflow/example_dags/example_branch_python_dop_operator_3.py took 0.600 seconds
[2024-02-18T23:47:02.437+0000] {processor.py:161} INFO - Started process (PID=492) to work on /home/airflow/.local/lib/python3.8/site-packages/airflow/example_dags/example_branch_python_dop_operator_3.py
[2024-02-18T23:47:02.440+0000] {processor.py:830} INFO - Processing file /home/airflow/.local/lib/python3.8/site-packages/airflow/example_dags/example_branch_python_dop_operator_3.py for tasks to queue
[2024-02-18T23:47:02.447+0000] {logging_mixin.py:188} INFO - [2024-02-18T23:47:02.446+0000] {dagbag.py:538} INFO - Filling up the DagBag from /home/airflow/.local/lib/python3.8/site-packages/airflow/example_dags/example_branch_python_dop_operator_3.py
[2024-02-18T23:47:02.472+0000] {processor.py:840} INFO - DAG(s) 'example_branch_dop_operator_v3' retrieved from /home/airflow/.local/lib/python3.8/site-packages/airflow/example_dags/example_branch_python_dop_operator_3.py
[2024-02-18T23:47:02.537+0000] {logging_mixin.py:188} INFO - [2024-02-18T23:47:02.536+0000] {dag.py:3036} INFO - Sync 1 DAGs
[2024-02-18T23:47:02.618+0000] {logging_mixin.py:188} INFO - [2024-02-18T23:47:02.618+0000] {dag.py:3823} INFO - Setting next_dagrun for example_branch_dop_operator_v3 to 2024-02-18 23:46:00+00:00, run_after=2024-02-18 23:47:00+00:00
[2024-02-18T23:47:02.669+0000] {processor.py:183} INFO - Processing /home/airflow/.local/lib/python3.8/site-packages/airflow/example_dags/example_branch_python_dop_operator_3.py took 0.241 seconds
[2024-02-18T23:52:09.296+0000] {processor.py:161} INFO - Started process (PID=791) to work on /home/airflow/.local/lib/python3.8/site-packages/airflow/example_dags/example_branch_python_dop_operator_3.py
[2024-02-18T23:52:09.299+0000] {processor.py:830} INFO - Processing file /home/airflow/.local/lib/python3.8/site-packages/airflow/example_dags/example_branch_python_dop_operator_3.py for tasks to queue
[2024-02-18T23:52:09.304+0000] {logging_mixin.py:188} INFO - [2024-02-18T23:52:09.303+0000] {dagbag.py:538} INFO - Filling up the DagBag from /home/airflow/.local/lib/python3.8/site-packages/airflow/example_dags/example_branch_python_dop_operator_3.py
[2024-02-18T23:52:09.336+0000] {processor.py:840} INFO - DAG(s) 'example_branch_dop_operator_v3' retrieved from /home/airflow/.local/lib/python3.8/site-packages/airflow/example_dags/example_branch_python_dop_operator_3.py
[2024-02-18T23:52:09.424+0000] {logging_mixin.py:188} INFO - [2024-02-18T23:52:09.424+0000] {dag.py:3036} INFO - Sync 1 DAGs
[2024-02-18T23:52:09.507+0000] {logging_mixin.py:188} INFO - [2024-02-18T23:52:09.507+0000] {dag.py:3823} INFO - Setting next_dagrun for example_branch_dop_operator_v3 to 2024-02-18 23:51:00+00:00, run_after=2024-02-18 23:52:00+00:00
[2024-02-18T23:52:09.561+0000] {processor.py:183} INFO - Processing /home/airflow/.local/lib/python3.8/site-packages/airflow/example_dags/example_branch_python_dop_operator_3.py took 0.277 seconds
[2024-02-18T23:52:39.844+0000] {processor.py:161} INFO - Started process (PID=1040) to work on /home/airflow/.local/lib/python3.8/site-packages/airflow/example_dags/example_branch_python_dop_operator_3.py
[2024-02-18T23:52:39.846+0000] {processor.py:830} INFO - Processing file /home/airflow/.local/lib/python3.8/site-packages/airflow/example_dags/example_branch_python_dop_operator_3.py for tasks to queue
[2024-02-18T23:52:39.849+0000] {logging_mixin.py:188} INFO - [2024-02-18T23:52:39.848+0000] {dagbag.py:538} INFO - Filling up the DagBag from /home/airflow/.local/lib/python3.8/site-packages/airflow/example_dags/example_branch_python_dop_operator_3.py
[2024-02-18T23:52:39.866+0000] {processor.py:840} INFO - DAG(s) 'example_branch_dop_operator_v3' retrieved from /home/airflow/.local/lib/python3.8/site-packages/airflow/example_dags/example_branch_python_dop_operator_3.py
[2024-02-18T23:52:39.902+0000] {logging_mixin.py:188} INFO - [2024-02-18T23:52:39.902+0000] {dag.py:3036} INFO - Sync 1 DAGs
[2024-02-18T23:52:39.958+0000] {logging_mixin.py:188} INFO - [2024-02-18T23:52:39.958+0000] {dag.py:3823} INFO - Setting next_dagrun for example_branch_dop_operator_v3 to 2024-02-18 23:51:00+00:00, run_after=2024-02-18 23:52:00+00:00
[2024-02-18T23:52:39.989+0000] {processor.py:183} INFO - Processing /home/airflow/.local/lib/python3.8/site-packages/airflow/example_dags/example_branch_python_dop_operator_3.py took 0.150 seconds
[2024-02-18T23:53:11.251+0000] {processor.py:161} INFO - Started process (PID=1285) to work on /home/airflow/.local/lib/python3.8/site-packages/airflow/example_dags/example_branch_python_dop_operator_3.py
[2024-02-18T23:53:11.256+0000] {processor.py:830} INFO - Processing file /home/airflow/.local/lib/python3.8/site-packages/airflow/example_dags/example_branch_python_dop_operator_3.py for tasks to queue
[2024-02-18T23:53:11.260+0000] {logging_mixin.py:188} INFO - [2024-02-18T23:53:11.259+0000] {dagbag.py:538} INFO - Filling up the DagBag from /home/airflow/.local/lib/python3.8/site-packages/airflow/example_dags/example_branch_python_dop_operator_3.py
[2024-02-18T23:53:11.297+0000] {processor.py:840} INFO - DAG(s) 'example_branch_dop_operator_v3' retrieved from /home/airflow/.local/lib/python3.8/site-packages/airflow/example_dags/example_branch_python_dop_operator_3.py
[2024-02-18T23:53:11.367+0000] {logging_mixin.py:188} INFO - [2024-02-18T23:53:11.366+0000] {dag.py:3036} INFO - Sync 1 DAGs
[2024-02-18T23:53:11.472+0000] {logging_mixin.py:188} INFO - [2024-02-18T23:53:11.471+0000] {dag.py:3823} INFO - Setting next_dagrun for example_branch_dop_operator_v3 to 2024-02-18 23:52:00+00:00, run_after=2024-02-18 23:53:00+00:00
[2024-02-18T23:53:11.623+0000] {processor.py:183} INFO - Processing /home/airflow/.local/lib/python3.8/site-packages/airflow/example_dags/example_branch_python_dop_operator_3.py took 0.384 seconds
[2024-02-18T23:53:42.586+0000] {processor.py:161} INFO - Started process (PID=1532) to work on /home/airflow/.local/lib/python3.8/site-packages/airflow/example_dags/example_branch_python_dop_operator_3.py
[2024-02-18T23:53:42.589+0000] {processor.py:830} INFO - Processing file /home/airflow/.local/lib/python3.8/site-packages/airflow/example_dags/example_branch_python_dop_operator_3.py for tasks to queue
[2024-02-18T23:53:42.604+0000] {logging_mixin.py:188} INFO - [2024-02-18T23:53:42.603+0000] {dagbag.py:538} INFO - Filling up the DagBag from /home/airflow/.local/lib/python3.8/site-packages/airflow/example_dags/example_branch_python_dop_operator_3.py
[2024-02-18T23:53:42.646+0000] {processor.py:840} INFO - DAG(s) 'example_branch_dop_operator_v3' retrieved from /home/airflow/.local/lib/python3.8/site-packages/airflow/example_dags/example_branch_python_dop_operator_3.py
[2024-02-18T23:53:42.744+0000] {logging_mixin.py:188} INFO - [2024-02-18T23:53:42.744+0000] {dag.py:3036} INFO - Sync 1 DAGs
[2024-02-18T23:53:42.820+0000] {logging_mixin.py:188} INFO - [2024-02-18T23:53:42.820+0000] {dag.py:3823} INFO - Setting next_dagrun for example_branch_dop_operator_v3 to 2024-02-18 23:52:00+00:00, run_after=2024-02-18 23:53:00+00:00
[2024-02-18T23:53:42.879+0000] {processor.py:183} INFO - Processing /home/airflow/.local/lib/python3.8/site-packages/airflow/example_dags/example_branch_python_dop_operator_3.py took 0.307 seconds
[2024-02-18T23:54:13.465+0000] {processor.py:161} INFO - Started process (PID=1779) to work on /home/airflow/.local/lib/python3.8/site-packages/airflow/example_dags/example_branch_python_dop_operator_3.py
[2024-02-18T23:54:13.467+0000] {processor.py:830} INFO - Processing file /home/airflow/.local/lib/python3.8/site-packages/airflow/example_dags/example_branch_python_dop_operator_3.py for tasks to queue
[2024-02-18T23:54:13.470+0000] {logging_mixin.py:188} INFO - [2024-02-18T23:54:13.469+0000] {dagbag.py:538} INFO - Filling up the DagBag from /home/airflow/.local/lib/python3.8/site-packages/airflow/example_dags/example_branch_python_dop_operator_3.py
[2024-02-18T23:54:13.497+0000] {processor.py:840} INFO - DAG(s) 'example_branch_dop_operator_v3' retrieved from /home/airflow/.local/lib/python3.8/site-packages/airflow/example_dags/example_branch_python_dop_operator_3.py
[2024-02-18T23:54:13.576+0000] {logging_mixin.py:188} INFO - [2024-02-18T23:54:13.576+0000] {dag.py:3036} INFO - Sync 1 DAGs
[2024-02-18T23:54:13.746+0000] {logging_mixin.py:188} INFO - [2024-02-18T23:54:13.745+0000] {dag.py:3823} INFO - Setting next_dagrun for example_branch_dop_operator_v3 to 2024-02-18 23:53:00+00:00, run_after=2024-02-18 23:54:00+00:00
[2024-02-18T23:54:13.876+0000] {processor.py:183} INFO - Processing /home/airflow/.local/lib/python3.8/site-packages/airflow/example_dags/example_branch_python_dop_operator_3.py took 0.419 seconds
[2024-02-18T23:54:44.301+0000] {processor.py:161} INFO - Started process (PID=2028) to work on /home/airflow/.local/lib/python3.8/site-packages/airflow/example_dags/example_branch_python_dop_operator_3.py
[2024-02-18T23:54:44.303+0000] {processor.py:830} INFO - Processing file /home/airflow/.local/lib/python3.8/site-packages/airflow/example_dags/example_branch_python_dop_operator_3.py for tasks to queue
[2024-02-18T23:54:44.306+0000] {logging_mixin.py:188} INFO - [2024-02-18T23:54:44.305+0000] {dagbag.py:538} INFO - Filling up the DagBag from /home/airflow/.local/lib/python3.8/site-packages/airflow/example_dags/example_branch_python_dop_operator_3.py
[2024-02-18T23:54:44.323+0000] {processor.py:840} INFO - DAG(s) 'example_branch_dop_operator_v3' retrieved from /home/airflow/.local/lib/python3.8/site-packages/airflow/example_dags/example_branch_python_dop_operator_3.py
[2024-02-18T23:54:44.363+0000] {logging_mixin.py:188} INFO - [2024-02-18T23:54:44.363+0000] {dag.py:3036} INFO - Sync 1 DAGs
[2024-02-18T23:54:44.412+0000] {logging_mixin.py:188} INFO - [2024-02-18T23:54:44.411+0000] {dag.py:3823} INFO - Setting next_dagrun for example_branch_dop_operator_v3 to 2024-02-18 23:53:00+00:00, run_after=2024-02-18 23:54:00+00:00
[2024-02-18T23:54:44.449+0000] {processor.py:183} INFO - Processing /home/airflow/.local/lib/python3.8/site-packages/airflow/example_dags/example_branch_python_dop_operator_3.py took 0.156 seconds
[2024-02-18T23:55:15.416+0000] {processor.py:161} INFO - Started process (PID=2275) to work on /home/airflow/.local/lib/python3.8/site-packages/airflow/example_dags/example_branch_python_dop_operator_3.py
[2024-02-18T23:55:15.421+0000] {processor.py:830} INFO - Processing file /home/airflow/.local/lib/python3.8/site-packages/airflow/example_dags/example_branch_python_dop_operator_3.py for tasks to queue
[2024-02-18T23:55:15.429+0000] {logging_mixin.py:188} INFO - [2024-02-18T23:55:15.428+0000] {dagbag.py:538} INFO - Filling up the DagBag from /home/airflow/.local/lib/python3.8/site-packages/airflow/example_dags/example_branch_python_dop_operator_3.py
[2024-02-18T23:55:15.455+0000] {processor.py:840} INFO - DAG(s) 'example_branch_dop_operator_v3' retrieved from /home/airflow/.local/lib/python3.8/site-packages/airflow/example_dags/example_branch_python_dop_operator_3.py
[2024-02-18T23:55:15.569+0000] {logging_mixin.py:188} INFO - [2024-02-18T23:55:15.568+0000] {dag.py:3036} INFO - Sync 1 DAGs
[2024-02-18T23:55:15.679+0000] {logging_mixin.py:188} INFO - [2024-02-18T23:55:15.679+0000] {dag.py:3823} INFO - Setting next_dagrun for example_branch_dop_operator_v3 to 2024-02-18 23:54:00+00:00, run_after=2024-02-18 23:55:00+00:00
[2024-02-18T23:55:15.738+0000] {processor.py:183} INFO - Processing /home/airflow/.local/lib/python3.8/site-packages/airflow/example_dags/example_branch_python_dop_operator_3.py took 0.329 seconds
[2024-02-18T23:55:46.037+0000] {processor.py:161} INFO - Started process (PID=2522) to work on /home/airflow/.local/lib/python3.8/site-packages/airflow/example_dags/example_branch_python_dop_operator_3.py
[2024-02-18T23:55:46.040+0000] {processor.py:830} INFO - Processing file /home/airflow/.local/lib/python3.8/site-packages/airflow/example_dags/example_branch_python_dop_operator_3.py for tasks to queue
[2024-02-18T23:55:46.050+0000] {logging_mixin.py:188} INFO - [2024-02-18T23:55:46.047+0000] {dagbag.py:538} INFO - Filling up the DagBag from /home/airflow/.local/lib/python3.8/site-packages/airflow/example_dags/example_branch_python_dop_operator_3.py
[2024-02-18T23:55:46.079+0000] {processor.py:840} INFO - DAG(s) 'example_branch_dop_operator_v3' retrieved from /home/airflow/.local/lib/python3.8/site-packages/airflow/example_dags/example_branch_python_dop_operator_3.py
[2024-02-18T23:55:46.162+0000] {logging_mixin.py:188} INFO - [2024-02-18T23:55:46.161+0000] {dag.py:3036} INFO - Sync 1 DAGs
[2024-02-18T23:55:46.208+0000] {logging_mixin.py:188} INFO - [2024-02-18T23:55:46.208+0000] {dag.py:3823} INFO - Setting next_dagrun for example_branch_dop_operator_v3 to 2024-02-18 23:54:00+00:00, run_after=2024-02-18 23:55:00+00:00
[2024-02-18T23:55:46.243+0000] {processor.py:183} INFO - Processing /home/airflow/.local/lib/python3.8/site-packages/airflow/example_dags/example_branch_python_dop_operator_3.py took 0.217 seconds
[2024-02-18T23:56:17.105+0000] {processor.py:161} INFO - Started process (PID=2767) to work on /home/airflow/.local/lib/python3.8/site-packages/airflow/example_dags/example_branch_python_dop_operator_3.py
[2024-02-18T23:56:17.108+0000] {processor.py:830} INFO - Processing file /home/airflow/.local/lib/python3.8/site-packages/airflow/example_dags/example_branch_python_dop_operator_3.py for tasks to queue
[2024-02-18T23:56:17.111+0000] {logging_mixin.py:188} INFO - [2024-02-18T23:56:17.111+0000] {dagbag.py:538} INFO - Filling up the DagBag from /home/airflow/.local/lib/python3.8/site-packages/airflow/example_dags/example_branch_python_dop_operator_3.py
[2024-02-18T23:56:17.133+0000] {processor.py:840} INFO - DAG(s) 'example_branch_dop_operator_v3' retrieved from /home/airflow/.local/lib/python3.8/site-packages/airflow/example_dags/example_branch_python_dop_operator_3.py
[2024-02-18T23:56:17.182+0000] {logging_mixin.py:188} INFO - [2024-02-18T23:56:17.182+0000] {dag.py:3036} INFO - Sync 1 DAGs
[2024-02-18T23:56:17.240+0000] {logging_mixin.py:188} INFO - [2024-02-18T23:56:17.240+0000] {dag.py:3823} INFO - Setting next_dagrun for example_branch_dop_operator_v3 to 2024-02-18 23:55:00+00:00, run_after=2024-02-18 23:56:00+00:00
[2024-02-18T23:56:17.287+0000] {processor.py:183} INFO - Processing /home/airflow/.local/lib/python3.8/site-packages/airflow/example_dags/example_branch_python_dop_operator_3.py took 0.191 seconds
[2024-02-18T23:56:47.529+0000] {processor.py:161} INFO - Started process (PID=3014) to work on /home/airflow/.local/lib/python3.8/site-packages/airflow/example_dags/example_branch_python_dop_operator_3.py
[2024-02-18T23:56:47.534+0000] {processor.py:830} INFO - Processing file /home/airflow/.local/lib/python3.8/site-packages/airflow/example_dags/example_branch_python_dop_operator_3.py for tasks to queue
[2024-02-18T23:56:47.539+0000] {logging_mixin.py:188} INFO - [2024-02-18T23:56:47.538+0000] {dagbag.py:538} INFO - Filling up the DagBag from /home/airflow/.local/lib/python3.8/site-packages/airflow/example_dags/example_branch_python_dop_operator_3.py
[2024-02-18T23:56:47.559+0000] {processor.py:840} INFO - DAG(s) 'example_branch_dop_operator_v3' retrieved from /home/airflow/.local/lib/python3.8/site-packages/airflow/example_dags/example_branch_python_dop_operator_3.py
[2024-02-18T23:56:47.612+0000] {logging_mixin.py:188} INFO - [2024-02-18T23:56:47.611+0000] {dag.py:3036} INFO - Sync 1 DAGs
[2024-02-18T23:56:47.677+0000] {logging_mixin.py:188} INFO - [2024-02-18T23:56:47.677+0000] {dag.py:3823} INFO - Setting next_dagrun for example_branch_dop_operator_v3 to 2024-02-18 23:55:00+00:00, run_after=2024-02-18 23:56:00+00:00
[2024-02-18T23:56:47.721+0000] {processor.py:183} INFO - Processing /home/airflow/.local/lib/python3.8/site-packages/airflow/example_dags/example_branch_python_dop_operator_3.py took 0.201 seconds
[2024-02-18T23:57:17.920+0000] {processor.py:161} INFO - Started process (PID=3261) to work on /home/airflow/.local/lib/python3.8/site-packages/airflow/example_dags/example_branch_python_dop_operator_3.py
[2024-02-18T23:57:17.925+0000] {processor.py:830} INFO - Processing file /home/airflow/.local/lib/python3.8/site-packages/airflow/example_dags/example_branch_python_dop_operator_3.py for tasks to queue
[2024-02-18T23:57:17.929+0000] {logging_mixin.py:188} INFO - [2024-02-18T23:57:17.928+0000] {dagbag.py:538} INFO - Filling up the DagBag from /home/airflow/.local/lib/python3.8/site-packages/airflow/example_dags/example_branch_python_dop_operator_3.py
[2024-02-18T23:57:17.958+0000] {processor.py:840} INFO - DAG(s) 'example_branch_dop_operator_v3' retrieved from /home/airflow/.local/lib/python3.8/site-packages/airflow/example_dags/example_branch_python_dop_operator_3.py
[2024-02-18T23:57:18.012+0000] {logging_mixin.py:188} INFO - [2024-02-18T23:57:18.011+0000] {dag.py:3036} INFO - Sync 1 DAGs
[2024-02-18T23:57:18.094+0000] {logging_mixin.py:188} INFO - [2024-02-18T23:57:18.093+0000] {dag.py:3823} INFO - Setting next_dagrun for example_branch_dop_operator_v3 to 2024-02-18 23:56:00+00:00, run_after=2024-02-18 23:57:00+00:00
[2024-02-18T23:57:18.138+0000] {processor.py:183} INFO - Processing /home/airflow/.local/lib/python3.8/site-packages/airflow/example_dags/example_branch_python_dop_operator_3.py took 0.230 seconds
[2024-02-18T23:57:48.782+0000] {processor.py:161} INFO - Started process (PID=3507) to work on /home/airflow/.local/lib/python3.8/site-packages/airflow/example_dags/example_branch_python_dop_operator_3.py
[2024-02-18T23:57:48.784+0000] {processor.py:830} INFO - Processing file /home/airflow/.local/lib/python3.8/site-packages/airflow/example_dags/example_branch_python_dop_operator_3.py for tasks to queue
[2024-02-18T23:57:48.787+0000] {logging_mixin.py:188} INFO - [2024-02-18T23:57:48.786+0000] {dagbag.py:538} INFO - Filling up the DagBag from /home/airflow/.local/lib/python3.8/site-packages/airflow/example_dags/example_branch_python_dop_operator_3.py
[2024-02-18T23:57:48.813+0000] {processor.py:840} INFO - DAG(s) 'example_branch_dop_operator_v3' retrieved from /home/airflow/.local/lib/python3.8/site-packages/airflow/example_dags/example_branch_python_dop_operator_3.py
[2024-02-18T23:57:48.860+0000] {logging_mixin.py:188} INFO - [2024-02-18T23:57:48.859+0000] {dag.py:3036} INFO - Sync 1 DAGs
[2024-02-18T23:57:48.935+0000] {logging_mixin.py:188} INFO - [2024-02-18T23:57:48.934+0000] {dag.py:3823} INFO - Setting next_dagrun for example_branch_dop_operator_v3 to 2024-02-18 23:56:00+00:00, run_after=2024-02-18 23:57:00+00:00
[2024-02-18T23:57:48.991+0000] {processor.py:183} INFO - Processing /home/airflow/.local/lib/python3.8/site-packages/airflow/example_dags/example_branch_python_dop_operator_3.py took 0.217 seconds
[2024-02-18T23:58:19.365+0000] {processor.py:161} INFO - Started process (PID=3754) to work on /home/airflow/.local/lib/python3.8/site-packages/airflow/example_dags/example_branch_python_dop_operator_3.py
[2024-02-18T23:58:19.369+0000] {processor.py:830} INFO - Processing file /home/airflow/.local/lib/python3.8/site-packages/airflow/example_dags/example_branch_python_dop_operator_3.py for tasks to queue
[2024-02-18T23:58:19.375+0000] {logging_mixin.py:188} INFO - [2024-02-18T23:58:19.374+0000] {dagbag.py:538} INFO - Filling up the DagBag from /home/airflow/.local/lib/python3.8/site-packages/airflow/example_dags/example_branch_python_dop_operator_3.py
[2024-02-18T23:58:19.411+0000] {processor.py:840} INFO - DAG(s) 'example_branch_dop_operator_v3' retrieved from /home/airflow/.local/lib/python3.8/site-packages/airflow/example_dags/example_branch_python_dop_operator_3.py
[2024-02-18T23:58:19.532+0000] {logging_mixin.py:188} INFO - [2024-02-18T23:58:19.531+0000] {dag.py:3036} INFO - Sync 1 DAGs
[2024-02-18T23:58:19.662+0000] {logging_mixin.py:188} INFO - [2024-02-18T23:58:19.662+0000] {dag.py:3823} INFO - Setting next_dagrun for example_branch_dop_operator_v3 to 2024-02-18 23:57:00+00:00, run_after=2024-02-18 23:58:00+00:00
[2024-02-18T23:58:19.747+0000] {processor.py:183} INFO - Processing /home/airflow/.local/lib/python3.8/site-packages/airflow/example_dags/example_branch_python_dop_operator_3.py took 0.393 seconds
[2024-02-18T23:58:49.841+0000] {processor.py:161} INFO - Started process (PID=4003) to work on /home/airflow/.local/lib/python3.8/site-packages/airflow/example_dags/example_branch_python_dop_operator_3.py
[2024-02-18T23:58:49.846+0000] {processor.py:830} INFO - Processing file /home/airflow/.local/lib/python3.8/site-packages/airflow/example_dags/example_branch_python_dop_operator_3.py for tasks to queue
[2024-02-18T23:58:49.853+0000] {logging_mixin.py:188} INFO - [2024-02-18T23:58:49.851+0000] {dagbag.py:538} INFO - Filling up the DagBag from /home/airflow/.local/lib/python3.8/site-packages/airflow/example_dags/example_branch_python_dop_operator_3.py
[2024-02-18T23:58:49.892+0000] {processor.py:840} INFO - DAG(s) 'example_branch_dop_operator_v3' retrieved from /home/airflow/.local/lib/python3.8/site-packages/airflow/example_dags/example_branch_python_dop_operator_3.py
[2024-02-18T23:58:49.958+0000] {logging_mixin.py:188} INFO - [2024-02-18T23:58:49.957+0000] {dag.py:3036} INFO - Sync 1 DAGs
[2024-02-18T23:58:50.035+0000] {logging_mixin.py:188} INFO - [2024-02-18T23:58:50.034+0000] {dag.py:3823} INFO - Setting next_dagrun for example_branch_dop_operator_v3 to 2024-02-18 23:57:00+00:00, run_after=2024-02-18 23:58:00+00:00
[2024-02-18T23:58:50.096+0000] {processor.py:183} INFO - Processing /home/airflow/.local/lib/python3.8/site-packages/airflow/example_dags/example_branch_python_dop_operator_3.py took 0.265 seconds
[2024-02-18T23:59:21.266+0000] {processor.py:161} INFO - Started process (PID=4250) to work on /home/airflow/.local/lib/python3.8/site-packages/airflow/example_dags/example_branch_python_dop_operator_3.py
[2024-02-18T23:59:21.269+0000] {processor.py:830} INFO - Processing file /home/airflow/.local/lib/python3.8/site-packages/airflow/example_dags/example_branch_python_dop_operator_3.py for tasks to queue
[2024-02-18T23:59:21.272+0000] {logging_mixin.py:188} INFO - [2024-02-18T23:59:21.271+0000] {dagbag.py:538} INFO - Filling up the DagBag from /home/airflow/.local/lib/python3.8/site-packages/airflow/example_dags/example_branch_python_dop_operator_3.py
[2024-02-18T23:59:21.295+0000] {processor.py:840} INFO - DAG(s) 'example_branch_dop_operator_v3' retrieved from /home/airflow/.local/lib/python3.8/site-packages/airflow/example_dags/example_branch_python_dop_operator_3.py
[2024-02-18T23:59:21.350+0000] {logging_mixin.py:188} INFO - [2024-02-18T23:59:21.349+0000] {dag.py:3036} INFO - Sync 1 DAGs
[2024-02-18T23:59:21.441+0000] {logging_mixin.py:188} INFO - [2024-02-18T23:59:21.440+0000] {dag.py:3823} INFO - Setting next_dagrun for example_branch_dop_operator_v3 to 2024-02-18 23:58:00+00:00, run_after=2024-02-18 23:59:00+00:00
[2024-02-18T23:59:21.480+0000] {processor.py:183} INFO - Processing /home/airflow/.local/lib/python3.8/site-packages/airflow/example_dags/example_branch_python_dop_operator_3.py took 0.223 seconds
[2024-02-18T23:59:51.899+0000] {processor.py:161} INFO - Started process (PID=4495) to work on /home/airflow/.local/lib/python3.8/site-packages/airflow/example_dags/example_branch_python_dop_operator_3.py
[2024-02-18T23:59:51.906+0000] {processor.py:830} INFO - Processing file /home/airflow/.local/lib/python3.8/site-packages/airflow/example_dags/example_branch_python_dop_operator_3.py for tasks to queue
[2024-02-18T23:59:51.910+0000] {logging_mixin.py:188} INFO - [2024-02-18T23:59:51.909+0000] {dagbag.py:538} INFO - Filling up the DagBag from /home/airflow/.local/lib/python3.8/site-packages/airflow/example_dags/example_branch_python_dop_operator_3.py
[2024-02-18T23:59:51.943+0000] {processor.py:840} INFO - DAG(s) 'example_branch_dop_operator_v3' retrieved from /home/airflow/.local/lib/python3.8/site-packages/airflow/example_dags/example_branch_python_dop_operator_3.py
[2024-02-18T23:59:52.044+0000] {logging_mixin.py:188} INFO - [2024-02-18T23:59:52.043+0000] {dag.py:3036} INFO - Sync 1 DAGs
[2024-02-18T23:59:52.130+0000] {logging_mixin.py:188} INFO - [2024-02-18T23:59:52.130+0000] {dag.py:3823} INFO - Setting next_dagrun for example_branch_dop_operator_v3 to 2024-02-18 23:58:00+00:00, run_after=2024-02-18 23:59:00+00:00
[2024-02-18T23:59:52.185+0000] {processor.py:183} INFO - Processing /home/airflow/.local/lib/python3.8/site-packages/airflow/example_dags/example_branch_python_dop_operator_3.py took 0.297 seconds
