[2024-02-18T23:46:27.285+0000] {processor.py:161} INFO - Started process (PID=173) to work on /home/airflow/.local/lib/python3.8/site-packages/airflow/example_dags/example_branch_labels.py
[2024-02-18T23:46:27.288+0000] {processor.py:830} INFO - Processing file /home/airflow/.local/lib/python3.8/site-packages/airflow/example_dags/example_branch_labels.py for tasks to queue
[2024-02-18T23:46:27.292+0000] {logging_mixin.py:188} INFO - [2024-02-18T23:46:27.291+0000] {dagbag.py:538} INFO - Filling up the DagBag from /home/airflow/.local/lib/python3.8/site-packages/airflow/example_dags/example_branch_labels.py
[2024-02-18T23:46:27.332+0000] {processor.py:840} INFO - DAG(s) 'example_branch_labels' retrieved from /home/airflow/.local/lib/python3.8/site-packages/airflow/example_dags/example_branch_labels.py
[2024-02-18T23:46:27.618+0000] {logging_mixin.py:188} INFO - [2024-02-18T23:46:27.617+0000] {dag.py:3036} INFO - Sync 1 DAGs
[2024-02-18T23:46:27.664+0000] {logging_mixin.py:188} INFO - [2024-02-18T23:46:27.663+0000] {dag.py:3823} INFO - Setting next_dagrun for example_branch_labels to 2024-02-17 00:00:00+00:00, run_after=2024-02-18 00:00:00+00:00
[2024-02-18T23:46:27.707+0000] {processor.py:183} INFO - Processing /home/airflow/.local/lib/python3.8/site-packages/airflow/example_dags/example_branch_labels.py took 0.431 seconds
[2024-02-18T23:46:58.421+0000] {processor.py:161} INFO - Started process (PID=420) to work on /home/airflow/.local/lib/python3.8/site-packages/airflow/example_dags/example_branch_labels.py
[2024-02-18T23:46:58.441+0000] {processor.py:830} INFO - Processing file /home/airflow/.local/lib/python3.8/site-packages/airflow/example_dags/example_branch_labels.py for tasks to queue
[2024-02-18T23:46:58.445+0000] {logging_mixin.py:188} INFO - [2024-02-18T23:46:58.444+0000] {dagbag.py:538} INFO - Filling up the DagBag from /home/airflow/.local/lib/python3.8/site-packages/airflow/example_dags/example_branch_labels.py
[2024-02-18T23:46:58.514+0000] {processor.py:840} INFO - DAG(s) 'example_branch_labels' retrieved from /home/airflow/.local/lib/python3.8/site-packages/airflow/example_dags/example_branch_labels.py
[2024-02-18T23:46:58.764+0000] {logging_mixin.py:188} INFO - [2024-02-18T23:46:58.763+0000] {dag.py:3036} INFO - Sync 1 DAGs
[2024-02-18T23:46:58.837+0000] {logging_mixin.py:188} INFO - [2024-02-18T23:46:58.836+0000] {dag.py:3823} INFO - Setting next_dagrun for example_branch_labels to 2024-02-17 00:00:00+00:00, run_after=2024-02-18 00:00:00+00:00
[2024-02-18T23:46:58.902+0000] {processor.py:183} INFO - Processing /home/airflow/.local/lib/python3.8/site-packages/airflow/example_dags/example_branch_labels.py took 0.495 seconds
[2024-02-18T23:47:30.188+0000] {processor.py:161} INFO - Started process (PID=672) to work on /home/airflow/.local/lib/python3.8/site-packages/airflow/example_dags/example_branch_labels.py
[2024-02-18T23:47:30.196+0000] {processor.py:830} INFO - Processing file /home/airflow/.local/lib/python3.8/site-packages/airflow/example_dags/example_branch_labels.py for tasks to queue
[2024-02-18T23:47:30.204+0000] {logging_mixin.py:188} INFO - [2024-02-18T23:47:30.203+0000] {dagbag.py:538} INFO - Filling up the DagBag from /home/airflow/.local/lib/python3.8/site-packages/airflow/example_dags/example_branch_labels.py
[2024-02-18T23:47:30.245+0000] {processor.py:840} INFO - DAG(s) 'example_branch_labels' retrieved from /home/airflow/.local/lib/python3.8/site-packages/airflow/example_dags/example_branch_labels.py
[2024-02-18T23:47:30.319+0000] {logging_mixin.py:188} INFO - [2024-02-18T23:47:30.318+0000] {dag.py:3036} INFO - Sync 1 DAGs
[2024-02-18T23:47:30.369+0000] {logging_mixin.py:188} INFO - [2024-02-18T23:47:30.369+0000] {dag.py:3823} INFO - Setting next_dagrun for example_branch_labels to 2024-02-17 00:00:00+00:00, run_after=2024-02-18 00:00:00+00:00
[2024-02-18T23:47:30.414+0000] {processor.py:183} INFO - Processing /home/airflow/.local/lib/python3.8/site-packages/airflow/example_dags/example_branch_labels.py took 0.240 seconds
[2024-02-18T23:52:06.646+0000] {processor.py:161} INFO - Started process (PID=731) to work on /home/airflow/.local/lib/python3.8/site-packages/airflow/example_dags/example_branch_labels.py
[2024-02-18T23:52:06.650+0000] {processor.py:830} INFO - Processing file /home/airflow/.local/lib/python3.8/site-packages/airflow/example_dags/example_branch_labels.py for tasks to queue
[2024-02-18T23:52:06.656+0000] {logging_mixin.py:188} INFO - [2024-02-18T23:52:06.655+0000] {dagbag.py:538} INFO - Filling up the DagBag from /home/airflow/.local/lib/python3.8/site-packages/airflow/example_dags/example_branch_labels.py
[2024-02-18T23:52:06.694+0000] {processor.py:840} INFO - DAG(s) 'example_branch_labels' retrieved from /home/airflow/.local/lib/python3.8/site-packages/airflow/example_dags/example_branch_labels.py
[2024-02-18T23:52:06.920+0000] {logging_mixin.py:188} INFO - [2024-02-18T23:52:06.914+0000] {dag.py:3036} INFO - Sync 1 DAGs
[2024-02-18T23:52:07.078+0000] {logging_mixin.py:188} INFO - [2024-02-18T23:52:07.077+0000] {dag.py:3823} INFO - Setting next_dagrun for example_branch_labels to 2024-02-17 00:00:00+00:00, run_after=2024-02-18 00:00:00+00:00
[2024-02-18T23:52:07.185+0000] {processor.py:183} INFO - Processing /home/airflow/.local/lib/python3.8/site-packages/airflow/example_dags/example_branch_labels.py took 0.553 seconds
[2024-02-18T23:52:38.116+0000] {processor.py:161} INFO - Started process (PID=980) to work on /home/airflow/.local/lib/python3.8/site-packages/airflow/example_dags/example_branch_labels.py
[2024-02-18T23:52:38.120+0000] {processor.py:830} INFO - Processing file /home/airflow/.local/lib/python3.8/site-packages/airflow/example_dags/example_branch_labels.py for tasks to queue
[2024-02-18T23:52:38.124+0000] {logging_mixin.py:188} INFO - [2024-02-18T23:52:38.123+0000] {dagbag.py:538} INFO - Filling up the DagBag from /home/airflow/.local/lib/python3.8/site-packages/airflow/example_dags/example_branch_labels.py
[2024-02-18T23:52:38.148+0000] {processor.py:840} INFO - DAG(s) 'example_branch_labels' retrieved from /home/airflow/.local/lib/python3.8/site-packages/airflow/example_dags/example_branch_labels.py
[2024-02-18T23:52:38.204+0000] {logging_mixin.py:188} INFO - [2024-02-18T23:52:38.203+0000] {dag.py:3036} INFO - Sync 1 DAGs
[2024-02-18T23:52:38.258+0000] {logging_mixin.py:188} INFO - [2024-02-18T23:52:38.257+0000] {dag.py:3823} INFO - Setting next_dagrun for example_branch_labels to 2024-02-17 00:00:00+00:00, run_after=2024-02-18 00:00:00+00:00
[2024-02-18T23:52:38.305+0000] {processor.py:183} INFO - Processing /home/airflow/.local/lib/python3.8/site-packages/airflow/example_dags/example_branch_labels.py took 0.205 seconds
[2024-02-18T23:53:08.673+0000] {processor.py:161} INFO - Started process (PID=1227) to work on /home/airflow/.local/lib/python3.8/site-packages/airflow/example_dags/example_branch_labels.py
[2024-02-18T23:53:08.677+0000] {processor.py:830} INFO - Processing file /home/airflow/.local/lib/python3.8/site-packages/airflow/example_dags/example_branch_labels.py for tasks to queue
[2024-02-18T23:53:08.681+0000] {logging_mixin.py:188} INFO - [2024-02-18T23:53:08.680+0000] {dagbag.py:538} INFO - Filling up the DagBag from /home/airflow/.local/lib/python3.8/site-packages/airflow/example_dags/example_branch_labels.py
[2024-02-18T23:53:08.711+0000] {processor.py:840} INFO - DAG(s) 'example_branch_labels' retrieved from /home/airflow/.local/lib/python3.8/site-packages/airflow/example_dags/example_branch_labels.py
[2024-02-18T23:53:08.776+0000] {logging_mixin.py:188} INFO - [2024-02-18T23:53:08.775+0000] {dag.py:3036} INFO - Sync 1 DAGs
[2024-02-18T23:53:08.868+0000] {logging_mixin.py:188} INFO - [2024-02-18T23:53:08.867+0000] {dag.py:3823} INFO - Setting next_dagrun for example_branch_labels to 2024-02-17 00:00:00+00:00, run_after=2024-02-18 00:00:00+00:00
[2024-02-18T23:53:08.934+0000] {processor.py:183} INFO - Processing /home/airflow/.local/lib/python3.8/site-packages/airflow/example_dags/example_branch_labels.py took 0.271 seconds
[2024-02-18T23:53:39.574+0000] {processor.py:161} INFO - Started process (PID=1474) to work on /home/airflow/.local/lib/python3.8/site-packages/airflow/example_dags/example_branch_labels.py
[2024-02-18T23:53:39.580+0000] {processor.py:830} INFO - Processing file /home/airflow/.local/lib/python3.8/site-packages/airflow/example_dags/example_branch_labels.py for tasks to queue
[2024-02-18T23:53:39.583+0000] {logging_mixin.py:188} INFO - [2024-02-18T23:53:39.582+0000] {dagbag.py:538} INFO - Filling up the DagBag from /home/airflow/.local/lib/python3.8/site-packages/airflow/example_dags/example_branch_labels.py
[2024-02-18T23:53:39.627+0000] {processor.py:840} INFO - DAG(s) 'example_branch_labels' retrieved from /home/airflow/.local/lib/python3.8/site-packages/airflow/example_dags/example_branch_labels.py
[2024-02-18T23:53:39.719+0000] {logging_mixin.py:188} INFO - [2024-02-18T23:53:39.718+0000] {dag.py:3036} INFO - Sync 1 DAGs
[2024-02-18T23:53:39.810+0000] {logging_mixin.py:188} INFO - [2024-02-18T23:53:39.809+0000] {dag.py:3823} INFO - Setting next_dagrun for example_branch_labels to 2024-02-17 00:00:00+00:00, run_after=2024-02-18 00:00:00+00:00
[2024-02-18T23:53:39.900+0000] {processor.py:183} INFO - Processing /home/airflow/.local/lib/python3.8/site-packages/airflow/example_dags/example_branch_labels.py took 0.342 seconds
[2024-02-18T23:54:10.447+0000] {processor.py:161} INFO - Started process (PID=1721) to work on /home/airflow/.local/lib/python3.8/site-packages/airflow/example_dags/example_branch_labels.py
[2024-02-18T23:54:10.451+0000] {processor.py:830} INFO - Processing file /home/airflow/.local/lib/python3.8/site-packages/airflow/example_dags/example_branch_labels.py for tasks to queue
[2024-02-18T23:54:10.457+0000] {logging_mixin.py:188} INFO - [2024-02-18T23:54:10.456+0000] {dagbag.py:538} INFO - Filling up the DagBag from /home/airflow/.local/lib/python3.8/site-packages/airflow/example_dags/example_branch_labels.py
[2024-02-18T23:54:10.478+0000] {processor.py:840} INFO - DAG(s) 'example_branch_labels' retrieved from /home/airflow/.local/lib/python3.8/site-packages/airflow/example_dags/example_branch_labels.py
[2024-02-18T23:54:10.535+0000] {logging_mixin.py:188} INFO - [2024-02-18T23:54:10.535+0000] {dag.py:3036} INFO - Sync 1 DAGs
[2024-02-18T23:54:10.589+0000] {logging_mixin.py:188} INFO - [2024-02-18T23:54:10.588+0000] {dag.py:3823} INFO - Setting next_dagrun for example_branch_labels to 2024-02-17 00:00:00+00:00, run_after=2024-02-18 00:00:00+00:00
[2024-02-18T23:54:10.646+0000] {processor.py:183} INFO - Processing /home/airflow/.local/lib/python3.8/site-packages/airflow/example_dags/example_branch_labels.py took 0.218 seconds
[2024-02-18T23:54:41.313+0000] {processor.py:161} INFO - Started process (PID=1968) to work on /home/airflow/.local/lib/python3.8/site-packages/airflow/example_dags/example_branch_labels.py
[2024-02-18T23:54:41.316+0000] {processor.py:830} INFO - Processing file /home/airflow/.local/lib/python3.8/site-packages/airflow/example_dags/example_branch_labels.py for tasks to queue
[2024-02-18T23:54:41.322+0000] {logging_mixin.py:188} INFO - [2024-02-18T23:54:41.322+0000] {dagbag.py:538} INFO - Filling up the DagBag from /home/airflow/.local/lib/python3.8/site-packages/airflow/example_dags/example_branch_labels.py
[2024-02-18T23:54:41.347+0000] {processor.py:840} INFO - DAG(s) 'example_branch_labels' retrieved from /home/airflow/.local/lib/python3.8/site-packages/airflow/example_dags/example_branch_labels.py
[2024-02-18T23:54:41.423+0000] {logging_mixin.py:188} INFO - [2024-02-18T23:54:41.422+0000] {dag.py:3036} INFO - Sync 1 DAGs
[2024-02-18T23:54:41.516+0000] {logging_mixin.py:188} INFO - [2024-02-18T23:54:41.513+0000] {dag.py:3823} INFO - Setting next_dagrun for example_branch_labels to 2024-02-17 00:00:00+00:00, run_after=2024-02-18 00:00:00+00:00
[2024-02-18T23:54:41.585+0000] {processor.py:183} INFO - Processing /home/airflow/.local/lib/python3.8/site-packages/airflow/example_dags/example_branch_labels.py took 0.282 seconds
[2024-02-18T23:55:12.080+0000] {processor.py:161} INFO - Started process (PID=2215) to work on /home/airflow/.local/lib/python3.8/site-packages/airflow/example_dags/example_branch_labels.py
[2024-02-18T23:55:12.083+0000] {processor.py:830} INFO - Processing file /home/airflow/.local/lib/python3.8/site-packages/airflow/example_dags/example_branch_labels.py for tasks to queue
[2024-02-18T23:55:12.092+0000] {logging_mixin.py:188} INFO - [2024-02-18T23:55:12.090+0000] {dagbag.py:538} INFO - Filling up the DagBag from /home/airflow/.local/lib/python3.8/site-packages/airflow/example_dags/example_branch_labels.py
[2024-02-18T23:55:12.118+0000] {processor.py:840} INFO - DAG(s) 'example_branch_labels' retrieved from /home/airflow/.local/lib/python3.8/site-packages/airflow/example_dags/example_branch_labels.py
[2024-02-18T23:55:12.183+0000] {logging_mixin.py:188} INFO - [2024-02-18T23:55:12.182+0000] {dag.py:3036} INFO - Sync 1 DAGs
[2024-02-18T23:55:12.250+0000] {logging_mixin.py:188} INFO - [2024-02-18T23:55:12.249+0000] {dag.py:3823} INFO - Setting next_dagrun for example_branch_labels to 2024-02-17 00:00:00+00:00, run_after=2024-02-18 00:00:00+00:00
[2024-02-18T23:55:12.304+0000] {processor.py:183} INFO - Processing /home/airflow/.local/lib/python3.8/site-packages/airflow/example_dags/example_branch_labels.py took 0.233 seconds
[2024-02-18T23:55:43.033+0000] {processor.py:161} INFO - Started process (PID=2462) to work on /home/airflow/.local/lib/python3.8/site-packages/airflow/example_dags/example_branch_labels.py
[2024-02-18T23:55:43.037+0000] {processor.py:830} INFO - Processing file /home/airflow/.local/lib/python3.8/site-packages/airflow/example_dags/example_branch_labels.py for tasks to queue
[2024-02-18T23:55:43.043+0000] {logging_mixin.py:188} INFO - [2024-02-18T23:55:43.042+0000] {dagbag.py:538} INFO - Filling up the DagBag from /home/airflow/.local/lib/python3.8/site-packages/airflow/example_dags/example_branch_labels.py
[2024-02-18T23:55:43.076+0000] {processor.py:840} INFO - DAG(s) 'example_branch_labels' retrieved from /home/airflow/.local/lib/python3.8/site-packages/airflow/example_dags/example_branch_labels.py
[2024-02-18T23:55:43.135+0000] {logging_mixin.py:188} INFO - [2024-02-18T23:55:43.134+0000] {dag.py:3036} INFO - Sync 1 DAGs
[2024-02-18T23:55:43.182+0000] {logging_mixin.py:188} INFO - [2024-02-18T23:55:43.182+0000] {dag.py:3823} INFO - Setting next_dagrun for example_branch_labels to 2024-02-17 00:00:00+00:00, run_after=2024-02-18 00:00:00+00:00
[2024-02-18T23:55:43.222+0000] {processor.py:183} INFO - Processing /home/airflow/.local/lib/python3.8/site-packages/airflow/example_dags/example_branch_labels.py took 0.199 seconds
[2024-02-18T23:56:13.487+0000] {processor.py:161} INFO - Started process (PID=2709) to work on /home/airflow/.local/lib/python3.8/site-packages/airflow/example_dags/example_branch_labels.py
[2024-02-18T23:56:13.494+0000] {processor.py:830} INFO - Processing file /home/airflow/.local/lib/python3.8/site-packages/airflow/example_dags/example_branch_labels.py for tasks to queue
[2024-02-18T23:56:13.498+0000] {logging_mixin.py:188} INFO - [2024-02-18T23:56:13.497+0000] {dagbag.py:538} INFO - Filling up the DagBag from /home/airflow/.local/lib/python3.8/site-packages/airflow/example_dags/example_branch_labels.py
[2024-02-18T23:56:13.528+0000] {processor.py:840} INFO - DAG(s) 'example_branch_labels' retrieved from /home/airflow/.local/lib/python3.8/site-packages/airflow/example_dags/example_branch_labels.py
[2024-02-18T23:56:13.595+0000] {logging_mixin.py:188} INFO - [2024-02-18T23:56:13.595+0000] {dag.py:3036} INFO - Sync 1 DAGs
[2024-02-18T23:56:13.653+0000] {logging_mixin.py:188} INFO - [2024-02-18T23:56:13.652+0000] {dag.py:3823} INFO - Setting next_dagrun for example_branch_labels to 2024-02-17 00:00:00+00:00, run_after=2024-02-18 00:00:00+00:00
[2024-02-18T23:56:13.695+0000] {processor.py:183} INFO - Processing /home/airflow/.local/lib/python3.8/site-packages/airflow/example_dags/example_branch_labels.py took 0.223 seconds
[2024-02-18T23:56:43.954+0000] {processor.py:161} INFO - Started process (PID=2956) to work on /home/airflow/.local/lib/python3.8/site-packages/airflow/example_dags/example_branch_labels.py
[2024-02-18T23:56:43.960+0000] {processor.py:830} INFO - Processing file /home/airflow/.local/lib/python3.8/site-packages/airflow/example_dags/example_branch_labels.py for tasks to queue
[2024-02-18T23:56:43.964+0000] {logging_mixin.py:188} INFO - [2024-02-18T23:56:43.963+0000] {dagbag.py:538} INFO - Filling up the DagBag from /home/airflow/.local/lib/python3.8/site-packages/airflow/example_dags/example_branch_labels.py
[2024-02-18T23:56:43.987+0000] {processor.py:840} INFO - DAG(s) 'example_branch_labels' retrieved from /home/airflow/.local/lib/python3.8/site-packages/airflow/example_dags/example_branch_labels.py
[2024-02-18T23:56:44.045+0000] {logging_mixin.py:188} INFO - [2024-02-18T23:56:44.045+0000] {dag.py:3036} INFO - Sync 1 DAGs
[2024-02-18T23:56:44.101+0000] {logging_mixin.py:188} INFO - [2024-02-18T23:56:44.100+0000] {dag.py:3823} INFO - Setting next_dagrun for example_branch_labels to 2024-02-17 00:00:00+00:00, run_after=2024-02-18 00:00:00+00:00
[2024-02-18T23:56:44.148+0000] {processor.py:183} INFO - Processing /home/airflow/.local/lib/python3.8/site-packages/airflow/example_dags/example_branch_labels.py took 0.203 seconds
[2024-02-18T23:57:14.371+0000] {processor.py:161} INFO - Started process (PID=3203) to work on /home/airflow/.local/lib/python3.8/site-packages/airflow/example_dags/example_branch_labels.py
[2024-02-18T23:57:14.374+0000] {processor.py:830} INFO - Processing file /home/airflow/.local/lib/python3.8/site-packages/airflow/example_dags/example_branch_labels.py for tasks to queue
[2024-02-18T23:57:14.377+0000] {logging_mixin.py:188} INFO - [2024-02-18T23:57:14.376+0000] {dagbag.py:538} INFO - Filling up the DagBag from /home/airflow/.local/lib/python3.8/site-packages/airflow/example_dags/example_branch_labels.py
[2024-02-18T23:57:14.403+0000] {processor.py:840} INFO - DAG(s) 'example_branch_labels' retrieved from /home/airflow/.local/lib/python3.8/site-packages/airflow/example_dags/example_branch_labels.py
[2024-02-18T23:57:14.488+0000] {logging_mixin.py:188} INFO - [2024-02-18T23:57:14.488+0000] {dag.py:3036} INFO - Sync 1 DAGs
[2024-02-18T23:57:14.546+0000] {logging_mixin.py:188} INFO - [2024-02-18T23:57:14.545+0000] {dag.py:3823} INFO - Setting next_dagrun for example_branch_labels to 2024-02-17 00:00:00+00:00, run_after=2024-02-18 00:00:00+00:00
[2024-02-18T23:57:14.607+0000] {processor.py:183} INFO - Processing /home/airflow/.local/lib/python3.8/site-packages/airflow/example_dags/example_branch_labels.py took 0.246 seconds
[2024-02-18T23:57:45.108+0000] {processor.py:161} INFO - Started process (PID=3449) to work on /home/airflow/.local/lib/python3.8/site-packages/airflow/example_dags/example_branch_labels.py
[2024-02-18T23:57:45.111+0000] {processor.py:830} INFO - Processing file /home/airflow/.local/lib/python3.8/site-packages/airflow/example_dags/example_branch_labels.py for tasks to queue
[2024-02-18T23:57:45.117+0000] {logging_mixin.py:188} INFO - [2024-02-18T23:57:45.115+0000] {dagbag.py:538} INFO - Filling up the DagBag from /home/airflow/.local/lib/python3.8/site-packages/airflow/example_dags/example_branch_labels.py
[2024-02-18T23:57:45.135+0000] {processor.py:840} INFO - DAG(s) 'example_branch_labels' retrieved from /home/airflow/.local/lib/python3.8/site-packages/airflow/example_dags/example_branch_labels.py
[2024-02-18T23:57:45.184+0000] {logging_mixin.py:188} INFO - [2024-02-18T23:57:45.183+0000] {dag.py:3036} INFO - Sync 1 DAGs
[2024-02-18T23:57:45.234+0000] {logging_mixin.py:188} INFO - [2024-02-18T23:57:45.233+0000] {dag.py:3823} INFO - Setting next_dagrun for example_branch_labels to 2024-02-17 00:00:00+00:00, run_after=2024-02-18 00:00:00+00:00
[2024-02-18T23:57:45.276+0000] {processor.py:183} INFO - Processing /home/airflow/.local/lib/python3.8/site-packages/airflow/example_dags/example_branch_labels.py took 0.178 seconds
[2024-02-18T23:58:15.594+0000] {processor.py:161} INFO - Started process (PID=3696) to work on /home/airflow/.local/lib/python3.8/site-packages/airflow/example_dags/example_branch_labels.py
[2024-02-18T23:58:15.601+0000] {processor.py:830} INFO - Processing file /home/airflow/.local/lib/python3.8/site-packages/airflow/example_dags/example_branch_labels.py for tasks to queue
[2024-02-18T23:58:15.608+0000] {logging_mixin.py:188} INFO - [2024-02-18T23:58:15.607+0000] {dagbag.py:538} INFO - Filling up the DagBag from /home/airflow/.local/lib/python3.8/site-packages/airflow/example_dags/example_branch_labels.py
[2024-02-18T23:58:15.635+0000] {processor.py:840} INFO - DAG(s) 'example_branch_labels' retrieved from /home/airflow/.local/lib/python3.8/site-packages/airflow/example_dags/example_branch_labels.py
[2024-02-18T23:58:15.688+0000] {logging_mixin.py:188} INFO - [2024-02-18T23:58:15.687+0000] {dag.py:3036} INFO - Sync 1 DAGs
[2024-02-18T23:58:15.744+0000] {logging_mixin.py:188} INFO - [2024-02-18T23:58:15.744+0000] {dag.py:3823} INFO - Setting next_dagrun for example_branch_labels to 2024-02-17 00:00:00+00:00, run_after=2024-02-18 00:00:00+00:00
[2024-02-18T23:58:15.784+0000] {processor.py:183} INFO - Processing /home/airflow/.local/lib/python3.8/site-packages/airflow/example_dags/example_branch_labels.py took 0.205 seconds
[2024-02-18T23:58:46.396+0000] {processor.py:161} INFO - Started process (PID=3943) to work on /home/airflow/.local/lib/python3.8/site-packages/airflow/example_dags/example_branch_labels.py
[2024-02-18T23:58:46.399+0000] {processor.py:830} INFO - Processing file /home/airflow/.local/lib/python3.8/site-packages/airflow/example_dags/example_branch_labels.py for tasks to queue
[2024-02-18T23:58:46.402+0000] {logging_mixin.py:188} INFO - [2024-02-18T23:58:46.401+0000] {dagbag.py:538} INFO - Filling up the DagBag from /home/airflow/.local/lib/python3.8/site-packages/airflow/example_dags/example_branch_labels.py
[2024-02-18T23:58:46.430+0000] {processor.py:840} INFO - DAG(s) 'example_branch_labels' retrieved from /home/airflow/.local/lib/python3.8/site-packages/airflow/example_dags/example_branch_labels.py
[2024-02-18T23:58:46.513+0000] {logging_mixin.py:188} INFO - [2024-02-18T23:58:46.513+0000] {dag.py:3036} INFO - Sync 1 DAGs
[2024-02-18T23:58:46.609+0000] {logging_mixin.py:188} INFO - [2024-02-18T23:58:46.608+0000] {dag.py:3823} INFO - Setting next_dagrun for example_branch_labels to 2024-02-17 00:00:00+00:00, run_after=2024-02-18 00:00:00+00:00
[2024-02-18T23:58:46.661+0000] {processor.py:183} INFO - Processing /home/airflow/.local/lib/python3.8/site-packages/airflow/example_dags/example_branch_labels.py took 0.273 seconds
[2024-02-18T23:59:16.846+0000] {processor.py:161} INFO - Started process (PID=4190) to work on /home/airflow/.local/lib/python3.8/site-packages/airflow/example_dags/example_branch_labels.py
[2024-02-18T23:59:16.851+0000] {processor.py:830} INFO - Processing file /home/airflow/.local/lib/python3.8/site-packages/airflow/example_dags/example_branch_labels.py for tasks to queue
[2024-02-18T23:59:16.856+0000] {logging_mixin.py:188} INFO - [2024-02-18T23:59:16.853+0000] {dagbag.py:538} INFO - Filling up the DagBag from /home/airflow/.local/lib/python3.8/site-packages/airflow/example_dags/example_branch_labels.py
[2024-02-18T23:59:16.884+0000] {processor.py:840} INFO - DAG(s) 'example_branch_labels' retrieved from /home/airflow/.local/lib/python3.8/site-packages/airflow/example_dags/example_branch_labels.py
[2024-02-18T23:59:16.943+0000] {logging_mixin.py:188} INFO - [2024-02-18T23:59:16.943+0000] {dag.py:3036} INFO - Sync 1 DAGs
[2024-02-18T23:59:17.010+0000] {logging_mixin.py:188} INFO - [2024-02-18T23:59:17.010+0000] {dag.py:3823} INFO - Setting next_dagrun for example_branch_labels to 2024-02-17 00:00:00+00:00, run_after=2024-02-18 00:00:00+00:00
[2024-02-18T23:59:17.163+0000] {processor.py:183} INFO - Processing /home/airflow/.local/lib/python3.8/site-packages/airflow/example_dags/example_branch_labels.py took 0.328 seconds
[2024-02-18T23:59:48.091+0000] {processor.py:161} INFO - Started process (PID=4437) to work on /home/airflow/.local/lib/python3.8/site-packages/airflow/example_dags/example_branch_labels.py
[2024-02-18T23:59:48.095+0000] {processor.py:830} INFO - Processing file /home/airflow/.local/lib/python3.8/site-packages/airflow/example_dags/example_branch_labels.py for tasks to queue
[2024-02-18T23:59:48.100+0000] {logging_mixin.py:188} INFO - [2024-02-18T23:59:48.099+0000] {dagbag.py:538} INFO - Filling up the DagBag from /home/airflow/.local/lib/python3.8/site-packages/airflow/example_dags/example_branch_labels.py
[2024-02-18T23:59:48.128+0000] {processor.py:840} INFO - DAG(s) 'example_branch_labels' retrieved from /home/airflow/.local/lib/python3.8/site-packages/airflow/example_dags/example_branch_labels.py
[2024-02-18T23:59:48.197+0000] {logging_mixin.py:188} INFO - [2024-02-18T23:59:48.196+0000] {dag.py:3036} INFO - Sync 1 DAGs
[2024-02-18T23:59:48.240+0000] {logging_mixin.py:188} INFO - [2024-02-18T23:59:48.239+0000] {dag.py:3823} INFO - Setting next_dagrun for example_branch_labels to 2024-02-17 00:00:00+00:00, run_after=2024-02-18 00:00:00+00:00
[2024-02-18T23:59:48.277+0000] {processor.py:183} INFO - Processing /home/airflow/.local/lib/python3.8/site-packages/airflow/example_dags/example_branch_labels.py took 0.198 seconds
