[2024-02-18T23:46:29.273+0000] {processor.py:161} INFO - Started process (PID=214) to work on /home/airflow/.local/lib/python3.8/site-packages/airflow/example_dags/example_sla_dag.py
[2024-02-18T23:46:29.277+0000] {processor.py:830} INFO - Processing file /home/airflow/.local/lib/python3.8/site-packages/airflow/example_dags/example_sla_dag.py for tasks to queue
[2024-02-18T23:46:29.281+0000] {logging_mixin.py:188} INFO - [2024-02-18T23:46:29.280+0000] {dagbag.py:538} INFO - Filling up the DagBag from /home/airflow/.local/lib/python3.8/site-packages/airflow/example_dags/example_sla_dag.py
[2024-02-18T23:46:29.312+0000] {processor.py:840} INFO - DAG(s) 'example_sla_dag' retrieved from /home/airflow/.local/lib/python3.8/site-packages/airflow/example_dags/example_sla_dag.py
[2024-02-18T23:46:29.844+0000] {logging_mixin.py:188} INFO - [2024-02-18T23:46:29.843+0000] {dag.py:3036} INFO - Sync 1 DAGs
[2024-02-18T23:46:29.929+0000] {logging_mixin.py:188} INFO - [2024-02-18T23:46:29.929+0000] {dag.py:3823} INFO - Setting next_dagrun for example_sla_dag to 2024-02-18 23:44:00+00:00, run_after=2024-02-18 23:46:00+00:00
[2024-02-18T23:46:29.989+0000] {processor.py:183} INFO - Processing /home/airflow/.local/lib/python3.8/site-packages/airflow/example_dags/example_sla_dag.py took 0.732 seconds
[2024-02-18T23:47:00.447+0000] {processor.py:161} INFO - Started process (PID=462) to work on /home/airflow/.local/lib/python3.8/site-packages/airflow/example_dags/example_sla_dag.py
[2024-02-18T23:47:00.450+0000] {processor.py:830} INFO - Processing file /home/airflow/.local/lib/python3.8/site-packages/airflow/example_dags/example_sla_dag.py for tasks to queue
[2024-02-18T23:47:00.455+0000] {logging_mixin.py:188} INFO - [2024-02-18T23:47:00.454+0000] {dagbag.py:538} INFO - Filling up the DagBag from /home/airflow/.local/lib/python3.8/site-packages/airflow/example_dags/example_sla_dag.py
[2024-02-18T23:47:00.477+0000] {processor.py:840} INFO - DAG(s) 'example_sla_dag' retrieved from /home/airflow/.local/lib/python3.8/site-packages/airflow/example_dags/example_sla_dag.py
[2024-02-18T23:47:00.566+0000] {logging_mixin.py:188} INFO - [2024-02-18T23:47:00.566+0000] {dag.py:3036} INFO - Sync 1 DAGs
[2024-02-18T23:47:00.644+0000] {logging_mixin.py:188} INFO - [2024-02-18T23:47:00.643+0000] {dag.py:3823} INFO - Setting next_dagrun for example_sla_dag to 2024-02-18 23:44:00+00:00, run_after=2024-02-18 23:46:00+00:00
[2024-02-18T23:47:00.699+0000] {processor.py:183} INFO - Processing /home/airflow/.local/lib/python3.8/site-packages/airflow/example_dags/example_sla_dag.py took 0.260 seconds
[2024-02-18T23:47:31.190+0000] {processor.py:161} INFO - Started process (PID=707) to work on /home/airflow/.local/lib/python3.8/site-packages/airflow/example_dags/example_sla_dag.py
[2024-02-18T23:47:31.192+0000] {processor.py:830} INFO - Processing file /home/airflow/.local/lib/python3.8/site-packages/airflow/example_dags/example_sla_dag.py for tasks to queue
[2024-02-18T23:47:31.195+0000] {logging_mixin.py:188} INFO - [2024-02-18T23:47:31.194+0000] {dagbag.py:538} INFO - Filling up the DagBag from /home/airflow/.local/lib/python3.8/site-packages/airflow/example_dags/example_sla_dag.py
[2024-02-18T23:47:31.273+0000] {processor.py:840} INFO - DAG(s) 'example_sla_dag' retrieved from /home/airflow/.local/lib/python3.8/site-packages/airflow/example_dags/example_sla_dag.py
[2024-02-18T23:47:31.427+0000] {logging_mixin.py:188} INFO - [2024-02-18T23:47:31.426+0000] {dag.py:3036} INFO - Sync 1 DAGs
[2024-02-18T23:47:31.699+0000] {logging_mixin.py:188} INFO - [2024-02-18T23:47:31.699+0000] {dag.py:3823} INFO - Setting next_dagrun for example_sla_dag to 2024-02-18 23:44:00+00:00, run_after=2024-02-18 23:46:00+00:00
[2024-02-18T23:47:31.785+0000] {processor.py:183} INFO - Processing /home/airflow/.local/lib/python3.8/site-packages/airflow/example_dags/example_sla_dag.py took 0.602 seconds
[2024-02-18T23:52:08.409+0000] {processor.py:161} INFO - Started process (PID=766) to work on /home/airflow/.local/lib/python3.8/site-packages/airflow/example_dags/example_sla_dag.py
[2024-02-18T23:52:08.411+0000] {processor.py:830} INFO - Processing file /home/airflow/.local/lib/python3.8/site-packages/airflow/example_dags/example_sla_dag.py for tasks to queue
[2024-02-18T23:52:08.418+0000] {logging_mixin.py:188} INFO - [2024-02-18T23:52:08.417+0000] {dagbag.py:538} INFO - Filling up the DagBag from /home/airflow/.local/lib/python3.8/site-packages/airflow/example_dags/example_sla_dag.py
[2024-02-18T23:52:08.442+0000] {processor.py:840} INFO - DAG(s) 'example_sla_dag' retrieved from /home/airflow/.local/lib/python3.8/site-packages/airflow/example_dags/example_sla_dag.py
[2024-02-18T23:52:08.493+0000] {logging_mixin.py:188} INFO - [2024-02-18T23:52:08.492+0000] {dag.py:3036} INFO - Sync 1 DAGs
[2024-02-18T23:52:08.571+0000] {logging_mixin.py:188} INFO - [2024-02-18T23:52:08.570+0000] {dag.py:3823} INFO - Setting next_dagrun for example_sla_dag to 2024-02-18 23:50:00+00:00, run_after=2024-02-18 23:52:00+00:00
[2024-02-18T23:52:08.633+0000] {processor.py:183} INFO - Processing /home/airflow/.local/lib/python3.8/site-packages/airflow/example_dags/example_sla_dag.py took 0.231 seconds
[2024-02-18T23:52:38.953+0000] {processor.py:161} INFO - Started process (PID=1013) to work on /home/airflow/.local/lib/python3.8/site-packages/airflow/example_dags/example_sla_dag.py
[2024-02-18T23:52:38.955+0000] {processor.py:830} INFO - Processing file /home/airflow/.local/lib/python3.8/site-packages/airflow/example_dags/example_sla_dag.py for tasks to queue
[2024-02-18T23:52:38.959+0000] {logging_mixin.py:188} INFO - [2024-02-18T23:52:38.958+0000] {dagbag.py:538} INFO - Filling up the DagBag from /home/airflow/.local/lib/python3.8/site-packages/airflow/example_dags/example_sla_dag.py
[2024-02-18T23:52:38.978+0000] {processor.py:840} INFO - DAG(s) 'example_sla_dag' retrieved from /home/airflow/.local/lib/python3.8/site-packages/airflow/example_dags/example_sla_dag.py
[2024-02-18T23:52:39.025+0000] {logging_mixin.py:188} INFO - [2024-02-18T23:52:39.025+0000] {dag.py:3036} INFO - Sync 1 DAGs
[2024-02-18T23:52:39.088+0000] {logging_mixin.py:188} INFO - [2024-02-18T23:52:39.087+0000] {dag.py:3823} INFO - Setting next_dagrun for example_sla_dag to 2024-02-18 23:50:00+00:00, run_after=2024-02-18 23:52:00+00:00
[2024-02-18T23:52:39.142+0000] {processor.py:183} INFO - Processing /home/airflow/.local/lib/python3.8/site-packages/airflow/example_dags/example_sla_dag.py took 0.196 seconds
[2024-02-18T23:53:10.008+0000] {processor.py:161} INFO - Started process (PID=1262) to work on /home/airflow/.local/lib/python3.8/site-packages/airflow/example_dags/example_sla_dag.py
[2024-02-18T23:53:10.012+0000] {processor.py:830} INFO - Processing file /home/airflow/.local/lib/python3.8/site-packages/airflow/example_dags/example_sla_dag.py for tasks to queue
[2024-02-18T23:53:10.015+0000] {logging_mixin.py:188} INFO - [2024-02-18T23:53:10.014+0000] {dagbag.py:538} INFO - Filling up the DagBag from /home/airflow/.local/lib/python3.8/site-packages/airflow/example_dags/example_sla_dag.py
[2024-02-18T23:53:10.037+0000] {processor.py:840} INFO - DAG(s) 'example_sla_dag' retrieved from /home/airflow/.local/lib/python3.8/site-packages/airflow/example_dags/example_sla_dag.py
[2024-02-18T23:53:10.080+0000] {logging_mixin.py:188} INFO - [2024-02-18T23:53:10.080+0000] {dag.py:3036} INFO - Sync 1 DAGs
[2024-02-18T23:53:10.141+0000] {logging_mixin.py:188} INFO - [2024-02-18T23:53:10.140+0000] {dag.py:3823} INFO - Setting next_dagrun for example_sla_dag to 2024-02-18 23:50:00+00:00, run_after=2024-02-18 23:52:00+00:00
[2024-02-18T23:53:10.189+0000] {processor.py:183} INFO - Processing /home/airflow/.local/lib/python3.8/site-packages/airflow/example_dags/example_sla_dag.py took 0.188 seconds
[2024-02-18T23:53:41.163+0000] {processor.py:161} INFO - Started process (PID=1507) to work on /home/airflow/.local/lib/python3.8/site-packages/airflow/example_dags/example_sla_dag.py
[2024-02-18T23:53:41.170+0000] {processor.py:830} INFO - Processing file /home/airflow/.local/lib/python3.8/site-packages/airflow/example_dags/example_sla_dag.py for tasks to queue
[2024-02-18T23:53:41.174+0000] {logging_mixin.py:188} INFO - [2024-02-18T23:53:41.173+0000] {dagbag.py:538} INFO - Filling up the DagBag from /home/airflow/.local/lib/python3.8/site-packages/airflow/example_dags/example_sla_dag.py
[2024-02-18T23:53:41.228+0000] {processor.py:840} INFO - DAG(s) 'example_sla_dag' retrieved from /home/airflow/.local/lib/python3.8/site-packages/airflow/example_dags/example_sla_dag.py
[2024-02-18T23:53:41.341+0000] {logging_mixin.py:188} INFO - [2024-02-18T23:53:41.340+0000] {dag.py:3036} INFO - Sync 1 DAGs
[2024-02-18T23:53:41.465+0000] {logging_mixin.py:188} INFO - [2024-02-18T23:53:41.463+0000] {dag.py:3823} INFO - Setting next_dagrun for example_sla_dag to 2024-02-18 23:50:00+00:00, run_after=2024-02-18 23:52:00+00:00
[2024-02-18T23:53:41.636+0000] {processor.py:183} INFO - Processing /home/airflow/.local/lib/python3.8/site-packages/airflow/example_dags/example_sla_dag.py took 0.484 seconds
[2024-02-18T23:54:12.270+0000] {processor.py:161} INFO - Started process (PID=1754) to work on /home/airflow/.local/lib/python3.8/site-packages/airflow/example_dags/example_sla_dag.py
[2024-02-18T23:54:12.276+0000] {processor.py:830} INFO - Processing file /home/airflow/.local/lib/python3.8/site-packages/airflow/example_dags/example_sla_dag.py for tasks to queue
[2024-02-18T23:54:12.282+0000] {logging_mixin.py:188} INFO - [2024-02-18T23:54:12.279+0000] {dagbag.py:538} INFO - Filling up the DagBag from /home/airflow/.local/lib/python3.8/site-packages/airflow/example_dags/example_sla_dag.py
[2024-02-18T23:54:12.328+0000] {processor.py:840} INFO - DAG(s) 'example_sla_dag' retrieved from /home/airflow/.local/lib/python3.8/site-packages/airflow/example_dags/example_sla_dag.py
[2024-02-18T23:54:12.438+0000] {logging_mixin.py:188} INFO - [2024-02-18T23:54:12.437+0000] {dag.py:3036} INFO - Sync 1 DAGs
[2024-02-18T23:54:12.564+0000] {logging_mixin.py:188} INFO - [2024-02-18T23:54:12.563+0000] {dag.py:3823} INFO - Setting next_dagrun for example_sla_dag to 2024-02-18 23:52:00+00:00, run_after=2024-02-18 23:54:00+00:00
[2024-02-18T23:54:12.677+0000] {processor.py:183} INFO - Processing /home/airflow/.local/lib/python3.8/site-packages/airflow/example_dags/example_sla_dag.py took 0.418 seconds
[2024-02-18T23:54:43.354+0000] {processor.py:161} INFO - Started process (PID=2001) to work on /home/airflow/.local/lib/python3.8/site-packages/airflow/example_dags/example_sla_dag.py
[2024-02-18T23:54:43.357+0000] {processor.py:830} INFO - Processing file /home/airflow/.local/lib/python3.8/site-packages/airflow/example_dags/example_sla_dag.py for tasks to queue
[2024-02-18T23:54:43.361+0000] {logging_mixin.py:188} INFO - [2024-02-18T23:54:43.359+0000] {dagbag.py:538} INFO - Filling up the DagBag from /home/airflow/.local/lib/python3.8/site-packages/airflow/example_dags/example_sla_dag.py
[2024-02-18T23:54:43.389+0000] {processor.py:840} INFO - DAG(s) 'example_sla_dag' retrieved from /home/airflow/.local/lib/python3.8/site-packages/airflow/example_dags/example_sla_dag.py
[2024-02-18T23:54:43.436+0000] {logging_mixin.py:188} INFO - [2024-02-18T23:54:43.435+0000] {dag.py:3036} INFO - Sync 1 DAGs
[2024-02-18T23:54:43.498+0000] {logging_mixin.py:188} INFO - [2024-02-18T23:54:43.497+0000] {dag.py:3823} INFO - Setting next_dagrun for example_sla_dag to 2024-02-18 23:52:00+00:00, run_after=2024-02-18 23:54:00+00:00
[2024-02-18T23:54:43.540+0000] {processor.py:183} INFO - Processing /home/airflow/.local/lib/python3.8/site-packages/airflow/example_dags/example_sla_dag.py took 0.196 seconds
[2024-02-18T23:55:13.893+0000] {processor.py:161} INFO - Started process (PID=2248) to work on /home/airflow/.local/lib/python3.8/site-packages/airflow/example_dags/example_sla_dag.py
[2024-02-18T23:55:13.897+0000] {processor.py:830} INFO - Processing file /home/airflow/.local/lib/python3.8/site-packages/airflow/example_dags/example_sla_dag.py for tasks to queue
[2024-02-18T23:55:13.900+0000] {logging_mixin.py:188} INFO - [2024-02-18T23:55:13.899+0000] {dagbag.py:538} INFO - Filling up the DagBag from /home/airflow/.local/lib/python3.8/site-packages/airflow/example_dags/example_sla_dag.py
[2024-02-18T23:55:13.933+0000] {processor.py:840} INFO - DAG(s) 'example_sla_dag' retrieved from /home/airflow/.local/lib/python3.8/site-packages/airflow/example_dags/example_sla_dag.py
[2024-02-18T23:55:13.997+0000] {logging_mixin.py:188} INFO - [2024-02-18T23:55:13.996+0000] {dag.py:3036} INFO - Sync 1 DAGs
[2024-02-18T23:55:14.075+0000] {logging_mixin.py:188} INFO - [2024-02-18T23:55:14.074+0000] {dag.py:3823} INFO - Setting next_dagrun for example_sla_dag to 2024-02-18 23:52:00+00:00, run_after=2024-02-18 23:54:00+00:00
[2024-02-18T23:55:14.146+0000] {processor.py:183} INFO - Processing /home/airflow/.local/lib/python3.8/site-packages/airflow/example_dags/example_sla_dag.py took 0.263 seconds
[2024-02-18T23:55:44.641+0000] {processor.py:161} INFO - Started process (PID=2495) to work on /home/airflow/.local/lib/python3.8/site-packages/airflow/example_dags/example_sla_dag.py
[2024-02-18T23:55:44.646+0000] {processor.py:830} INFO - Processing file /home/airflow/.local/lib/python3.8/site-packages/airflow/example_dags/example_sla_dag.py for tasks to queue
[2024-02-18T23:55:44.650+0000] {logging_mixin.py:188} INFO - [2024-02-18T23:55:44.649+0000] {dagbag.py:538} INFO - Filling up the DagBag from /home/airflow/.local/lib/python3.8/site-packages/airflow/example_dags/example_sla_dag.py
[2024-02-18T23:55:44.684+0000] {processor.py:840} INFO - DAG(s) 'example_sla_dag' retrieved from /home/airflow/.local/lib/python3.8/site-packages/airflow/example_dags/example_sla_dag.py
[2024-02-18T23:55:44.756+0000] {logging_mixin.py:188} INFO - [2024-02-18T23:55:44.756+0000] {dag.py:3036} INFO - Sync 1 DAGs
[2024-02-18T23:55:44.887+0000] {logging_mixin.py:188} INFO - [2024-02-18T23:55:44.886+0000] {dag.py:3823} INFO - Setting next_dagrun for example_sla_dag to 2024-02-18 23:52:00+00:00, run_after=2024-02-18 23:54:00+00:00
[2024-02-18T23:55:44.961+0000] {processor.py:183} INFO - Processing /home/airflow/.local/lib/python3.8/site-packages/airflow/example_dags/example_sla_dag.py took 0.333 seconds
[2024-02-18T23:56:15.268+0000] {processor.py:161} INFO - Started process (PID=2742) to work on /home/airflow/.local/lib/python3.8/site-packages/airflow/example_dags/example_sla_dag.py
[2024-02-18T23:56:15.271+0000] {processor.py:830} INFO - Processing file /home/airflow/.local/lib/python3.8/site-packages/airflow/example_dags/example_sla_dag.py for tasks to queue
[2024-02-18T23:56:15.275+0000] {logging_mixin.py:188} INFO - [2024-02-18T23:56:15.274+0000] {dagbag.py:538} INFO - Filling up the DagBag from /home/airflow/.local/lib/python3.8/site-packages/airflow/example_dags/example_sla_dag.py
[2024-02-18T23:56:15.297+0000] {processor.py:840} INFO - DAG(s) 'example_sla_dag' retrieved from /home/airflow/.local/lib/python3.8/site-packages/airflow/example_dags/example_sla_dag.py
[2024-02-18T23:56:15.348+0000] {logging_mixin.py:188} INFO - [2024-02-18T23:56:15.347+0000] {dag.py:3036} INFO - Sync 1 DAGs
[2024-02-18T23:56:15.414+0000] {logging_mixin.py:188} INFO - [2024-02-18T23:56:15.414+0000] {dag.py:3823} INFO - Setting next_dagrun for example_sla_dag to 2024-02-18 23:54:00+00:00, run_after=2024-02-18 23:56:00+00:00
[2024-02-18T23:56:15.460+0000] {processor.py:183} INFO - Processing /home/airflow/.local/lib/python3.8/site-packages/airflow/example_dags/example_sla_dag.py took 0.207 seconds
[2024-02-18T23:56:45.758+0000] {processor.py:161} INFO - Started process (PID=2989) to work on /home/airflow/.local/lib/python3.8/site-packages/airflow/example_dags/example_sla_dag.py
[2024-02-18T23:56:45.761+0000] {processor.py:830} INFO - Processing file /home/airflow/.local/lib/python3.8/site-packages/airflow/example_dags/example_sla_dag.py for tasks to queue
[2024-02-18T23:56:45.765+0000] {logging_mixin.py:188} INFO - [2024-02-18T23:56:45.763+0000] {dagbag.py:538} INFO - Filling up the DagBag from /home/airflow/.local/lib/python3.8/site-packages/airflow/example_dags/example_sla_dag.py
[2024-02-18T23:56:45.790+0000] {processor.py:840} INFO - DAG(s) 'example_sla_dag' retrieved from /home/airflow/.local/lib/python3.8/site-packages/airflow/example_dags/example_sla_dag.py
[2024-02-18T23:56:45.842+0000] {logging_mixin.py:188} INFO - [2024-02-18T23:56:45.841+0000] {dag.py:3036} INFO - Sync 1 DAGs
[2024-02-18T23:56:45.900+0000] {logging_mixin.py:188} INFO - [2024-02-18T23:56:45.900+0000] {dag.py:3823} INFO - Setting next_dagrun for example_sla_dag to 2024-02-18 23:54:00+00:00, run_after=2024-02-18 23:56:00+00:00
[2024-02-18T23:56:45.944+0000] {processor.py:183} INFO - Processing /home/airflow/.local/lib/python3.8/site-packages/airflow/example_dags/example_sla_dag.py took 0.194 seconds
[2024-02-18T23:57:16.127+0000] {processor.py:161} INFO - Started process (PID=3236) to work on /home/airflow/.local/lib/python3.8/site-packages/airflow/example_dags/example_sla_dag.py
[2024-02-18T23:57:16.130+0000] {processor.py:830} INFO - Processing file /home/airflow/.local/lib/python3.8/site-packages/airflow/example_dags/example_sla_dag.py for tasks to queue
[2024-02-18T23:57:16.134+0000] {logging_mixin.py:188} INFO - [2024-02-18T23:57:16.133+0000] {dagbag.py:538} INFO - Filling up the DagBag from /home/airflow/.local/lib/python3.8/site-packages/airflow/example_dags/example_sla_dag.py
[2024-02-18T23:57:16.164+0000] {processor.py:840} INFO - DAG(s) 'example_sla_dag' retrieved from /home/airflow/.local/lib/python3.8/site-packages/airflow/example_dags/example_sla_dag.py
[2024-02-18T23:57:16.230+0000] {logging_mixin.py:188} INFO - [2024-02-18T23:57:16.229+0000] {dag.py:3036} INFO - Sync 1 DAGs
[2024-02-18T23:57:16.284+0000] {logging_mixin.py:188} INFO - [2024-02-18T23:57:16.284+0000] {dag.py:3823} INFO - Setting next_dagrun for example_sla_dag to 2024-02-18 23:54:00+00:00, run_after=2024-02-18 23:56:00+00:00
[2024-02-18T23:57:16.329+0000] {processor.py:183} INFO - Processing /home/airflow/.local/lib/python3.8/site-packages/airflow/example_dags/example_sla_dag.py took 0.213 seconds
[2024-02-18T23:57:47.044+0000] {processor.py:161} INFO - Started process (PID=3482) to work on /home/airflow/.local/lib/python3.8/site-packages/airflow/example_dags/example_sla_dag.py
[2024-02-18T23:57:47.047+0000] {processor.py:830} INFO - Processing file /home/airflow/.local/lib/python3.8/site-packages/airflow/example_dags/example_sla_dag.py for tasks to queue
[2024-02-18T23:57:47.050+0000] {logging_mixin.py:188} INFO - [2024-02-18T23:57:47.049+0000] {dagbag.py:538} INFO - Filling up the DagBag from /home/airflow/.local/lib/python3.8/site-packages/airflow/example_dags/example_sla_dag.py
[2024-02-18T23:57:47.074+0000] {processor.py:840} INFO - DAG(s) 'example_sla_dag' retrieved from /home/airflow/.local/lib/python3.8/site-packages/airflow/example_dags/example_sla_dag.py
[2024-02-18T23:57:47.139+0000] {logging_mixin.py:188} INFO - [2024-02-18T23:57:47.138+0000] {dag.py:3036} INFO - Sync 1 DAGs
[2024-02-18T23:57:47.202+0000] {logging_mixin.py:188} INFO - [2024-02-18T23:57:47.201+0000] {dag.py:3823} INFO - Setting next_dagrun for example_sla_dag to 2024-02-18 23:54:00+00:00, run_after=2024-02-18 23:56:00+00:00
[2024-02-18T23:57:47.251+0000] {processor.py:183} INFO - Processing /home/airflow/.local/lib/python3.8/site-packages/airflow/example_dags/example_sla_dag.py took 0.217 seconds
[2024-02-18T23:58:17.440+0000] {processor.py:161} INFO - Started process (PID=3729) to work on /home/airflow/.local/lib/python3.8/site-packages/airflow/example_dags/example_sla_dag.py
[2024-02-18T23:58:17.442+0000] {processor.py:830} INFO - Processing file /home/airflow/.local/lib/python3.8/site-packages/airflow/example_dags/example_sla_dag.py for tasks to queue
[2024-02-18T23:58:17.447+0000] {logging_mixin.py:188} INFO - [2024-02-18T23:58:17.446+0000] {dagbag.py:538} INFO - Filling up the DagBag from /home/airflow/.local/lib/python3.8/site-packages/airflow/example_dags/example_sla_dag.py
[2024-02-18T23:58:17.476+0000] {processor.py:840} INFO - DAG(s) 'example_sla_dag' retrieved from /home/airflow/.local/lib/python3.8/site-packages/airflow/example_dags/example_sla_dag.py
[2024-02-18T23:58:17.570+0000] {logging_mixin.py:188} INFO - [2024-02-18T23:58:17.569+0000] {dag.py:3036} INFO - Sync 1 DAGs
[2024-02-18T23:58:17.655+0000] {logging_mixin.py:188} INFO - [2024-02-18T23:58:17.653+0000] {dag.py:3823} INFO - Setting next_dagrun for example_sla_dag to 2024-02-18 23:56:00+00:00, run_after=2024-02-18 23:58:00+00:00
[2024-02-18T23:58:17.713+0000] {processor.py:183} INFO - Processing /home/airflow/.local/lib/python3.8/site-packages/airflow/example_dags/example_sla_dag.py took 0.287 seconds
[2024-02-18T23:58:48.543+0000] {processor.py:161} INFO - Started process (PID=3976) to work on /home/airflow/.local/lib/python3.8/site-packages/airflow/example_dags/example_sla_dag.py
[2024-02-18T23:58:48.549+0000] {processor.py:830} INFO - Processing file /home/airflow/.local/lib/python3.8/site-packages/airflow/example_dags/example_sla_dag.py for tasks to queue
[2024-02-18T23:58:48.555+0000] {logging_mixin.py:188} INFO - [2024-02-18T23:58:48.554+0000] {dagbag.py:538} INFO - Filling up the DagBag from /home/airflow/.local/lib/python3.8/site-packages/airflow/example_dags/example_sla_dag.py
[2024-02-18T23:58:48.588+0000] {processor.py:840} INFO - DAG(s) 'example_sla_dag' retrieved from /home/airflow/.local/lib/python3.8/site-packages/airflow/example_dags/example_sla_dag.py
[2024-02-18T23:58:48.637+0000] {logging_mixin.py:188} INFO - [2024-02-18T23:58:48.637+0000] {dag.py:3036} INFO - Sync 1 DAGs
[2024-02-18T23:58:48.685+0000] {logging_mixin.py:188} INFO - [2024-02-18T23:58:48.685+0000] {dag.py:3823} INFO - Setting next_dagrun for example_sla_dag to 2024-02-18 23:56:00+00:00, run_after=2024-02-18 23:58:00+00:00
[2024-02-18T23:58:48.740+0000] {processor.py:183} INFO - Processing /home/airflow/.local/lib/python3.8/site-packages/airflow/example_dags/example_sla_dag.py took 0.216 seconds
[2024-02-18T23:59:18.949+0000] {processor.py:161} INFO - Started process (PID=4223) to work on /home/airflow/.local/lib/python3.8/site-packages/airflow/example_dags/example_sla_dag.py
[2024-02-18T23:59:18.951+0000] {processor.py:830} INFO - Processing file /home/airflow/.local/lib/python3.8/site-packages/airflow/example_dags/example_sla_dag.py for tasks to queue
[2024-02-18T23:59:18.954+0000] {logging_mixin.py:188} INFO - [2024-02-18T23:59:18.953+0000] {dagbag.py:538} INFO - Filling up the DagBag from /home/airflow/.local/lib/python3.8/site-packages/airflow/example_dags/example_sla_dag.py
[2024-02-18T23:59:18.983+0000] {processor.py:840} INFO - DAG(s) 'example_sla_dag' retrieved from /home/airflow/.local/lib/python3.8/site-packages/airflow/example_dags/example_sla_dag.py
[2024-02-18T23:59:19.047+0000] {logging_mixin.py:188} INFO - [2024-02-18T23:59:19.047+0000] {dag.py:3036} INFO - Sync 1 DAGs
[2024-02-18T23:59:19.120+0000] {logging_mixin.py:188} INFO - [2024-02-18T23:59:19.120+0000] {dag.py:3823} INFO - Setting next_dagrun for example_sla_dag to 2024-02-18 23:56:00+00:00, run_after=2024-02-18 23:58:00+00:00
[2024-02-18T23:59:19.165+0000] {processor.py:183} INFO - Processing /home/airflow/.local/lib/python3.8/site-packages/airflow/example_dags/example_sla_dag.py took 0.225 seconds
[2024-02-18T23:59:50.014+0000] {processor.py:161} INFO - Started process (PID=4472) to work on /home/airflow/.local/lib/python3.8/site-packages/airflow/example_dags/example_sla_dag.py
[2024-02-18T23:59:50.017+0000] {processor.py:830} INFO - Processing file /home/airflow/.local/lib/python3.8/site-packages/airflow/example_dags/example_sla_dag.py for tasks to queue
[2024-02-18T23:59:50.022+0000] {logging_mixin.py:188} INFO - [2024-02-18T23:59:50.021+0000] {dagbag.py:538} INFO - Filling up the DagBag from /home/airflow/.local/lib/python3.8/site-packages/airflow/example_dags/example_sla_dag.py
[2024-02-18T23:59:50.046+0000] {processor.py:840} INFO - DAG(s) 'example_sla_dag' retrieved from /home/airflow/.local/lib/python3.8/site-packages/airflow/example_dags/example_sla_dag.py
[2024-02-18T23:59:50.094+0000] {logging_mixin.py:188} INFO - [2024-02-18T23:59:50.093+0000] {dag.py:3036} INFO - Sync 1 DAGs
[2024-02-18T23:59:50.151+0000] {logging_mixin.py:188} INFO - [2024-02-18T23:59:50.151+0000] {dag.py:3823} INFO - Setting next_dagrun for example_sla_dag to 2024-02-18 23:56:00+00:00, run_after=2024-02-18 23:58:00+00:00
[2024-02-18T23:59:50.198+0000] {processor.py:183} INFO - Processing /home/airflow/.local/lib/python3.8/site-packages/airflow/example_dags/example_sla_dag.py took 0.191 seconds
