[2024-02-18T23:46:28.228+0000] {processor.py:161} INFO - Started process (PID=188) to work on /home/airflow/.local/lib/python3.8/site-packages/airflow/example_dags/example_dynamic_task_mapping_with_no_taskflow_operators.py
[2024-02-18T23:46:28.231+0000] {processor.py:830} INFO - Processing file /home/airflow/.local/lib/python3.8/site-packages/airflow/example_dags/example_dynamic_task_mapping_with_no_taskflow_operators.py for tasks to queue
[2024-02-18T23:46:28.233+0000] {logging_mixin.py:188} INFO - [2024-02-18T23:46:28.232+0000] {dagbag.py:538} INFO - Filling up the DagBag from /home/airflow/.local/lib/python3.8/site-packages/airflow/example_dags/example_dynamic_task_mapping_with_no_taskflow_operators.py
[2024-02-18T23:46:28.258+0000] {processor.py:840} INFO - DAG(s) 'example_dynamic_task_mapping_with_no_taskflow_operators' retrieved from /home/airflow/.local/lib/python3.8/site-packages/airflow/example_dags/example_dynamic_task_mapping_with_no_taskflow_operators.py
[2024-02-18T23:46:28.539+0000] {logging_mixin.py:188} INFO - [2024-02-18T23:46:28.538+0000] {dag.py:3036} INFO - Sync 1 DAGs
[2024-02-18T23:46:28.595+0000] {logging_mixin.py:188} INFO - [2024-02-18T23:46:28.594+0000] {dag.py:3823} INFO - Setting next_dagrun for example_dynamic_task_mapping_with_no_taskflow_operators to 2024-02-17 00:00:00+00:00, run_after=2024-02-18 00:00:00+00:00
[2024-02-18T23:46:28.653+0000] {processor.py:183} INFO - Processing /home/airflow/.local/lib/python3.8/site-packages/airflow/example_dags/example_dynamic_task_mapping_with_no_taskflow_operators.py took 0.433 seconds
[2024-02-18T23:46:59.075+0000] {processor.py:161} INFO - Started process (PID=435) to work on /home/airflow/.local/lib/python3.8/site-packages/airflow/example_dags/example_dynamic_task_mapping_with_no_taskflow_operators.py
[2024-02-18T23:46:59.087+0000] {processor.py:830} INFO - Processing file /home/airflow/.local/lib/python3.8/site-packages/airflow/example_dags/example_dynamic_task_mapping_with_no_taskflow_operators.py for tasks to queue
[2024-02-18T23:46:59.097+0000] {logging_mixin.py:188} INFO - [2024-02-18T23:46:59.093+0000] {dagbag.py:538} INFO - Filling up the DagBag from /home/airflow/.local/lib/python3.8/site-packages/airflow/example_dags/example_dynamic_task_mapping_with_no_taskflow_operators.py
[2024-02-18T23:46:59.168+0000] {processor.py:840} INFO - DAG(s) 'example_dynamic_task_mapping_with_no_taskflow_operators' retrieved from /home/airflow/.local/lib/python3.8/site-packages/airflow/example_dags/example_dynamic_task_mapping_with_no_taskflow_operators.py
[2024-02-18T23:46:59.385+0000] {logging_mixin.py:188} INFO - [2024-02-18T23:46:59.385+0000] {dag.py:3036} INFO - Sync 1 DAGs
[2024-02-18T23:46:59.472+0000] {logging_mixin.py:188} INFO - [2024-02-18T23:46:59.471+0000] {dag.py:3823} INFO - Setting next_dagrun for example_dynamic_task_mapping_with_no_taskflow_operators to 2024-02-17 00:00:00+00:00, run_after=2024-02-18 00:00:00+00:00
[2024-02-18T23:46:59.638+0000] {processor.py:183} INFO - Processing /home/airflow/.local/lib/python3.8/site-packages/airflow/example_dags/example_dynamic_task_mapping_with_no_taskflow_operators.py took 0.580 seconds
[2024-02-18T23:47:30.679+0000] {processor.py:161} INFO - Started process (PID=687) to work on /home/airflow/.local/lib/python3.8/site-packages/airflow/example_dags/example_dynamic_task_mapping_with_no_taskflow_operators.py
[2024-02-18T23:47:30.682+0000] {processor.py:830} INFO - Processing file /home/airflow/.local/lib/python3.8/site-packages/airflow/example_dags/example_dynamic_task_mapping_with_no_taskflow_operators.py for tasks to queue
[2024-02-18T23:47:30.700+0000] {logging_mixin.py:188} INFO - [2024-02-18T23:47:30.698+0000] {dagbag.py:538} INFO - Filling up the DagBag from /home/airflow/.local/lib/python3.8/site-packages/airflow/example_dags/example_dynamic_task_mapping_with_no_taskflow_operators.py
[2024-02-18T23:47:30.723+0000] {processor.py:840} INFO - DAG(s) 'example_dynamic_task_mapping_with_no_taskflow_operators' retrieved from /home/airflow/.local/lib/python3.8/site-packages/airflow/example_dags/example_dynamic_task_mapping_with_no_taskflow_operators.py
[2024-02-18T23:47:30.772+0000] {logging_mixin.py:188} INFO - [2024-02-18T23:47:30.772+0000] {dag.py:3036} INFO - Sync 1 DAGs
[2024-02-18T23:47:30.839+0000] {logging_mixin.py:188} INFO - [2024-02-18T23:47:30.839+0000] {dag.py:3823} INFO - Setting next_dagrun for example_dynamic_task_mapping_with_no_taskflow_operators to 2024-02-17 00:00:00+00:00, run_after=2024-02-18 00:00:00+00:00
[2024-02-18T23:47:30.882+0000] {processor.py:183} INFO - Processing /home/airflow/.local/lib/python3.8/site-packages/airflow/example_dags/example_dynamic_task_mapping_with_no_taskflow_operators.py took 0.214 seconds
[2024-02-18T23:52:07.436+0000] {processor.py:161} INFO - Started process (PID=746) to work on /home/airflow/.local/lib/python3.8/site-packages/airflow/example_dags/example_dynamic_task_mapping_with_no_taskflow_operators.py
[2024-02-18T23:52:07.440+0000] {processor.py:830} INFO - Processing file /home/airflow/.local/lib/python3.8/site-packages/airflow/example_dags/example_dynamic_task_mapping_with_no_taskflow_operators.py for tasks to queue
[2024-02-18T23:52:07.464+0000] {logging_mixin.py:188} INFO - [2024-02-18T23:52:07.461+0000] {dagbag.py:538} INFO - Filling up the DagBag from /home/airflow/.local/lib/python3.8/site-packages/airflow/example_dags/example_dynamic_task_mapping_with_no_taskflow_operators.py
[2024-02-18T23:52:07.520+0000] {processor.py:840} INFO - DAG(s) 'example_dynamic_task_mapping_with_no_taskflow_operators' retrieved from /home/airflow/.local/lib/python3.8/site-packages/airflow/example_dags/example_dynamic_task_mapping_with_no_taskflow_operators.py
[2024-02-18T23:52:07.639+0000] {logging_mixin.py:188} INFO - [2024-02-18T23:52:07.638+0000] {dag.py:3036} INFO - Sync 1 DAGs
[2024-02-18T23:52:07.758+0000] {logging_mixin.py:188} INFO - [2024-02-18T23:52:07.758+0000] {dag.py:3823} INFO - Setting next_dagrun for example_dynamic_task_mapping_with_no_taskflow_operators to 2024-02-17 00:00:00+00:00, run_after=2024-02-18 00:00:00+00:00
[2024-02-18T23:52:07.859+0000] {processor.py:183} INFO - Processing /home/airflow/.local/lib/python3.8/site-packages/airflow/example_dags/example_dynamic_task_mapping_with_no_taskflow_operators.py took 0.438 seconds
[2024-02-18T23:52:38.395+0000] {processor.py:161} INFO - Started process (PID=993) to work on /home/airflow/.local/lib/python3.8/site-packages/airflow/example_dags/example_dynamic_task_mapping_with_no_taskflow_operators.py
[2024-02-18T23:52:38.398+0000] {processor.py:830} INFO - Processing file /home/airflow/.local/lib/python3.8/site-packages/airflow/example_dags/example_dynamic_task_mapping_with_no_taskflow_operators.py for tasks to queue
[2024-02-18T23:52:38.401+0000] {logging_mixin.py:188} INFO - [2024-02-18T23:52:38.400+0000] {dagbag.py:538} INFO - Filling up the DagBag from /home/airflow/.local/lib/python3.8/site-packages/airflow/example_dags/example_dynamic_task_mapping_with_no_taskflow_operators.py
[2024-02-18T23:52:38.418+0000] {processor.py:840} INFO - DAG(s) 'example_dynamic_task_mapping_with_no_taskflow_operators' retrieved from /home/airflow/.local/lib/python3.8/site-packages/airflow/example_dags/example_dynamic_task_mapping_with_no_taskflow_operators.py
[2024-02-18T23:52:38.462+0000] {logging_mixin.py:188} INFO - [2024-02-18T23:52:38.461+0000] {dag.py:3036} INFO - Sync 1 DAGs
[2024-02-18T23:52:38.510+0000] {logging_mixin.py:188} INFO - [2024-02-18T23:52:38.510+0000] {dag.py:3823} INFO - Setting next_dagrun for example_dynamic_task_mapping_with_no_taskflow_operators to 2024-02-17 00:00:00+00:00, run_after=2024-02-18 00:00:00+00:00
[2024-02-18T23:52:38.552+0000] {processor.py:183} INFO - Processing /home/airflow/.local/lib/python3.8/site-packages/airflow/example_dags/example_dynamic_task_mapping_with_no_taskflow_operators.py took 0.166 seconds
[2024-02-18T23:53:09.203+0000] {processor.py:161} INFO - Started process (PID=1242) to work on /home/airflow/.local/lib/python3.8/site-packages/airflow/example_dags/example_dynamic_task_mapping_with_no_taskflow_operators.py
[2024-02-18T23:53:09.205+0000] {processor.py:830} INFO - Processing file /home/airflow/.local/lib/python3.8/site-packages/airflow/example_dags/example_dynamic_task_mapping_with_no_taskflow_operators.py for tasks to queue
[2024-02-18T23:53:09.208+0000] {logging_mixin.py:188} INFO - [2024-02-18T23:53:09.207+0000] {dagbag.py:538} INFO - Filling up the DagBag from /home/airflow/.local/lib/python3.8/site-packages/airflow/example_dags/example_dynamic_task_mapping_with_no_taskflow_operators.py
[2024-02-18T23:53:09.223+0000] {processor.py:840} INFO - DAG(s) 'example_dynamic_task_mapping_with_no_taskflow_operators' retrieved from /home/airflow/.local/lib/python3.8/site-packages/airflow/example_dags/example_dynamic_task_mapping_with_no_taskflow_operators.py
[2024-02-18T23:53:09.269+0000] {logging_mixin.py:188} INFO - [2024-02-18T23:53:09.269+0000] {dag.py:3036} INFO - Sync 1 DAGs
[2024-02-18T23:53:09.318+0000] {logging_mixin.py:188} INFO - [2024-02-18T23:53:09.318+0000] {dag.py:3823} INFO - Setting next_dagrun for example_dynamic_task_mapping_with_no_taskflow_operators to 2024-02-17 00:00:00+00:00, run_after=2024-02-18 00:00:00+00:00
[2024-02-18T23:53:09.353+0000] {processor.py:183} INFO - Processing /home/airflow/.local/lib/python3.8/site-packages/airflow/example_dags/example_dynamic_task_mapping_with_no_taskflow_operators.py took 0.156 seconds
[2024-02-18T23:53:40.374+0000] {processor.py:161} INFO - Started process (PID=1489) to work on /home/airflow/.local/lib/python3.8/site-packages/airflow/example_dags/example_dynamic_task_mapping_with_no_taskflow_operators.py
[2024-02-18T23:53:40.379+0000] {processor.py:830} INFO - Processing file /home/airflow/.local/lib/python3.8/site-packages/airflow/example_dags/example_dynamic_task_mapping_with_no_taskflow_operators.py for tasks to queue
[2024-02-18T23:53:40.384+0000] {logging_mixin.py:188} INFO - [2024-02-18T23:53:40.383+0000] {dagbag.py:538} INFO - Filling up the DagBag from /home/airflow/.local/lib/python3.8/site-packages/airflow/example_dags/example_dynamic_task_mapping_with_no_taskflow_operators.py
[2024-02-18T23:53:40.414+0000] {processor.py:840} INFO - DAG(s) 'example_dynamic_task_mapping_with_no_taskflow_operators' retrieved from /home/airflow/.local/lib/python3.8/site-packages/airflow/example_dags/example_dynamic_task_mapping_with_no_taskflow_operators.py
[2024-02-18T23:53:40.495+0000] {logging_mixin.py:188} INFO - [2024-02-18T23:53:40.494+0000] {dag.py:3036} INFO - Sync 1 DAGs
[2024-02-18T23:53:40.568+0000] {logging_mixin.py:188} INFO - [2024-02-18T23:53:40.567+0000] {dag.py:3823} INFO - Setting next_dagrun for example_dynamic_task_mapping_with_no_taskflow_operators to 2024-02-17 00:00:00+00:00, run_after=2024-02-18 00:00:00+00:00
[2024-02-18T23:53:40.639+0000] {processor.py:183} INFO - Processing /home/airflow/.local/lib/python3.8/site-packages/airflow/example_dags/example_dynamic_task_mapping_with_no_taskflow_operators.py took 0.276 seconds
[2024-02-18T23:54:10.883+0000] {processor.py:161} INFO - Started process (PID=1736) to work on /home/airflow/.local/lib/python3.8/site-packages/airflow/example_dags/example_dynamic_task_mapping_with_no_taskflow_operators.py
[2024-02-18T23:54:10.885+0000] {processor.py:830} INFO - Processing file /home/airflow/.local/lib/python3.8/site-packages/airflow/example_dags/example_dynamic_task_mapping_with_no_taskflow_operators.py for tasks to queue
[2024-02-18T23:54:10.889+0000] {logging_mixin.py:188} INFO - [2024-02-18T23:54:10.888+0000] {dagbag.py:538} INFO - Filling up the DagBag from /home/airflow/.local/lib/python3.8/site-packages/airflow/example_dags/example_dynamic_task_mapping_with_no_taskflow_operators.py
[2024-02-18T23:54:10.903+0000] {processor.py:840} INFO - DAG(s) 'example_dynamic_task_mapping_with_no_taskflow_operators' retrieved from /home/airflow/.local/lib/python3.8/site-packages/airflow/example_dags/example_dynamic_task_mapping_with_no_taskflow_operators.py
[2024-02-18T23:54:10.940+0000] {logging_mixin.py:188} INFO - [2024-02-18T23:54:10.940+0000] {dag.py:3036} INFO - Sync 1 DAGs
[2024-02-18T23:54:10.979+0000] {logging_mixin.py:188} INFO - [2024-02-18T23:54:10.978+0000] {dag.py:3823} INFO - Setting next_dagrun for example_dynamic_task_mapping_with_no_taskflow_operators to 2024-02-17 00:00:00+00:00, run_after=2024-02-18 00:00:00+00:00
[2024-02-18T23:54:11.017+0000] {processor.py:183} INFO - Processing /home/airflow/.local/lib/python3.8/site-packages/airflow/example_dags/example_dynamic_task_mapping_with_no_taskflow_operators.py took 0.140 seconds
[2024-02-18T23:54:41.717+0000] {processor.py:161} INFO - Started process (PID=1981) to work on /home/airflow/.local/lib/python3.8/site-packages/airflow/example_dags/example_dynamic_task_mapping_with_no_taskflow_operators.py
[2024-02-18T23:54:41.722+0000] {processor.py:830} INFO - Processing file /home/airflow/.local/lib/python3.8/site-packages/airflow/example_dags/example_dynamic_task_mapping_with_no_taskflow_operators.py for tasks to queue
[2024-02-18T23:54:41.725+0000] {logging_mixin.py:188} INFO - [2024-02-18T23:54:41.724+0000] {dagbag.py:538} INFO - Filling up the DagBag from /home/airflow/.local/lib/python3.8/site-packages/airflow/example_dags/example_dynamic_task_mapping_with_no_taskflow_operators.py
[2024-02-18T23:54:41.744+0000] {processor.py:840} INFO - DAG(s) 'example_dynamic_task_mapping_with_no_taskflow_operators' retrieved from /home/airflow/.local/lib/python3.8/site-packages/airflow/example_dags/example_dynamic_task_mapping_with_no_taskflow_operators.py
[2024-02-18T23:54:41.809+0000] {logging_mixin.py:188} INFO - [2024-02-18T23:54:41.808+0000] {dag.py:3036} INFO - Sync 1 DAGs
[2024-02-18T23:54:41.899+0000] {logging_mixin.py:188} INFO - [2024-02-18T23:54:41.899+0000] {dag.py:3823} INFO - Setting next_dagrun for example_dynamic_task_mapping_with_no_taskflow_operators to 2024-02-17 00:00:00+00:00, run_after=2024-02-18 00:00:00+00:00
[2024-02-18T23:54:41.968+0000] {processor.py:183} INFO - Processing /home/airflow/.local/lib/python3.8/site-packages/airflow/example_dags/example_dynamic_task_mapping_with_no_taskflow_operators.py took 0.263 seconds
[2024-02-18T23:55:12.374+0000] {processor.py:161} INFO - Started process (PID=2228) to work on /home/airflow/.local/lib/python3.8/site-packages/airflow/example_dags/example_dynamic_task_mapping_with_no_taskflow_operators.py
[2024-02-18T23:55:12.376+0000] {processor.py:830} INFO - Processing file /home/airflow/.local/lib/python3.8/site-packages/airflow/example_dags/example_dynamic_task_mapping_with_no_taskflow_operators.py for tasks to queue
[2024-02-18T23:55:12.383+0000] {logging_mixin.py:188} INFO - [2024-02-18T23:55:12.378+0000] {dagbag.py:538} INFO - Filling up the DagBag from /home/airflow/.local/lib/python3.8/site-packages/airflow/example_dags/example_dynamic_task_mapping_with_no_taskflow_operators.py
[2024-02-18T23:55:12.402+0000] {processor.py:840} INFO - DAG(s) 'example_dynamic_task_mapping_with_no_taskflow_operators' retrieved from /home/airflow/.local/lib/python3.8/site-packages/airflow/example_dags/example_dynamic_task_mapping_with_no_taskflow_operators.py
[2024-02-18T23:55:12.443+0000] {logging_mixin.py:188} INFO - [2024-02-18T23:55:12.442+0000] {dag.py:3036} INFO - Sync 1 DAGs
[2024-02-18T23:55:12.488+0000] {logging_mixin.py:188} INFO - [2024-02-18T23:55:12.488+0000] {dag.py:3823} INFO - Setting next_dagrun for example_dynamic_task_mapping_with_no_taskflow_operators to 2024-02-17 00:00:00+00:00, run_after=2024-02-18 00:00:00+00:00
[2024-02-18T23:55:12.530+0000] {processor.py:183} INFO - Processing /home/airflow/.local/lib/python3.8/site-packages/airflow/example_dags/example_dynamic_task_mapping_with_no_taskflow_operators.py took 0.163 seconds
[2024-02-18T23:55:43.312+0000] {processor.py:161} INFO - Started process (PID=2475) to work on /home/airflow/.local/lib/python3.8/site-packages/airflow/example_dags/example_dynamic_task_mapping_with_no_taskflow_operators.py
[2024-02-18T23:55:43.314+0000] {processor.py:830} INFO - Processing file /home/airflow/.local/lib/python3.8/site-packages/airflow/example_dags/example_dynamic_task_mapping_with_no_taskflow_operators.py for tasks to queue
[2024-02-18T23:55:43.317+0000] {logging_mixin.py:188} INFO - [2024-02-18T23:55:43.316+0000] {dagbag.py:538} INFO - Filling up the DagBag from /home/airflow/.local/lib/python3.8/site-packages/airflow/example_dags/example_dynamic_task_mapping_with_no_taskflow_operators.py
[2024-02-18T23:55:43.337+0000] {processor.py:840} INFO - DAG(s) 'example_dynamic_task_mapping_with_no_taskflow_operators' retrieved from /home/airflow/.local/lib/python3.8/site-packages/airflow/example_dags/example_dynamic_task_mapping_with_no_taskflow_operators.py
[2024-02-18T23:55:43.384+0000] {logging_mixin.py:188} INFO - [2024-02-18T23:55:43.383+0000] {dag.py:3036} INFO - Sync 1 DAGs
[2024-02-18T23:55:43.448+0000] {logging_mixin.py:188} INFO - [2024-02-18T23:55:43.448+0000] {dag.py:3823} INFO - Setting next_dagrun for example_dynamic_task_mapping_with_no_taskflow_operators to 2024-02-17 00:00:00+00:00, run_after=2024-02-18 00:00:00+00:00
[2024-02-18T23:55:43.520+0000] {processor.py:183} INFO - Processing /home/airflow/.local/lib/python3.8/site-packages/airflow/example_dags/example_dynamic_task_mapping_with_no_taskflow_operators.py took 0.217 seconds
[2024-02-18T23:56:13.938+0000] {processor.py:161} INFO - Started process (PID=2724) to work on /home/airflow/.local/lib/python3.8/site-packages/airflow/example_dags/example_dynamic_task_mapping_with_no_taskflow_operators.py
[2024-02-18T23:56:13.941+0000] {processor.py:830} INFO - Processing file /home/airflow/.local/lib/python3.8/site-packages/airflow/example_dags/example_dynamic_task_mapping_with_no_taskflow_operators.py for tasks to queue
[2024-02-18T23:56:13.944+0000] {logging_mixin.py:188} INFO - [2024-02-18T23:56:13.943+0000] {dagbag.py:538} INFO - Filling up the DagBag from /home/airflow/.local/lib/python3.8/site-packages/airflow/example_dags/example_dynamic_task_mapping_with_no_taskflow_operators.py
[2024-02-18T23:56:13.964+0000] {processor.py:840} INFO - DAG(s) 'example_dynamic_task_mapping_with_no_taskflow_operators' retrieved from /home/airflow/.local/lib/python3.8/site-packages/airflow/example_dags/example_dynamic_task_mapping_with_no_taskflow_operators.py
[2024-02-18T23:56:14.009+0000] {logging_mixin.py:188} INFO - [2024-02-18T23:56:14.008+0000] {dag.py:3036} INFO - Sync 1 DAGs
[2024-02-18T23:56:14.054+0000] {logging_mixin.py:188} INFO - [2024-02-18T23:56:14.054+0000] {dag.py:3823} INFO - Setting next_dagrun for example_dynamic_task_mapping_with_no_taskflow_operators to 2024-02-17 00:00:00+00:00, run_after=2024-02-18 00:00:00+00:00
[2024-02-18T23:56:14.106+0000] {processor.py:183} INFO - Processing /home/airflow/.local/lib/python3.8/site-packages/airflow/example_dags/example_dynamic_task_mapping_with_no_taskflow_operators.py took 0.177 seconds
[2024-02-18T23:56:44.431+0000] {processor.py:161} INFO - Started process (PID=2971) to work on /home/airflow/.local/lib/python3.8/site-packages/airflow/example_dags/example_dynamic_task_mapping_with_no_taskflow_operators.py
[2024-02-18T23:56:44.434+0000] {processor.py:830} INFO - Processing file /home/airflow/.local/lib/python3.8/site-packages/airflow/example_dags/example_dynamic_task_mapping_with_no_taskflow_operators.py for tasks to queue
[2024-02-18T23:56:44.438+0000] {logging_mixin.py:188} INFO - [2024-02-18T23:56:44.437+0000] {dagbag.py:538} INFO - Filling up the DagBag from /home/airflow/.local/lib/python3.8/site-packages/airflow/example_dags/example_dynamic_task_mapping_with_no_taskflow_operators.py
[2024-02-18T23:56:44.462+0000] {processor.py:840} INFO - DAG(s) 'example_dynamic_task_mapping_with_no_taskflow_operators' retrieved from /home/airflow/.local/lib/python3.8/site-packages/airflow/example_dags/example_dynamic_task_mapping_with_no_taskflow_operators.py
[2024-02-18T23:56:44.507+0000] {logging_mixin.py:188} INFO - [2024-02-18T23:56:44.507+0000] {dag.py:3036} INFO - Sync 1 DAGs
[2024-02-18T23:56:44.566+0000] {logging_mixin.py:188} INFO - [2024-02-18T23:56:44.566+0000] {dag.py:3823} INFO - Setting next_dagrun for example_dynamic_task_mapping_with_no_taskflow_operators to 2024-02-17 00:00:00+00:00, run_after=2024-02-18 00:00:00+00:00
[2024-02-18T23:56:44.617+0000] {processor.py:183} INFO - Processing /home/airflow/.local/lib/python3.8/site-packages/airflow/example_dags/example_dynamic_task_mapping_with_no_taskflow_operators.py took 0.195 seconds
[2024-02-18T23:57:14.704+0000] {processor.py:161} INFO - Started process (PID=3216) to work on /home/airflow/.local/lib/python3.8/site-packages/airflow/example_dags/example_dynamic_task_mapping_with_no_taskflow_operators.py
[2024-02-18T23:57:14.707+0000] {processor.py:830} INFO - Processing file /home/airflow/.local/lib/python3.8/site-packages/airflow/example_dags/example_dynamic_task_mapping_with_no_taskflow_operators.py for tasks to queue
[2024-02-18T23:57:14.711+0000] {logging_mixin.py:188} INFO - [2024-02-18T23:57:14.710+0000] {dagbag.py:538} INFO - Filling up the DagBag from /home/airflow/.local/lib/python3.8/site-packages/airflow/example_dags/example_dynamic_task_mapping_with_no_taskflow_operators.py
[2024-02-18T23:57:14.733+0000] {processor.py:840} INFO - DAG(s) 'example_dynamic_task_mapping_with_no_taskflow_operators' retrieved from /home/airflow/.local/lib/python3.8/site-packages/airflow/example_dags/example_dynamic_task_mapping_with_no_taskflow_operators.py
[2024-02-18T23:57:14.807+0000] {logging_mixin.py:188} INFO - [2024-02-18T23:57:14.807+0000] {dag.py:3036} INFO - Sync 1 DAGs
[2024-02-18T23:57:14.905+0000] {logging_mixin.py:188} INFO - [2024-02-18T23:57:14.905+0000] {dag.py:3823} INFO - Setting next_dagrun for example_dynamic_task_mapping_with_no_taskflow_operators to 2024-02-17 00:00:00+00:00, run_after=2024-02-18 00:00:00+00:00
[2024-02-18T23:57:14.991+0000] {processor.py:183} INFO - Processing /home/airflow/.local/lib/python3.8/site-packages/airflow/example_dags/example_dynamic_task_mapping_with_no_taskflow_operators.py took 0.296 seconds
[2024-02-18T23:57:45.610+0000] {processor.py:161} INFO - Started process (PID=3464) to work on /home/airflow/.local/lib/python3.8/site-packages/airflow/example_dags/example_dynamic_task_mapping_with_no_taskflow_operators.py
[2024-02-18T23:57:45.613+0000] {processor.py:830} INFO - Processing file /home/airflow/.local/lib/python3.8/site-packages/airflow/example_dags/example_dynamic_task_mapping_with_no_taskflow_operators.py for tasks to queue
[2024-02-18T23:57:45.620+0000] {logging_mixin.py:188} INFO - [2024-02-18T23:57:45.619+0000] {dagbag.py:538} INFO - Filling up the DagBag from /home/airflow/.local/lib/python3.8/site-packages/airflow/example_dags/example_dynamic_task_mapping_with_no_taskflow_operators.py
[2024-02-18T23:57:45.635+0000] {processor.py:840} INFO - DAG(s) 'example_dynamic_task_mapping_with_no_taskflow_operators' retrieved from /home/airflow/.local/lib/python3.8/site-packages/airflow/example_dags/example_dynamic_task_mapping_with_no_taskflow_operators.py
[2024-02-18T23:57:45.679+0000] {logging_mixin.py:188} INFO - [2024-02-18T23:57:45.678+0000] {dag.py:3036} INFO - Sync 1 DAGs
[2024-02-18T23:57:45.718+0000] {logging_mixin.py:188} INFO - [2024-02-18T23:57:45.717+0000] {dag.py:3823} INFO - Setting next_dagrun for example_dynamic_task_mapping_with_no_taskflow_operators to 2024-02-17 00:00:00+00:00, run_after=2024-02-18 00:00:00+00:00
[2024-02-18T23:57:45.749+0000] {processor.py:183} INFO - Processing /home/airflow/.local/lib/python3.8/site-packages/airflow/example_dags/example_dynamic_task_mapping_with_no_taskflow_operators.py took 0.150 seconds
[2024-02-18T23:58:16.039+0000] {processor.py:161} INFO - Started process (PID=3711) to work on /home/airflow/.local/lib/python3.8/site-packages/airflow/example_dags/example_dynamic_task_mapping_with_no_taskflow_operators.py
[2024-02-18T23:58:16.043+0000] {processor.py:830} INFO - Processing file /home/airflow/.local/lib/python3.8/site-packages/airflow/example_dags/example_dynamic_task_mapping_with_no_taskflow_operators.py for tasks to queue
[2024-02-18T23:58:16.048+0000] {logging_mixin.py:188} INFO - [2024-02-18T23:58:16.047+0000] {dagbag.py:538} INFO - Filling up the DagBag from /home/airflow/.local/lib/python3.8/site-packages/airflow/example_dags/example_dynamic_task_mapping_with_no_taskflow_operators.py
[2024-02-18T23:58:16.065+0000] {processor.py:840} INFO - DAG(s) 'example_dynamic_task_mapping_with_no_taskflow_operators' retrieved from /home/airflow/.local/lib/python3.8/site-packages/airflow/example_dags/example_dynamic_task_mapping_with_no_taskflow_operators.py
[2024-02-18T23:58:16.135+0000] {logging_mixin.py:188} INFO - [2024-02-18T23:58:16.134+0000] {dag.py:3036} INFO - Sync 1 DAGs
[2024-02-18T23:58:16.210+0000] {logging_mixin.py:188} INFO - [2024-02-18T23:58:16.209+0000] {dag.py:3823} INFO - Setting next_dagrun for example_dynamic_task_mapping_with_no_taskflow_operators to 2024-02-17 00:00:00+00:00, run_after=2024-02-18 00:00:00+00:00
[2024-02-18T23:58:16.311+0000] {processor.py:183} INFO - Processing /home/airflow/.local/lib/python3.8/site-packages/airflow/example_dags/example_dynamic_task_mapping_with_no_taskflow_operators.py took 0.285 seconds
[2024-02-18T23:58:47.016+0000] {processor.py:161} INFO - Started process (PID=3958) to work on /home/airflow/.local/lib/python3.8/site-packages/airflow/example_dags/example_dynamic_task_mapping_with_no_taskflow_operators.py
[2024-02-18T23:58:47.019+0000] {processor.py:830} INFO - Processing file /home/airflow/.local/lib/python3.8/site-packages/airflow/example_dags/example_dynamic_task_mapping_with_no_taskflow_operators.py for tasks to queue
[2024-02-18T23:58:47.022+0000] {logging_mixin.py:188} INFO - [2024-02-18T23:58:47.021+0000] {dagbag.py:538} INFO - Filling up the DagBag from /home/airflow/.local/lib/python3.8/site-packages/airflow/example_dags/example_dynamic_task_mapping_with_no_taskflow_operators.py
[2024-02-18T23:58:47.040+0000] {processor.py:840} INFO - DAG(s) 'example_dynamic_task_mapping_with_no_taskflow_operators' retrieved from /home/airflow/.local/lib/python3.8/site-packages/airflow/example_dags/example_dynamic_task_mapping_with_no_taskflow_operators.py
[2024-02-18T23:58:47.086+0000] {logging_mixin.py:188} INFO - [2024-02-18T23:58:47.085+0000] {dag.py:3036} INFO - Sync 1 DAGs
[2024-02-18T23:58:47.129+0000] {logging_mixin.py:188} INFO - [2024-02-18T23:58:47.128+0000] {dag.py:3823} INFO - Setting next_dagrun for example_dynamic_task_mapping_with_no_taskflow_operators to 2024-02-17 00:00:00+00:00, run_after=2024-02-18 00:00:00+00:00
[2024-02-18T23:58:47.164+0000] {processor.py:183} INFO - Processing /home/airflow/.local/lib/python3.8/site-packages/airflow/example_dags/example_dynamic_task_mapping_with_no_taskflow_operators.py took 0.156 seconds
[2024-02-18T23:59:17.587+0000] {processor.py:161} INFO - Started process (PID=4205) to work on /home/airflow/.local/lib/python3.8/site-packages/airflow/example_dags/example_dynamic_task_mapping_with_no_taskflow_operators.py
[2024-02-18T23:59:17.590+0000] {processor.py:830} INFO - Processing file /home/airflow/.local/lib/python3.8/site-packages/airflow/example_dags/example_dynamic_task_mapping_with_no_taskflow_operators.py for tasks to queue
[2024-02-18T23:59:17.595+0000] {logging_mixin.py:188} INFO - [2024-02-18T23:59:17.594+0000] {dagbag.py:538} INFO - Filling up the DagBag from /home/airflow/.local/lib/python3.8/site-packages/airflow/example_dags/example_dynamic_task_mapping_with_no_taskflow_operators.py
[2024-02-18T23:59:17.613+0000] {processor.py:840} INFO - DAG(s) 'example_dynamic_task_mapping_with_no_taskflow_operators' retrieved from /home/airflow/.local/lib/python3.8/site-packages/airflow/example_dags/example_dynamic_task_mapping_with_no_taskflow_operators.py
[2024-02-18T23:59:17.658+0000] {logging_mixin.py:188} INFO - [2024-02-18T23:59:17.658+0000] {dag.py:3036} INFO - Sync 1 DAGs
[2024-02-18T23:59:17.742+0000] {logging_mixin.py:188} INFO - [2024-02-18T23:59:17.742+0000] {dag.py:3823} INFO - Setting next_dagrun for example_dynamic_task_mapping_with_no_taskflow_operators to 2024-02-17 00:00:00+00:00, run_after=2024-02-18 00:00:00+00:00
[2024-02-18T23:59:17.943+0000] {processor.py:183} INFO - Processing /home/airflow/.local/lib/python3.8/site-packages/airflow/example_dags/example_dynamic_task_mapping_with_no_taskflow_operators.py took 0.367 seconds
[2024-02-18T23:59:48.509+0000] {processor.py:161} INFO - Started process (PID=4452) to work on /home/airflow/.local/lib/python3.8/site-packages/airflow/example_dags/example_dynamic_task_mapping_with_no_taskflow_operators.py
[2024-02-18T23:59:48.511+0000] {processor.py:830} INFO - Processing file /home/airflow/.local/lib/python3.8/site-packages/airflow/example_dags/example_dynamic_task_mapping_with_no_taskflow_operators.py for tasks to queue
[2024-02-18T23:59:48.514+0000] {logging_mixin.py:188} INFO - [2024-02-18T23:59:48.513+0000] {dagbag.py:538} INFO - Filling up the DagBag from /home/airflow/.local/lib/python3.8/site-packages/airflow/example_dags/example_dynamic_task_mapping_with_no_taskflow_operators.py
[2024-02-18T23:59:48.529+0000] {processor.py:840} INFO - DAG(s) 'example_dynamic_task_mapping_with_no_taskflow_operators' retrieved from /home/airflow/.local/lib/python3.8/site-packages/airflow/example_dags/example_dynamic_task_mapping_with_no_taskflow_operators.py
[2024-02-18T23:59:48.572+0000] {logging_mixin.py:188} INFO - [2024-02-18T23:59:48.571+0000] {dag.py:3036} INFO - Sync 1 DAGs
[2024-02-18T23:59:48.613+0000] {logging_mixin.py:188} INFO - [2024-02-18T23:59:48.613+0000] {dag.py:3823} INFO - Setting next_dagrun for example_dynamic_task_mapping_with_no_taskflow_operators to 2024-02-17 00:00:00+00:00, run_after=2024-02-18 00:00:00+00:00
[2024-02-18T23:59:48.651+0000] {processor.py:183} INFO - Processing /home/airflow/.local/lib/python3.8/site-packages/airflow/example_dags/example_dynamic_task_mapping_with_no_taskflow_operators.py took 0.148 seconds
