[2024-02-18T23:46:41.433+0000] {processor.py:161} INFO - Started process (PID=384) to work on /home/airflow/.local/lib/python3.8/site-packages/airflow/example_dags/example_xcomargs.py
[2024-02-18T23:46:41.436+0000] {processor.py:830} INFO - Processing file /home/airflow/.local/lib/python3.8/site-packages/airflow/example_dags/example_xcomargs.py for tasks to queue
[2024-02-18T23:46:41.440+0000] {logging_mixin.py:188} INFO - [2024-02-18T23:46:41.439+0000] {dagbag.py:538} INFO - Filling up the DagBag from /home/airflow/.local/lib/python3.8/site-packages/airflow/example_dags/example_xcomargs.py
[2024-02-18T23:46:41.464+0000] {processor.py:840} INFO - DAG(s) 'example_xcom_args_with_operators', 'example_xcom_args' retrieved from /home/airflow/.local/lib/python3.8/site-packages/airflow/example_dags/example_xcomargs.py
[2024-02-18T23:46:41.810+0000] {logging_mixin.py:188} INFO - [2024-02-18T23:46:41.806+0000] {dag.py:3036} INFO - Sync 2 DAGs
[2024-02-18T23:46:41.856+0000] {logging_mixin.py:188} INFO - [2024-02-18T23:46:41.856+0000] {dag.py:3823} INFO - Setting next_dagrun for example_xcom_args to None, run_after=None
[2024-02-18T23:46:41.865+0000] {logging_mixin.py:188} INFO - [2024-02-18T23:46:41.865+0000] {dag.py:3823} INFO - Setting next_dagrun for example_xcom_args_with_operators to None, run_after=None
[2024-02-18T23:46:41.954+0000] {processor.py:183} INFO - Processing /home/airflow/.local/lib/python3.8/site-packages/airflow/example_dags/example_xcomargs.py took 0.536 seconds
[2024-02-18T23:47:12.637+0000] {processor.py:161} INFO - Started process (PID=632) to work on /home/airflow/.local/lib/python3.8/site-packages/airflow/example_dags/example_xcomargs.py
[2024-02-18T23:47:12.640+0000] {processor.py:830} INFO - Processing file /home/airflow/.local/lib/python3.8/site-packages/airflow/example_dags/example_xcomargs.py for tasks to queue
[2024-02-18T23:47:12.645+0000] {logging_mixin.py:188} INFO - [2024-02-18T23:47:12.644+0000] {dagbag.py:538} INFO - Filling up the DagBag from /home/airflow/.local/lib/python3.8/site-packages/airflow/example_dags/example_xcomargs.py
[2024-02-18T23:47:12.668+0000] {processor.py:840} INFO - DAG(s) 'example_xcom_args', 'example_xcom_args_with_operators' retrieved from /home/airflow/.local/lib/python3.8/site-packages/airflow/example_dags/example_xcomargs.py
[2024-02-18T23:47:12.755+0000] {logging_mixin.py:188} INFO - [2024-02-18T23:47:12.754+0000] {dag.py:3036} INFO - Sync 2 DAGs
[2024-02-18T23:47:12.787+0000] {logging_mixin.py:188} INFO - [2024-02-18T23:47:12.786+0000] {dag.py:3823} INFO - Setting next_dagrun for example_xcom_args to None, run_after=None
[2024-02-18T23:47:12.799+0000] {logging_mixin.py:188} INFO - [2024-02-18T23:47:12.798+0000] {dag.py:3823} INFO - Setting next_dagrun for example_xcom_args_with_operators to None, run_after=None
[2024-02-18T23:47:12.848+0000] {processor.py:183} INFO - Processing /home/airflow/.local/lib/python3.8/site-packages/airflow/example_dags/example_xcomargs.py took 0.223 seconds
[2024-02-18T23:52:16.791+0000] {processor.py:161} INFO - Started process (PID=931) to work on /home/airflow/.local/lib/python3.8/site-packages/airflow/example_dags/example_xcomargs.py
[2024-02-18T23:52:16.793+0000] {processor.py:830} INFO - Processing file /home/airflow/.local/lib/python3.8/site-packages/airflow/example_dags/example_xcomargs.py for tasks to queue
[2024-02-18T23:52:16.795+0000] {logging_mixin.py:188} INFO - [2024-02-18T23:52:16.794+0000] {dagbag.py:538} INFO - Filling up the DagBag from /home/airflow/.local/lib/python3.8/site-packages/airflow/example_dags/example_xcomargs.py
[2024-02-18T23:52:16.814+0000] {processor.py:840} INFO - DAG(s) 'example_xcom_args_with_operators', 'example_xcom_args' retrieved from /home/airflow/.local/lib/python3.8/site-packages/airflow/example_dags/example_xcomargs.py
[2024-02-18T23:52:16.876+0000] {logging_mixin.py:188} INFO - [2024-02-18T23:52:16.876+0000] {dag.py:3036} INFO - Sync 2 DAGs
[2024-02-18T23:52:16.914+0000] {logging_mixin.py:188} INFO - [2024-02-18T23:52:16.913+0000] {dag.py:3823} INFO - Setting next_dagrun for example_xcom_args to None, run_after=None
[2024-02-18T23:52:16.924+0000] {logging_mixin.py:188} INFO - [2024-02-18T23:52:16.924+0000] {dag.py:3823} INFO - Setting next_dagrun for example_xcom_args_with_operators to None, run_after=None
[2024-02-18T23:52:16.965+0000] {processor.py:183} INFO - Processing /home/airflow/.local/lib/python3.8/site-packages/airflow/example_dags/example_xcomargs.py took 0.182 seconds
[2024-02-18T23:52:50.033+0000] {processor.py:161} INFO - Started process (PID=1178) to work on /home/airflow/.local/lib/python3.8/site-packages/airflow/example_dags/example_xcomargs.py
[2024-02-18T23:52:50.055+0000] {processor.py:830} INFO - Processing file /home/airflow/.local/lib/python3.8/site-packages/airflow/example_dags/example_xcomargs.py for tasks to queue
[2024-02-18T23:52:50.066+0000] {logging_mixin.py:188} INFO - [2024-02-18T23:52:50.063+0000] {dagbag.py:538} INFO - Filling up the DagBag from /home/airflow/.local/lib/python3.8/site-packages/airflow/example_dags/example_xcomargs.py
[2024-02-18T23:52:50.116+0000] {processor.py:840} INFO - DAG(s) 'example_xcom_args', 'example_xcom_args_with_operators' retrieved from /home/airflow/.local/lib/python3.8/site-packages/airflow/example_dags/example_xcomargs.py
[2024-02-18T23:52:50.310+0000] {logging_mixin.py:188} INFO - [2024-02-18T23:52:50.309+0000] {dag.py:3036} INFO - Sync 2 DAGs
[2024-02-18T23:52:50.401+0000] {logging_mixin.py:188} INFO - [2024-02-18T23:52:50.401+0000] {dag.py:3823} INFO - Setting next_dagrun for example_xcom_args to None, run_after=None
[2024-02-18T23:52:50.426+0000] {logging_mixin.py:188} INFO - [2024-02-18T23:52:50.418+0000] {dag.py:3823} INFO - Setting next_dagrun for example_xcom_args_with_operators to None, run_after=None
[2024-02-18T23:52:50.517+0000] {processor.py:183} INFO - Processing /home/airflow/.local/lib/python3.8/site-packages/airflow/example_dags/example_xcomargs.py took 0.496 seconds
[2024-02-18T23:53:21.389+0000] {processor.py:161} INFO - Started process (PID=1425) to work on /home/airflow/.local/lib/python3.8/site-packages/airflow/example_dags/example_xcomargs.py
[2024-02-18T23:53:21.398+0000] {processor.py:830} INFO - Processing file /home/airflow/.local/lib/python3.8/site-packages/airflow/example_dags/example_xcomargs.py for tasks to queue
[2024-02-18T23:53:21.404+0000] {logging_mixin.py:188} INFO - [2024-02-18T23:53:21.403+0000] {dagbag.py:538} INFO - Filling up the DagBag from /home/airflow/.local/lib/python3.8/site-packages/airflow/example_dags/example_xcomargs.py
[2024-02-18T23:53:21.445+0000] {processor.py:840} INFO - DAG(s) 'example_xcom_args', 'example_xcom_args_with_operators' retrieved from /home/airflow/.local/lib/python3.8/site-packages/airflow/example_dags/example_xcomargs.py
[2024-02-18T23:53:21.542+0000] {logging_mixin.py:188} INFO - [2024-02-18T23:53:21.542+0000] {dag.py:3036} INFO - Sync 2 DAGs
[2024-02-18T23:53:21.598+0000] {logging_mixin.py:188} INFO - [2024-02-18T23:53:21.598+0000] {dag.py:3823} INFO - Setting next_dagrun for example_xcom_args to None, run_after=None
[2024-02-18T23:53:21.612+0000] {logging_mixin.py:188} INFO - [2024-02-18T23:53:21.611+0000] {dag.py:3823} INFO - Setting next_dagrun for example_xcom_args_with_operators to None, run_after=None
[2024-02-18T23:53:21.675+0000] {processor.py:183} INFO - Processing /home/airflow/.local/lib/python3.8/site-packages/airflow/example_dags/example_xcomargs.py took 0.295 seconds
[2024-02-18T23:53:51.969+0000] {processor.py:161} INFO - Started process (PID=1672) to work on /home/airflow/.local/lib/python3.8/site-packages/airflow/example_dags/example_xcomargs.py
[2024-02-18T23:53:51.977+0000] {processor.py:830} INFO - Processing file /home/airflow/.local/lib/python3.8/site-packages/airflow/example_dags/example_xcomargs.py for tasks to queue
[2024-02-18T23:53:51.986+0000] {logging_mixin.py:188} INFO - [2024-02-18T23:53:51.985+0000] {dagbag.py:538} INFO - Filling up the DagBag from /home/airflow/.local/lib/python3.8/site-packages/airflow/example_dags/example_xcomargs.py
[2024-02-18T23:53:52.036+0000] {processor.py:840} INFO - DAG(s) 'example_xcom_args_with_operators', 'example_xcom_args' retrieved from /home/airflow/.local/lib/python3.8/site-packages/airflow/example_dags/example_xcomargs.py
[2024-02-18T23:53:52.213+0000] {logging_mixin.py:188} INFO - [2024-02-18T23:53:52.213+0000] {dag.py:3036} INFO - Sync 2 DAGs
[2024-02-18T23:53:52.282+0000] {logging_mixin.py:188} INFO - [2024-02-18T23:53:52.281+0000] {dag.py:3823} INFO - Setting next_dagrun for example_xcom_args to None, run_after=None
[2024-02-18T23:53:52.297+0000] {logging_mixin.py:188} INFO - [2024-02-18T23:53:52.297+0000] {dag.py:3823} INFO - Setting next_dagrun for example_xcom_args_with_operators to None, run_after=None
[2024-02-18T23:53:52.386+0000] {processor.py:183} INFO - Processing /home/airflow/.local/lib/python3.8/site-packages/airflow/example_dags/example_xcomargs.py took 0.428 seconds
[2024-02-18T23:54:22.588+0000] {processor.py:161} INFO - Started process (PID=1919) to work on /home/airflow/.local/lib/python3.8/site-packages/airflow/example_dags/example_xcomargs.py
[2024-02-18T23:54:22.591+0000] {processor.py:830} INFO - Processing file /home/airflow/.local/lib/python3.8/site-packages/airflow/example_dags/example_xcomargs.py for tasks to queue
[2024-02-18T23:54:22.599+0000] {logging_mixin.py:188} INFO - [2024-02-18T23:54:22.595+0000] {dagbag.py:538} INFO - Filling up the DagBag from /home/airflow/.local/lib/python3.8/site-packages/airflow/example_dags/example_xcomargs.py
[2024-02-18T23:54:22.625+0000] {processor.py:840} INFO - DAG(s) 'example_xcom_args_with_operators', 'example_xcom_args' retrieved from /home/airflow/.local/lib/python3.8/site-packages/airflow/example_dags/example_xcomargs.py
[2024-02-18T23:54:22.758+0000] {logging_mixin.py:188} INFO - [2024-02-18T23:54:22.757+0000] {dag.py:3036} INFO - Sync 2 DAGs
[2024-02-18T23:54:22.884+0000] {logging_mixin.py:188} INFO - [2024-02-18T23:54:22.883+0000] {dag.py:3823} INFO - Setting next_dagrun for example_xcom_args to None, run_after=None
[2024-02-18T23:54:22.908+0000] {logging_mixin.py:188} INFO - [2024-02-18T23:54:22.907+0000] {dag.py:3823} INFO - Setting next_dagrun for example_xcom_args_with_operators to None, run_after=None
[2024-02-18T23:54:22.992+0000] {processor.py:183} INFO - Processing /home/airflow/.local/lib/python3.8/site-packages/airflow/example_dags/example_xcomargs.py took 0.418 seconds
[2024-02-18T23:54:53.135+0000] {processor.py:161} INFO - Started process (PID=2166) to work on /home/airflow/.local/lib/python3.8/site-packages/airflow/example_dags/example_xcomargs.py
[2024-02-18T23:54:53.139+0000] {processor.py:830} INFO - Processing file /home/airflow/.local/lib/python3.8/site-packages/airflow/example_dags/example_xcomargs.py for tasks to queue
[2024-02-18T23:54:53.143+0000] {logging_mixin.py:188} INFO - [2024-02-18T23:54:53.142+0000] {dagbag.py:538} INFO - Filling up the DagBag from /home/airflow/.local/lib/python3.8/site-packages/airflow/example_dags/example_xcomargs.py
[2024-02-18T23:54:53.165+0000] {processor.py:840} INFO - DAG(s) 'example_xcom_args_with_operators', 'example_xcom_args' retrieved from /home/airflow/.local/lib/python3.8/site-packages/airflow/example_dags/example_xcomargs.py
[2024-02-18T23:54:53.223+0000] {logging_mixin.py:188} INFO - [2024-02-18T23:54:53.222+0000] {dag.py:3036} INFO - Sync 2 DAGs
[2024-02-18T23:54:53.256+0000] {logging_mixin.py:188} INFO - [2024-02-18T23:54:53.256+0000] {dag.py:3823} INFO - Setting next_dagrun for example_xcom_args to None, run_after=None
[2024-02-18T23:54:53.266+0000] {logging_mixin.py:188} INFO - [2024-02-18T23:54:53.265+0000] {dag.py:3823} INFO - Setting next_dagrun for example_xcom_args_with_operators to None, run_after=None
[2024-02-18T23:54:53.309+0000] {processor.py:183} INFO - Processing /home/airflow/.local/lib/python3.8/site-packages/airflow/example_dags/example_xcomargs.py took 0.184 seconds
[2024-02-18T23:55:23.731+0000] {processor.py:161} INFO - Started process (PID=2413) to work on /home/airflow/.local/lib/python3.8/site-packages/airflow/example_dags/example_xcomargs.py
[2024-02-18T23:55:23.738+0000] {processor.py:830} INFO - Processing file /home/airflow/.local/lib/python3.8/site-packages/airflow/example_dags/example_xcomargs.py for tasks to queue
[2024-02-18T23:55:23.743+0000] {logging_mixin.py:188} INFO - [2024-02-18T23:55:23.742+0000] {dagbag.py:538} INFO - Filling up the DagBag from /home/airflow/.local/lib/python3.8/site-packages/airflow/example_dags/example_xcomargs.py
[2024-02-18T23:55:23.776+0000] {processor.py:840} INFO - DAG(s) 'example_xcom_args', 'example_xcom_args_with_operators' retrieved from /home/airflow/.local/lib/python3.8/site-packages/airflow/example_dags/example_xcomargs.py
[2024-02-18T23:55:23.936+0000] {logging_mixin.py:188} INFO - [2024-02-18T23:55:23.935+0000] {dag.py:3036} INFO - Sync 2 DAGs
[2024-02-18T23:55:23.987+0000] {logging_mixin.py:188} INFO - [2024-02-18T23:55:23.986+0000] {dag.py:3823} INFO - Setting next_dagrun for example_xcom_args to None, run_after=None
[2024-02-18T23:55:24.018+0000] {logging_mixin.py:188} INFO - [2024-02-18T23:55:24.017+0000] {dag.py:3823} INFO - Setting next_dagrun for example_xcom_args_with_operators to None, run_after=None
[2024-02-18T23:55:24.299+0000] {processor.py:183} INFO - Processing /home/airflow/.local/lib/python3.8/site-packages/airflow/example_dags/example_xcomargs.py took 0.602 seconds
[2024-02-18T23:55:54.518+0000] {processor.py:161} INFO - Started process (PID=2660) to work on /home/airflow/.local/lib/python3.8/site-packages/airflow/example_dags/example_xcomargs.py
[2024-02-18T23:55:54.520+0000] {processor.py:830} INFO - Processing file /home/airflow/.local/lib/python3.8/site-packages/airflow/example_dags/example_xcomargs.py for tasks to queue
[2024-02-18T23:55:54.523+0000] {logging_mixin.py:188} INFO - [2024-02-18T23:55:54.523+0000] {dagbag.py:538} INFO - Filling up the DagBag from /home/airflow/.local/lib/python3.8/site-packages/airflow/example_dags/example_xcomargs.py
[2024-02-18T23:55:54.541+0000] {processor.py:840} INFO - DAG(s) 'example_xcom_args', 'example_xcom_args_with_operators' retrieved from /home/airflow/.local/lib/python3.8/site-packages/airflow/example_dags/example_xcomargs.py
[2024-02-18T23:55:54.595+0000] {logging_mixin.py:188} INFO - [2024-02-18T23:55:54.594+0000] {dag.py:3036} INFO - Sync 2 DAGs
[2024-02-18T23:55:54.621+0000] {logging_mixin.py:188} INFO - [2024-02-18T23:55:54.621+0000] {dag.py:3823} INFO - Setting next_dagrun for example_xcom_args to None, run_after=None
[2024-02-18T23:55:54.632+0000] {logging_mixin.py:188} INFO - [2024-02-18T23:55:54.631+0000] {dag.py:3823} INFO - Setting next_dagrun for example_xcom_args_with_operators to None, run_after=None
[2024-02-18T23:55:54.669+0000] {processor.py:183} INFO - Processing /home/airflow/.local/lib/python3.8/site-packages/airflow/example_dags/example_xcomargs.py took 0.159 seconds
[2024-02-18T23:56:25.947+0000] {processor.py:161} INFO - Started process (PID=2907) to work on /home/airflow/.local/lib/python3.8/site-packages/airflow/example_dags/example_xcomargs.py
[2024-02-18T23:56:25.951+0000] {processor.py:830} INFO - Processing file /home/airflow/.local/lib/python3.8/site-packages/airflow/example_dags/example_xcomargs.py for tasks to queue
[2024-02-18T23:56:25.958+0000] {logging_mixin.py:188} INFO - [2024-02-18T23:56:25.957+0000] {dagbag.py:538} INFO - Filling up the DagBag from /home/airflow/.local/lib/python3.8/site-packages/airflow/example_dags/example_xcomargs.py
[2024-02-18T23:56:25.995+0000] {processor.py:840} INFO - DAG(s) 'example_xcom_args_with_operators', 'example_xcom_args' retrieved from /home/airflow/.local/lib/python3.8/site-packages/airflow/example_dags/example_xcomargs.py
[2024-02-18T23:56:26.076+0000] {logging_mixin.py:188} INFO - [2024-02-18T23:56:26.075+0000] {dag.py:3036} INFO - Sync 2 DAGs
[2024-02-18T23:56:26.128+0000] {logging_mixin.py:188} INFO - [2024-02-18T23:56:26.128+0000] {dag.py:3823} INFO - Setting next_dagrun for example_xcom_args to None, run_after=None
[2024-02-18T23:56:26.144+0000] {logging_mixin.py:188} INFO - [2024-02-18T23:56:26.144+0000] {dag.py:3823} INFO - Setting next_dagrun for example_xcom_args_with_operators to None, run_after=None
[2024-02-18T23:56:26.205+0000] {processor.py:183} INFO - Processing /home/airflow/.local/lib/python3.8/site-packages/airflow/example_dags/example_xcomargs.py took 0.270 seconds
[2024-02-18T23:56:56.462+0000] {processor.py:161} INFO - Started process (PID=3154) to work on /home/airflow/.local/lib/python3.8/site-packages/airflow/example_dags/example_xcomargs.py
[2024-02-18T23:56:56.466+0000] {processor.py:830} INFO - Processing file /home/airflow/.local/lib/python3.8/site-packages/airflow/example_dags/example_xcomargs.py for tasks to queue
[2024-02-18T23:56:56.476+0000] {logging_mixin.py:188} INFO - [2024-02-18T23:56:56.474+0000] {dagbag.py:538} INFO - Filling up the DagBag from /home/airflow/.local/lib/python3.8/site-packages/airflow/example_dags/example_xcomargs.py
[2024-02-18T23:56:56.511+0000] {processor.py:840} INFO - DAG(s) 'example_xcom_args', 'example_xcom_args_with_operators' retrieved from /home/airflow/.local/lib/python3.8/site-packages/airflow/example_dags/example_xcomargs.py
[2024-02-18T23:56:56.628+0000] {logging_mixin.py:188} INFO - [2024-02-18T23:56:56.627+0000] {dag.py:3036} INFO - Sync 2 DAGs
[2024-02-18T23:56:56.664+0000] {logging_mixin.py:188} INFO - [2024-02-18T23:56:56.663+0000] {dag.py:3823} INFO - Setting next_dagrun for example_xcom_args to None, run_after=None
[2024-02-18T23:56:56.676+0000] {logging_mixin.py:188} INFO - [2024-02-18T23:56:56.675+0000] {dag.py:3823} INFO - Setting next_dagrun for example_xcom_args_with_operators to None, run_after=None
[2024-02-18T23:56:56.770+0000] {processor.py:183} INFO - Processing /home/airflow/.local/lib/python3.8/site-packages/airflow/example_dags/example_xcomargs.py took 0.331 seconds
[2024-02-18T23:57:26.927+0000] {processor.py:161} INFO - Started process (PID=3398) to work on /home/airflow/.local/lib/python3.8/site-packages/airflow/example_dags/example_xcomargs.py
[2024-02-18T23:57:26.929+0000] {processor.py:830} INFO - Processing file /home/airflow/.local/lib/python3.8/site-packages/airflow/example_dags/example_xcomargs.py for tasks to queue
[2024-02-18T23:57:26.931+0000] {logging_mixin.py:188} INFO - [2024-02-18T23:57:26.931+0000] {dagbag.py:538} INFO - Filling up the DagBag from /home/airflow/.local/lib/python3.8/site-packages/airflow/example_dags/example_xcomargs.py
[2024-02-18T23:57:26.948+0000] {processor.py:840} INFO - DAG(s) 'example_xcom_args', 'example_xcom_args_with_operators' retrieved from /home/airflow/.local/lib/python3.8/site-packages/airflow/example_dags/example_xcomargs.py
[2024-02-18T23:57:27.003+0000] {logging_mixin.py:188} INFO - [2024-02-18T23:57:27.002+0000] {dag.py:3036} INFO - Sync 2 DAGs
[2024-02-18T23:57:27.028+0000] {logging_mixin.py:188} INFO - [2024-02-18T23:57:27.028+0000] {dag.py:3823} INFO - Setting next_dagrun for example_xcom_args to None, run_after=None
[2024-02-18T23:57:27.036+0000] {logging_mixin.py:188} INFO - [2024-02-18T23:57:27.036+0000] {dag.py:3823} INFO - Setting next_dagrun for example_xcom_args_with_operators to None, run_after=None
[2024-02-18T23:57:27.073+0000] {processor.py:183} INFO - Processing /home/airflow/.local/lib/python3.8/site-packages/airflow/example_dags/example_xcomargs.py took 0.153 seconds
[2024-02-18T23:57:57.656+0000] {processor.py:161} INFO - Started process (PID=3644) to work on /home/airflow/.local/lib/python3.8/site-packages/airflow/example_dags/example_xcomargs.py
[2024-02-18T23:57:57.658+0000] {processor.py:830} INFO - Processing file /home/airflow/.local/lib/python3.8/site-packages/airflow/example_dags/example_xcomargs.py for tasks to queue
[2024-02-18T23:57:57.661+0000] {logging_mixin.py:188} INFO - [2024-02-18T23:57:57.660+0000] {dagbag.py:538} INFO - Filling up the DagBag from /home/airflow/.local/lib/python3.8/site-packages/airflow/example_dags/example_xcomargs.py
[2024-02-18T23:57:57.678+0000] {processor.py:840} INFO - DAG(s) 'example_xcom_args', 'example_xcom_args_with_operators' retrieved from /home/airflow/.local/lib/python3.8/site-packages/airflow/example_dags/example_xcomargs.py
[2024-02-18T23:57:57.730+0000] {logging_mixin.py:188} INFO - [2024-02-18T23:57:57.730+0000] {dag.py:3036} INFO - Sync 2 DAGs
[2024-02-18T23:57:57.754+0000] {logging_mixin.py:188} INFO - [2024-02-18T23:57:57.753+0000] {dag.py:3823} INFO - Setting next_dagrun for example_xcom_args to None, run_after=None
[2024-02-18T23:57:57.762+0000] {logging_mixin.py:188} INFO - [2024-02-18T23:57:57.762+0000] {dag.py:3823} INFO - Setting next_dagrun for example_xcom_args_with_operators to None, run_after=None
[2024-02-18T23:57:57.795+0000] {processor.py:183} INFO - Processing /home/airflow/.local/lib/python3.8/site-packages/airflow/example_dags/example_xcomargs.py took 0.146 seconds
[2024-02-18T23:58:28.676+0000] {processor.py:161} INFO - Started process (PID=3891) to work on /home/airflow/.local/lib/python3.8/site-packages/airflow/example_dags/example_xcomargs.py
[2024-02-18T23:58:28.680+0000] {processor.py:830} INFO - Processing file /home/airflow/.local/lib/python3.8/site-packages/airflow/example_dags/example_xcomargs.py for tasks to queue
[2024-02-18T23:58:28.683+0000] {logging_mixin.py:188} INFO - [2024-02-18T23:58:28.681+0000] {dagbag.py:538} INFO - Filling up the DagBag from /home/airflow/.local/lib/python3.8/site-packages/airflow/example_dags/example_xcomargs.py
[2024-02-18T23:58:28.707+0000] {processor.py:840} INFO - DAG(s) 'example_xcom_args', 'example_xcom_args_with_operators' retrieved from /home/airflow/.local/lib/python3.8/site-packages/airflow/example_dags/example_xcomargs.py
[2024-02-18T23:58:28.762+0000] {logging_mixin.py:188} INFO - [2024-02-18T23:58:28.762+0000] {dag.py:3036} INFO - Sync 2 DAGs
[2024-02-18T23:58:28.790+0000] {logging_mixin.py:188} INFO - [2024-02-18T23:58:28.790+0000] {dag.py:3823} INFO - Setting next_dagrun for example_xcom_args to None, run_after=None
[2024-02-18T23:58:28.802+0000] {logging_mixin.py:188} INFO - [2024-02-18T23:58:28.802+0000] {dag.py:3823} INFO - Setting next_dagrun for example_xcom_args_with_operators to None, run_after=None
[2024-02-18T23:58:28.847+0000] {processor.py:183} INFO - Processing /home/airflow/.local/lib/python3.8/site-packages/airflow/example_dags/example_xcomargs.py took 0.180 seconds
[2024-02-18T23:58:59.787+0000] {processor.py:161} INFO - Started process (PID=4136) to work on /home/airflow/.local/lib/python3.8/site-packages/airflow/example_dags/example_xcomargs.py
[2024-02-18T23:58:59.789+0000] {processor.py:830} INFO - Processing file /home/airflow/.local/lib/python3.8/site-packages/airflow/example_dags/example_xcomargs.py for tasks to queue
[2024-02-18T23:58:59.792+0000] {logging_mixin.py:188} INFO - [2024-02-18T23:58:59.791+0000] {dagbag.py:538} INFO - Filling up the DagBag from /home/airflow/.local/lib/python3.8/site-packages/airflow/example_dags/example_xcomargs.py
[2024-02-18T23:58:59.809+0000] {processor.py:840} INFO - DAG(s) 'example_xcom_args_with_operators', 'example_xcom_args' retrieved from /home/airflow/.local/lib/python3.8/site-packages/airflow/example_dags/example_xcomargs.py
[2024-02-18T23:58:59.861+0000] {logging_mixin.py:188} INFO - [2024-02-18T23:58:59.860+0000] {dag.py:3036} INFO - Sync 2 DAGs
[2024-02-18T23:58:59.887+0000] {logging_mixin.py:188} INFO - [2024-02-18T23:58:59.887+0000] {dag.py:3823} INFO - Setting next_dagrun for example_xcom_args to None, run_after=None
[2024-02-18T23:58:59.898+0000] {logging_mixin.py:188} INFO - [2024-02-18T23:58:59.897+0000] {dag.py:3823} INFO - Setting next_dagrun for example_xcom_args_with_operators to None, run_after=None
[2024-02-18T23:58:59.940+0000] {processor.py:183} INFO - Processing /home/airflow/.local/lib/python3.8/site-packages/airflow/example_dags/example_xcomargs.py took 0.160 seconds
[2024-02-18T23:59:31.460+0000] {processor.py:161} INFO - Started process (PID=4383) to work on /home/airflow/.local/lib/python3.8/site-packages/airflow/example_dags/example_xcomargs.py
[2024-02-18T23:59:31.501+0000] {processor.py:830} INFO - Processing file /home/airflow/.local/lib/python3.8/site-packages/airflow/example_dags/example_xcomargs.py for tasks to queue
[2024-02-18T23:59:31.513+0000] {logging_mixin.py:188} INFO - [2024-02-18T23:59:31.511+0000] {dagbag.py:538} INFO - Filling up the DagBag from /home/airflow/.local/lib/python3.8/site-packages/airflow/example_dags/example_xcomargs.py
[2024-02-18T23:59:31.569+0000] {processor.py:840} INFO - DAG(s) 'example_xcom_args', 'example_xcom_args_with_operators' retrieved from /home/airflow/.local/lib/python3.8/site-packages/airflow/example_dags/example_xcomargs.py
[2024-02-18T23:59:31.794+0000] {logging_mixin.py:188} INFO - [2024-02-18T23:59:31.793+0000] {dag.py:3036} INFO - Sync 2 DAGs
[2024-02-18T23:59:31.909+0000] {logging_mixin.py:188} INFO - [2024-02-18T23:59:31.909+0000] {dag.py:3823} INFO - Setting next_dagrun for example_xcom_args to None, run_after=None
[2024-02-18T23:59:31.940+0000] {logging_mixin.py:188} INFO - [2024-02-18T23:59:31.940+0000] {dag.py:3823} INFO - Setting next_dagrun for example_xcom_args_with_operators to None, run_after=None
[2024-02-18T23:59:32.060+0000] {processor.py:183} INFO - Processing /home/airflow/.local/lib/python3.8/site-packages/airflow/example_dags/example_xcomargs.py took 0.626 seconds
