[2024-02-18T23:46:30.100+0000] {processor.py:161} INFO - Started process (PID=224) to work on /home/airflow/.local/lib/python3.8/site-packages/airflow/example_dags/example_params_trigger_ui.py
[2024-02-18T23:46:30.103+0000] {processor.py:830} INFO - Processing file /home/airflow/.local/lib/python3.8/site-packages/airflow/example_dags/example_params_trigger_ui.py for tasks to queue
[2024-02-18T23:46:30.109+0000] {logging_mixin.py:188} INFO - [2024-02-18T23:46:30.107+0000] {dagbag.py:538} INFO - Filling up the DagBag from /home/airflow/.local/lib/python3.8/site-packages/airflow/example_dags/example_params_trigger_ui.py
[2024-02-18T23:46:30.164+0000] {processor.py:840} INFO - DAG(s) 'example_params_trigger_ui' retrieved from /home/airflow/.local/lib/python3.8/site-packages/airflow/example_dags/example_params_trigger_ui.py
[2024-02-18T23:46:30.625+0000] {logging_mixin.py:188} INFO - [2024-02-18T23:46:30.624+0000] {dag.py:3036} INFO - Sync 1 DAGs
[2024-02-18T23:46:30.671+0000] {logging_mixin.py:188} INFO - [2024-02-18T23:46:30.670+0000] {dag.py:3823} INFO - Setting next_dagrun for example_params_trigger_ui to None, run_after=None
[2024-02-18T23:46:30.737+0000] {processor.py:183} INFO - Processing /home/airflow/.local/lib/python3.8/site-packages/airflow/example_dags/example_params_trigger_ui.py took 0.662 seconds
[2024-02-18T23:47:01.496+0000] {processor.py:161} INFO - Started process (PID=472) to work on /home/airflow/.local/lib/python3.8/site-packages/airflow/example_dags/example_params_trigger_ui.py
[2024-02-18T23:47:01.500+0000] {processor.py:830} INFO - Processing file /home/airflow/.local/lib/python3.8/site-packages/airflow/example_dags/example_params_trigger_ui.py for tasks to queue
[2024-02-18T23:47:01.506+0000] {logging_mixin.py:188} INFO - [2024-02-18T23:47:01.503+0000] {dagbag.py:538} INFO - Filling up the DagBag from /home/airflow/.local/lib/python3.8/site-packages/airflow/example_dags/example_params_trigger_ui.py
[2024-02-18T23:47:01.570+0000] {processor.py:840} INFO - DAG(s) 'example_params_trigger_ui' retrieved from /home/airflow/.local/lib/python3.8/site-packages/airflow/example_dags/example_params_trigger_ui.py
[2024-02-18T23:47:01.855+0000] {logging_mixin.py:188} INFO - [2024-02-18T23:47:01.853+0000] {dag.py:3036} INFO - Sync 1 DAGs
[2024-02-18T23:47:01.899+0000] {logging_mixin.py:188} INFO - [2024-02-18T23:47:01.898+0000] {dag.py:3823} INFO - Setting next_dagrun for example_params_trigger_ui to None, run_after=None
[2024-02-18T23:47:01.986+0000] {processor.py:183} INFO - Processing /home/airflow/.local/lib/python3.8/site-packages/airflow/example_dags/example_params_trigger_ui.py took 0.502 seconds
[2024-02-18T23:52:08.657+0000] {processor.py:161} INFO - Started process (PID=771) to work on /home/airflow/.local/lib/python3.8/site-packages/airflow/example_dags/example_params_trigger_ui.py
[2024-02-18T23:52:08.660+0000] {processor.py:830} INFO - Processing file /home/airflow/.local/lib/python3.8/site-packages/airflow/example_dags/example_params_trigger_ui.py for tasks to queue
[2024-02-18T23:52:08.664+0000] {logging_mixin.py:188} INFO - [2024-02-18T23:52:08.663+0000] {dagbag.py:538} INFO - Filling up the DagBag from /home/airflow/.local/lib/python3.8/site-packages/airflow/example_dags/example_params_trigger_ui.py
[2024-02-18T23:52:08.705+0000] {processor.py:840} INFO - DAG(s) 'example_params_trigger_ui' retrieved from /home/airflow/.local/lib/python3.8/site-packages/airflow/example_dags/example_params_trigger_ui.py
[2024-02-18T23:52:08.886+0000] {logging_mixin.py:188} INFO - [2024-02-18T23:52:08.885+0000] {dag.py:3036} INFO - Sync 1 DAGs
[2024-02-18T23:52:08.941+0000] {logging_mixin.py:188} INFO - [2024-02-18T23:52:08.941+0000] {dag.py:3823} INFO - Setting next_dagrun for example_params_trigger_ui to None, run_after=None
[2024-02-18T23:52:08.998+0000] {processor.py:183} INFO - Processing /home/airflow/.local/lib/python3.8/site-packages/airflow/example_dags/example_params_trigger_ui.py took 0.351 seconds
[2024-02-18T23:52:39.164+0000] {processor.py:161} INFO - Started process (PID=1018) to work on /home/airflow/.local/lib/python3.8/site-packages/airflow/example_dags/example_params_trigger_ui.py
[2024-02-18T23:52:39.172+0000] {processor.py:830} INFO - Processing file /home/airflow/.local/lib/python3.8/site-packages/airflow/example_dags/example_params_trigger_ui.py for tasks to queue
[2024-02-18T23:52:39.176+0000] {logging_mixin.py:188} INFO - [2024-02-18T23:52:39.174+0000] {dagbag.py:538} INFO - Filling up the DagBag from /home/airflow/.local/lib/python3.8/site-packages/airflow/example_dags/example_params_trigger_ui.py
[2024-02-18T23:52:39.209+0000] {processor.py:840} INFO - DAG(s) 'example_params_trigger_ui' retrieved from /home/airflow/.local/lib/python3.8/site-packages/airflow/example_dags/example_params_trigger_ui.py
[2024-02-18T23:52:39.359+0000] {logging_mixin.py:188} INFO - [2024-02-18T23:52:39.358+0000] {dag.py:3036} INFO - Sync 1 DAGs
[2024-02-18T23:52:39.397+0000] {logging_mixin.py:188} INFO - [2024-02-18T23:52:39.396+0000] {dag.py:3823} INFO - Setting next_dagrun for example_params_trigger_ui to None, run_after=None
[2024-02-18T23:52:39.458+0000] {processor.py:183} INFO - Processing /home/airflow/.local/lib/python3.8/site-packages/airflow/example_dags/example_params_trigger_ui.py took 0.303 seconds
[2024-02-18T23:53:10.269+0000] {processor.py:161} INFO - Started process (PID=1267) to work on /home/airflow/.local/lib/python3.8/site-packages/airflow/example_dags/example_params_trigger_ui.py
[2024-02-18T23:53:10.274+0000] {processor.py:830} INFO - Processing file /home/airflow/.local/lib/python3.8/site-packages/airflow/example_dags/example_params_trigger_ui.py for tasks to queue
[2024-02-18T23:53:10.288+0000] {logging_mixin.py:188} INFO - [2024-02-18T23:53:10.288+0000] {dagbag.py:538} INFO - Filling up the DagBag from /home/airflow/.local/lib/python3.8/site-packages/airflow/example_dags/example_params_trigger_ui.py
[2024-02-18T23:53:10.341+0000] {processor.py:840} INFO - DAG(s) 'example_params_trigger_ui' retrieved from /home/airflow/.local/lib/python3.8/site-packages/airflow/example_dags/example_params_trigger_ui.py
[2024-02-18T23:53:10.641+0000] {logging_mixin.py:188} INFO - [2024-02-18T23:53:10.640+0000] {dag.py:3036} INFO - Sync 1 DAGs
[2024-02-18T23:53:10.691+0000] {logging_mixin.py:188} INFO - [2024-02-18T23:53:10.691+0000] {dag.py:3823} INFO - Setting next_dagrun for example_params_trigger_ui to None, run_after=None
[2024-02-18T23:53:10.785+0000] {processor.py:183} INFO - Processing /home/airflow/.local/lib/python3.8/site-packages/airflow/example_dags/example_params_trigger_ui.py took 0.527 seconds
[2024-02-18T23:53:41.508+0000] {processor.py:161} INFO - Started process (PID=1512) to work on /home/airflow/.local/lib/python3.8/site-packages/airflow/example_dags/example_params_trigger_ui.py
[2024-02-18T23:53:41.511+0000] {processor.py:830} INFO - Processing file /home/airflow/.local/lib/python3.8/site-packages/airflow/example_dags/example_params_trigger_ui.py for tasks to queue
[2024-02-18T23:53:41.514+0000] {logging_mixin.py:188} INFO - [2024-02-18T23:53:41.513+0000] {dagbag.py:538} INFO - Filling up the DagBag from /home/airflow/.local/lib/python3.8/site-packages/airflow/example_dags/example_params_trigger_ui.py
[2024-02-18T23:53:41.566+0000] {processor.py:840} INFO - DAG(s) 'example_params_trigger_ui' retrieved from /home/airflow/.local/lib/python3.8/site-packages/airflow/example_dags/example_params_trigger_ui.py
[2024-02-18T23:53:41.746+0000] {logging_mixin.py:188} INFO - [2024-02-18T23:53:41.745+0000] {dag.py:3036} INFO - Sync 1 DAGs
[2024-02-18T23:53:41.849+0000] {logging_mixin.py:188} INFO - [2024-02-18T23:53:41.848+0000] {dag.py:3823} INFO - Setting next_dagrun for example_params_trigger_ui to None, run_after=None
[2024-02-18T23:53:41.907+0000] {processor.py:183} INFO - Processing /home/airflow/.local/lib/python3.8/site-packages/airflow/example_dags/example_params_trigger_ui.py took 0.411 seconds
[2024-02-18T23:54:12.651+0000] {processor.py:161} INFO - Started process (PID=1759) to work on /home/airflow/.local/lib/python3.8/site-packages/airflow/example_dags/example_params_trigger_ui.py
[2024-02-18T23:54:12.671+0000] {processor.py:830} INFO - Processing file /home/airflow/.local/lib/python3.8/site-packages/airflow/example_dags/example_params_trigger_ui.py for tasks to queue
[2024-02-18T23:54:12.681+0000] {logging_mixin.py:188} INFO - [2024-02-18T23:54:12.680+0000] {dagbag.py:538} INFO - Filling up the DagBag from /home/airflow/.local/lib/python3.8/site-packages/airflow/example_dags/example_params_trigger_ui.py
[2024-02-18T23:54:12.741+0000] {processor.py:840} INFO - DAG(s) 'example_params_trigger_ui' retrieved from /home/airflow/.local/lib/python3.8/site-packages/airflow/example_dags/example_params_trigger_ui.py
[2024-02-18T23:54:12.945+0000] {logging_mixin.py:188} INFO - [2024-02-18T23:54:12.945+0000] {dag.py:3036} INFO - Sync 1 DAGs
[2024-02-18T23:54:12.986+0000] {logging_mixin.py:188} INFO - [2024-02-18T23:54:12.985+0000] {dag.py:3823} INFO - Setting next_dagrun for example_params_trigger_ui to None, run_after=None
[2024-02-18T23:54:13.092+0000] {processor.py:183} INFO - Processing /home/airflow/.local/lib/python3.8/site-packages/airflow/example_dags/example_params_trigger_ui.py took 0.457 seconds
[2024-02-18T23:54:43.564+0000] {processor.py:161} INFO - Started process (PID=2006) to work on /home/airflow/.local/lib/python3.8/site-packages/airflow/example_dags/example_params_trigger_ui.py
[2024-02-18T23:54:43.566+0000] {processor.py:830} INFO - Processing file /home/airflow/.local/lib/python3.8/site-packages/airflow/example_dags/example_params_trigger_ui.py for tasks to queue
[2024-02-18T23:54:43.569+0000] {logging_mixin.py:188} INFO - [2024-02-18T23:54:43.568+0000] {dagbag.py:538} INFO - Filling up the DagBag from /home/airflow/.local/lib/python3.8/site-packages/airflow/example_dags/example_params_trigger_ui.py
[2024-02-18T23:54:43.604+0000] {processor.py:840} INFO - DAG(s) 'example_params_trigger_ui' retrieved from /home/airflow/.local/lib/python3.8/site-packages/airflow/example_dags/example_params_trigger_ui.py
[2024-02-18T23:54:43.777+0000] {logging_mixin.py:188} INFO - [2024-02-18T23:54:43.776+0000] {dag.py:3036} INFO - Sync 1 DAGs
[2024-02-18T23:54:43.810+0000] {logging_mixin.py:188} INFO - [2024-02-18T23:54:43.810+0000] {dag.py:3823} INFO - Setting next_dagrun for example_params_trigger_ui to None, run_after=None
[2024-02-18T23:54:43.886+0000] {processor.py:183} INFO - Processing /home/airflow/.local/lib/python3.8/site-packages/airflow/example_dags/example_params_trigger_ui.py took 0.330 seconds
[2024-02-18T23:55:14.213+0000] {processor.py:161} INFO - Started process (PID=2255) to work on /home/airflow/.local/lib/python3.8/site-packages/airflow/example_dags/example_params_trigger_ui.py
[2024-02-18T23:55:14.224+0000] {processor.py:830} INFO - Processing file /home/airflow/.local/lib/python3.8/site-packages/airflow/example_dags/example_params_trigger_ui.py for tasks to queue
[2024-02-18T23:55:14.231+0000] {logging_mixin.py:188} INFO - [2024-02-18T23:55:14.229+0000] {dagbag.py:538} INFO - Filling up the DagBag from /home/airflow/.local/lib/python3.8/site-packages/airflow/example_dags/example_params_trigger_ui.py
[2024-02-18T23:55:14.274+0000] {processor.py:840} INFO - DAG(s) 'example_params_trigger_ui' retrieved from /home/airflow/.local/lib/python3.8/site-packages/airflow/example_dags/example_params_trigger_ui.py
[2024-02-18T23:55:14.445+0000] {logging_mixin.py:188} INFO - [2024-02-18T23:55:14.444+0000] {dag.py:3036} INFO - Sync 1 DAGs
[2024-02-18T23:55:14.481+0000] {logging_mixin.py:188} INFO - [2024-02-18T23:55:14.481+0000] {dag.py:3823} INFO - Setting next_dagrun for example_params_trigger_ui to None, run_after=None
[2024-02-18T23:55:14.544+0000] {processor.py:183} INFO - Processing /home/airflow/.local/lib/python3.8/site-packages/airflow/example_dags/example_params_trigger_ui.py took 0.343 seconds
[2024-02-18T23:55:45.023+0000] {processor.py:161} INFO - Started process (PID=2502) to work on /home/airflow/.local/lib/python3.8/site-packages/airflow/example_dags/example_params_trigger_ui.py
[2024-02-18T23:55:45.030+0000] {processor.py:830} INFO - Processing file /home/airflow/.local/lib/python3.8/site-packages/airflow/example_dags/example_params_trigger_ui.py for tasks to queue
[2024-02-18T23:55:45.048+0000] {logging_mixin.py:188} INFO - [2024-02-18T23:55:45.041+0000] {dagbag.py:538} INFO - Filling up the DagBag from /home/airflow/.local/lib/python3.8/site-packages/airflow/example_dags/example_params_trigger_ui.py
[2024-02-18T23:55:45.093+0000] {processor.py:840} INFO - DAG(s) 'example_params_trigger_ui' retrieved from /home/airflow/.local/lib/python3.8/site-packages/airflow/example_dags/example_params_trigger_ui.py
[2024-02-18T23:55:45.257+0000] {logging_mixin.py:188} INFO - [2024-02-18T23:55:45.256+0000] {dag.py:3036} INFO - Sync 1 DAGs
[2024-02-18T23:55:45.301+0000] {logging_mixin.py:188} INFO - [2024-02-18T23:55:45.299+0000] {dag.py:3823} INFO - Setting next_dagrun for example_params_trigger_ui to None, run_after=None
[2024-02-18T23:55:45.360+0000] {processor.py:183} INFO - Processing /home/airflow/.local/lib/python3.8/site-packages/airflow/example_dags/example_params_trigger_ui.py took 0.346 seconds
[2024-02-18T23:56:15.504+0000] {processor.py:161} INFO - Started process (PID=2749) to work on /home/airflow/.local/lib/python3.8/site-packages/airflow/example_dags/example_params_trigger_ui.py
[2024-02-18T23:56:15.507+0000] {processor.py:830} INFO - Processing file /home/airflow/.local/lib/python3.8/site-packages/airflow/example_dags/example_params_trigger_ui.py for tasks to queue
[2024-02-18T23:56:15.512+0000] {logging_mixin.py:188} INFO - [2024-02-18T23:56:15.511+0000] {dagbag.py:538} INFO - Filling up the DagBag from /home/airflow/.local/lib/python3.8/site-packages/airflow/example_dags/example_params_trigger_ui.py
[2024-02-18T23:56:15.564+0000] {processor.py:840} INFO - DAG(s) 'example_params_trigger_ui' retrieved from /home/airflow/.local/lib/python3.8/site-packages/airflow/example_dags/example_params_trigger_ui.py
[2024-02-18T23:56:15.750+0000] {logging_mixin.py:188} INFO - [2024-02-18T23:56:15.749+0000] {dag.py:3036} INFO - Sync 1 DAGs
[2024-02-18T23:56:15.809+0000] {logging_mixin.py:188} INFO - [2024-02-18T23:56:15.808+0000] {dag.py:3823} INFO - Setting next_dagrun for example_params_trigger_ui to None, run_after=None
[2024-02-18T23:56:15.871+0000] {processor.py:183} INFO - Processing /home/airflow/.local/lib/python3.8/site-packages/airflow/example_dags/example_params_trigger_ui.py took 0.377 seconds
[2024-02-18T23:56:45.976+0000] {processor.py:161} INFO - Started process (PID=2996) to work on /home/airflow/.local/lib/python3.8/site-packages/airflow/example_dags/example_params_trigger_ui.py
[2024-02-18T23:56:45.978+0000] {processor.py:830} INFO - Processing file /home/airflow/.local/lib/python3.8/site-packages/airflow/example_dags/example_params_trigger_ui.py for tasks to queue
[2024-02-18T23:56:45.983+0000] {logging_mixin.py:188} INFO - [2024-02-18T23:56:45.982+0000] {dagbag.py:538} INFO - Filling up the DagBag from /home/airflow/.local/lib/python3.8/site-packages/airflow/example_dags/example_params_trigger_ui.py
[2024-02-18T23:56:46.016+0000] {processor.py:840} INFO - DAG(s) 'example_params_trigger_ui' retrieved from /home/airflow/.local/lib/python3.8/site-packages/airflow/example_dags/example_params_trigger_ui.py
[2024-02-18T23:56:46.173+0000] {logging_mixin.py:188} INFO - [2024-02-18T23:56:46.172+0000] {dag.py:3036} INFO - Sync 1 DAGs
[2024-02-18T23:56:46.200+0000] {logging_mixin.py:188} INFO - [2024-02-18T23:56:46.200+0000] {dag.py:3823} INFO - Setting next_dagrun for example_params_trigger_ui to None, run_after=None
[2024-02-18T23:56:46.247+0000] {processor.py:183} INFO - Processing /home/airflow/.local/lib/python3.8/site-packages/airflow/example_dags/example_params_trigger_ui.py took 0.279 seconds
[2024-02-18T23:57:16.360+0000] {processor.py:161} INFO - Started process (PID=3243) to work on /home/airflow/.local/lib/python3.8/site-packages/airflow/example_dags/example_params_trigger_ui.py
[2024-02-18T23:57:16.362+0000] {processor.py:830} INFO - Processing file /home/airflow/.local/lib/python3.8/site-packages/airflow/example_dags/example_params_trigger_ui.py for tasks to queue
[2024-02-18T23:57:16.365+0000] {logging_mixin.py:188} INFO - [2024-02-18T23:57:16.364+0000] {dagbag.py:538} INFO - Filling up the DagBag from /home/airflow/.local/lib/python3.8/site-packages/airflow/example_dags/example_params_trigger_ui.py
[2024-02-18T23:57:16.399+0000] {processor.py:840} INFO - DAG(s) 'example_params_trigger_ui' retrieved from /home/airflow/.local/lib/python3.8/site-packages/airflow/example_dags/example_params_trigger_ui.py
[2024-02-18T23:57:16.569+0000] {logging_mixin.py:188} INFO - [2024-02-18T23:57:16.568+0000] {dag.py:3036} INFO - Sync 1 DAGs
[2024-02-18T23:57:16.597+0000] {logging_mixin.py:188} INFO - [2024-02-18T23:57:16.597+0000] {dag.py:3823} INFO - Setting next_dagrun for example_params_trigger_ui to None, run_after=None
[2024-02-18T23:57:16.635+0000] {processor.py:183} INFO - Processing /home/airflow/.local/lib/python3.8/site-packages/airflow/example_dags/example_params_trigger_ui.py took 0.282 seconds
[2024-02-18T23:57:47.298+0000] {processor.py:161} INFO - Started process (PID=3489) to work on /home/airflow/.local/lib/python3.8/site-packages/airflow/example_dags/example_params_trigger_ui.py
[2024-02-18T23:57:47.303+0000] {processor.py:830} INFO - Processing file /home/airflow/.local/lib/python3.8/site-packages/airflow/example_dags/example_params_trigger_ui.py for tasks to queue
[2024-02-18T23:57:47.310+0000] {logging_mixin.py:188} INFO - [2024-02-18T23:57:47.308+0000] {dagbag.py:538} INFO - Filling up the DagBag from /home/airflow/.local/lib/python3.8/site-packages/airflow/example_dags/example_params_trigger_ui.py
[2024-02-18T23:57:47.352+0000] {processor.py:840} INFO - DAG(s) 'example_params_trigger_ui' retrieved from /home/airflow/.local/lib/python3.8/site-packages/airflow/example_dags/example_params_trigger_ui.py
[2024-02-18T23:57:47.474+0000] {logging_mixin.py:188} INFO - [2024-02-18T23:57:47.474+0000] {dag.py:3036} INFO - Sync 1 DAGs
[2024-02-18T23:57:47.501+0000] {logging_mixin.py:188} INFO - [2024-02-18T23:57:47.500+0000] {dag.py:3823} INFO - Setting next_dagrun for example_params_trigger_ui to None, run_after=None
[2024-02-18T23:57:47.535+0000] {processor.py:183} INFO - Processing /home/airflow/.local/lib/python3.8/site-packages/airflow/example_dags/example_params_trigger_ui.py took 0.246 seconds
[2024-02-18T23:58:17.744+0000] {processor.py:161} INFO - Started process (PID=3736) to work on /home/airflow/.local/lib/python3.8/site-packages/airflow/example_dags/example_params_trigger_ui.py
[2024-02-18T23:58:17.746+0000] {processor.py:830} INFO - Processing file /home/airflow/.local/lib/python3.8/site-packages/airflow/example_dags/example_params_trigger_ui.py for tasks to queue
[2024-02-18T23:58:17.750+0000] {logging_mixin.py:188} INFO - [2024-02-18T23:58:17.749+0000] {dagbag.py:538} INFO - Filling up the DagBag from /home/airflow/.local/lib/python3.8/site-packages/airflow/example_dags/example_params_trigger_ui.py
[2024-02-18T23:58:17.787+0000] {processor.py:840} INFO - DAG(s) 'example_params_trigger_ui' retrieved from /home/airflow/.local/lib/python3.8/site-packages/airflow/example_dags/example_params_trigger_ui.py
[2024-02-18T23:58:17.939+0000] {logging_mixin.py:188} INFO - [2024-02-18T23:58:17.938+0000] {dag.py:3036} INFO - Sync 1 DAGs
[2024-02-18T23:58:17.984+0000] {logging_mixin.py:188} INFO - [2024-02-18T23:58:17.982+0000] {dag.py:3823} INFO - Setting next_dagrun for example_params_trigger_ui to None, run_after=None
[2024-02-18T23:58:18.026+0000] {processor.py:183} INFO - Processing /home/airflow/.local/lib/python3.8/site-packages/airflow/example_dags/example_params_trigger_ui.py took 0.290 seconds
[2024-02-18T23:58:48.793+0000] {processor.py:161} INFO - Started process (PID=3983) to work on /home/airflow/.local/lib/python3.8/site-packages/airflow/example_dags/example_params_trigger_ui.py
[2024-02-18T23:58:48.795+0000] {processor.py:830} INFO - Processing file /home/airflow/.local/lib/python3.8/site-packages/airflow/example_dags/example_params_trigger_ui.py for tasks to queue
[2024-02-18T23:58:48.800+0000] {logging_mixin.py:188} INFO - [2024-02-18T23:58:48.799+0000] {dagbag.py:538} INFO - Filling up the DagBag from /home/airflow/.local/lib/python3.8/site-packages/airflow/example_dags/example_params_trigger_ui.py
[2024-02-18T23:58:48.837+0000] {processor.py:840} INFO - DAG(s) 'example_params_trigger_ui' retrieved from /home/airflow/.local/lib/python3.8/site-packages/airflow/example_dags/example_params_trigger_ui.py
[2024-02-18T23:58:49.229+0000] {logging_mixin.py:188} INFO - [2024-02-18T23:58:49.229+0000] {dag.py:3036} INFO - Sync 1 DAGs
[2024-02-18T23:58:49.306+0000] {logging_mixin.py:188} INFO - [2024-02-18T23:58:49.306+0000] {dag.py:3823} INFO - Setting next_dagrun for example_params_trigger_ui to None, run_after=None
[2024-02-18T23:58:49.428+0000] {processor.py:183} INFO - Processing /home/airflow/.local/lib/python3.8/site-packages/airflow/example_dags/example_params_trigger_ui.py took 0.642 seconds
[2024-02-18T23:59:20.237+0000] {processor.py:161} INFO - Started process (PID=4230) to work on /home/airflow/.local/lib/python3.8/site-packages/airflow/example_dags/example_params_trigger_ui.py
[2024-02-18T23:59:20.251+0000] {processor.py:830} INFO - Processing file /home/airflow/.local/lib/python3.8/site-packages/airflow/example_dags/example_params_trigger_ui.py for tasks to queue
[2024-02-18T23:59:20.254+0000] {logging_mixin.py:188} INFO - [2024-02-18T23:59:20.253+0000] {dagbag.py:538} INFO - Filling up the DagBag from /home/airflow/.local/lib/python3.8/site-packages/airflow/example_dags/example_params_trigger_ui.py
[2024-02-18T23:59:20.342+0000] {processor.py:840} INFO - DAG(s) 'example_params_trigger_ui' retrieved from /home/airflow/.local/lib/python3.8/site-packages/airflow/example_dags/example_params_trigger_ui.py
[2024-02-18T23:59:20.731+0000] {logging_mixin.py:188} INFO - [2024-02-18T23:59:20.729+0000] {dag.py:3036} INFO - Sync 1 DAGs
[2024-02-18T23:59:20.810+0000] {logging_mixin.py:188} INFO - [2024-02-18T23:59:20.809+0000] {dag.py:3823} INFO - Setting next_dagrun for example_params_trigger_ui to None, run_after=None
[2024-02-18T23:59:20.896+0000] {processor.py:183} INFO - Processing /home/airflow/.local/lib/python3.8/site-packages/airflow/example_dags/example_params_trigger_ui.py took 0.667 seconds
[2024-02-18T23:59:51.079+0000] {processor.py:161} INFO - Started process (PID=4477) to work on /home/airflow/.local/lib/python3.8/site-packages/airflow/example_dags/example_params_trigger_ui.py
[2024-02-18T23:59:51.083+0000] {processor.py:830} INFO - Processing file /home/airflow/.local/lib/python3.8/site-packages/airflow/example_dags/example_params_trigger_ui.py for tasks to queue
[2024-02-18T23:59:51.086+0000] {logging_mixin.py:188} INFO - [2024-02-18T23:59:51.085+0000] {dagbag.py:538} INFO - Filling up the DagBag from /home/airflow/.local/lib/python3.8/site-packages/airflow/example_dags/example_params_trigger_ui.py
[2024-02-18T23:59:51.131+0000] {processor.py:840} INFO - DAG(s) 'example_params_trigger_ui' retrieved from /home/airflow/.local/lib/python3.8/site-packages/airflow/example_dags/example_params_trigger_ui.py
[2024-02-18T23:59:51.311+0000] {logging_mixin.py:188} INFO - [2024-02-18T23:59:51.310+0000] {dag.py:3036} INFO - Sync 1 DAGs
[2024-02-18T23:59:51.356+0000] {logging_mixin.py:188} INFO - [2024-02-18T23:59:51.356+0000] {dag.py:3823} INFO - Setting next_dagrun for example_params_trigger_ui to None, run_after=None
[2024-02-18T23:59:51.511+0000] {processor.py:183} INFO - Processing /home/airflow/.local/lib/python3.8/site-packages/airflow/example_dags/example_params_trigger_ui.py took 0.444 seconds
