[2024-02-18T23:46:40.270+0000] {processor.py:161} INFO - Started process (PID=364) to work on /home/airflow/.local/lib/python3.8/site-packages/airflow/example_dags/example_python_decorator.py
[2024-02-18T23:46:40.273+0000] {processor.py:830} INFO - Processing file /home/airflow/.local/lib/python3.8/site-packages/airflow/example_dags/example_python_decorator.py for tasks to queue
[2024-02-18T23:46:40.278+0000] {logging_mixin.py:188} INFO - [2024-02-18T23:46:40.277+0000] {dagbag.py:538} INFO - Filling up the DagBag from /home/airflow/.local/lib/python3.8/site-packages/airflow/example_dags/example_python_decorator.py
[2024-02-18T23:46:40.317+0000] {processor.py:840} INFO - DAG(s) 'example_python_decorator' retrieved from /home/airflow/.local/lib/python3.8/site-packages/airflow/example_dags/example_python_decorator.py
[2024-02-18T23:46:40.599+0000] {logging_mixin.py:188} INFO - [2024-02-18T23:46:40.599+0000] {dag.py:3036} INFO - Sync 1 DAGs
[2024-02-18T23:46:40.645+0000] {logging_mixin.py:188} INFO - [2024-02-18T23:46:40.644+0000] {dag.py:3823} INFO - Setting next_dagrun for example_python_decorator to None, run_after=None
[2024-02-18T23:46:40.702+0000] {processor.py:183} INFO - Processing /home/airflow/.local/lib/python3.8/site-packages/airflow/example_dags/example_python_decorator.py took 0.442 seconds
[2024-02-18T23:47:10.907+0000] {processor.py:161} INFO - Started process (PID=610) to work on /home/airflow/.local/lib/python3.8/site-packages/airflow/example_dags/example_python_decorator.py
[2024-02-18T23:47:10.909+0000] {processor.py:830} INFO - Processing file /home/airflow/.local/lib/python3.8/site-packages/airflow/example_dags/example_python_decorator.py for tasks to queue
[2024-02-18T23:47:10.913+0000] {logging_mixin.py:188} INFO - [2024-02-18T23:47:10.912+0000] {dagbag.py:538} INFO - Filling up the DagBag from /home/airflow/.local/lib/python3.8/site-packages/airflow/example_dags/example_python_decorator.py
[2024-02-18T23:47:10.943+0000] {processor.py:840} INFO - DAG(s) 'example_python_decorator' retrieved from /home/airflow/.local/lib/python3.8/site-packages/airflow/example_dags/example_python_decorator.py
[2024-02-18T23:47:11.010+0000] {logging_mixin.py:188} INFO - [2024-02-18T23:47:11.009+0000] {dag.py:3036} INFO - Sync 1 DAGs
[2024-02-18T23:47:11.066+0000] {logging_mixin.py:188} INFO - [2024-02-18T23:47:11.065+0000] {dag.py:3823} INFO - Setting next_dagrun for example_python_decorator to None, run_after=None
[2024-02-18T23:47:11.135+0000] {processor.py:183} INFO - Processing /home/airflow/.local/lib/python3.8/site-packages/airflow/example_dags/example_python_decorator.py took 0.238 seconds
[2024-02-18T23:52:16.061+0000] {processor.py:161} INFO - Started process (PID=911) to work on /home/airflow/.local/lib/python3.8/site-packages/airflow/example_dags/example_python_decorator.py
[2024-02-18T23:52:16.064+0000] {processor.py:830} INFO - Processing file /home/airflow/.local/lib/python3.8/site-packages/airflow/example_dags/example_python_decorator.py for tasks to queue
[2024-02-18T23:52:16.070+0000] {logging_mixin.py:188} INFO - [2024-02-18T23:52:16.070+0000] {dagbag.py:538} INFO - Filling up the DagBag from /home/airflow/.local/lib/python3.8/site-packages/airflow/example_dags/example_python_decorator.py
[2024-02-18T23:52:16.113+0000] {processor.py:840} INFO - DAG(s) 'example_python_decorator' retrieved from /home/airflow/.local/lib/python3.8/site-packages/airflow/example_dags/example_python_decorator.py
[2024-02-18T23:52:16.182+0000] {logging_mixin.py:188} INFO - [2024-02-18T23:52:16.182+0000] {dag.py:3036} INFO - Sync 1 DAGs
[2024-02-18T23:52:16.228+0000] {logging_mixin.py:188} INFO - [2024-02-18T23:52:16.228+0000] {dag.py:3823} INFO - Setting next_dagrun for example_python_decorator to None, run_after=None
[2024-02-18T23:52:16.286+0000] {processor.py:183} INFO - Processing /home/airflow/.local/lib/python3.8/site-packages/airflow/example_dags/example_python_decorator.py took 0.235 seconds
[2024-02-18T23:52:48.424+0000] {processor.py:161} INFO - Started process (PID=1158) to work on /home/airflow/.local/lib/python3.8/site-packages/airflow/example_dags/example_python_decorator.py
[2024-02-18T23:52:48.428+0000] {processor.py:830} INFO - Processing file /home/airflow/.local/lib/python3.8/site-packages/airflow/example_dags/example_python_decorator.py for tasks to queue
[2024-02-18T23:52:48.431+0000] {logging_mixin.py:188} INFO - [2024-02-18T23:52:48.430+0000] {dagbag.py:538} INFO - Filling up the DagBag from /home/airflow/.local/lib/python3.8/site-packages/airflow/example_dags/example_python_decorator.py
[2024-02-18T23:52:48.497+0000] {processor.py:840} INFO - DAG(s) 'example_python_decorator' retrieved from /home/airflow/.local/lib/python3.8/site-packages/airflow/example_dags/example_python_decorator.py
[2024-02-18T23:52:48.639+0000] {logging_mixin.py:188} INFO - [2024-02-18T23:52:48.637+0000] {dag.py:3036} INFO - Sync 1 DAGs
[2024-02-18T23:52:48.729+0000] {logging_mixin.py:188} INFO - [2024-02-18T23:52:48.727+0000] {dag.py:3823} INFO - Setting next_dagrun for example_python_decorator to None, run_after=None
[2024-02-18T23:52:48.877+0000] {processor.py:183} INFO - Processing /home/airflow/.local/lib/python3.8/site-packages/airflow/example_dags/example_python_decorator.py took 0.464 seconds
[2024-02-18T23:53:19.411+0000] {processor.py:161} INFO - Started process (PID=1405) to work on /home/airflow/.local/lib/python3.8/site-packages/airflow/example_dags/example_python_decorator.py
[2024-02-18T23:53:19.417+0000] {processor.py:830} INFO - Processing file /home/airflow/.local/lib/python3.8/site-packages/airflow/example_dags/example_python_decorator.py for tasks to queue
[2024-02-18T23:53:19.421+0000] {logging_mixin.py:188} INFO - [2024-02-18T23:53:19.419+0000] {dagbag.py:538} INFO - Filling up the DagBag from /home/airflow/.local/lib/python3.8/site-packages/airflow/example_dags/example_python_decorator.py
[2024-02-18T23:53:19.454+0000] {processor.py:840} INFO - DAG(s) 'example_python_decorator' retrieved from /home/airflow/.local/lib/python3.8/site-packages/airflow/example_dags/example_python_decorator.py
[2024-02-18T23:53:19.520+0000] {logging_mixin.py:188} INFO - [2024-02-18T23:53:19.519+0000] {dag.py:3036} INFO - Sync 1 DAGs
[2024-02-18T23:53:19.556+0000] {logging_mixin.py:188} INFO - [2024-02-18T23:53:19.556+0000] {dag.py:3823} INFO - Setting next_dagrun for example_python_decorator to None, run_after=None
[2024-02-18T23:53:19.622+0000] {processor.py:183} INFO - Processing /home/airflow/.local/lib/python3.8/site-packages/airflow/example_dags/example_python_decorator.py took 0.222 seconds
[2024-02-18T23:53:49.944+0000] {processor.py:161} INFO - Started process (PID=1649) to work on /home/airflow/.local/lib/python3.8/site-packages/airflow/example_dags/example_python_decorator.py
[2024-02-18T23:53:49.948+0000] {processor.py:830} INFO - Processing file /home/airflow/.local/lib/python3.8/site-packages/airflow/example_dags/example_python_decorator.py for tasks to queue
[2024-02-18T23:53:49.953+0000] {logging_mixin.py:188} INFO - [2024-02-18T23:53:49.952+0000] {dagbag.py:538} INFO - Filling up the DagBag from /home/airflow/.local/lib/python3.8/site-packages/airflow/example_dags/example_python_decorator.py
[2024-02-18T23:53:49.996+0000] {processor.py:840} INFO - DAG(s) 'example_python_decorator' retrieved from /home/airflow/.local/lib/python3.8/site-packages/airflow/example_dags/example_python_decorator.py
[2024-02-18T23:53:50.049+0000] {logging_mixin.py:188} INFO - [2024-02-18T23:53:50.048+0000] {dag.py:3036} INFO - Sync 1 DAGs
[2024-02-18T23:53:50.079+0000] {logging_mixin.py:188} INFO - [2024-02-18T23:53:50.078+0000] {dag.py:3823} INFO - Setting next_dagrun for example_python_decorator to None, run_after=None
[2024-02-18T23:53:50.119+0000] {processor.py:183} INFO - Processing /home/airflow/.local/lib/python3.8/site-packages/airflow/example_dags/example_python_decorator.py took 0.190 seconds
[2024-02-18T23:54:20.205+0000] {processor.py:161} INFO - Started process (PID=1896) to work on /home/airflow/.local/lib/python3.8/site-packages/airflow/example_dags/example_python_decorator.py
[2024-02-18T23:54:20.207+0000] {processor.py:830} INFO - Processing file /home/airflow/.local/lib/python3.8/site-packages/airflow/example_dags/example_python_decorator.py for tasks to queue
[2024-02-18T23:54:20.211+0000] {logging_mixin.py:188} INFO - [2024-02-18T23:54:20.210+0000] {dagbag.py:538} INFO - Filling up the DagBag from /home/airflow/.local/lib/python3.8/site-packages/airflow/example_dags/example_python_decorator.py
[2024-02-18T23:54:20.245+0000] {processor.py:840} INFO - DAG(s) 'example_python_decorator' retrieved from /home/airflow/.local/lib/python3.8/site-packages/airflow/example_dags/example_python_decorator.py
[2024-02-18T23:54:20.294+0000] {logging_mixin.py:188} INFO - [2024-02-18T23:54:20.294+0000] {dag.py:3036} INFO - Sync 1 DAGs
[2024-02-18T23:54:20.330+0000] {logging_mixin.py:188} INFO - [2024-02-18T23:54:20.330+0000] {dag.py:3823} INFO - Setting next_dagrun for example_python_decorator to None, run_after=None
[2024-02-18T23:54:20.385+0000] {processor.py:183} INFO - Processing /home/airflow/.local/lib/python3.8/site-packages/airflow/example_dags/example_python_decorator.py took 0.188 seconds
[2024-02-18T23:54:51.039+0000] {processor.py:161} INFO - Started process (PID=2143) to work on /home/airflow/.local/lib/python3.8/site-packages/airflow/example_dags/example_python_decorator.py
[2024-02-18T23:54:51.042+0000] {processor.py:830} INFO - Processing file /home/airflow/.local/lib/python3.8/site-packages/airflow/example_dags/example_python_decorator.py for tasks to queue
[2024-02-18T23:54:51.046+0000] {logging_mixin.py:188} INFO - [2024-02-18T23:54:51.045+0000] {dagbag.py:538} INFO - Filling up the DagBag from /home/airflow/.local/lib/python3.8/site-packages/airflow/example_dags/example_python_decorator.py
[2024-02-18T23:54:51.078+0000] {processor.py:840} INFO - DAG(s) 'example_python_decorator' retrieved from /home/airflow/.local/lib/python3.8/site-packages/airflow/example_dags/example_python_decorator.py
[2024-02-18T23:54:51.128+0000] {logging_mixin.py:188} INFO - [2024-02-18T23:54:51.128+0000] {dag.py:3036} INFO - Sync 1 DAGs
[2024-02-18T23:54:51.161+0000] {logging_mixin.py:188} INFO - [2024-02-18T23:54:51.160+0000] {dag.py:3823} INFO - Setting next_dagrun for example_python_decorator to None, run_after=None
[2024-02-18T23:54:51.209+0000] {processor.py:183} INFO - Processing /home/airflow/.local/lib/python3.8/site-packages/airflow/example_dags/example_python_decorator.py took 0.178 seconds
[2024-02-18T23:55:21.503+0000] {processor.py:161} INFO - Started process (PID=2390) to work on /home/airflow/.local/lib/python3.8/site-packages/airflow/example_dags/example_python_decorator.py
[2024-02-18T23:55:21.510+0000] {processor.py:830} INFO - Processing file /home/airflow/.local/lib/python3.8/site-packages/airflow/example_dags/example_python_decorator.py for tasks to queue
[2024-02-18T23:55:21.517+0000] {logging_mixin.py:188} INFO - [2024-02-18T23:55:21.516+0000] {dagbag.py:538} INFO - Filling up the DagBag from /home/airflow/.local/lib/python3.8/site-packages/airflow/example_dags/example_python_decorator.py
[2024-02-18T23:55:21.552+0000] {processor.py:840} INFO - DAG(s) 'example_python_decorator' retrieved from /home/airflow/.local/lib/python3.8/site-packages/airflow/example_dags/example_python_decorator.py
[2024-02-18T23:55:21.609+0000] {logging_mixin.py:188} INFO - [2024-02-18T23:55:21.608+0000] {dag.py:3036} INFO - Sync 1 DAGs
[2024-02-18T23:55:21.648+0000] {logging_mixin.py:188} INFO - [2024-02-18T23:55:21.648+0000] {dag.py:3823} INFO - Setting next_dagrun for example_python_decorator to None, run_after=None
[2024-02-18T23:55:21.703+0000] {processor.py:183} INFO - Processing /home/airflow/.local/lib/python3.8/site-packages/airflow/example_dags/example_python_decorator.py took 0.212 seconds
[2024-02-18T23:55:51.851+0000] {processor.py:161} INFO - Started process (PID=2637) to work on /home/airflow/.local/lib/python3.8/site-packages/airflow/example_dags/example_python_decorator.py
[2024-02-18T23:55:51.854+0000] {processor.py:830} INFO - Processing file /home/airflow/.local/lib/python3.8/site-packages/airflow/example_dags/example_python_decorator.py for tasks to queue
[2024-02-18T23:55:51.858+0000] {logging_mixin.py:188} INFO - [2024-02-18T23:55:51.856+0000] {dagbag.py:538} INFO - Filling up the DagBag from /home/airflow/.local/lib/python3.8/site-packages/airflow/example_dags/example_python_decorator.py
[2024-02-18T23:55:51.884+0000] {processor.py:840} INFO - DAG(s) 'example_python_decorator' retrieved from /home/airflow/.local/lib/python3.8/site-packages/airflow/example_dags/example_python_decorator.py
[2024-02-18T23:55:51.934+0000] {logging_mixin.py:188} INFO - [2024-02-18T23:55:51.934+0000] {dag.py:3036} INFO - Sync 1 DAGs
[2024-02-18T23:55:51.956+0000] {logging_mixin.py:188} INFO - [2024-02-18T23:55:51.955+0000] {dag.py:3823} INFO - Setting next_dagrun for example_python_decorator to None, run_after=None
[2024-02-18T23:55:51.997+0000] {processor.py:183} INFO - Processing /home/airflow/.local/lib/python3.8/site-packages/airflow/example_dags/example_python_decorator.py took 0.157 seconds
[2024-02-18T23:56:22.201+0000] {processor.py:161} INFO - Started process (PID=2884) to work on /home/airflow/.local/lib/python3.8/site-packages/airflow/example_dags/example_python_decorator.py
[2024-02-18T23:56:22.202+0000] {processor.py:830} INFO - Processing file /home/airflow/.local/lib/python3.8/site-packages/airflow/example_dags/example_python_decorator.py for tasks to queue
[2024-02-18T23:56:22.205+0000] {logging_mixin.py:188} INFO - [2024-02-18T23:56:22.204+0000] {dagbag.py:538} INFO - Filling up the DagBag from /home/airflow/.local/lib/python3.8/site-packages/airflow/example_dags/example_python_decorator.py
[2024-02-18T23:56:22.231+0000] {processor.py:840} INFO - DAG(s) 'example_python_decorator' retrieved from /home/airflow/.local/lib/python3.8/site-packages/airflow/example_dags/example_python_decorator.py
[2024-02-18T23:56:22.278+0000] {logging_mixin.py:188} INFO - [2024-02-18T23:56:22.278+0000] {dag.py:3036} INFO - Sync 1 DAGs
[2024-02-18T23:56:22.306+0000] {logging_mixin.py:188} INFO - [2024-02-18T23:56:22.306+0000] {dag.py:3823} INFO - Setting next_dagrun for example_python_decorator to None, run_after=None
[2024-02-18T23:56:22.354+0000] {processor.py:183} INFO - Processing /home/airflow/.local/lib/python3.8/site-packages/airflow/example_dags/example_python_decorator.py took 0.159 seconds
[2024-02-18T23:56:52.765+0000] {processor.py:161} INFO - Started process (PID=3131) to work on /home/airflow/.local/lib/python3.8/site-packages/airflow/example_dags/example_python_decorator.py
[2024-02-18T23:56:52.769+0000] {processor.py:830} INFO - Processing file /home/airflow/.local/lib/python3.8/site-packages/airflow/example_dags/example_python_decorator.py for tasks to queue
[2024-02-18T23:56:52.772+0000] {logging_mixin.py:188} INFO - [2024-02-18T23:56:52.771+0000] {dagbag.py:538} INFO - Filling up the DagBag from /home/airflow/.local/lib/python3.8/site-packages/airflow/example_dags/example_python_decorator.py
[2024-02-18T23:56:52.800+0000] {processor.py:840} INFO - DAG(s) 'example_python_decorator' retrieved from /home/airflow/.local/lib/python3.8/site-packages/airflow/example_dags/example_python_decorator.py
[2024-02-18T23:56:52.843+0000] {logging_mixin.py:188} INFO - [2024-02-18T23:56:52.842+0000] {dag.py:3036} INFO - Sync 1 DAGs
[2024-02-18T23:56:52.868+0000] {logging_mixin.py:188} INFO - [2024-02-18T23:56:52.867+0000] {dag.py:3823} INFO - Setting next_dagrun for example_python_decorator to None, run_after=None
[2024-02-18T23:56:52.907+0000] {processor.py:183} INFO - Processing /home/airflow/.local/lib/python3.8/site-packages/airflow/example_dags/example_python_decorator.py took 0.153 seconds
[2024-02-18T23:57:23.376+0000] {processor.py:161} INFO - Started process (PID=3378) to work on /home/airflow/.local/lib/python3.8/site-packages/airflow/example_dags/example_python_decorator.py
[2024-02-18T23:57:23.379+0000] {processor.py:830} INFO - Processing file /home/airflow/.local/lib/python3.8/site-packages/airflow/example_dags/example_python_decorator.py for tasks to queue
[2024-02-18T23:57:23.383+0000] {logging_mixin.py:188} INFO - [2024-02-18T23:57:23.382+0000] {dagbag.py:538} INFO - Filling up the DagBag from /home/airflow/.local/lib/python3.8/site-packages/airflow/example_dags/example_python_decorator.py
[2024-02-18T23:57:23.418+0000] {processor.py:840} INFO - DAG(s) 'example_python_decorator' retrieved from /home/airflow/.local/lib/python3.8/site-packages/airflow/example_dags/example_python_decorator.py
[2024-02-18T23:57:23.478+0000] {logging_mixin.py:188} INFO - [2024-02-18T23:57:23.477+0000] {dag.py:3036} INFO - Sync 1 DAGs
[2024-02-18T23:57:23.509+0000] {logging_mixin.py:188} INFO - [2024-02-18T23:57:23.509+0000] {dag.py:3823} INFO - Setting next_dagrun for example_python_decorator to None, run_after=None
[2024-02-18T23:57:23.548+0000] {processor.py:183} INFO - Processing /home/airflow/.local/lib/python3.8/site-packages/airflow/example_dags/example_python_decorator.py took 0.189 seconds
[2024-02-18T23:57:54.037+0000] {processor.py:161} INFO - Started process (PID=3624) to work on /home/airflow/.local/lib/python3.8/site-packages/airflow/example_dags/example_python_decorator.py
[2024-02-18T23:57:54.042+0000] {processor.py:830} INFO - Processing file /home/airflow/.local/lib/python3.8/site-packages/airflow/example_dags/example_python_decorator.py for tasks to queue
[2024-02-18T23:57:54.047+0000] {logging_mixin.py:188} INFO - [2024-02-18T23:57:54.045+0000] {dagbag.py:538} INFO - Filling up the DagBag from /home/airflow/.local/lib/python3.8/site-packages/airflow/example_dags/example_python_decorator.py
[2024-02-18T23:57:54.089+0000] {processor.py:840} INFO - DAG(s) 'example_python_decorator' retrieved from /home/airflow/.local/lib/python3.8/site-packages/airflow/example_dags/example_python_decorator.py
[2024-02-18T23:57:54.147+0000] {logging_mixin.py:188} INFO - [2024-02-18T23:57:54.146+0000] {dag.py:3036} INFO - Sync 1 DAGs
[2024-02-18T23:57:54.167+0000] {logging_mixin.py:188} INFO - [2024-02-18T23:57:54.167+0000] {dag.py:3823} INFO - Setting next_dagrun for example_python_decorator to None, run_after=None
[2024-02-18T23:57:54.216+0000] {processor.py:183} INFO - Processing /home/airflow/.local/lib/python3.8/site-packages/airflow/example_dags/example_python_decorator.py took 0.194 seconds
[2024-02-18T23:58:25.124+0000] {processor.py:161} INFO - Started process (PID=3871) to work on /home/airflow/.local/lib/python3.8/site-packages/airflow/example_dags/example_python_decorator.py
[2024-02-18T23:58:25.128+0000] {processor.py:830} INFO - Processing file /home/airflow/.local/lib/python3.8/site-packages/airflow/example_dags/example_python_decorator.py for tasks to queue
[2024-02-18T23:58:25.134+0000] {logging_mixin.py:188} INFO - [2024-02-18T23:58:25.132+0000] {dagbag.py:538} INFO - Filling up the DagBag from /home/airflow/.local/lib/python3.8/site-packages/airflow/example_dags/example_python_decorator.py
[2024-02-18T23:58:25.177+0000] {processor.py:840} INFO - DAG(s) 'example_python_decorator' retrieved from /home/airflow/.local/lib/python3.8/site-packages/airflow/example_dags/example_python_decorator.py
[2024-02-18T23:58:25.251+0000] {logging_mixin.py:188} INFO - [2024-02-18T23:58:25.251+0000] {dag.py:3036} INFO - Sync 1 DAGs
[2024-02-18T23:58:25.290+0000] {logging_mixin.py:188} INFO - [2024-02-18T23:58:25.289+0000] {dag.py:3823} INFO - Setting next_dagrun for example_python_decorator to None, run_after=None
[2024-02-18T23:58:25.344+0000] {processor.py:183} INFO - Processing /home/airflow/.local/lib/python3.8/site-packages/airflow/example_dags/example_python_decorator.py took 0.236 seconds
[2024-02-18T23:58:56.194+0000] {processor.py:161} INFO - Started process (PID=4118) to work on /home/airflow/.local/lib/python3.8/site-packages/airflow/example_dags/example_python_decorator.py
[2024-02-18T23:58:56.199+0000] {processor.py:830} INFO - Processing file /home/airflow/.local/lib/python3.8/site-packages/airflow/example_dags/example_python_decorator.py for tasks to queue
[2024-02-18T23:58:56.204+0000] {logging_mixin.py:188} INFO - [2024-02-18T23:58:56.203+0000] {dagbag.py:538} INFO - Filling up the DagBag from /home/airflow/.local/lib/python3.8/site-packages/airflow/example_dags/example_python_decorator.py
[2024-02-18T23:58:56.246+0000] {processor.py:840} INFO - DAG(s) 'example_python_decorator' retrieved from /home/airflow/.local/lib/python3.8/site-packages/airflow/example_dags/example_python_decorator.py
[2024-02-18T23:58:56.303+0000] {logging_mixin.py:188} INFO - [2024-02-18T23:58:56.303+0000] {dag.py:3036} INFO - Sync 1 DAGs
[2024-02-18T23:58:56.338+0000] {logging_mixin.py:188} INFO - [2024-02-18T23:58:56.337+0000] {dag.py:3823} INFO - Setting next_dagrun for example_python_decorator to None, run_after=None
[2024-02-18T23:58:56.383+0000] {processor.py:183} INFO - Processing /home/airflow/.local/lib/python3.8/site-packages/airflow/example_dags/example_python_decorator.py took 0.203 seconds
[2024-02-18T23:59:28.905+0000] {processor.py:161} INFO - Started process (PID=4363) to work on /home/airflow/.local/lib/python3.8/site-packages/airflow/example_dags/example_python_decorator.py
[2024-02-18T23:59:28.918+0000] {processor.py:830} INFO - Processing file /home/airflow/.local/lib/python3.8/site-packages/airflow/example_dags/example_python_decorator.py for tasks to queue
[2024-02-18T23:59:28.927+0000] {logging_mixin.py:188} INFO - [2024-02-18T23:59:28.920+0000] {dagbag.py:538} INFO - Filling up the DagBag from /home/airflow/.local/lib/python3.8/site-packages/airflow/example_dags/example_python_decorator.py
[2024-02-18T23:59:29.094+0000] {processor.py:840} INFO - DAG(s) 'example_python_decorator' retrieved from /home/airflow/.local/lib/python3.8/site-packages/airflow/example_dags/example_python_decorator.py
[2024-02-18T23:59:29.231+0000] {logging_mixin.py:188} INFO - [2024-02-18T23:59:29.230+0000] {dag.py:3036} INFO - Sync 1 DAGs
[2024-02-18T23:59:29.310+0000] {logging_mixin.py:188} INFO - [2024-02-18T23:59:29.309+0000] {dag.py:3823} INFO - Setting next_dagrun for example_python_decorator to None, run_after=None
[2024-02-18T23:59:29.506+0000] {processor.py:183} INFO - Processing /home/airflow/.local/lib/python3.8/site-packages/airflow/example_dags/example_python_decorator.py took 0.633 seconds
