[2024-02-18T23:46:32.520+0000] {processor.py:161} INFO - Started process (PID=259) to work on /home/airflow/.local/lib/python3.8/site-packages/airflow/example_dags/example_latest_only_with_trigger.py
[2024-02-18T23:46:32.525+0000] {processor.py:830} INFO - Processing file /home/airflow/.local/lib/python3.8/site-packages/airflow/example_dags/example_latest_only_with_trigger.py for tasks to queue
[2024-02-18T23:46:32.534+0000] {logging_mixin.py:188} INFO - [2024-02-18T23:46:32.532+0000] {dagbag.py:538} INFO - Filling up the DagBag from /home/airflow/.local/lib/python3.8/site-packages/airflow/example_dags/example_latest_only_with_trigger.py
[2024-02-18T23:46:32.593+0000] {processor.py:840} INFO - DAG(s) 'latest_only_with_trigger' retrieved from /home/airflow/.local/lib/python3.8/site-packages/airflow/example_dags/example_latest_only_with_trigger.py
[2024-02-18T23:46:32.948+0000] {logging_mixin.py:188} INFO - [2024-02-18T23:46:32.948+0000] {dag.py:3036} INFO - Sync 1 DAGs
[2024-02-18T23:46:33.009+0000] {logging_mixin.py:188} INFO - [2024-02-18T23:46:33.008+0000] {dag.py:3823} INFO - Setting next_dagrun for latest_only_with_trigger to 2024-02-18 16:00:00+00:00, run_after=2024-02-18 20:00:00+00:00
[2024-02-18T23:46:33.063+0000] {processor.py:183} INFO - Processing /home/airflow/.local/lib/python3.8/site-packages/airflow/example_dags/example_latest_only_with_trigger.py took 0.566 seconds
[2024-02-18T23:47:03.745+0000] {processor.py:161} INFO - Started process (PID=505) to work on /home/airflow/.local/lib/python3.8/site-packages/airflow/example_dags/example_latest_only_with_trigger.py
[2024-02-18T23:47:03.748+0000] {processor.py:830} INFO - Processing file /home/airflow/.local/lib/python3.8/site-packages/airflow/example_dags/example_latest_only_with_trigger.py for tasks to queue
[2024-02-18T23:47:03.750+0000] {logging_mixin.py:188} INFO - [2024-02-18T23:47:03.750+0000] {dagbag.py:538} INFO - Filling up the DagBag from /home/airflow/.local/lib/python3.8/site-packages/airflow/example_dags/example_latest_only_with_trigger.py
[2024-02-18T23:47:03.767+0000] {processor.py:840} INFO - DAG(s) 'latest_only_with_trigger' retrieved from /home/airflow/.local/lib/python3.8/site-packages/airflow/example_dags/example_latest_only_with_trigger.py
[2024-02-18T23:47:03.812+0000] {logging_mixin.py:188} INFO - [2024-02-18T23:47:03.811+0000] {dag.py:3036} INFO - Sync 1 DAGs
[2024-02-18T23:47:03.857+0000] {logging_mixin.py:188} INFO - [2024-02-18T23:47:03.856+0000] {dag.py:3823} INFO - Setting next_dagrun for latest_only_with_trigger to 2024-02-18 16:00:00+00:00, run_after=2024-02-18 20:00:00+00:00
[2024-02-18T23:47:03.902+0000] {processor.py:183} INFO - Processing /home/airflow/.local/lib/python3.8/site-packages/airflow/example_dags/example_latest_only_with_trigger.py took 0.165 seconds
[2024-02-18T23:52:09.990+0000] {processor.py:161} INFO - Started process (PID=806) to work on /home/airflow/.local/lib/python3.8/site-packages/airflow/example_dags/example_latest_only_with_trigger.py
[2024-02-18T23:52:09.994+0000] {processor.py:830} INFO - Processing file /home/airflow/.local/lib/python3.8/site-packages/airflow/example_dags/example_latest_only_with_trigger.py for tasks to queue
[2024-02-18T23:52:10.001+0000] {logging_mixin.py:188} INFO - [2024-02-18T23:52:10.000+0000] {dagbag.py:538} INFO - Filling up the DagBag from /home/airflow/.local/lib/python3.8/site-packages/airflow/example_dags/example_latest_only_with_trigger.py
[2024-02-18T23:52:10.028+0000] {processor.py:840} INFO - DAG(s) 'latest_only_with_trigger' retrieved from /home/airflow/.local/lib/python3.8/site-packages/airflow/example_dags/example_latest_only_with_trigger.py
[2024-02-18T23:52:10.120+0000] {logging_mixin.py:188} INFO - [2024-02-18T23:52:10.119+0000] {dag.py:3036} INFO - Sync 1 DAGs
[2024-02-18T23:52:10.224+0000] {logging_mixin.py:188} INFO - [2024-02-18T23:52:10.223+0000] {dag.py:3823} INFO - Setting next_dagrun for latest_only_with_trigger to 2024-02-18 16:00:00+00:00, run_after=2024-02-18 20:00:00+00:00
[2024-02-18T23:52:10.353+0000] {processor.py:183} INFO - Processing /home/airflow/.local/lib/python3.8/site-packages/airflow/example_dags/example_latest_only_with_trigger.py took 0.373 seconds
[2024-02-18T23:52:41.276+0000] {processor.py:161} INFO - Started process (PID=1055) to work on /home/airflow/.local/lib/python3.8/site-packages/airflow/example_dags/example_latest_only_with_trigger.py
[2024-02-18T23:52:41.282+0000] {processor.py:830} INFO - Processing file /home/airflow/.local/lib/python3.8/site-packages/airflow/example_dags/example_latest_only_with_trigger.py for tasks to queue
[2024-02-18T23:52:41.294+0000] {logging_mixin.py:188} INFO - [2024-02-18T23:52:41.293+0000] {dagbag.py:538} INFO - Filling up the DagBag from /home/airflow/.local/lib/python3.8/site-packages/airflow/example_dags/example_latest_only_with_trigger.py
[2024-02-18T23:52:41.314+0000] {processor.py:840} INFO - DAG(s) 'latest_only_with_trigger' retrieved from /home/airflow/.local/lib/python3.8/site-packages/airflow/example_dags/example_latest_only_with_trigger.py
[2024-02-18T23:52:41.392+0000] {logging_mixin.py:188} INFO - [2024-02-18T23:52:41.391+0000] {dag.py:3036} INFO - Sync 1 DAGs
[2024-02-18T23:52:41.477+0000] {logging_mixin.py:188} INFO - [2024-02-18T23:52:41.476+0000] {dag.py:3823} INFO - Setting next_dagrun for latest_only_with_trigger to 2024-02-18 16:00:00+00:00, run_after=2024-02-18 20:00:00+00:00
[2024-02-18T23:52:41.577+0000] {processor.py:183} INFO - Processing /home/airflow/.local/lib/python3.8/site-packages/airflow/example_dags/example_latest_only_with_trigger.py took 0.316 seconds
[2024-02-18T23:53:11.741+0000] {processor.py:161} INFO - Started process (PID=1300) to work on /home/airflow/.local/lib/python3.8/site-packages/airflow/example_dags/example_latest_only_with_trigger.py
[2024-02-18T23:53:11.744+0000] {processor.py:830} INFO - Processing file /home/airflow/.local/lib/python3.8/site-packages/airflow/example_dags/example_latest_only_with_trigger.py for tasks to queue
[2024-02-18T23:53:11.750+0000] {logging_mixin.py:188} INFO - [2024-02-18T23:53:11.749+0000] {dagbag.py:538} INFO - Filling up the DagBag from /home/airflow/.local/lib/python3.8/site-packages/airflow/example_dags/example_latest_only_with_trigger.py
[2024-02-18T23:53:11.771+0000] {processor.py:840} INFO - DAG(s) 'latest_only_with_trigger' retrieved from /home/airflow/.local/lib/python3.8/site-packages/airflow/example_dags/example_latest_only_with_trigger.py
[2024-02-18T23:53:11.863+0000] {logging_mixin.py:188} INFO - [2024-02-18T23:53:11.863+0000] {dag.py:3036} INFO - Sync 1 DAGs
[2024-02-18T23:53:11.998+0000] {logging_mixin.py:188} INFO - [2024-02-18T23:53:11.997+0000] {dag.py:3823} INFO - Setting next_dagrun for latest_only_with_trigger to 2024-02-18 16:00:00+00:00, run_after=2024-02-18 20:00:00+00:00
[2024-02-18T23:53:12.109+0000] {processor.py:183} INFO - Processing /home/airflow/.local/lib/python3.8/site-packages/airflow/example_dags/example_latest_only_with_trigger.py took 0.379 seconds
[2024-02-18T23:53:42.979+0000] {processor.py:161} INFO - Started process (PID=1547) to work on /home/airflow/.local/lib/python3.8/site-packages/airflow/example_dags/example_latest_only_with_trigger.py
[2024-02-18T23:53:42.981+0000] {processor.py:830} INFO - Processing file /home/airflow/.local/lib/python3.8/site-packages/airflow/example_dags/example_latest_only_with_trigger.py for tasks to queue
[2024-02-18T23:53:42.984+0000] {logging_mixin.py:188} INFO - [2024-02-18T23:53:42.983+0000] {dagbag.py:538} INFO - Filling up the DagBag from /home/airflow/.local/lib/python3.8/site-packages/airflow/example_dags/example_latest_only_with_trigger.py
[2024-02-18T23:53:43.004+0000] {processor.py:840} INFO - DAG(s) 'latest_only_with_trigger' retrieved from /home/airflow/.local/lib/python3.8/site-packages/airflow/example_dags/example_latest_only_with_trigger.py
[2024-02-18T23:53:43.053+0000] {logging_mixin.py:188} INFO - [2024-02-18T23:53:43.053+0000] {dag.py:3036} INFO - Sync 1 DAGs
[2024-02-18T23:53:43.118+0000] {logging_mixin.py:188} INFO - [2024-02-18T23:53:43.116+0000] {dag.py:3823} INFO - Setting next_dagrun for latest_only_with_trigger to 2024-02-18 16:00:00+00:00, run_after=2024-02-18 20:00:00+00:00
[2024-02-18T23:53:43.233+0000] {processor.py:183} INFO - Processing /home/airflow/.local/lib/python3.8/site-packages/airflow/example_dags/example_latest_only_with_trigger.py took 0.263 seconds
[2024-02-18T23:54:14.347+0000] {processor.py:161} INFO - Started process (PID=1796) to work on /home/airflow/.local/lib/python3.8/site-packages/airflow/example_dags/example_latest_only_with_trigger.py
[2024-02-18T23:54:14.350+0000] {processor.py:830} INFO - Processing file /home/airflow/.local/lib/python3.8/site-packages/airflow/example_dags/example_latest_only_with_trigger.py for tasks to queue
[2024-02-18T23:54:14.354+0000] {logging_mixin.py:188} INFO - [2024-02-18T23:54:14.353+0000] {dagbag.py:538} INFO - Filling up the DagBag from /home/airflow/.local/lib/python3.8/site-packages/airflow/example_dags/example_latest_only_with_trigger.py
[2024-02-18T23:54:14.373+0000] {processor.py:840} INFO - DAG(s) 'latest_only_with_trigger' retrieved from /home/airflow/.local/lib/python3.8/site-packages/airflow/example_dags/example_latest_only_with_trigger.py
[2024-02-18T23:54:14.437+0000] {logging_mixin.py:188} INFO - [2024-02-18T23:54:14.437+0000] {dag.py:3036} INFO - Sync 1 DAGs
[2024-02-18T23:54:14.523+0000] {logging_mixin.py:188} INFO - [2024-02-18T23:54:14.522+0000] {dag.py:3823} INFO - Setting next_dagrun for latest_only_with_trigger to 2024-02-18 16:00:00+00:00, run_after=2024-02-18 20:00:00+00:00
[2024-02-18T23:54:14.660+0000] {processor.py:183} INFO - Processing /home/airflow/.local/lib/python3.8/site-packages/airflow/example_dags/example_latest_only_with_trigger.py took 0.326 seconds
[2024-02-18T23:54:44.840+0000] {processor.py:161} INFO - Started process (PID=2043) to work on /home/airflow/.local/lib/python3.8/site-packages/airflow/example_dags/example_latest_only_with_trigger.py
[2024-02-18T23:54:44.844+0000] {processor.py:830} INFO - Processing file /home/airflow/.local/lib/python3.8/site-packages/airflow/example_dags/example_latest_only_with_trigger.py for tasks to queue
[2024-02-18T23:54:44.849+0000] {logging_mixin.py:188} INFO - [2024-02-18T23:54:44.848+0000] {dagbag.py:538} INFO - Filling up the DagBag from /home/airflow/.local/lib/python3.8/site-packages/airflow/example_dags/example_latest_only_with_trigger.py
[2024-02-18T23:54:44.868+0000] {processor.py:840} INFO - DAG(s) 'latest_only_with_trigger' retrieved from /home/airflow/.local/lib/python3.8/site-packages/airflow/example_dags/example_latest_only_with_trigger.py
[2024-02-18T23:54:44.919+0000] {logging_mixin.py:188} INFO - [2024-02-18T23:54:44.919+0000] {dag.py:3036} INFO - Sync 1 DAGs
[2024-02-18T23:54:44.964+0000] {logging_mixin.py:188} INFO - [2024-02-18T23:54:44.964+0000] {dag.py:3823} INFO - Setting next_dagrun for latest_only_with_trigger to 2024-02-18 16:00:00+00:00, run_after=2024-02-18 20:00:00+00:00
[2024-02-18T23:54:45.006+0000] {processor.py:183} INFO - Processing /home/airflow/.local/lib/python3.8/site-packages/airflow/example_dags/example_latest_only_with_trigger.py took 0.176 seconds
[2024-02-18T23:55:16.115+0000] {processor.py:161} INFO - Started process (PID=2290) to work on /home/airflow/.local/lib/python3.8/site-packages/airflow/example_dags/example_latest_only_with_trigger.py
[2024-02-18T23:55:16.118+0000] {processor.py:830} INFO - Processing file /home/airflow/.local/lib/python3.8/site-packages/airflow/example_dags/example_latest_only_with_trigger.py for tasks to queue
[2024-02-18T23:55:16.124+0000] {logging_mixin.py:188} INFO - [2024-02-18T23:55:16.122+0000] {dagbag.py:538} INFO - Filling up the DagBag from /home/airflow/.local/lib/python3.8/site-packages/airflow/example_dags/example_latest_only_with_trigger.py
[2024-02-18T23:55:16.142+0000] {processor.py:840} INFO - DAG(s) 'latest_only_with_trigger' retrieved from /home/airflow/.local/lib/python3.8/site-packages/airflow/example_dags/example_latest_only_with_trigger.py
[2024-02-18T23:55:16.205+0000] {logging_mixin.py:188} INFO - [2024-02-18T23:55:16.204+0000] {dag.py:3036} INFO - Sync 1 DAGs
[2024-02-18T23:55:16.250+0000] {logging_mixin.py:188} INFO - [2024-02-18T23:55:16.250+0000] {dag.py:3823} INFO - Setting next_dagrun for latest_only_with_trigger to 2024-02-18 16:00:00+00:00, run_after=2024-02-18 20:00:00+00:00
[2024-02-18T23:55:16.296+0000] {processor.py:183} INFO - Processing /home/airflow/.local/lib/python3.8/site-packages/airflow/example_dags/example_latest_only_with_trigger.py took 0.189 seconds
[2024-02-18T23:55:46.532+0000] {processor.py:161} INFO - Started process (PID=2535) to work on /home/airflow/.local/lib/python3.8/site-packages/airflow/example_dags/example_latest_only_with_trigger.py
[2024-02-18T23:55:46.536+0000] {processor.py:830} INFO - Processing file /home/airflow/.local/lib/python3.8/site-packages/airflow/example_dags/example_latest_only_with_trigger.py for tasks to queue
[2024-02-18T23:55:46.542+0000] {logging_mixin.py:188} INFO - [2024-02-18T23:55:46.540+0000] {dagbag.py:538} INFO - Filling up the DagBag from /home/airflow/.local/lib/python3.8/site-packages/airflow/example_dags/example_latest_only_with_trigger.py
[2024-02-18T23:55:46.564+0000] {processor.py:840} INFO - DAG(s) 'latest_only_with_trigger' retrieved from /home/airflow/.local/lib/python3.8/site-packages/airflow/example_dags/example_latest_only_with_trigger.py
[2024-02-18T23:55:46.652+0000] {logging_mixin.py:188} INFO - [2024-02-18T23:55:46.651+0000] {dag.py:3036} INFO - Sync 1 DAGs
[2024-02-18T23:55:46.759+0000] {logging_mixin.py:188} INFO - [2024-02-18T23:55:46.759+0000] {dag.py:3823} INFO - Setting next_dagrun for latest_only_with_trigger to 2024-02-18 16:00:00+00:00, run_after=2024-02-18 20:00:00+00:00
[2024-02-18T23:55:46.836+0000] {processor.py:183} INFO - Processing /home/airflow/.local/lib/python3.8/site-packages/airflow/example_dags/example_latest_only_with_trigger.py took 0.316 seconds
[2024-02-18T23:56:17.500+0000] {processor.py:161} INFO - Started process (PID=2784) to work on /home/airflow/.local/lib/python3.8/site-packages/airflow/example_dags/example_latest_only_with_trigger.py
[2024-02-18T23:56:17.502+0000] {processor.py:830} INFO - Processing file /home/airflow/.local/lib/python3.8/site-packages/airflow/example_dags/example_latest_only_with_trigger.py for tasks to queue
[2024-02-18T23:56:17.506+0000] {logging_mixin.py:188} INFO - [2024-02-18T23:56:17.505+0000] {dagbag.py:538} INFO - Filling up the DagBag from /home/airflow/.local/lib/python3.8/site-packages/airflow/example_dags/example_latest_only_with_trigger.py
[2024-02-18T23:56:17.521+0000] {processor.py:840} INFO - DAG(s) 'latest_only_with_trigger' retrieved from /home/airflow/.local/lib/python3.8/site-packages/airflow/example_dags/example_latest_only_with_trigger.py
[2024-02-18T23:56:17.563+0000] {logging_mixin.py:188} INFO - [2024-02-18T23:56:17.563+0000] {dag.py:3036} INFO - Sync 1 DAGs
[2024-02-18T23:56:17.603+0000] {logging_mixin.py:188} INFO - [2024-02-18T23:56:17.603+0000] {dag.py:3823} INFO - Setting next_dagrun for latest_only_with_trigger to 2024-02-18 16:00:00+00:00, run_after=2024-02-18 20:00:00+00:00
[2024-02-18T23:56:17.638+0000] {processor.py:183} INFO - Processing /home/airflow/.local/lib/python3.8/site-packages/airflow/example_dags/example_latest_only_with_trigger.py took 0.146 seconds
[2024-02-18T23:56:47.942+0000] {processor.py:161} INFO - Started process (PID=3031) to work on /home/airflow/.local/lib/python3.8/site-packages/airflow/example_dags/example_latest_only_with_trigger.py
[2024-02-18T23:56:47.944+0000] {processor.py:830} INFO - Processing file /home/airflow/.local/lib/python3.8/site-packages/airflow/example_dags/example_latest_only_with_trigger.py for tasks to queue
[2024-02-18T23:56:47.947+0000] {logging_mixin.py:188} INFO - [2024-02-18T23:56:47.946+0000] {dagbag.py:538} INFO - Filling up the DagBag from /home/airflow/.local/lib/python3.8/site-packages/airflow/example_dags/example_latest_only_with_trigger.py
[2024-02-18T23:56:47.962+0000] {processor.py:840} INFO - DAG(s) 'latest_only_with_trigger' retrieved from /home/airflow/.local/lib/python3.8/site-packages/airflow/example_dags/example_latest_only_with_trigger.py
[2024-02-18T23:56:48.005+0000] {logging_mixin.py:188} INFO - [2024-02-18T23:56:48.004+0000] {dag.py:3036} INFO - Sync 1 DAGs
[2024-02-18T23:56:48.047+0000] {logging_mixin.py:188} INFO - [2024-02-18T23:56:48.046+0000] {dag.py:3823} INFO - Setting next_dagrun for latest_only_with_trigger to 2024-02-18 16:00:00+00:00, run_after=2024-02-18 20:00:00+00:00
[2024-02-18T23:56:48.086+0000] {processor.py:183} INFO - Processing /home/airflow/.local/lib/python3.8/site-packages/airflow/example_dags/example_latest_only_with_trigger.py took 0.150 seconds
[2024-02-18T23:57:18.413+0000] {processor.py:161} INFO - Started process (PID=3278) to work on /home/airflow/.local/lib/python3.8/site-packages/airflow/example_dags/example_latest_only_with_trigger.py
[2024-02-18T23:57:18.416+0000] {processor.py:830} INFO - Processing file /home/airflow/.local/lib/python3.8/site-packages/airflow/example_dags/example_latest_only_with_trigger.py for tasks to queue
[2024-02-18T23:57:18.421+0000] {logging_mixin.py:188} INFO - [2024-02-18T23:57:18.420+0000] {dagbag.py:538} INFO - Filling up the DagBag from /home/airflow/.local/lib/python3.8/site-packages/airflow/example_dags/example_latest_only_with_trigger.py
[2024-02-18T23:57:18.442+0000] {processor.py:840} INFO - DAG(s) 'latest_only_with_trigger' retrieved from /home/airflow/.local/lib/python3.8/site-packages/airflow/example_dags/example_latest_only_with_trigger.py
[2024-02-18T23:57:18.487+0000] {logging_mixin.py:188} INFO - [2024-02-18T23:57:18.486+0000] {dag.py:3036} INFO - Sync 1 DAGs
[2024-02-18T23:57:18.540+0000] {logging_mixin.py:188} INFO - [2024-02-18T23:57:18.540+0000] {dag.py:3823} INFO - Setting next_dagrun for latest_only_with_trigger to 2024-02-18 16:00:00+00:00, run_after=2024-02-18 20:00:00+00:00
[2024-02-18T23:57:18.593+0000] {processor.py:183} INFO - Processing /home/airflow/.local/lib/python3.8/site-packages/airflow/example_dags/example_latest_only_with_trigger.py took 0.190 seconds
[2024-02-18T23:57:49.220+0000] {processor.py:161} INFO - Started process (PID=3524) to work on /home/airflow/.local/lib/python3.8/site-packages/airflow/example_dags/example_latest_only_with_trigger.py
[2024-02-18T23:57:49.227+0000] {processor.py:830} INFO - Processing file /home/airflow/.local/lib/python3.8/site-packages/airflow/example_dags/example_latest_only_with_trigger.py for tasks to queue
[2024-02-18T23:57:49.231+0000] {logging_mixin.py:188} INFO - [2024-02-18T23:57:49.230+0000] {dagbag.py:538} INFO - Filling up the DagBag from /home/airflow/.local/lib/python3.8/site-packages/airflow/example_dags/example_latest_only_with_trigger.py
[2024-02-18T23:57:49.258+0000] {processor.py:840} INFO - DAG(s) 'latest_only_with_trigger' retrieved from /home/airflow/.local/lib/python3.8/site-packages/airflow/example_dags/example_latest_only_with_trigger.py
[2024-02-18T23:57:49.311+0000] {logging_mixin.py:188} INFO - [2024-02-18T23:57:49.311+0000] {dag.py:3036} INFO - Sync 1 DAGs
[2024-02-18T23:57:49.357+0000] {logging_mixin.py:188} INFO - [2024-02-18T23:57:49.356+0000] {dag.py:3823} INFO - Setting next_dagrun for latest_only_with_trigger to 2024-02-18 16:00:00+00:00, run_after=2024-02-18 20:00:00+00:00
[2024-02-18T23:57:49.400+0000] {processor.py:183} INFO - Processing /home/airflow/.local/lib/python3.8/site-packages/airflow/example_dags/example_latest_only_with_trigger.py took 0.191 seconds
[2024-02-18T23:58:20.090+0000] {processor.py:161} INFO - Started process (PID=3771) to work on /home/airflow/.local/lib/python3.8/site-packages/airflow/example_dags/example_latest_only_with_trigger.py
[2024-02-18T23:58:20.093+0000] {processor.py:830} INFO - Processing file /home/airflow/.local/lib/python3.8/site-packages/airflow/example_dags/example_latest_only_with_trigger.py for tasks to queue
[2024-02-18T23:58:20.099+0000] {logging_mixin.py:188} INFO - [2024-02-18T23:58:20.098+0000] {dagbag.py:538} INFO - Filling up the DagBag from /home/airflow/.local/lib/python3.8/site-packages/airflow/example_dags/example_latest_only_with_trigger.py
[2024-02-18T23:58:20.122+0000] {processor.py:840} INFO - DAG(s) 'latest_only_with_trigger' retrieved from /home/airflow/.local/lib/python3.8/site-packages/airflow/example_dags/example_latest_only_with_trigger.py
[2024-02-18T23:58:20.197+0000] {logging_mixin.py:188} INFO - [2024-02-18T23:58:20.197+0000] {dag.py:3036} INFO - Sync 1 DAGs
[2024-02-18T23:58:20.275+0000] {logging_mixin.py:188} INFO - [2024-02-18T23:58:20.274+0000] {dag.py:3823} INFO - Setting next_dagrun for latest_only_with_trigger to 2024-02-18 16:00:00+00:00, run_after=2024-02-18 20:00:00+00:00
[2024-02-18T23:58:20.340+0000] {processor.py:183} INFO - Processing /home/airflow/.local/lib/python3.8/site-packages/airflow/example_dags/example_latest_only_with_trigger.py took 0.260 seconds
[2024-02-18T23:58:51.206+0000] {processor.py:161} INFO - Started process (PID=4018) to work on /home/airflow/.local/lib/python3.8/site-packages/airflow/example_dags/example_latest_only_with_trigger.py
[2024-02-18T23:58:51.211+0000] {processor.py:830} INFO - Processing file /home/airflow/.local/lib/python3.8/site-packages/airflow/example_dags/example_latest_only_with_trigger.py for tasks to queue
[2024-02-18T23:58:51.216+0000] {logging_mixin.py:188} INFO - [2024-02-18T23:58:51.215+0000] {dagbag.py:538} INFO - Filling up the DagBag from /home/airflow/.local/lib/python3.8/site-packages/airflow/example_dags/example_latest_only_with_trigger.py
[2024-02-18T23:58:51.240+0000] {processor.py:840} INFO - DAG(s) 'latest_only_with_trigger' retrieved from /home/airflow/.local/lib/python3.8/site-packages/airflow/example_dags/example_latest_only_with_trigger.py
[2024-02-18T23:58:51.292+0000] {logging_mixin.py:188} INFO - [2024-02-18T23:58:51.292+0000] {dag.py:3036} INFO - Sync 1 DAGs
[2024-02-18T23:58:51.354+0000] {logging_mixin.py:188} INFO - [2024-02-18T23:58:51.353+0000] {dag.py:3823} INFO - Setting next_dagrun for latest_only_with_trigger to 2024-02-18 16:00:00+00:00, run_after=2024-02-18 20:00:00+00:00
[2024-02-18T23:58:51.405+0000] {processor.py:183} INFO - Processing /home/airflow/.local/lib/python3.8/site-packages/airflow/example_dags/example_latest_only_with_trigger.py took 0.214 seconds
[2024-02-18T23:59:21.852+0000] {processor.py:161} INFO - Started process (PID=4263) to work on /home/airflow/.local/lib/python3.8/site-packages/airflow/example_dags/example_latest_only_with_trigger.py
[2024-02-18T23:59:21.855+0000] {processor.py:830} INFO - Processing file /home/airflow/.local/lib/python3.8/site-packages/airflow/example_dags/example_latest_only_with_trigger.py for tasks to queue
[2024-02-18T23:59:21.864+0000] {logging_mixin.py:188} INFO - [2024-02-18T23:59:21.860+0000] {dagbag.py:538} INFO - Filling up the DagBag from /home/airflow/.local/lib/python3.8/site-packages/airflow/example_dags/example_latest_only_with_trigger.py
[2024-02-18T23:59:21.909+0000] {processor.py:840} INFO - DAG(s) 'latest_only_with_trigger' retrieved from /home/airflow/.local/lib/python3.8/site-packages/airflow/example_dags/example_latest_only_with_trigger.py
[2024-02-18T23:59:22.034+0000] {logging_mixin.py:188} INFO - [2024-02-18T23:59:22.033+0000] {dag.py:3036} INFO - Sync 1 DAGs
[2024-02-18T23:59:22.155+0000] {logging_mixin.py:188} INFO - [2024-02-18T23:59:22.154+0000] {dag.py:3823} INFO - Setting next_dagrun for latest_only_with_trigger to 2024-02-18 16:00:00+00:00, run_after=2024-02-18 20:00:00+00:00
[2024-02-18T23:59:22.259+0000] {processor.py:183} INFO - Processing /home/airflow/.local/lib/python3.8/site-packages/airflow/example_dags/example_latest_only_with_trigger.py took 0.433 seconds
[2024-02-18T23:59:53.303+0000] {processor.py:161} INFO - Started process (PID=4510) to work on /home/airflow/.local/lib/python3.8/site-packages/airflow/example_dags/example_latest_only_with_trigger.py
[2024-02-18T23:59:53.306+0000] {processor.py:830} INFO - Processing file /home/airflow/.local/lib/python3.8/site-packages/airflow/example_dags/example_latest_only_with_trigger.py for tasks to queue
[2024-02-18T23:59:53.312+0000] {logging_mixin.py:188} INFO - [2024-02-18T23:59:53.311+0000] {dagbag.py:538} INFO - Filling up the DagBag from /home/airflow/.local/lib/python3.8/site-packages/airflow/example_dags/example_latest_only_with_trigger.py
[2024-02-18T23:59:53.334+0000] {processor.py:840} INFO - DAG(s) 'latest_only_with_trigger' retrieved from /home/airflow/.local/lib/python3.8/site-packages/airflow/example_dags/example_latest_only_with_trigger.py
[2024-02-18T23:59:53.392+0000] {logging_mixin.py:188} INFO - [2024-02-18T23:59:53.391+0000] {dag.py:3036} INFO - Sync 1 DAGs
[2024-02-18T23:59:53.438+0000] {logging_mixin.py:188} INFO - [2024-02-18T23:59:53.438+0000] {dag.py:3823} INFO - Setting next_dagrun for latest_only_with_trigger to 2024-02-18 16:00:00+00:00, run_after=2024-02-18 20:00:00+00:00
[2024-02-18T23:59:53.485+0000] {processor.py:183} INFO - Processing /home/airflow/.local/lib/python3.8/site-packages/airflow/example_dags/example_latest_only_with_trigger.py took 0.194 seconds
