[2024-02-18T23:46:38.112+0000] {processor.py:161} INFO - Started process (PID=329) to work on /home/airflow/.local/lib/python3.8/site-packages/airflow/example_dags/example_external_task_marker_dag.py
[2024-02-18T23:46:38.123+0000] {processor.py:830} INFO - Processing file /home/airflow/.local/lib/python3.8/site-packages/airflow/example_dags/example_external_task_marker_dag.py for tasks to queue
[2024-02-18T23:46:38.132+0000] {logging_mixin.py:188} INFO - [2024-02-18T23:46:38.131+0000] {dagbag.py:538} INFO - Filling up the DagBag from /home/airflow/.local/lib/python3.8/site-packages/airflow/example_dags/example_external_task_marker_dag.py
[2024-02-18T23:46:38.175+0000] {processor.py:840} INFO - DAG(s) 'example_external_task_marker_child', 'example_external_task_marker_parent' retrieved from /home/airflow/.local/lib/python3.8/site-packages/airflow/example_dags/example_external_task_marker_dag.py
[2024-02-18T23:46:38.627+0000] {logging_mixin.py:188} INFO - [2024-02-18T23:46:38.627+0000] {dag.py:3036} INFO - Sync 2 DAGs
[2024-02-18T23:46:38.659+0000] {logging_mixin.py:188} INFO - [2024-02-18T23:46:38.658+0000] {dag.py:3823} INFO - Setting next_dagrun for example_external_task_marker_child to None, run_after=None
[2024-02-18T23:46:38.674+0000] {logging_mixin.py:188} INFO - [2024-02-18T23:46:38.668+0000] {dag.py:3823} INFO - Setting next_dagrun for example_external_task_marker_parent to None, run_after=None
[2024-02-18T23:46:38.729+0000] {processor.py:183} INFO - Processing /home/airflow/.local/lib/python3.8/site-packages/airflow/example_dags/example_external_task_marker_dag.py took 0.636 seconds
[2024-02-18T23:47:09.456+0000] {processor.py:161} INFO - Started process (PID=575) to work on /home/airflow/.local/lib/python3.8/site-packages/airflow/example_dags/example_external_task_marker_dag.py
[2024-02-18T23:47:09.460+0000] {processor.py:830} INFO - Processing file /home/airflow/.local/lib/python3.8/site-packages/airflow/example_dags/example_external_task_marker_dag.py for tasks to queue
[2024-02-18T23:47:09.464+0000] {logging_mixin.py:188} INFO - [2024-02-18T23:47:09.463+0000] {dagbag.py:538} INFO - Filling up the DagBag from /home/airflow/.local/lib/python3.8/site-packages/airflow/example_dags/example_external_task_marker_dag.py
[2024-02-18T23:47:09.494+0000] {processor.py:840} INFO - DAG(s) 'example_external_task_marker_parent', 'example_external_task_marker_child' retrieved from /home/airflow/.local/lib/python3.8/site-packages/airflow/example_dags/example_external_task_marker_dag.py
[2024-02-18T23:47:09.586+0000] {logging_mixin.py:188} INFO - [2024-02-18T23:47:09.585+0000] {dag.py:3036} INFO - Sync 2 DAGs
[2024-02-18T23:47:09.637+0000] {logging_mixin.py:188} INFO - [2024-02-18T23:47:09.637+0000] {dag.py:3823} INFO - Setting next_dagrun for example_external_task_marker_child to None, run_after=None
[2024-02-18T23:47:09.654+0000] {logging_mixin.py:188} INFO - [2024-02-18T23:47:09.653+0000] {dag.py:3823} INFO - Setting next_dagrun for example_external_task_marker_parent to None, run_after=None
[2024-02-18T23:47:09.704+0000] {processor.py:183} INFO - Processing /home/airflow/.local/lib/python3.8/site-packages/airflow/example_dags/example_external_task_marker_dag.py took 0.270 seconds
[2024-02-18T23:52:14.675+0000] {processor.py:161} INFO - Started process (PID=876) to work on /home/airflow/.local/lib/python3.8/site-packages/airflow/example_dags/example_external_task_marker_dag.py
[2024-02-18T23:52:14.678+0000] {processor.py:830} INFO - Processing file /home/airflow/.local/lib/python3.8/site-packages/airflow/example_dags/example_external_task_marker_dag.py for tasks to queue
[2024-02-18T23:52:14.682+0000] {logging_mixin.py:188} INFO - [2024-02-18T23:52:14.681+0000] {dagbag.py:538} INFO - Filling up the DagBag from /home/airflow/.local/lib/python3.8/site-packages/airflow/example_dags/example_external_task_marker_dag.py
[2024-02-18T23:52:14.703+0000] {processor.py:840} INFO - DAG(s) 'example_external_task_marker_child', 'example_external_task_marker_parent' retrieved from /home/airflow/.local/lib/python3.8/site-packages/airflow/example_dags/example_external_task_marker_dag.py
[2024-02-18T23:52:14.782+0000] {logging_mixin.py:188} INFO - [2024-02-18T23:52:14.781+0000] {dag.py:3036} INFO - Sync 2 DAGs
[2024-02-18T23:52:14.832+0000] {logging_mixin.py:188} INFO - [2024-02-18T23:52:14.832+0000] {dag.py:3823} INFO - Setting next_dagrun for example_external_task_marker_child to None, run_after=None
[2024-02-18T23:52:14.847+0000] {logging_mixin.py:188} INFO - [2024-02-18T23:52:14.846+0000] {dag.py:3823} INFO - Setting next_dagrun for example_external_task_marker_parent to None, run_after=None
[2024-02-18T23:52:14.888+0000] {processor.py:183} INFO - Processing /home/airflow/.local/lib/python3.8/site-packages/airflow/example_dags/example_external_task_marker_dag.py took 0.224 seconds
[2024-02-18T23:52:45.355+0000] {processor.py:161} INFO - Started process (PID=1123) to work on /home/airflow/.local/lib/python3.8/site-packages/airflow/example_dags/example_external_task_marker_dag.py
[2024-02-18T23:52:45.362+0000] {processor.py:830} INFO - Processing file /home/airflow/.local/lib/python3.8/site-packages/airflow/example_dags/example_external_task_marker_dag.py for tasks to queue
[2024-02-18T23:52:45.368+0000] {logging_mixin.py:188} INFO - [2024-02-18T23:52:45.367+0000] {dagbag.py:538} INFO - Filling up the DagBag from /home/airflow/.local/lib/python3.8/site-packages/airflow/example_dags/example_external_task_marker_dag.py
[2024-02-18T23:52:45.391+0000] {processor.py:840} INFO - DAG(s) 'example_external_task_marker_parent', 'example_external_task_marker_child' retrieved from /home/airflow/.local/lib/python3.8/site-packages/airflow/example_dags/example_external_task_marker_dag.py
[2024-02-18T23:52:45.535+0000] {logging_mixin.py:188} INFO - [2024-02-18T23:52:45.535+0000] {dag.py:3036} INFO - Sync 2 DAGs
[2024-02-18T23:52:45.605+0000] {logging_mixin.py:188} INFO - [2024-02-18T23:52:45.605+0000] {dag.py:3823} INFO - Setting next_dagrun for example_external_task_marker_child to None, run_after=None
[2024-02-18T23:52:45.643+0000] {logging_mixin.py:188} INFO - [2024-02-18T23:52:45.642+0000] {dag.py:3823} INFO - Setting next_dagrun for example_external_task_marker_parent to None, run_after=None
[2024-02-18T23:52:45.714+0000] {processor.py:183} INFO - Processing /home/airflow/.local/lib/python3.8/site-packages/airflow/example_dags/example_external_task_marker_dag.py took 0.380 seconds
[2024-02-18T23:53:15.975+0000] {processor.py:161} INFO - Started process (PID=1370) to work on /home/airflow/.local/lib/python3.8/site-packages/airflow/example_dags/example_external_task_marker_dag.py
[2024-02-18T23:53:15.979+0000] {processor.py:830} INFO - Processing file /home/airflow/.local/lib/python3.8/site-packages/airflow/example_dags/example_external_task_marker_dag.py for tasks to queue
[2024-02-18T23:53:15.983+0000] {logging_mixin.py:188} INFO - [2024-02-18T23:53:15.982+0000] {dagbag.py:538} INFO - Filling up the DagBag from /home/airflow/.local/lib/python3.8/site-packages/airflow/example_dags/example_external_task_marker_dag.py
[2024-02-18T23:53:16.005+0000] {processor.py:840} INFO - DAG(s) 'example_external_task_marker_parent', 'example_external_task_marker_child' retrieved from /home/airflow/.local/lib/python3.8/site-packages/airflow/example_dags/example_external_task_marker_dag.py
[2024-02-18T23:53:16.093+0000] {logging_mixin.py:188} INFO - [2024-02-18T23:53:16.091+0000] {dag.py:3036} INFO - Sync 2 DAGs
[2024-02-18T23:53:16.172+0000] {logging_mixin.py:188} INFO - [2024-02-18T23:53:16.171+0000] {dag.py:3823} INFO - Setting next_dagrun for example_external_task_marker_child to None, run_after=None
[2024-02-18T23:53:16.192+0000] {logging_mixin.py:188} INFO - [2024-02-18T23:53:16.191+0000] {dag.py:3823} INFO - Setting next_dagrun for example_external_task_marker_parent to None, run_after=None
[2024-02-18T23:53:16.290+0000] {processor.py:183} INFO - Processing /home/airflow/.local/lib/python3.8/site-packages/airflow/example_dags/example_external_task_marker_dag.py took 0.341 seconds
[2024-02-18T23:53:46.684+0000] {processor.py:161} INFO - Started process (PID=1612) to work on /home/airflow/.local/lib/python3.8/site-packages/airflow/example_dags/example_external_task_marker_dag.py
[2024-02-18T23:53:46.697+0000] {processor.py:830} INFO - Processing file /home/airflow/.local/lib/python3.8/site-packages/airflow/example_dags/example_external_task_marker_dag.py for tasks to queue
[2024-02-18T23:53:46.713+0000] {logging_mixin.py:188} INFO - [2024-02-18T23:53:46.712+0000] {dagbag.py:538} INFO - Filling up the DagBag from /home/airflow/.local/lib/python3.8/site-packages/airflow/example_dags/example_external_task_marker_dag.py
[2024-02-18T23:53:46.740+0000] {processor.py:840} INFO - DAG(s) 'example_external_task_marker_parent', 'example_external_task_marker_child' retrieved from /home/airflow/.local/lib/python3.8/site-packages/airflow/example_dags/example_external_task_marker_dag.py
[2024-02-18T23:53:46.861+0000] {logging_mixin.py:188} INFO - [2024-02-18T23:53:46.860+0000] {dag.py:3036} INFO - Sync 2 DAGs
[2024-02-18T23:53:46.949+0000] {logging_mixin.py:188} INFO - [2024-02-18T23:53:46.948+0000] {dag.py:3823} INFO - Setting next_dagrun for example_external_task_marker_child to None, run_after=None
[2024-02-18T23:53:46.967+0000] {logging_mixin.py:188} INFO - [2024-02-18T23:53:46.967+0000] {dag.py:3823} INFO - Setting next_dagrun for example_external_task_marker_parent to None, run_after=None
[2024-02-18T23:53:47.052+0000] {processor.py:183} INFO - Processing /home/airflow/.local/lib/python3.8/site-packages/airflow/example_dags/example_external_task_marker_dag.py took 0.386 seconds
[2024-02-18T23:54:17.233+0000] {processor.py:161} INFO - Started process (PID=1861) to work on /home/airflow/.local/lib/python3.8/site-packages/airflow/example_dags/example_external_task_marker_dag.py
[2024-02-18T23:54:17.236+0000] {processor.py:830} INFO - Processing file /home/airflow/.local/lib/python3.8/site-packages/airflow/example_dags/example_external_task_marker_dag.py for tasks to queue
[2024-02-18T23:54:17.240+0000] {logging_mixin.py:188} INFO - [2024-02-18T23:54:17.239+0000] {dagbag.py:538} INFO - Filling up the DagBag from /home/airflow/.local/lib/python3.8/site-packages/airflow/example_dags/example_external_task_marker_dag.py
[2024-02-18T23:54:17.257+0000] {processor.py:840} INFO - DAG(s) 'example_external_task_marker_parent', 'example_external_task_marker_child' retrieved from /home/airflow/.local/lib/python3.8/site-packages/airflow/example_dags/example_external_task_marker_dag.py
[2024-02-18T23:54:17.317+0000] {logging_mixin.py:188} INFO - [2024-02-18T23:54:17.316+0000] {dag.py:3036} INFO - Sync 2 DAGs
[2024-02-18T23:54:17.347+0000] {logging_mixin.py:188} INFO - [2024-02-18T23:54:17.346+0000] {dag.py:3823} INFO - Setting next_dagrun for example_external_task_marker_child to None, run_after=None
[2024-02-18T23:54:17.356+0000] {logging_mixin.py:188} INFO - [2024-02-18T23:54:17.355+0000] {dag.py:3823} INFO - Setting next_dagrun for example_external_task_marker_parent to None, run_after=None
[2024-02-18T23:54:17.393+0000] {processor.py:183} INFO - Processing /home/airflow/.local/lib/python3.8/site-packages/airflow/example_dags/example_external_task_marker_dag.py took 0.166 seconds
[2024-02-18T23:54:48.181+0000] {processor.py:161} INFO - Started process (PID=2108) to work on /home/airflow/.local/lib/python3.8/site-packages/airflow/example_dags/example_external_task_marker_dag.py
[2024-02-18T23:54:48.183+0000] {processor.py:830} INFO - Processing file /home/airflow/.local/lib/python3.8/site-packages/airflow/example_dags/example_external_task_marker_dag.py for tasks to queue
[2024-02-18T23:54:48.185+0000] {logging_mixin.py:188} INFO - [2024-02-18T23:54:48.185+0000] {dagbag.py:538} INFO - Filling up the DagBag from /home/airflow/.local/lib/python3.8/site-packages/airflow/example_dags/example_external_task_marker_dag.py
[2024-02-18T23:54:48.198+0000] {processor.py:840} INFO - DAG(s) 'example_external_task_marker_child', 'example_external_task_marker_parent' retrieved from /home/airflow/.local/lib/python3.8/site-packages/airflow/example_dags/example_external_task_marker_dag.py
[2024-02-18T23:54:48.240+0000] {logging_mixin.py:188} INFO - [2024-02-18T23:54:48.239+0000] {dag.py:3036} INFO - Sync 2 DAGs
[2024-02-18T23:54:48.262+0000] {logging_mixin.py:188} INFO - [2024-02-18T23:54:48.262+0000] {dag.py:3823} INFO - Setting next_dagrun for example_external_task_marker_child to None, run_after=None
[2024-02-18T23:54:48.270+0000] {logging_mixin.py:188} INFO - [2024-02-18T23:54:48.269+0000] {dag.py:3823} INFO - Setting next_dagrun for example_external_task_marker_parent to None, run_after=None
[2024-02-18T23:54:48.301+0000] {processor.py:183} INFO - Processing /home/airflow/.local/lib/python3.8/site-packages/airflow/example_dags/example_external_task_marker_dag.py took 0.127 seconds
[2024-02-18T23:55:18.494+0000] {processor.py:161} INFO - Started process (PID=2353) to work on /home/airflow/.local/lib/python3.8/site-packages/airflow/example_dags/example_external_task_marker_dag.py
[2024-02-18T23:55:18.497+0000] {processor.py:830} INFO - Processing file /home/airflow/.local/lib/python3.8/site-packages/airflow/example_dags/example_external_task_marker_dag.py for tasks to queue
[2024-02-18T23:55:18.501+0000] {logging_mixin.py:188} INFO - [2024-02-18T23:55:18.500+0000] {dagbag.py:538} INFO - Filling up the DagBag from /home/airflow/.local/lib/python3.8/site-packages/airflow/example_dags/example_external_task_marker_dag.py
[2024-02-18T23:55:18.516+0000] {processor.py:840} INFO - DAG(s) 'example_external_task_marker_parent', 'example_external_task_marker_child' retrieved from /home/airflow/.local/lib/python3.8/site-packages/airflow/example_dags/example_external_task_marker_dag.py
[2024-02-18T23:55:18.570+0000] {logging_mixin.py:188} INFO - [2024-02-18T23:55:18.569+0000] {dag.py:3036} INFO - Sync 2 DAGs
[2024-02-18T23:55:18.598+0000] {logging_mixin.py:188} INFO - [2024-02-18T23:55:18.597+0000] {dag.py:3823} INFO - Setting next_dagrun for example_external_task_marker_child to None, run_after=None
[2024-02-18T23:55:18.608+0000] {logging_mixin.py:188} INFO - [2024-02-18T23:55:18.607+0000] {dag.py:3823} INFO - Setting next_dagrun for example_external_task_marker_parent to None, run_after=None
[2024-02-18T23:55:18.642+0000] {processor.py:183} INFO - Processing /home/airflow/.local/lib/python3.8/site-packages/airflow/example_dags/example_external_task_marker_dag.py took 0.158 seconds
[2024-02-18T23:55:49.597+0000] {processor.py:161} INFO - Started process (PID=2600) to work on /home/airflow/.local/lib/python3.8/site-packages/airflow/example_dags/example_external_task_marker_dag.py
[2024-02-18T23:55:49.600+0000] {processor.py:830} INFO - Processing file /home/airflow/.local/lib/python3.8/site-packages/airflow/example_dags/example_external_task_marker_dag.py for tasks to queue
[2024-02-18T23:55:49.605+0000] {logging_mixin.py:188} INFO - [2024-02-18T23:55:49.604+0000] {dagbag.py:538} INFO - Filling up the DagBag from /home/airflow/.local/lib/python3.8/site-packages/airflow/example_dags/example_external_task_marker_dag.py
[2024-02-18T23:55:49.620+0000] {processor.py:840} INFO - DAG(s) 'example_external_task_marker_child', 'example_external_task_marker_parent' retrieved from /home/airflow/.local/lib/python3.8/site-packages/airflow/example_dags/example_external_task_marker_dag.py
[2024-02-18T23:55:49.670+0000] {logging_mixin.py:188} INFO - [2024-02-18T23:55:49.670+0000] {dag.py:3036} INFO - Sync 2 DAGs
[2024-02-18T23:55:49.696+0000] {logging_mixin.py:188} INFO - [2024-02-18T23:55:49.696+0000] {dag.py:3823} INFO - Setting next_dagrun for example_external_task_marker_child to None, run_after=None
[2024-02-18T23:55:49.706+0000] {logging_mixin.py:188} INFO - [2024-02-18T23:55:49.705+0000] {dag.py:3823} INFO - Setting next_dagrun for example_external_task_marker_parent to None, run_after=None
[2024-02-18T23:55:49.743+0000] {processor.py:183} INFO - Processing /home/airflow/.local/lib/python3.8/site-packages/airflow/example_dags/example_external_task_marker_dag.py took 0.156 seconds
[2024-02-18T23:56:20.040+0000] {processor.py:161} INFO - Started process (PID=2847) to work on /home/airflow/.local/lib/python3.8/site-packages/airflow/example_dags/example_external_task_marker_dag.py
[2024-02-18T23:56:20.043+0000] {processor.py:830} INFO - Processing file /home/airflow/.local/lib/python3.8/site-packages/airflow/example_dags/example_external_task_marker_dag.py for tasks to queue
[2024-02-18T23:56:20.046+0000] {logging_mixin.py:188} INFO - [2024-02-18T23:56:20.045+0000] {dagbag.py:538} INFO - Filling up the DagBag from /home/airflow/.local/lib/python3.8/site-packages/airflow/example_dags/example_external_task_marker_dag.py
[2024-02-18T23:56:20.059+0000] {processor.py:840} INFO - DAG(s) 'example_external_task_marker_parent', 'example_external_task_marker_child' retrieved from /home/airflow/.local/lib/python3.8/site-packages/airflow/example_dags/example_external_task_marker_dag.py
[2024-02-18T23:56:20.120+0000] {logging_mixin.py:188} INFO - [2024-02-18T23:56:20.119+0000] {dag.py:3036} INFO - Sync 2 DAGs
[2024-02-18T23:56:20.155+0000] {logging_mixin.py:188} INFO - [2024-02-18T23:56:20.154+0000] {dag.py:3823} INFO - Setting next_dagrun for example_external_task_marker_child to None, run_after=None
[2024-02-18T23:56:20.164+0000] {logging_mixin.py:188} INFO - [2024-02-18T23:56:20.164+0000] {dag.py:3823} INFO - Setting next_dagrun for example_external_task_marker_parent to None, run_after=None
[2024-02-18T23:56:20.200+0000] {processor.py:183} INFO - Processing /home/airflow/.local/lib/python3.8/site-packages/airflow/example_dags/example_external_task_marker_dag.py took 0.166 seconds
[2024-02-18T23:56:50.842+0000] {processor.py:161} INFO - Started process (PID=3099) to work on /home/airflow/.local/lib/python3.8/site-packages/airflow/example_dags/example_external_task_marker_dag.py
[2024-02-18T23:56:50.845+0000] {processor.py:830} INFO - Processing file /home/airflow/.local/lib/python3.8/site-packages/airflow/example_dags/example_external_task_marker_dag.py for tasks to queue
[2024-02-18T23:56:50.852+0000] {logging_mixin.py:188} INFO - [2024-02-18T23:56:50.851+0000] {dagbag.py:538} INFO - Filling up the DagBag from /home/airflow/.local/lib/python3.8/site-packages/airflow/example_dags/example_external_task_marker_dag.py
[2024-02-18T23:56:50.870+0000] {processor.py:840} INFO - DAG(s) 'example_external_task_marker_child', 'example_external_task_marker_parent' retrieved from /home/airflow/.local/lib/python3.8/site-packages/airflow/example_dags/example_external_task_marker_dag.py
[2024-02-18T23:56:50.926+0000] {logging_mixin.py:188} INFO - [2024-02-18T23:56:50.925+0000] {dag.py:3036} INFO - Sync 2 DAGs
[2024-02-18T23:56:50.955+0000] {logging_mixin.py:188} INFO - [2024-02-18T23:56:50.954+0000] {dag.py:3823} INFO - Setting next_dagrun for example_external_task_marker_child to None, run_after=None
[2024-02-18T23:56:50.965+0000] {logging_mixin.py:188} INFO - [2024-02-18T23:56:50.964+0000] {dag.py:3823} INFO - Setting next_dagrun for example_external_task_marker_parent to None, run_after=None
[2024-02-18T23:56:51.007+0000] {processor.py:183} INFO - Processing /home/airflow/.local/lib/python3.8/site-packages/airflow/example_dags/example_external_task_marker_dag.py took 0.175 seconds
[2024-02-18T23:57:21.369+0000] {processor.py:161} INFO - Started process (PID=3346) to work on /home/airflow/.local/lib/python3.8/site-packages/airflow/example_dags/example_external_task_marker_dag.py
[2024-02-18T23:57:21.372+0000] {processor.py:830} INFO - Processing file /home/airflow/.local/lib/python3.8/site-packages/airflow/example_dags/example_external_task_marker_dag.py for tasks to queue
[2024-02-18T23:57:21.376+0000] {logging_mixin.py:188} INFO - [2024-02-18T23:57:21.375+0000] {dagbag.py:538} INFO - Filling up the DagBag from /home/airflow/.local/lib/python3.8/site-packages/airflow/example_dags/example_external_task_marker_dag.py
[2024-02-18T23:57:21.395+0000] {processor.py:840} INFO - DAG(s) 'example_external_task_marker_child', 'example_external_task_marker_parent' retrieved from /home/airflow/.local/lib/python3.8/site-packages/airflow/example_dags/example_external_task_marker_dag.py
[2024-02-18T23:57:21.490+0000] {logging_mixin.py:188} INFO - [2024-02-18T23:57:21.489+0000] {dag.py:3036} INFO - Sync 2 DAGs
[2024-02-18T23:57:21.538+0000] {logging_mixin.py:188} INFO - [2024-02-18T23:57:21.537+0000] {dag.py:3823} INFO - Setting next_dagrun for example_external_task_marker_child to None, run_after=None
[2024-02-18T23:57:21.551+0000] {logging_mixin.py:188} INFO - [2024-02-18T23:57:21.550+0000] {dag.py:3823} INFO - Setting next_dagrun for example_external_task_marker_parent to None, run_after=None
[2024-02-18T23:57:21.589+0000] {processor.py:183} INFO - Processing /home/airflow/.local/lib/python3.8/site-packages/airflow/example_dags/example_external_task_marker_dag.py took 0.228 seconds
[2024-02-18T23:57:52.349+0000] {processor.py:161} INFO - Started process (PID=3592) to work on /home/airflow/.local/lib/python3.8/site-packages/airflow/example_dags/example_external_task_marker_dag.py
[2024-02-18T23:57:52.351+0000] {processor.py:830} INFO - Processing file /home/airflow/.local/lib/python3.8/site-packages/airflow/example_dags/example_external_task_marker_dag.py for tasks to queue
[2024-02-18T23:57:52.355+0000] {logging_mixin.py:188} INFO - [2024-02-18T23:57:52.354+0000] {dagbag.py:538} INFO - Filling up the DagBag from /home/airflow/.local/lib/python3.8/site-packages/airflow/example_dags/example_external_task_marker_dag.py
[2024-02-18T23:57:52.370+0000] {processor.py:840} INFO - DAG(s) 'example_external_task_marker_parent', 'example_external_task_marker_child' retrieved from /home/airflow/.local/lib/python3.8/site-packages/airflow/example_dags/example_external_task_marker_dag.py
[2024-02-18T23:57:52.424+0000] {logging_mixin.py:188} INFO - [2024-02-18T23:57:52.424+0000] {dag.py:3036} INFO - Sync 2 DAGs
[2024-02-18T23:57:52.458+0000] {logging_mixin.py:188} INFO - [2024-02-18T23:57:52.457+0000] {dag.py:3823} INFO - Setting next_dagrun for example_external_task_marker_child to None, run_after=None
[2024-02-18T23:57:52.467+0000] {logging_mixin.py:188} INFO - [2024-02-18T23:57:52.466+0000] {dag.py:3823} INFO - Setting next_dagrun for example_external_task_marker_parent to None, run_after=None
[2024-02-18T23:57:52.522+0000] {processor.py:183} INFO - Processing /home/airflow/.local/lib/python3.8/site-packages/airflow/example_dags/example_external_task_marker_dag.py took 0.182 seconds
[2024-02-18T23:58:23.447+0000] {processor.py:161} INFO - Started process (PID=3841) to work on /home/airflow/.local/lib/python3.8/site-packages/airflow/example_dags/example_external_task_marker_dag.py
[2024-02-18T23:58:23.449+0000] {processor.py:830} INFO - Processing file /home/airflow/.local/lib/python3.8/site-packages/airflow/example_dags/example_external_task_marker_dag.py for tasks to queue
[2024-02-18T23:58:23.453+0000] {logging_mixin.py:188} INFO - [2024-02-18T23:58:23.452+0000] {dagbag.py:538} INFO - Filling up the DagBag from /home/airflow/.local/lib/python3.8/site-packages/airflow/example_dags/example_external_task_marker_dag.py
[2024-02-18T23:58:23.471+0000] {processor.py:840} INFO - DAG(s) 'example_external_task_marker_child', 'example_external_task_marker_parent' retrieved from /home/airflow/.local/lib/python3.8/site-packages/airflow/example_dags/example_external_task_marker_dag.py
[2024-02-18T23:58:23.523+0000] {logging_mixin.py:188} INFO - [2024-02-18T23:58:23.523+0000] {dag.py:3036} INFO - Sync 2 DAGs
[2024-02-18T23:58:23.551+0000] {logging_mixin.py:188} INFO - [2024-02-18T23:58:23.550+0000] {dag.py:3823} INFO - Setting next_dagrun for example_external_task_marker_child to None, run_after=None
[2024-02-18T23:58:23.560+0000] {logging_mixin.py:188} INFO - [2024-02-18T23:58:23.559+0000] {dag.py:3823} INFO - Setting next_dagrun for example_external_task_marker_parent to None, run_after=None
[2024-02-18T23:58:23.597+0000] {processor.py:183} INFO - Processing /home/airflow/.local/lib/python3.8/site-packages/airflow/example_dags/example_external_task_marker_dag.py took 0.159 seconds
[2024-02-18T23:58:54.331+0000] {processor.py:161} INFO - Started process (PID=4088) to work on /home/airflow/.local/lib/python3.8/site-packages/airflow/example_dags/example_external_task_marker_dag.py
[2024-02-18T23:58:54.333+0000] {processor.py:830} INFO - Processing file /home/airflow/.local/lib/python3.8/site-packages/airflow/example_dags/example_external_task_marker_dag.py for tasks to queue
[2024-02-18T23:58:54.337+0000] {logging_mixin.py:188} INFO - [2024-02-18T23:58:54.336+0000] {dagbag.py:538} INFO - Filling up the DagBag from /home/airflow/.local/lib/python3.8/site-packages/airflow/example_dags/example_external_task_marker_dag.py
[2024-02-18T23:58:54.353+0000] {processor.py:840} INFO - DAG(s) 'example_external_task_marker_child', 'example_external_task_marker_parent' retrieved from /home/airflow/.local/lib/python3.8/site-packages/airflow/example_dags/example_external_task_marker_dag.py
[2024-02-18T23:58:54.415+0000] {logging_mixin.py:188} INFO - [2024-02-18T23:58:54.414+0000] {dag.py:3036} INFO - Sync 2 DAGs
[2024-02-18T23:58:54.440+0000] {logging_mixin.py:188} INFO - [2024-02-18T23:58:54.440+0000] {dag.py:3823} INFO - Setting next_dagrun for example_external_task_marker_child to None, run_after=None
[2024-02-18T23:58:54.448+0000] {logging_mixin.py:188} INFO - [2024-02-18T23:58:54.448+0000] {dag.py:3823} INFO - Setting next_dagrun for example_external_task_marker_parent to None, run_after=None
[2024-02-18T23:58:54.488+0000] {processor.py:183} INFO - Processing /home/airflow/.local/lib/python3.8/site-packages/airflow/example_dags/example_external_task_marker_dag.py took 0.165 seconds
[2024-02-18T23:59:26.579+0000] {processor.py:161} INFO - Started process (PID=4333) to work on /home/airflow/.local/lib/python3.8/site-packages/airflow/example_dags/example_external_task_marker_dag.py
[2024-02-18T23:59:26.590+0000] {processor.py:830} INFO - Processing file /home/airflow/.local/lib/python3.8/site-packages/airflow/example_dags/example_external_task_marker_dag.py for tasks to queue
[2024-02-18T23:59:26.598+0000] {logging_mixin.py:188} INFO - [2024-02-18T23:59:26.597+0000] {dagbag.py:538} INFO - Filling up the DagBag from /home/airflow/.local/lib/python3.8/site-packages/airflow/example_dags/example_external_task_marker_dag.py
[2024-02-18T23:59:26.625+0000] {processor.py:840} INFO - DAG(s) 'example_external_task_marker_child', 'example_external_task_marker_parent' retrieved from /home/airflow/.local/lib/python3.8/site-packages/airflow/example_dags/example_external_task_marker_dag.py
[2024-02-18T23:59:26.790+0000] {logging_mixin.py:188} INFO - [2024-02-18T23:59:26.785+0000] {dag.py:3036} INFO - Sync 2 DAGs
[2024-02-18T23:59:26.852+0000] {logging_mixin.py:188} INFO - [2024-02-18T23:59:26.852+0000] {dag.py:3823} INFO - Setting next_dagrun for example_external_task_marker_child to None, run_after=None
[2024-02-18T23:59:26.877+0000] {logging_mixin.py:188} INFO - [2024-02-18T23:59:26.875+0000] {dag.py:3823} INFO - Setting next_dagrun for example_external_task_marker_parent to None, run_after=None
[2024-02-18T23:59:26.972+0000] {processor.py:183} INFO - Processing /home/airflow/.local/lib/python3.8/site-packages/airflow/example_dags/example_external_task_marker_dag.py took 0.404 seconds
[2024-02-18T23:59:57.362+0000] {processor.py:161} INFO - Started process (PID=4580) to work on /home/airflow/.local/lib/python3.8/site-packages/airflow/example_dags/example_external_task_marker_dag.py
[2024-02-18T23:59:57.366+0000] {processor.py:830} INFO - Processing file /home/airflow/.local/lib/python3.8/site-packages/airflow/example_dags/example_external_task_marker_dag.py for tasks to queue
[2024-02-18T23:59:57.370+0000] {logging_mixin.py:188} INFO - [2024-02-18T23:59:57.368+0000] {dagbag.py:538} INFO - Filling up the DagBag from /home/airflow/.local/lib/python3.8/site-packages/airflow/example_dags/example_external_task_marker_dag.py
[2024-02-18T23:59:57.388+0000] {processor.py:840} INFO - DAG(s) 'example_external_task_marker_parent', 'example_external_task_marker_child' retrieved from /home/airflow/.local/lib/python3.8/site-packages/airflow/example_dags/example_external_task_marker_dag.py
[2024-02-18T23:59:57.442+0000] {logging_mixin.py:188} INFO - [2024-02-18T23:59:57.441+0000] {dag.py:3036} INFO - Sync 2 DAGs
[2024-02-18T23:59:57.477+0000] {logging_mixin.py:188} INFO - [2024-02-18T23:59:57.477+0000] {dag.py:3823} INFO - Setting next_dagrun for example_external_task_marker_child to None, run_after=None
[2024-02-18T23:59:57.492+0000] {logging_mixin.py:188} INFO - [2024-02-18T23:59:57.492+0000] {dag.py:3823} INFO - Setting next_dagrun for example_external_task_marker_parent to None, run_after=None
[2024-02-18T23:59:57.581+0000] {processor.py:183} INFO - Processing /home/airflow/.local/lib/python3.8/site-packages/airflow/example_dags/example_external_task_marker_dag.py took 0.228 seconds
