[2024-02-18T23:46:36.180+0000] {processor.py:161} INFO - Started process (PID=309) to work on /home/airflow/.local/lib/python3.8/site-packages/airflow/example_dags/example_task_group.py
[2024-02-18T23:46:36.184+0000] {processor.py:830} INFO - Processing file /home/airflow/.local/lib/python3.8/site-packages/airflow/example_dags/example_task_group.py for tasks to queue
[2024-02-18T23:46:36.190+0000] {logging_mixin.py:188} INFO - [2024-02-18T23:46:36.189+0000] {dagbag.py:538} INFO - Filling up the DagBag from /home/airflow/.local/lib/python3.8/site-packages/airflow/example_dags/example_task_group.py
[2024-02-18T23:46:36.223+0000] {processor.py:840} INFO - DAG(s) 'example_task_group' retrieved from /home/airflow/.local/lib/python3.8/site-packages/airflow/example_dags/example_task_group.py
[2024-02-18T23:46:36.720+0000] {logging_mixin.py:188} INFO - [2024-02-18T23:46:36.720+0000] {dag.py:3036} INFO - Sync 1 DAGs
[2024-02-18T23:46:36.812+0000] {logging_mixin.py:188} INFO - [2024-02-18T23:46:36.811+0000] {dag.py:3823} INFO - Setting next_dagrun for example_task_group to 2024-02-17 00:00:00+00:00, run_after=2024-02-18 00:00:00+00:00
[2024-02-18T23:46:36.923+0000] {processor.py:183} INFO - Processing /home/airflow/.local/lib/python3.8/site-packages/airflow/example_dags/example_task_group.py took 0.761 seconds
[2024-02-18T23:47:07.082+0000] {processor.py:161} INFO - Started process (PID=557) to work on /home/airflow/.local/lib/python3.8/site-packages/airflow/example_dags/example_task_group.py
[2024-02-18T23:47:07.084+0000] {processor.py:830} INFO - Processing file /home/airflow/.local/lib/python3.8/site-packages/airflow/example_dags/example_task_group.py for tasks to queue
[2024-02-18T23:47:07.087+0000] {logging_mixin.py:188} INFO - [2024-02-18T23:47:07.086+0000] {dagbag.py:538} INFO - Filling up the DagBag from /home/airflow/.local/lib/python3.8/site-packages/airflow/example_dags/example_task_group.py
[2024-02-18T23:47:07.107+0000] {processor.py:840} INFO - DAG(s) 'example_task_group' retrieved from /home/airflow/.local/lib/python3.8/site-packages/airflow/example_dags/example_task_group.py
[2024-02-18T23:47:07.156+0000] {logging_mixin.py:188} INFO - [2024-02-18T23:47:07.156+0000] {dag.py:3036} INFO - Sync 1 DAGs
[2024-02-18T23:47:07.196+0000] {logging_mixin.py:188} INFO - [2024-02-18T23:47:07.196+0000] {dag.py:3823} INFO - Setting next_dagrun for example_task_group to 2024-02-17 00:00:00+00:00, run_after=2024-02-18 00:00:00+00:00
[2024-02-18T23:47:07.230+0000] {processor.py:183} INFO - Processing /home/airflow/.local/lib/python3.8/site-packages/airflow/example_dags/example_task_group.py took 0.156 seconds
[2024-02-18T23:52:13.560+0000] {processor.py:161} INFO - Started process (PID=856) to work on /home/airflow/.local/lib/python3.8/site-packages/airflow/example_dags/example_task_group.py
[2024-02-18T23:52:13.566+0000] {processor.py:830} INFO - Processing file /home/airflow/.local/lib/python3.8/site-packages/airflow/example_dags/example_task_group.py for tasks to queue
[2024-02-18T23:52:13.569+0000] {logging_mixin.py:188} INFO - [2024-02-18T23:52:13.568+0000] {dagbag.py:538} INFO - Filling up the DagBag from /home/airflow/.local/lib/python3.8/site-packages/airflow/example_dags/example_task_group.py
[2024-02-18T23:52:13.604+0000] {processor.py:840} INFO - DAG(s) 'example_task_group' retrieved from /home/airflow/.local/lib/python3.8/site-packages/airflow/example_dags/example_task_group.py
[2024-02-18T23:52:13.724+0000] {logging_mixin.py:188} INFO - [2024-02-18T23:52:13.723+0000] {dag.py:3036} INFO - Sync 1 DAGs
[2024-02-18T23:52:13.806+0000] {logging_mixin.py:188} INFO - [2024-02-18T23:52:13.806+0000] {dag.py:3823} INFO - Setting next_dagrun for example_task_group to 2024-02-17 00:00:00+00:00, run_after=2024-02-18 00:00:00+00:00
[2024-02-18T23:52:13.873+0000] {processor.py:183} INFO - Processing /home/airflow/.local/lib/python3.8/site-packages/airflow/example_dags/example_task_group.py took 0.324 seconds
[2024-02-18T23:52:44.057+0000] {processor.py:161} INFO - Started process (PID=1100) to work on /home/airflow/.local/lib/python3.8/site-packages/airflow/example_dags/example_task_group.py
[2024-02-18T23:52:44.066+0000] {processor.py:830} INFO - Processing file /home/airflow/.local/lib/python3.8/site-packages/airflow/example_dags/example_task_group.py for tasks to queue
[2024-02-18T23:52:44.072+0000] {logging_mixin.py:188} INFO - [2024-02-18T23:52:44.070+0000] {dagbag.py:538} INFO - Filling up the DagBag from /home/airflow/.local/lib/python3.8/site-packages/airflow/example_dags/example_task_group.py
[2024-02-18T23:52:44.100+0000] {processor.py:840} INFO - DAG(s) 'example_task_group' retrieved from /home/airflow/.local/lib/python3.8/site-packages/airflow/example_dags/example_task_group.py
[2024-02-18T23:52:44.211+0000] {logging_mixin.py:188} INFO - [2024-02-18T23:52:44.211+0000] {dag.py:3036} INFO - Sync 1 DAGs
[2024-02-18T23:52:44.284+0000] {logging_mixin.py:188} INFO - [2024-02-18T23:52:44.283+0000] {dag.py:3823} INFO - Setting next_dagrun for example_task_group to 2024-02-17 00:00:00+00:00, run_after=2024-02-18 00:00:00+00:00
[2024-02-18T23:52:44.366+0000] {processor.py:183} INFO - Processing /home/airflow/.local/lib/python3.8/site-packages/airflow/example_dags/example_task_group.py took 0.318 seconds
[2024-02-18T23:53:14.837+0000] {processor.py:161} INFO - Started process (PID=1345) to work on /home/airflow/.local/lib/python3.8/site-packages/airflow/example_dags/example_task_group.py
[2024-02-18T23:53:14.841+0000] {processor.py:830} INFO - Processing file /home/airflow/.local/lib/python3.8/site-packages/airflow/example_dags/example_task_group.py for tasks to queue
[2024-02-18T23:53:14.848+0000] {logging_mixin.py:188} INFO - [2024-02-18T23:53:14.848+0000] {dagbag.py:538} INFO - Filling up the DagBag from /home/airflow/.local/lib/python3.8/site-packages/airflow/example_dags/example_task_group.py
[2024-02-18T23:53:14.882+0000] {processor.py:840} INFO - DAG(s) 'example_task_group' retrieved from /home/airflow/.local/lib/python3.8/site-packages/airflow/example_dags/example_task_group.py
[2024-02-18T23:53:14.976+0000] {logging_mixin.py:188} INFO - [2024-02-18T23:53:14.975+0000] {dag.py:3036} INFO - Sync 1 DAGs
[2024-02-18T23:53:15.058+0000] {logging_mixin.py:188} INFO - [2024-02-18T23:53:15.057+0000] {dag.py:3823} INFO - Setting next_dagrun for example_task_group to 2024-02-17 00:00:00+00:00, run_after=2024-02-18 00:00:00+00:00
[2024-02-18T23:53:15.137+0000] {processor.py:183} INFO - Processing /home/airflow/.local/lib/python3.8/site-packages/airflow/example_dags/example_task_group.py took 0.313 seconds
[2024-02-18T23:53:45.782+0000] {processor.py:161} INFO - Started process (PID=1592) to work on /home/airflow/.local/lib/python3.8/site-packages/airflow/example_dags/example_task_group.py
[2024-02-18T23:53:45.788+0000] {processor.py:830} INFO - Processing file /home/airflow/.local/lib/python3.8/site-packages/airflow/example_dags/example_task_group.py for tasks to queue
[2024-02-18T23:53:45.792+0000] {logging_mixin.py:188} INFO - [2024-02-18T23:53:45.791+0000] {dagbag.py:538} INFO - Filling up the DagBag from /home/airflow/.local/lib/python3.8/site-packages/airflow/example_dags/example_task_group.py
[2024-02-18T23:53:45.818+0000] {processor.py:840} INFO - DAG(s) 'example_task_group' retrieved from /home/airflow/.local/lib/python3.8/site-packages/airflow/example_dags/example_task_group.py
[2024-02-18T23:53:45.890+0000] {logging_mixin.py:188} INFO - [2024-02-18T23:53:45.889+0000] {dag.py:3036} INFO - Sync 1 DAGs
[2024-02-18T23:53:45.955+0000] {logging_mixin.py:188} INFO - [2024-02-18T23:53:45.955+0000] {dag.py:3823} INFO - Setting next_dagrun for example_task_group to 2024-02-17 00:00:00+00:00, run_after=2024-02-18 00:00:00+00:00
[2024-02-18T23:53:46.043+0000] {processor.py:183} INFO - Processing /home/airflow/.local/lib/python3.8/site-packages/airflow/example_dags/example_task_group.py took 0.274 seconds
[2024-02-18T23:54:16.748+0000] {processor.py:161} INFO - Started process (PID=1846) to work on /home/airflow/.local/lib/python3.8/site-packages/airflow/example_dags/example_task_group.py
[2024-02-18T23:54:16.750+0000] {processor.py:830} INFO - Processing file /home/airflow/.local/lib/python3.8/site-packages/airflow/example_dags/example_task_group.py for tasks to queue
[2024-02-18T23:54:16.753+0000] {logging_mixin.py:188} INFO - [2024-02-18T23:54:16.752+0000] {dagbag.py:538} INFO - Filling up the DagBag from /home/airflow/.local/lib/python3.8/site-packages/airflow/example_dags/example_task_group.py
[2024-02-18T23:54:16.773+0000] {processor.py:840} INFO - DAG(s) 'example_task_group' retrieved from /home/airflow/.local/lib/python3.8/site-packages/airflow/example_dags/example_task_group.py
[2024-02-18T23:54:16.824+0000] {logging_mixin.py:188} INFO - [2024-02-18T23:54:16.823+0000] {dag.py:3036} INFO - Sync 1 DAGs
[2024-02-18T23:54:16.868+0000] {logging_mixin.py:188} INFO - [2024-02-18T23:54:16.868+0000] {dag.py:3823} INFO - Setting next_dagrun for example_task_group to 2024-02-17 00:00:00+00:00, run_after=2024-02-18 00:00:00+00:00
[2024-02-18T23:54:16.912+0000] {processor.py:183} INFO - Processing /home/airflow/.local/lib/python3.8/site-packages/airflow/example_dags/example_task_group.py took 0.171 seconds
[2024-02-18T23:54:47.714+0000] {processor.py:161} INFO - Started process (PID=2093) to work on /home/airflow/.local/lib/python3.8/site-packages/airflow/example_dags/example_task_group.py
[2024-02-18T23:54:47.716+0000] {processor.py:830} INFO - Processing file /home/airflow/.local/lib/python3.8/site-packages/airflow/example_dags/example_task_group.py for tasks to queue
[2024-02-18T23:54:47.719+0000] {logging_mixin.py:188} INFO - [2024-02-18T23:54:47.718+0000] {dagbag.py:538} INFO - Filling up the DagBag from /home/airflow/.local/lib/python3.8/site-packages/airflow/example_dags/example_task_group.py
[2024-02-18T23:54:47.738+0000] {processor.py:840} INFO - DAG(s) 'example_task_group' retrieved from /home/airflow/.local/lib/python3.8/site-packages/airflow/example_dags/example_task_group.py
[2024-02-18T23:54:47.793+0000] {logging_mixin.py:188} INFO - [2024-02-18T23:54:47.793+0000] {dag.py:3036} INFO - Sync 1 DAGs
[2024-02-18T23:54:47.847+0000] {logging_mixin.py:188} INFO - [2024-02-18T23:54:47.846+0000] {dag.py:3823} INFO - Setting next_dagrun for example_task_group to 2024-02-17 00:00:00+00:00, run_after=2024-02-18 00:00:00+00:00
[2024-02-18T23:54:47.914+0000] {processor.py:183} INFO - Processing /home/airflow/.local/lib/python3.8/site-packages/airflow/example_dags/example_task_group.py took 0.206 seconds
[2024-02-18T23:55:18.243+0000] {processor.py:161} INFO - Started process (PID=2340) to work on /home/airflow/.local/lib/python3.8/site-packages/airflow/example_dags/example_task_group.py
[2024-02-18T23:55:18.245+0000] {processor.py:830} INFO - Processing file /home/airflow/.local/lib/python3.8/site-packages/airflow/example_dags/example_task_group.py for tasks to queue
[2024-02-18T23:55:18.248+0000] {logging_mixin.py:188} INFO - [2024-02-18T23:55:18.247+0000] {dagbag.py:538} INFO - Filling up the DagBag from /home/airflow/.local/lib/python3.8/site-packages/airflow/example_dags/example_task_group.py
[2024-02-18T23:55:18.267+0000] {processor.py:840} INFO - DAG(s) 'example_task_group' retrieved from /home/airflow/.local/lib/python3.8/site-packages/airflow/example_dags/example_task_group.py
[2024-02-18T23:55:18.315+0000] {logging_mixin.py:188} INFO - [2024-02-18T23:55:18.315+0000] {dag.py:3036} INFO - Sync 1 DAGs
[2024-02-18T23:55:18.370+0000] {logging_mixin.py:188} INFO - [2024-02-18T23:55:18.369+0000] {dag.py:3823} INFO - Setting next_dagrun for example_task_group to 2024-02-17 00:00:00+00:00, run_after=2024-02-18 00:00:00+00:00
[2024-02-18T23:55:18.411+0000] {processor.py:183} INFO - Processing /home/airflow/.local/lib/python3.8/site-packages/airflow/example_dags/example_task_group.py took 0.176 seconds
[2024-02-18T23:55:49.189+0000] {processor.py:161} INFO - Started process (PID=2585) to work on /home/airflow/.local/lib/python3.8/site-packages/airflow/example_dags/example_task_group.py
[2024-02-18T23:55:49.193+0000] {processor.py:830} INFO - Processing file /home/airflow/.local/lib/python3.8/site-packages/airflow/example_dags/example_task_group.py for tasks to queue
[2024-02-18T23:55:49.199+0000] {logging_mixin.py:188} INFO - [2024-02-18T23:55:49.198+0000] {dagbag.py:538} INFO - Filling up the DagBag from /home/airflow/.local/lib/python3.8/site-packages/airflow/example_dags/example_task_group.py
[2024-02-18T23:55:49.227+0000] {processor.py:840} INFO - DAG(s) 'example_task_group' retrieved from /home/airflow/.local/lib/python3.8/site-packages/airflow/example_dags/example_task_group.py
[2024-02-18T23:55:49.348+0000] {logging_mixin.py:188} INFO - [2024-02-18T23:55:49.347+0000] {dag.py:3036} INFO - Sync 1 DAGs
[2024-02-18T23:55:49.424+0000] {logging_mixin.py:188} INFO - [2024-02-18T23:55:49.424+0000] {dag.py:3823} INFO - Setting next_dagrun for example_task_group to 2024-02-17 00:00:00+00:00, run_after=2024-02-18 00:00:00+00:00
[2024-02-18T23:55:49.487+0000] {processor.py:183} INFO - Processing /home/airflow/.local/lib/python3.8/site-packages/airflow/example_dags/example_task_group.py took 0.309 seconds
[2024-02-18T23:56:19.719+0000] {processor.py:161} INFO - Started process (PID=2833) to work on /home/airflow/.local/lib/python3.8/site-packages/airflow/example_dags/example_task_group.py
[2024-02-18T23:56:19.721+0000] {processor.py:830} INFO - Processing file /home/airflow/.local/lib/python3.8/site-packages/airflow/example_dags/example_task_group.py for tasks to queue
[2024-02-18T23:56:19.725+0000] {logging_mixin.py:188} INFO - [2024-02-18T23:56:19.724+0000] {dagbag.py:538} INFO - Filling up the DagBag from /home/airflow/.local/lib/python3.8/site-packages/airflow/example_dags/example_task_group.py
[2024-02-18T23:56:19.745+0000] {processor.py:840} INFO - DAG(s) 'example_task_group' retrieved from /home/airflow/.local/lib/python3.8/site-packages/airflow/example_dags/example_task_group.py
[2024-02-18T23:56:19.814+0000] {logging_mixin.py:188} INFO - [2024-02-18T23:56:19.814+0000] {dag.py:3036} INFO - Sync 1 DAGs
[2024-02-18T23:56:19.868+0000] {logging_mixin.py:188} INFO - [2024-02-18T23:56:19.867+0000] {dag.py:3823} INFO - Setting next_dagrun for example_task_group to 2024-02-17 00:00:00+00:00, run_after=2024-02-18 00:00:00+00:00
[2024-02-18T23:56:19.910+0000] {processor.py:183} INFO - Processing /home/airflow/.local/lib/python3.8/site-packages/airflow/example_dags/example_task_group.py took 0.199 seconds
[2024-02-18T23:56:50.324+0000] {processor.py:161} INFO - Started process (PID=3081) to work on /home/airflow/.local/lib/python3.8/site-packages/airflow/example_dags/example_task_group.py
[2024-02-18T23:56:50.326+0000] {processor.py:830} INFO - Processing file /home/airflow/.local/lib/python3.8/site-packages/airflow/example_dags/example_task_group.py for tasks to queue
[2024-02-18T23:56:50.329+0000] {logging_mixin.py:188} INFO - [2024-02-18T23:56:50.328+0000] {dagbag.py:538} INFO - Filling up the DagBag from /home/airflow/.local/lib/python3.8/site-packages/airflow/example_dags/example_task_group.py
[2024-02-18T23:56:50.347+0000] {processor.py:840} INFO - DAG(s) 'example_task_group' retrieved from /home/airflow/.local/lib/python3.8/site-packages/airflow/example_dags/example_task_group.py
[2024-02-18T23:56:50.403+0000] {logging_mixin.py:188} INFO - [2024-02-18T23:56:50.403+0000] {dag.py:3036} INFO - Sync 1 DAGs
[2024-02-18T23:56:50.469+0000] {logging_mixin.py:188} INFO - [2024-02-18T23:56:50.468+0000] {dag.py:3823} INFO - Setting next_dagrun for example_task_group to 2024-02-17 00:00:00+00:00, run_after=2024-02-18 00:00:00+00:00
[2024-02-18T23:56:50.522+0000] {processor.py:183} INFO - Processing /home/airflow/.local/lib/python3.8/site-packages/airflow/example_dags/example_task_group.py took 0.207 seconds
[2024-02-18T23:57:20.847+0000] {processor.py:161} INFO - Started process (PID=3328) to work on /home/airflow/.local/lib/python3.8/site-packages/airflow/example_dags/example_task_group.py
[2024-02-18T23:57:20.849+0000] {processor.py:830} INFO - Processing file /home/airflow/.local/lib/python3.8/site-packages/airflow/example_dags/example_task_group.py for tasks to queue
[2024-02-18T23:57:20.852+0000] {logging_mixin.py:188} INFO - [2024-02-18T23:57:20.851+0000] {dagbag.py:538} INFO - Filling up the DagBag from /home/airflow/.local/lib/python3.8/site-packages/airflow/example_dags/example_task_group.py
[2024-02-18T23:57:20.869+0000] {processor.py:840} INFO - DAG(s) 'example_task_group' retrieved from /home/airflow/.local/lib/python3.8/site-packages/airflow/example_dags/example_task_group.py
[2024-02-18T23:57:20.920+0000] {logging_mixin.py:188} INFO - [2024-02-18T23:57:20.919+0000] {dag.py:3036} INFO - Sync 1 DAGs
[2024-02-18T23:57:20.968+0000] {logging_mixin.py:188} INFO - [2024-02-18T23:57:20.967+0000] {dag.py:3823} INFO - Setting next_dagrun for example_task_group to 2024-02-17 00:00:00+00:00, run_after=2024-02-18 00:00:00+00:00
[2024-02-18T23:57:21.008+0000] {processor.py:183} INFO - Processing /home/airflow/.local/lib/python3.8/site-packages/airflow/example_dags/example_task_group.py took 0.168 seconds
[2024-02-18T23:57:51.720+0000] {processor.py:161} INFO - Started process (PID=3572) to work on /home/airflow/.local/lib/python3.8/site-packages/airflow/example_dags/example_task_group.py
[2024-02-18T23:57:51.725+0000] {processor.py:830} INFO - Processing file /home/airflow/.local/lib/python3.8/site-packages/airflow/example_dags/example_task_group.py for tasks to queue
[2024-02-18T23:57:51.728+0000] {logging_mixin.py:188} INFO - [2024-02-18T23:57:51.727+0000] {dagbag.py:538} INFO - Filling up the DagBag from /home/airflow/.local/lib/python3.8/site-packages/airflow/example_dags/example_task_group.py
[2024-02-18T23:57:51.751+0000] {processor.py:840} INFO - DAG(s) 'example_task_group' retrieved from /home/airflow/.local/lib/python3.8/site-packages/airflow/example_dags/example_task_group.py
[2024-02-18T23:57:51.870+0000] {logging_mixin.py:188} INFO - [2024-02-18T23:57:51.869+0000] {dag.py:3036} INFO - Sync 1 DAGs
[2024-02-18T23:57:51.959+0000] {logging_mixin.py:188} INFO - [2024-02-18T23:57:51.958+0000] {dag.py:3823} INFO - Setting next_dagrun for example_task_group to 2024-02-17 00:00:00+00:00, run_after=2024-02-18 00:00:00+00:00
[2024-02-18T23:57:52.036+0000] {processor.py:183} INFO - Processing /home/airflow/.local/lib/python3.8/site-packages/airflow/example_dags/example_task_group.py took 0.324 seconds
[2024-02-18T23:58:22.732+0000] {processor.py:161} INFO - Started process (PID=3821) to work on /home/airflow/.local/lib/python3.8/site-packages/airflow/example_dags/example_task_group.py
[2024-02-18T23:58:22.735+0000] {processor.py:830} INFO - Processing file /home/airflow/.local/lib/python3.8/site-packages/airflow/example_dags/example_task_group.py for tasks to queue
[2024-02-18T23:58:22.740+0000] {logging_mixin.py:188} INFO - [2024-02-18T23:58:22.739+0000] {dagbag.py:538} INFO - Filling up the DagBag from /home/airflow/.local/lib/python3.8/site-packages/airflow/example_dags/example_task_group.py
[2024-02-18T23:58:22.762+0000] {processor.py:840} INFO - DAG(s) 'example_task_group' retrieved from /home/airflow/.local/lib/python3.8/site-packages/airflow/example_dags/example_task_group.py
[2024-02-18T23:58:22.808+0000] {logging_mixin.py:188} INFO - [2024-02-18T23:58:22.808+0000] {dag.py:3036} INFO - Sync 1 DAGs
[2024-02-18T23:58:22.851+0000] {logging_mixin.py:188} INFO - [2024-02-18T23:58:22.851+0000] {dag.py:3823} INFO - Setting next_dagrun for example_task_group to 2024-02-17 00:00:00+00:00, run_after=2024-02-18 00:00:00+00:00
[2024-02-18T23:58:22.890+0000] {processor.py:183} INFO - Processing /home/airflow/.local/lib/python3.8/site-packages/airflow/example_dags/example_task_group.py took 0.167 seconds
[2024-02-18T23:58:53.615+0000] {processor.py:161} INFO - Started process (PID=4068) to work on /home/airflow/.local/lib/python3.8/site-packages/airflow/example_dags/example_task_group.py
[2024-02-18T23:58:53.618+0000] {processor.py:830} INFO - Processing file /home/airflow/.local/lib/python3.8/site-packages/airflow/example_dags/example_task_group.py for tasks to queue
[2024-02-18T23:58:53.621+0000] {logging_mixin.py:188} INFO - [2024-02-18T23:58:53.620+0000] {dagbag.py:538} INFO - Filling up the DagBag from /home/airflow/.local/lib/python3.8/site-packages/airflow/example_dags/example_task_group.py
[2024-02-18T23:58:53.643+0000] {processor.py:840} INFO - DAG(s) 'example_task_group' retrieved from /home/airflow/.local/lib/python3.8/site-packages/airflow/example_dags/example_task_group.py
[2024-02-18T23:58:53.709+0000] {logging_mixin.py:188} INFO - [2024-02-18T23:58:53.709+0000] {dag.py:3036} INFO - Sync 1 DAGs
[2024-02-18T23:58:53.771+0000] {logging_mixin.py:188} INFO - [2024-02-18T23:58:53.770+0000] {dag.py:3823} INFO - Setting next_dagrun for example_task_group to 2024-02-17 00:00:00+00:00, run_after=2024-02-18 00:00:00+00:00
[2024-02-18T23:58:53.828+0000] {processor.py:183} INFO - Processing /home/airflow/.local/lib/python3.8/site-packages/airflow/example_dags/example_task_group.py took 0.222 seconds
[2024-02-18T23:59:25.701+0000] {processor.py:161} INFO - Started process (PID=4313) to work on /home/airflow/.local/lib/python3.8/site-packages/airflow/example_dags/example_task_group.py
[2024-02-18T23:59:25.705+0000] {processor.py:830} INFO - Processing file /home/airflow/.local/lib/python3.8/site-packages/airflow/example_dags/example_task_group.py for tasks to queue
[2024-02-18T23:59:25.713+0000] {logging_mixin.py:188} INFO - [2024-02-18T23:59:25.712+0000] {dagbag.py:538} INFO - Filling up the DagBag from /home/airflow/.local/lib/python3.8/site-packages/airflow/example_dags/example_task_group.py
[2024-02-18T23:59:25.742+0000] {processor.py:840} INFO - DAG(s) 'example_task_group' retrieved from /home/airflow/.local/lib/python3.8/site-packages/airflow/example_dags/example_task_group.py
[2024-02-18T23:59:25.828+0000] {logging_mixin.py:188} INFO - [2024-02-18T23:59:25.828+0000] {dag.py:3036} INFO - Sync 1 DAGs
[2024-02-18T23:59:25.939+0000] {logging_mixin.py:188} INFO - [2024-02-18T23:59:25.938+0000] {dag.py:3823} INFO - Setting next_dagrun for example_task_group to 2024-02-17 00:00:00+00:00, run_after=2024-02-18 00:00:00+00:00
[2024-02-18T23:59:26.039+0000] {processor.py:183} INFO - Processing /home/airflow/.local/lib/python3.8/site-packages/airflow/example_dags/example_task_group.py took 0.350 seconds
[2024-02-18T23:59:56.799+0000] {processor.py:161} INFO - Started process (PID=4562) to work on /home/airflow/.local/lib/python3.8/site-packages/airflow/example_dags/example_task_group.py
[2024-02-18T23:59:56.802+0000] {processor.py:830} INFO - Processing file /home/airflow/.local/lib/python3.8/site-packages/airflow/example_dags/example_task_group.py for tasks to queue
[2024-02-18T23:59:56.806+0000] {logging_mixin.py:188} INFO - [2024-02-18T23:59:56.804+0000] {dagbag.py:538} INFO - Filling up the DagBag from /home/airflow/.local/lib/python3.8/site-packages/airflow/example_dags/example_task_group.py
[2024-02-18T23:59:56.832+0000] {processor.py:840} INFO - DAG(s) 'example_task_group' retrieved from /home/airflow/.local/lib/python3.8/site-packages/airflow/example_dags/example_task_group.py
[2024-02-18T23:59:56.894+0000] {logging_mixin.py:188} INFO - [2024-02-18T23:59:56.893+0000] {dag.py:3036} INFO - Sync 1 DAGs
[2024-02-18T23:59:56.960+0000] {logging_mixin.py:188} INFO - [2024-02-18T23:59:56.960+0000] {dag.py:3823} INFO - Setting next_dagrun for example_task_group to 2024-02-17 00:00:00+00:00, run_after=2024-02-18 00:00:00+00:00
[2024-02-18T23:59:57.011+0000] {processor.py:183} INFO - Processing /home/airflow/.local/lib/python3.8/site-packages/airflow/example_dags/example_task_group.py took 0.221 seconds
