[2024-02-18T23:46:33.837+0000] {processor.py:161} INFO - Started process (PID=279) to work on /home/airflow/.local/lib/python3.8/site-packages/airflow/example_dags/example_short_circuit_operator.py
[2024-02-18T23:46:33.840+0000] {processor.py:830} INFO - Processing file /home/airflow/.local/lib/python3.8/site-packages/airflow/example_dags/example_short_circuit_operator.py for tasks to queue
[2024-02-18T23:46:33.843+0000] {logging_mixin.py:188} INFO - [2024-02-18T23:46:33.843+0000] {dagbag.py:538} INFO - Filling up the DagBag from /home/airflow/.local/lib/python3.8/site-packages/airflow/example_dags/example_short_circuit_operator.py
[2024-02-18T23:46:33.885+0000] {processor.py:840} INFO - DAG(s) 'example_short_circuit_operator' retrieved from /home/airflow/.local/lib/python3.8/site-packages/airflow/example_dags/example_short_circuit_operator.py
[2024-02-18T23:46:34.212+0000] {logging_mixin.py:188} INFO - [2024-02-18T23:46:34.211+0000] {dag.py:3036} INFO - Sync 1 DAGs
[2024-02-18T23:46:34.291+0000] {logging_mixin.py:188} INFO - [2024-02-18T23:46:34.290+0000] {dag.py:3823} INFO - Setting next_dagrun for example_short_circuit_operator to 2024-02-17 00:00:00+00:00, run_after=2024-02-18 00:00:00+00:00
[2024-02-18T23:46:34.398+0000] {processor.py:183} INFO - Processing /home/airflow/.local/lib/python3.8/site-packages/airflow/example_dags/example_short_circuit_operator.py took 0.572 seconds
[2024-02-18T23:47:05.178+0000] {processor.py:161} INFO - Started process (PID=525) to work on /home/airflow/.local/lib/python3.8/site-packages/airflow/example_dags/example_short_circuit_operator.py
[2024-02-18T23:47:05.180+0000] {processor.py:830} INFO - Processing file /home/airflow/.local/lib/python3.8/site-packages/airflow/example_dags/example_short_circuit_operator.py for tasks to queue
[2024-02-18T23:47:05.183+0000] {logging_mixin.py:188} INFO - [2024-02-18T23:47:05.182+0000] {dagbag.py:538} INFO - Filling up the DagBag from /home/airflow/.local/lib/python3.8/site-packages/airflow/example_dags/example_short_circuit_operator.py
[2024-02-18T23:47:05.200+0000] {processor.py:840} INFO - DAG(s) 'example_short_circuit_operator' retrieved from /home/airflow/.local/lib/python3.8/site-packages/airflow/example_dags/example_short_circuit_operator.py
[2024-02-18T23:47:05.257+0000] {logging_mixin.py:188} INFO - [2024-02-18T23:47:05.256+0000] {dag.py:3036} INFO - Sync 1 DAGs
[2024-02-18T23:47:05.298+0000] {logging_mixin.py:188} INFO - [2024-02-18T23:47:05.297+0000] {dag.py:3823} INFO - Setting next_dagrun for example_short_circuit_operator to 2024-02-17 00:00:00+00:00, run_after=2024-02-18 00:00:00+00:00
[2024-02-18T23:47:05.340+0000] {processor.py:183} INFO - Processing /home/airflow/.local/lib/python3.8/site-packages/airflow/example_dags/example_short_circuit_operator.py took 0.172 seconds
[2024-02-18T23:52:10.831+0000] {processor.py:161} INFO - Started process (PID=826) to work on /home/airflow/.local/lib/python3.8/site-packages/airflow/example_dags/example_short_circuit_operator.py
[2024-02-18T23:52:10.839+0000] {processor.py:830} INFO - Processing file /home/airflow/.local/lib/python3.8/site-packages/airflow/example_dags/example_short_circuit_operator.py for tasks to queue
[2024-02-18T23:52:10.898+0000] {logging_mixin.py:188} INFO - [2024-02-18T23:52:10.887+0000] {dagbag.py:538} INFO - Filling up the DagBag from /home/airflow/.local/lib/python3.8/site-packages/airflow/example_dags/example_short_circuit_operator.py
[2024-02-18T23:52:10.975+0000] {processor.py:840} INFO - DAG(s) 'example_short_circuit_operator' retrieved from /home/airflow/.local/lib/python3.8/site-packages/airflow/example_dags/example_short_circuit_operator.py
[2024-02-18T23:52:11.188+0000] {logging_mixin.py:188} INFO - [2024-02-18T23:52:11.187+0000] {dag.py:3036} INFO - Sync 1 DAGs
[2024-02-18T23:52:11.301+0000] {logging_mixin.py:188} INFO - [2024-02-18T23:52:11.301+0000] {dag.py:3823} INFO - Setting next_dagrun for example_short_circuit_operator to 2024-02-17 00:00:00+00:00, run_after=2024-02-18 00:00:00+00:00
[2024-02-18T23:52:11.425+0000] {processor.py:183} INFO - Processing /home/airflow/.local/lib/python3.8/site-packages/airflow/example_dags/example_short_circuit_operator.py took 0.605 seconds
[2024-02-18T23:52:42.209+0000] {processor.py:161} INFO - Started process (PID=1075) to work on /home/airflow/.local/lib/python3.8/site-packages/airflow/example_dags/example_short_circuit_operator.py
[2024-02-18T23:52:42.212+0000] {processor.py:830} INFO - Processing file /home/airflow/.local/lib/python3.8/site-packages/airflow/example_dags/example_short_circuit_operator.py for tasks to queue
[2024-02-18T23:52:42.217+0000] {logging_mixin.py:188} INFO - [2024-02-18T23:52:42.216+0000] {dagbag.py:538} INFO - Filling up the DagBag from /home/airflow/.local/lib/python3.8/site-packages/airflow/example_dags/example_short_circuit_operator.py
[2024-02-18T23:52:42.236+0000] {processor.py:840} INFO - DAG(s) 'example_short_circuit_operator' retrieved from /home/airflow/.local/lib/python3.8/site-packages/airflow/example_dags/example_short_circuit_operator.py
[2024-02-18T23:52:42.341+0000] {logging_mixin.py:188} INFO - [2024-02-18T23:52:42.340+0000] {dag.py:3036} INFO - Sync 1 DAGs
[2024-02-18T23:52:42.417+0000] {logging_mixin.py:188} INFO - [2024-02-18T23:52:42.417+0000] {dag.py:3823} INFO - Setting next_dagrun for example_short_circuit_operator to 2024-02-17 00:00:00+00:00, run_after=2024-02-18 00:00:00+00:00
[2024-02-18T23:52:42.464+0000] {processor.py:183} INFO - Processing /home/airflow/.local/lib/python3.8/site-packages/airflow/example_dags/example_short_circuit_operator.py took 0.263 seconds
[2024-02-18T23:53:12.772+0000] {processor.py:161} INFO - Started process (PID=1320) to work on /home/airflow/.local/lib/python3.8/site-packages/airflow/example_dags/example_short_circuit_operator.py
[2024-02-18T23:53:12.782+0000] {processor.py:830} INFO - Processing file /home/airflow/.local/lib/python3.8/site-packages/airflow/example_dags/example_short_circuit_operator.py for tasks to queue
[2024-02-18T23:53:12.786+0000] {logging_mixin.py:188} INFO - [2024-02-18T23:53:12.784+0000] {dagbag.py:538} INFO - Filling up the DagBag from /home/airflow/.local/lib/python3.8/site-packages/airflow/example_dags/example_short_circuit_operator.py
[2024-02-18T23:53:12.815+0000] {processor.py:840} INFO - DAG(s) 'example_short_circuit_operator' retrieved from /home/airflow/.local/lib/python3.8/site-packages/airflow/example_dags/example_short_circuit_operator.py
[2024-02-18T23:53:12.888+0000] {logging_mixin.py:188} INFO - [2024-02-18T23:53:12.887+0000] {dag.py:3036} INFO - Sync 1 DAGs
[2024-02-18T23:53:12.945+0000] {logging_mixin.py:188} INFO - [2024-02-18T23:53:12.945+0000] {dag.py:3823} INFO - Setting next_dagrun for example_short_circuit_operator to 2024-02-17 00:00:00+00:00, run_after=2024-02-18 00:00:00+00:00
[2024-02-18T23:53:13.025+0000] {processor.py:183} INFO - Processing /home/airflow/.local/lib/python3.8/site-packages/airflow/example_dags/example_short_circuit_operator.py took 0.265 seconds
[2024-02-18T23:53:43.802+0000] {processor.py:161} INFO - Started process (PID=1569) to work on /home/airflow/.local/lib/python3.8/site-packages/airflow/example_dags/example_short_circuit_operator.py
[2024-02-18T23:53:43.804+0000] {processor.py:830} INFO - Processing file /home/airflow/.local/lib/python3.8/site-packages/airflow/example_dags/example_short_circuit_operator.py for tasks to queue
[2024-02-18T23:53:43.806+0000] {logging_mixin.py:188} INFO - [2024-02-18T23:53:43.806+0000] {dagbag.py:538} INFO - Filling up the DagBag from /home/airflow/.local/lib/python3.8/site-packages/airflow/example_dags/example_short_circuit_operator.py
[2024-02-18T23:53:43.824+0000] {processor.py:840} INFO - DAG(s) 'example_short_circuit_operator' retrieved from /home/airflow/.local/lib/python3.8/site-packages/airflow/example_dags/example_short_circuit_operator.py
[2024-02-18T23:53:43.872+0000] {logging_mixin.py:188} INFO - [2024-02-18T23:53:43.872+0000] {dag.py:3036} INFO - Sync 1 DAGs
[2024-02-18T23:53:43.919+0000] {logging_mixin.py:188} INFO - [2024-02-18T23:53:43.919+0000] {dag.py:3823} INFO - Setting next_dagrun for example_short_circuit_operator to 2024-02-17 00:00:00+00:00, run_after=2024-02-18 00:00:00+00:00
[2024-02-18T23:53:43.973+0000] {processor.py:183} INFO - Processing /home/airflow/.local/lib/python3.8/site-packages/airflow/example_dags/example_short_circuit_operator.py took 0.178 seconds
[2024-02-18T23:54:15.430+0000] {processor.py:161} INFO - Started process (PID=1816) to work on /home/airflow/.local/lib/python3.8/site-packages/airflow/example_dags/example_short_circuit_operator.py
[2024-02-18T23:54:15.433+0000] {processor.py:830} INFO - Processing file /home/airflow/.local/lib/python3.8/site-packages/airflow/example_dags/example_short_circuit_operator.py for tasks to queue
[2024-02-18T23:54:15.437+0000] {logging_mixin.py:188} INFO - [2024-02-18T23:54:15.436+0000] {dagbag.py:538} INFO - Filling up the DagBag from /home/airflow/.local/lib/python3.8/site-packages/airflow/example_dags/example_short_circuit_operator.py
[2024-02-18T23:54:15.462+0000] {processor.py:840} INFO - DAG(s) 'example_short_circuit_operator' retrieved from /home/airflow/.local/lib/python3.8/site-packages/airflow/example_dags/example_short_circuit_operator.py
[2024-02-18T23:54:15.653+0000] {logging_mixin.py:188} INFO - [2024-02-18T23:54:15.640+0000] {dag.py:3036} INFO - Sync 1 DAGs
[2024-02-18T23:54:15.755+0000] {logging_mixin.py:188} INFO - [2024-02-18T23:54:15.755+0000] {dag.py:3823} INFO - Setting next_dagrun for example_short_circuit_operator to 2024-02-17 00:00:00+00:00, run_after=2024-02-18 00:00:00+00:00
[2024-02-18T23:54:15.834+0000] {processor.py:183} INFO - Processing /home/airflow/.local/lib/python3.8/site-packages/airflow/example_dags/example_short_circuit_operator.py took 0.415 seconds
[2024-02-18T23:54:46.134+0000] {processor.py:161} INFO - Started process (PID=2063) to work on /home/airflow/.local/lib/python3.8/site-packages/airflow/example_dags/example_short_circuit_operator.py
[2024-02-18T23:54:46.136+0000] {processor.py:830} INFO - Processing file /home/airflow/.local/lib/python3.8/site-packages/airflow/example_dags/example_short_circuit_operator.py for tasks to queue
[2024-02-18T23:54:46.139+0000] {logging_mixin.py:188} INFO - [2024-02-18T23:54:46.138+0000] {dagbag.py:538} INFO - Filling up the DagBag from /home/airflow/.local/lib/python3.8/site-packages/airflow/example_dags/example_short_circuit_operator.py
[2024-02-18T23:54:46.162+0000] {processor.py:840} INFO - DAG(s) 'example_short_circuit_operator' retrieved from /home/airflow/.local/lib/python3.8/site-packages/airflow/example_dags/example_short_circuit_operator.py
[2024-02-18T23:54:46.213+0000] {logging_mixin.py:188} INFO - [2024-02-18T23:54:46.212+0000] {dag.py:3036} INFO - Sync 1 DAGs
[2024-02-18T23:54:46.274+0000] {logging_mixin.py:188} INFO - [2024-02-18T23:54:46.273+0000] {dag.py:3823} INFO - Setting next_dagrun for example_short_circuit_operator to 2024-02-17 00:00:00+00:00, run_after=2024-02-18 00:00:00+00:00
[2024-02-18T23:54:46.320+0000] {processor.py:183} INFO - Processing /home/airflow/.local/lib/python3.8/site-packages/airflow/example_dags/example_short_circuit_operator.py took 0.193 seconds
[2024-02-18T23:55:16.644+0000] {processor.py:161} INFO - Started process (PID=2309) to work on /home/airflow/.local/lib/python3.8/site-packages/airflow/example_dags/example_short_circuit_operator.py
[2024-02-18T23:55:16.647+0000] {processor.py:830} INFO - Processing file /home/airflow/.local/lib/python3.8/site-packages/airflow/example_dags/example_short_circuit_operator.py for tasks to queue
[2024-02-18T23:55:16.650+0000] {logging_mixin.py:188} INFO - [2024-02-18T23:55:16.649+0000] {dagbag.py:538} INFO - Filling up the DagBag from /home/airflow/.local/lib/python3.8/site-packages/airflow/example_dags/example_short_circuit_operator.py
[2024-02-18T23:55:16.671+0000] {processor.py:840} INFO - DAG(s) 'example_short_circuit_operator' retrieved from /home/airflow/.local/lib/python3.8/site-packages/airflow/example_dags/example_short_circuit_operator.py
[2024-02-18T23:55:16.728+0000] {logging_mixin.py:188} INFO - [2024-02-18T23:55:16.728+0000] {dag.py:3036} INFO - Sync 1 DAGs
[2024-02-18T23:55:16.773+0000] {logging_mixin.py:188} INFO - [2024-02-18T23:55:16.772+0000] {dag.py:3823} INFO - Setting next_dagrun for example_short_circuit_operator to 2024-02-17 00:00:00+00:00, run_after=2024-02-18 00:00:00+00:00
[2024-02-18T23:55:16.817+0000] {processor.py:183} INFO - Processing /home/airflow/.local/lib/python3.8/site-packages/airflow/example_dags/example_short_circuit_operator.py took 0.179 seconds
[2024-02-18T23:55:47.235+0000] {processor.py:161} INFO - Started process (PID=2557) to work on /home/airflow/.local/lib/python3.8/site-packages/airflow/example_dags/example_short_circuit_operator.py
[2024-02-18T23:55:47.238+0000] {processor.py:830} INFO - Processing file /home/airflow/.local/lib/python3.8/site-packages/airflow/example_dags/example_short_circuit_operator.py for tasks to queue
[2024-02-18T23:55:47.243+0000] {logging_mixin.py:188} INFO - [2024-02-18T23:55:47.242+0000] {dagbag.py:538} INFO - Filling up the DagBag from /home/airflow/.local/lib/python3.8/site-packages/airflow/example_dags/example_short_circuit_operator.py
[2024-02-18T23:55:47.261+0000] {processor.py:840} INFO - DAG(s) 'example_short_circuit_operator' retrieved from /home/airflow/.local/lib/python3.8/site-packages/airflow/example_dags/example_short_circuit_operator.py
[2024-02-18T23:55:47.311+0000] {logging_mixin.py:188} INFO - [2024-02-18T23:55:47.310+0000] {dag.py:3036} INFO - Sync 1 DAGs
[2024-02-18T23:55:47.354+0000] {logging_mixin.py:188} INFO - [2024-02-18T23:55:47.354+0000] {dag.py:3823} INFO - Setting next_dagrun for example_short_circuit_operator to 2024-02-17 00:00:00+00:00, run_after=2024-02-18 00:00:00+00:00
[2024-02-18T23:55:47.402+0000] {processor.py:183} INFO - Processing /home/airflow/.local/lib/python3.8/site-packages/airflow/example_dags/example_short_circuit_operator.py took 0.176 seconds
[2024-02-18T23:56:17.961+0000] {processor.py:161} INFO - Started process (PID=2802) to work on /home/airflow/.local/lib/python3.8/site-packages/airflow/example_dags/example_short_circuit_operator.py
[2024-02-18T23:56:17.963+0000] {processor.py:830} INFO - Processing file /home/airflow/.local/lib/python3.8/site-packages/airflow/example_dags/example_short_circuit_operator.py for tasks to queue
[2024-02-18T23:56:17.966+0000] {logging_mixin.py:188} INFO - [2024-02-18T23:56:17.965+0000] {dagbag.py:538} INFO - Filling up the DagBag from /home/airflow/.local/lib/python3.8/site-packages/airflow/example_dags/example_short_circuit_operator.py
[2024-02-18T23:56:17.988+0000] {processor.py:840} INFO - DAG(s) 'example_short_circuit_operator' retrieved from /home/airflow/.local/lib/python3.8/site-packages/airflow/example_dags/example_short_circuit_operator.py
[2024-02-18T23:56:18.042+0000] {logging_mixin.py:188} INFO - [2024-02-18T23:56:18.041+0000] {dag.py:3036} INFO - Sync 1 DAGs
[2024-02-18T23:56:18.098+0000] {logging_mixin.py:188} INFO - [2024-02-18T23:56:18.097+0000] {dag.py:3823} INFO - Setting next_dagrun for example_short_circuit_operator to 2024-02-17 00:00:00+00:00, run_after=2024-02-18 00:00:00+00:00
[2024-02-18T23:56:18.138+0000] {processor.py:183} INFO - Processing /home/airflow/.local/lib/python3.8/site-packages/airflow/example_dags/example_short_circuit_operator.py took 0.184 seconds
[2024-02-18T23:56:48.448+0000] {processor.py:161} INFO - Started process (PID=3049) to work on /home/airflow/.local/lib/python3.8/site-packages/airflow/example_dags/example_short_circuit_operator.py
[2024-02-18T23:56:48.451+0000] {processor.py:830} INFO - Processing file /home/airflow/.local/lib/python3.8/site-packages/airflow/example_dags/example_short_circuit_operator.py for tasks to queue
[2024-02-18T23:56:48.453+0000] {logging_mixin.py:188} INFO - [2024-02-18T23:56:48.453+0000] {dagbag.py:538} INFO - Filling up the DagBag from /home/airflow/.local/lib/python3.8/site-packages/airflow/example_dags/example_short_circuit_operator.py
[2024-02-18T23:56:48.472+0000] {processor.py:840} INFO - DAG(s) 'example_short_circuit_operator' retrieved from /home/airflow/.local/lib/python3.8/site-packages/airflow/example_dags/example_short_circuit_operator.py
[2024-02-18T23:56:48.541+0000] {logging_mixin.py:188} INFO - [2024-02-18T23:56:48.540+0000] {dag.py:3036} INFO - Sync 1 DAGs
[2024-02-18T23:56:48.605+0000] {logging_mixin.py:188} INFO - [2024-02-18T23:56:48.604+0000] {dag.py:3823} INFO - Setting next_dagrun for example_short_circuit_operator to 2024-02-17 00:00:00+00:00, run_after=2024-02-18 00:00:00+00:00
[2024-02-18T23:56:48.655+0000] {processor.py:183} INFO - Processing /home/airflow/.local/lib/python3.8/site-packages/airflow/example_dags/example_short_circuit_operator.py took 0.216 seconds
[2024-02-18T23:57:18.966+0000] {processor.py:161} INFO - Started process (PID=3296) to work on /home/airflow/.local/lib/python3.8/site-packages/airflow/example_dags/example_short_circuit_operator.py
[2024-02-18T23:57:18.969+0000] {processor.py:830} INFO - Processing file /home/airflow/.local/lib/python3.8/site-packages/airflow/example_dags/example_short_circuit_operator.py for tasks to queue
[2024-02-18T23:57:18.971+0000] {logging_mixin.py:188} INFO - [2024-02-18T23:57:18.970+0000] {dagbag.py:538} INFO - Filling up the DagBag from /home/airflow/.local/lib/python3.8/site-packages/airflow/example_dags/example_short_circuit_operator.py
[2024-02-18T23:57:18.991+0000] {processor.py:840} INFO - DAG(s) 'example_short_circuit_operator' retrieved from /home/airflow/.local/lib/python3.8/site-packages/airflow/example_dags/example_short_circuit_operator.py
[2024-02-18T23:57:19.046+0000] {logging_mixin.py:188} INFO - [2024-02-18T23:57:19.045+0000] {dag.py:3036} INFO - Sync 1 DAGs
[2024-02-18T23:57:19.105+0000] {logging_mixin.py:188} INFO - [2024-02-18T23:57:19.105+0000] {dag.py:3823} INFO - Setting next_dagrun for example_short_circuit_operator to 2024-02-17 00:00:00+00:00, run_after=2024-02-18 00:00:00+00:00
[2024-02-18T23:57:19.152+0000] {processor.py:183} INFO - Processing /home/airflow/.local/lib/python3.8/site-packages/airflow/example_dags/example_short_circuit_operator.py took 0.193 seconds
[2024-02-18T23:57:49.850+0000] {processor.py:161} INFO - Started process (PID=3542) to work on /home/airflow/.local/lib/python3.8/site-packages/airflow/example_dags/example_short_circuit_operator.py
[2024-02-18T23:57:49.853+0000] {processor.py:830} INFO - Processing file /home/airflow/.local/lib/python3.8/site-packages/airflow/example_dags/example_short_circuit_operator.py for tasks to queue
[2024-02-18T23:57:49.856+0000] {logging_mixin.py:188} INFO - [2024-02-18T23:57:49.855+0000] {dagbag.py:538} INFO - Filling up the DagBag from /home/airflow/.local/lib/python3.8/site-packages/airflow/example_dags/example_short_circuit_operator.py
[2024-02-18T23:57:49.874+0000] {processor.py:840} INFO - DAG(s) 'example_short_circuit_operator' retrieved from /home/airflow/.local/lib/python3.8/site-packages/airflow/example_dags/example_short_circuit_operator.py
[2024-02-18T23:57:49.923+0000] {logging_mixin.py:188} INFO - [2024-02-18T23:57:49.922+0000] {dag.py:3036} INFO - Sync 1 DAGs
[2024-02-18T23:57:49.971+0000] {logging_mixin.py:188} INFO - [2024-02-18T23:57:49.971+0000] {dag.py:3823} INFO - Setting next_dagrun for example_short_circuit_operator to 2024-02-17 00:00:00+00:00, run_after=2024-02-18 00:00:00+00:00
[2024-02-18T23:57:50.011+0000] {processor.py:183} INFO - Processing /home/airflow/.local/lib/python3.8/site-packages/airflow/example_dags/example_short_circuit_operator.py took 0.168 seconds
[2024-02-18T23:58:20.619+0000] {processor.py:161} INFO - Started process (PID=3789) to work on /home/airflow/.local/lib/python3.8/site-packages/airflow/example_dags/example_short_circuit_operator.py
[2024-02-18T23:58:20.622+0000] {processor.py:830} INFO - Processing file /home/airflow/.local/lib/python3.8/site-packages/airflow/example_dags/example_short_circuit_operator.py for tasks to queue
[2024-02-18T23:58:20.627+0000] {logging_mixin.py:188} INFO - [2024-02-18T23:58:20.626+0000] {dagbag.py:538} INFO - Filling up the DagBag from /home/airflow/.local/lib/python3.8/site-packages/airflow/example_dags/example_short_circuit_operator.py
[2024-02-18T23:58:20.648+0000] {processor.py:840} INFO - DAG(s) 'example_short_circuit_operator' retrieved from /home/airflow/.local/lib/python3.8/site-packages/airflow/example_dags/example_short_circuit_operator.py
[2024-02-18T23:58:20.702+0000] {logging_mixin.py:188} INFO - [2024-02-18T23:58:20.701+0000] {dag.py:3036} INFO - Sync 1 DAGs
[2024-02-18T23:58:20.757+0000] {logging_mixin.py:188} INFO - [2024-02-18T23:58:20.757+0000] {dag.py:3823} INFO - Setting next_dagrun for example_short_circuit_operator to 2024-02-17 00:00:00+00:00, run_after=2024-02-18 00:00:00+00:00
[2024-02-18T23:58:20.823+0000] {processor.py:183} INFO - Processing /home/airflow/.local/lib/python3.8/site-packages/airflow/example_dags/example_short_circuit_operator.py took 0.212 seconds
[2024-02-18T23:58:51.758+0000] {processor.py:161} INFO - Started process (PID=4036) to work on /home/airflow/.local/lib/python3.8/site-packages/airflow/example_dags/example_short_circuit_operator.py
[2024-02-18T23:58:51.760+0000] {processor.py:830} INFO - Processing file /home/airflow/.local/lib/python3.8/site-packages/airflow/example_dags/example_short_circuit_operator.py for tasks to queue
[2024-02-18T23:58:51.764+0000] {logging_mixin.py:188} INFO - [2024-02-18T23:58:51.763+0000] {dagbag.py:538} INFO - Filling up the DagBag from /home/airflow/.local/lib/python3.8/site-packages/airflow/example_dags/example_short_circuit_operator.py
[2024-02-18T23:58:51.786+0000] {processor.py:840} INFO - DAG(s) 'example_short_circuit_operator' retrieved from /home/airflow/.local/lib/python3.8/site-packages/airflow/example_dags/example_short_circuit_operator.py
[2024-02-18T23:58:51.839+0000] {logging_mixin.py:188} INFO - [2024-02-18T23:58:51.838+0000] {dag.py:3036} INFO - Sync 1 DAGs
[2024-02-18T23:58:51.892+0000] {logging_mixin.py:188} INFO - [2024-02-18T23:58:51.891+0000] {dag.py:3823} INFO - Setting next_dagrun for example_short_circuit_operator to 2024-02-17 00:00:00+00:00, run_after=2024-02-18 00:00:00+00:00
[2024-02-18T23:58:51.932+0000] {processor.py:183} INFO - Processing /home/airflow/.local/lib/python3.8/site-packages/airflow/example_dags/example_short_circuit_operator.py took 0.181 seconds
[2024-02-18T23:59:23.883+0000] {processor.py:161} INFO - Started process (PID=4283) to work on /home/airflow/.local/lib/python3.8/site-packages/airflow/example_dags/example_short_circuit_operator.py
[2024-02-18T23:59:23.902+0000] {processor.py:830} INFO - Processing file /home/airflow/.local/lib/python3.8/site-packages/airflow/example_dags/example_short_circuit_operator.py for tasks to queue
[2024-02-18T23:59:23.916+0000] {logging_mixin.py:188} INFO - [2024-02-18T23:59:23.915+0000] {dagbag.py:538} INFO - Filling up the DagBag from /home/airflow/.local/lib/python3.8/site-packages/airflow/example_dags/example_short_circuit_operator.py
[2024-02-18T23:59:23.950+0000] {processor.py:840} INFO - DAG(s) 'example_short_circuit_operator' retrieved from /home/airflow/.local/lib/python3.8/site-packages/airflow/example_dags/example_short_circuit_operator.py
[2024-02-18T23:59:24.064+0000] {logging_mixin.py:188} INFO - [2024-02-18T23:59:24.063+0000] {dag.py:3036} INFO - Sync 1 DAGs
[2024-02-18T23:59:24.134+0000] {logging_mixin.py:188} INFO - [2024-02-18T23:59:24.134+0000] {dag.py:3823} INFO - Setting next_dagrun for example_short_circuit_operator to 2024-02-17 00:00:00+00:00, run_after=2024-02-18 00:00:00+00:00
[2024-02-18T23:59:24.195+0000] {processor.py:183} INFO - Processing /home/airflow/.local/lib/python3.8/site-packages/airflow/example_dags/example_short_circuit_operator.py took 0.338 seconds
[2024-02-18T23:59:54.979+0000] {processor.py:161} INFO - Started process (PID=4530) to work on /home/airflow/.local/lib/python3.8/site-packages/airflow/example_dags/example_short_circuit_operator.py
[2024-02-18T23:59:54.986+0000] {processor.py:830} INFO - Processing file /home/airflow/.local/lib/python3.8/site-packages/airflow/example_dags/example_short_circuit_operator.py for tasks to queue
[2024-02-18T23:59:54.990+0000] {logging_mixin.py:188} INFO - [2024-02-18T23:59:54.989+0000] {dagbag.py:538} INFO - Filling up the DagBag from /home/airflow/.local/lib/python3.8/site-packages/airflow/example_dags/example_short_circuit_operator.py
[2024-02-18T23:59:55.019+0000] {processor.py:840} INFO - DAG(s) 'example_short_circuit_operator' retrieved from /home/airflow/.local/lib/python3.8/site-packages/airflow/example_dags/example_short_circuit_operator.py
[2024-02-18T23:59:55.089+0000] {logging_mixin.py:188} INFO - [2024-02-18T23:59:55.089+0000] {dag.py:3036} INFO - Sync 1 DAGs
[2024-02-18T23:59:55.138+0000] {logging_mixin.py:188} INFO - [2024-02-18T23:59:55.137+0000] {dag.py:3823} INFO - Setting next_dagrun for example_short_circuit_operator to 2024-02-17 00:00:00+00:00, run_after=2024-02-18 00:00:00+00:00
[2024-02-18T23:59:55.181+0000] {processor.py:183} INFO - Processing /home/airflow/.local/lib/python3.8/site-packages/airflow/example_dags/example_short_circuit_operator.py took 0.221 seconds
