[2024-02-18T23:46:33.145+0000] {processor.py:161} INFO - Started process (PID=269) to work on /home/airflow/.local/lib/python3.8/site-packages/airflow/example_dags/example_bash_operator.py
[2024-02-18T23:46:33.150+0000] {processor.py:830} INFO - Processing file /home/airflow/.local/lib/python3.8/site-packages/airflow/example_dags/example_bash_operator.py for tasks to queue
[2024-02-18T23:46:33.156+0000] {logging_mixin.py:188} INFO - [2024-02-18T23:46:33.155+0000] {dagbag.py:538} INFO - Filling up the DagBag from /home/airflow/.local/lib/python3.8/site-packages/airflow/example_dags/example_bash_operator.py
[2024-02-18T23:46:33.203+0000] {processor.py:840} INFO - DAG(s) 'example_bash_operator' retrieved from /home/airflow/.local/lib/python3.8/site-packages/airflow/example_dags/example_bash_operator.py
[2024-02-18T23:46:33.595+0000] {logging_mixin.py:188} INFO - [2024-02-18T23:46:33.594+0000] {dag.py:3036} INFO - Sync 1 DAGs
[2024-02-18T23:46:33.676+0000] {logging_mixin.py:188} INFO - [2024-02-18T23:46:33.675+0000] {dag.py:3823} INFO - Setting next_dagrun for example_bash_operator to 2024-02-17 00:00:00+00:00, run_after=2024-02-18 00:00:00+00:00
[2024-02-18T23:46:33.746+0000] {processor.py:183} INFO - Processing /home/airflow/.local/lib/python3.8/site-packages/airflow/example_dags/example_bash_operator.py took 0.611 seconds
[2024-02-18T23:47:03.964+0000] {processor.py:161} INFO - Started process (PID=515) to work on /home/airflow/.local/lib/python3.8/site-packages/airflow/example_dags/example_bash_operator.py
[2024-02-18T23:47:03.967+0000] {processor.py:830} INFO - Processing file /home/airflow/.local/lib/python3.8/site-packages/airflow/example_dags/example_bash_operator.py for tasks to queue
[2024-02-18T23:47:03.970+0000] {logging_mixin.py:188} INFO - [2024-02-18T23:47:03.969+0000] {dagbag.py:538} INFO - Filling up the DagBag from /home/airflow/.local/lib/python3.8/site-packages/airflow/example_dags/example_bash_operator.py
[2024-02-18T23:47:03.996+0000] {processor.py:840} INFO - DAG(s) 'example_bash_operator' retrieved from /home/airflow/.local/lib/python3.8/site-packages/airflow/example_dags/example_bash_operator.py
[2024-02-18T23:47:04.057+0000] {logging_mixin.py:188} INFO - [2024-02-18T23:47:04.057+0000] {dag.py:3036} INFO - Sync 1 DAGs
[2024-02-18T23:47:04.104+0000] {logging_mixin.py:188} INFO - [2024-02-18T23:47:04.104+0000] {dag.py:3823} INFO - Setting next_dagrun for example_bash_operator to 2024-02-17 00:00:00+00:00, run_after=2024-02-18 00:00:00+00:00
[2024-02-18T23:47:04.135+0000] {processor.py:183} INFO - Processing /home/airflow/.local/lib/python3.8/site-packages/airflow/example_dags/example_bash_operator.py took 0.179 seconds
[2024-02-18T23:52:10.415+0000] {processor.py:161} INFO - Started process (PID=818) to work on /home/airflow/.local/lib/python3.8/site-packages/airflow/example_dags/example_bash_operator.py
[2024-02-18T23:52:10.417+0000] {processor.py:830} INFO - Processing file /home/airflow/.local/lib/python3.8/site-packages/airflow/example_dags/example_bash_operator.py for tasks to queue
[2024-02-18T23:52:10.420+0000] {logging_mixin.py:188} INFO - [2024-02-18T23:52:10.419+0000] {dagbag.py:538} INFO - Filling up the DagBag from /home/airflow/.local/lib/python3.8/site-packages/airflow/example_dags/example_bash_operator.py
[2024-02-18T23:52:10.470+0000] {processor.py:840} INFO - DAG(s) 'example_bash_operator' retrieved from /home/airflow/.local/lib/python3.8/site-packages/airflow/example_dags/example_bash_operator.py
[2024-02-18T23:52:10.567+0000] {logging_mixin.py:188} INFO - [2024-02-18T23:52:10.567+0000] {dag.py:3036} INFO - Sync 1 DAGs
[2024-02-18T23:52:10.635+0000] {logging_mixin.py:188} INFO - [2024-02-18T23:52:10.634+0000] {dag.py:3823} INFO - Setting next_dagrun for example_bash_operator to 2024-02-17 00:00:00+00:00, run_after=2024-02-18 00:00:00+00:00
[2024-02-18T23:52:10.715+0000] {processor.py:183} INFO - Processing /home/airflow/.local/lib/python3.8/site-packages/airflow/example_dags/example_bash_operator.py took 0.307 seconds
[2024-02-18T23:52:41.686+0000] {processor.py:161} INFO - Started process (PID=1065) to work on /home/airflow/.local/lib/python3.8/site-packages/airflow/example_dags/example_bash_operator.py
[2024-02-18T23:52:41.695+0000] {processor.py:830} INFO - Processing file /home/airflow/.local/lib/python3.8/site-packages/airflow/example_dags/example_bash_operator.py for tasks to queue
[2024-02-18T23:52:41.700+0000] {logging_mixin.py:188} INFO - [2024-02-18T23:52:41.699+0000] {dagbag.py:538} INFO - Filling up the DagBag from /home/airflow/.local/lib/python3.8/site-packages/airflow/example_dags/example_bash_operator.py
[2024-02-18T23:52:41.771+0000] {processor.py:840} INFO - DAG(s) 'example_bash_operator' retrieved from /home/airflow/.local/lib/python3.8/site-packages/airflow/example_dags/example_bash_operator.py
[2024-02-18T23:52:41.913+0000] {logging_mixin.py:188} INFO - [2024-02-18T23:52:41.912+0000] {dag.py:3036} INFO - Sync 1 DAGs
[2024-02-18T23:52:41.986+0000] {logging_mixin.py:188} INFO - [2024-02-18T23:52:41.985+0000] {dag.py:3823} INFO - Setting next_dagrun for example_bash_operator to 2024-02-17 00:00:00+00:00, run_after=2024-02-18 00:00:00+00:00
[2024-02-18T23:52:42.077+0000] {processor.py:183} INFO - Processing /home/airflow/.local/lib/python3.8/site-packages/airflow/example_dags/example_bash_operator.py took 0.399 seconds
[2024-02-18T23:53:12.271+0000] {processor.py:161} INFO - Started process (PID=1310) to work on /home/airflow/.local/lib/python3.8/site-packages/airflow/example_dags/example_bash_operator.py
[2024-02-18T23:53:12.276+0000] {processor.py:830} INFO - Processing file /home/airflow/.local/lib/python3.8/site-packages/airflow/example_dags/example_bash_operator.py for tasks to queue
[2024-02-18T23:53:12.284+0000] {logging_mixin.py:188} INFO - [2024-02-18T23:53:12.283+0000] {dagbag.py:538} INFO - Filling up the DagBag from /home/airflow/.local/lib/python3.8/site-packages/airflow/example_dags/example_bash_operator.py
[2024-02-18T23:53:12.365+0000] {processor.py:840} INFO - DAG(s) 'example_bash_operator' retrieved from /home/airflow/.local/lib/python3.8/site-packages/airflow/example_dags/example_bash_operator.py
[2024-02-18T23:53:12.487+0000] {logging_mixin.py:188} INFO - [2024-02-18T23:53:12.487+0000] {dag.py:3036} INFO - Sync 1 DAGs
[2024-02-18T23:53:12.567+0000] {logging_mixin.py:188} INFO - [2024-02-18T23:53:12.567+0000] {dag.py:3823} INFO - Setting next_dagrun for example_bash_operator to 2024-02-17 00:00:00+00:00, run_after=2024-02-18 00:00:00+00:00
[2024-02-18T23:53:12.643+0000] {processor.py:183} INFO - Processing /home/airflow/.local/lib/python3.8/site-packages/airflow/example_dags/example_bash_operator.py took 0.392 seconds
[2024-02-18T23:53:43.490+0000] {processor.py:161} INFO - Started process (PID=1559) to work on /home/airflow/.local/lib/python3.8/site-packages/airflow/example_dags/example_bash_operator.py
[2024-02-18T23:53:43.493+0000] {processor.py:830} INFO - Processing file /home/airflow/.local/lib/python3.8/site-packages/airflow/example_dags/example_bash_operator.py for tasks to queue
[2024-02-18T23:53:43.499+0000] {logging_mixin.py:188} INFO - [2024-02-18T23:53:43.498+0000] {dagbag.py:538} INFO - Filling up the DagBag from /home/airflow/.local/lib/python3.8/site-packages/airflow/example_dags/example_bash_operator.py
[2024-02-18T23:53:43.536+0000] {processor.py:840} INFO - DAG(s) 'example_bash_operator' retrieved from /home/airflow/.local/lib/python3.8/site-packages/airflow/example_dags/example_bash_operator.py
[2024-02-18T23:53:43.623+0000] {logging_mixin.py:188} INFO - [2024-02-18T23:53:43.622+0000] {dag.py:3036} INFO - Sync 1 DAGs
[2024-02-18T23:53:43.674+0000] {logging_mixin.py:188} INFO - [2024-02-18T23:53:43.674+0000] {dag.py:3823} INFO - Setting next_dagrun for example_bash_operator to 2024-02-17 00:00:00+00:00, run_after=2024-02-18 00:00:00+00:00
[2024-02-18T23:53:43.741+0000] {processor.py:183} INFO - Processing /home/airflow/.local/lib/python3.8/site-packages/airflow/example_dags/example_bash_operator.py took 0.261 seconds
[2024-02-18T23:54:14.751+0000] {processor.py:161} INFO - Started process (PID=1806) to work on /home/airflow/.local/lib/python3.8/site-packages/airflow/example_dags/example_bash_operator.py
[2024-02-18T23:54:14.759+0000] {processor.py:830} INFO - Processing file /home/airflow/.local/lib/python3.8/site-packages/airflow/example_dags/example_bash_operator.py for tasks to queue
[2024-02-18T23:54:14.763+0000] {logging_mixin.py:188} INFO - [2024-02-18T23:54:14.762+0000] {dagbag.py:538} INFO - Filling up the DagBag from /home/airflow/.local/lib/python3.8/site-packages/airflow/example_dags/example_bash_operator.py
[2024-02-18T23:54:14.815+0000] {processor.py:840} INFO - DAG(s) 'example_bash_operator' retrieved from /home/airflow/.local/lib/python3.8/site-packages/airflow/example_dags/example_bash_operator.py
[2024-02-18T23:54:14.938+0000] {logging_mixin.py:188} INFO - [2024-02-18T23:54:14.937+0000] {dag.py:3036} INFO - Sync 1 DAGs
[2024-02-18T23:54:15.017+0000] {logging_mixin.py:188} INFO - [2024-02-18T23:54:15.016+0000] {dag.py:3823} INFO - Setting next_dagrun for example_bash_operator to 2024-02-17 00:00:00+00:00, run_after=2024-02-18 00:00:00+00:00
[2024-02-18T23:54:15.069+0000] {processor.py:183} INFO - Processing /home/airflow/.local/lib/python3.8/site-packages/airflow/example_dags/example_bash_operator.py took 0.329 seconds
[2024-02-18T23:54:45.880+0000] {processor.py:161} INFO - Started process (PID=2053) to work on /home/airflow/.local/lib/python3.8/site-packages/airflow/example_dags/example_bash_operator.py
[2024-02-18T23:54:45.882+0000] {processor.py:830} INFO - Processing file /home/airflow/.local/lib/python3.8/site-packages/airflow/example_dags/example_bash_operator.py for tasks to queue
[2024-02-18T23:54:45.885+0000] {logging_mixin.py:188} INFO - [2024-02-18T23:54:45.884+0000] {dagbag.py:538} INFO - Filling up the DagBag from /home/airflow/.local/lib/python3.8/site-packages/airflow/example_dags/example_bash_operator.py
[2024-02-18T23:54:45.913+0000] {processor.py:840} INFO - DAG(s) 'example_bash_operator' retrieved from /home/airflow/.local/lib/python3.8/site-packages/airflow/example_dags/example_bash_operator.py
[2024-02-18T23:54:45.980+0000] {logging_mixin.py:188} INFO - [2024-02-18T23:54:45.979+0000] {dag.py:3036} INFO - Sync 1 DAGs
[2024-02-18T23:54:46.042+0000] {logging_mixin.py:188} INFO - [2024-02-18T23:54:46.042+0000] {dag.py:3823} INFO - Setting next_dagrun for example_bash_operator to 2024-02-17 00:00:00+00:00, run_after=2024-02-18 00:00:00+00:00
[2024-02-18T23:54:46.086+0000] {processor.py:183} INFO - Processing /home/airflow/.local/lib/python3.8/site-packages/airflow/example_dags/example_bash_operator.py took 0.216 seconds
[2024-02-18T23:55:16.363+0000] {processor.py:161} INFO - Started process (PID=2300) to work on /home/airflow/.local/lib/python3.8/site-packages/airflow/example_dags/example_bash_operator.py
[2024-02-18T23:55:16.366+0000] {processor.py:830} INFO - Processing file /home/airflow/.local/lib/python3.8/site-packages/airflow/example_dags/example_bash_operator.py for tasks to queue
[2024-02-18T23:55:16.370+0000] {logging_mixin.py:188} INFO - [2024-02-18T23:55:16.369+0000] {dagbag.py:538} INFO - Filling up the DagBag from /home/airflow/.local/lib/python3.8/site-packages/airflow/example_dags/example_bash_operator.py
[2024-02-18T23:55:16.404+0000] {processor.py:840} INFO - DAG(s) 'example_bash_operator' retrieved from /home/airflow/.local/lib/python3.8/site-packages/airflow/example_dags/example_bash_operator.py
[2024-02-18T23:55:16.471+0000] {logging_mixin.py:188} INFO - [2024-02-18T23:55:16.471+0000] {dag.py:3036} INFO - Sync 1 DAGs
[2024-02-18T23:55:16.543+0000] {logging_mixin.py:188} INFO - [2024-02-18T23:55:16.543+0000] {dag.py:3823} INFO - Setting next_dagrun for example_bash_operator to 2024-02-17 00:00:00+00:00, run_after=2024-02-18 00:00:00+00:00
[2024-02-18T23:55:16.592+0000] {processor.py:183} INFO - Processing /home/airflow/.local/lib/python3.8/site-packages/airflow/example_dags/example_bash_operator.py took 0.241 seconds
[2024-02-18T23:55:46.902+0000] {processor.py:161} INFO - Started process (PID=2545) to work on /home/airflow/.local/lib/python3.8/site-packages/airflow/example_dags/example_bash_operator.py
[2024-02-18T23:55:46.904+0000] {processor.py:830} INFO - Processing file /home/airflow/.local/lib/python3.8/site-packages/airflow/example_dags/example_bash_operator.py for tasks to queue
[2024-02-18T23:55:46.909+0000] {logging_mixin.py:188} INFO - [2024-02-18T23:55:46.907+0000] {dagbag.py:538} INFO - Filling up the DagBag from /home/airflow/.local/lib/python3.8/site-packages/airflow/example_dags/example_bash_operator.py
[2024-02-18T23:55:46.951+0000] {processor.py:840} INFO - DAG(s) 'example_bash_operator' retrieved from /home/airflow/.local/lib/python3.8/site-packages/airflow/example_dags/example_bash_operator.py
[2024-02-18T23:55:47.052+0000] {logging_mixin.py:188} INFO - [2024-02-18T23:55:47.051+0000] {dag.py:3036} INFO - Sync 1 DAGs
[2024-02-18T23:55:47.128+0000] {logging_mixin.py:188} INFO - [2024-02-18T23:55:47.127+0000] {dag.py:3823} INFO - Setting next_dagrun for example_bash_operator to 2024-02-17 00:00:00+00:00, run_after=2024-02-18 00:00:00+00:00
[2024-02-18T23:55:47.185+0000] {processor.py:183} INFO - Processing /home/airflow/.local/lib/python3.8/site-packages/airflow/example_dags/example_bash_operator.py took 0.294 seconds
[2024-02-18T23:56:17.699+0000] {processor.py:161} INFO - Started process (PID=2792) to work on /home/airflow/.local/lib/python3.8/site-packages/airflow/example_dags/example_bash_operator.py
[2024-02-18T23:56:17.701+0000] {processor.py:830} INFO - Processing file /home/airflow/.local/lib/python3.8/site-packages/airflow/example_dags/example_bash_operator.py for tasks to queue
[2024-02-18T23:56:17.703+0000] {logging_mixin.py:188} INFO - [2024-02-18T23:56:17.702+0000] {dagbag.py:538} INFO - Filling up the DagBag from /home/airflow/.local/lib/python3.8/site-packages/airflow/example_dags/example_bash_operator.py
[2024-02-18T23:56:17.728+0000] {processor.py:840} INFO - DAG(s) 'example_bash_operator' retrieved from /home/airflow/.local/lib/python3.8/site-packages/airflow/example_dags/example_bash_operator.py
[2024-02-18T23:56:17.806+0000] {logging_mixin.py:188} INFO - [2024-02-18T23:56:17.805+0000] {dag.py:3036} INFO - Sync 1 DAGs
[2024-02-18T23:56:17.855+0000] {logging_mixin.py:188} INFO - [2024-02-18T23:56:17.855+0000] {dag.py:3823} INFO - Setting next_dagrun for example_bash_operator to 2024-02-17 00:00:00+00:00, run_after=2024-02-18 00:00:00+00:00
[2024-02-18T23:56:17.903+0000] {processor.py:183} INFO - Processing /home/airflow/.local/lib/python3.8/site-packages/airflow/example_dags/example_bash_operator.py took 0.211 seconds
[2024-02-18T23:56:48.153+0000] {processor.py:161} INFO - Started process (PID=3039) to work on /home/airflow/.local/lib/python3.8/site-packages/airflow/example_dags/example_bash_operator.py
[2024-02-18T23:56:48.156+0000] {processor.py:830} INFO - Processing file /home/airflow/.local/lib/python3.8/site-packages/airflow/example_dags/example_bash_operator.py for tasks to queue
[2024-02-18T23:56:48.163+0000] {logging_mixin.py:188} INFO - [2024-02-18T23:56:48.162+0000] {dagbag.py:538} INFO - Filling up the DagBag from /home/airflow/.local/lib/python3.8/site-packages/airflow/example_dags/example_bash_operator.py
[2024-02-18T23:56:48.194+0000] {processor.py:840} INFO - DAG(s) 'example_bash_operator' retrieved from /home/airflow/.local/lib/python3.8/site-packages/airflow/example_dags/example_bash_operator.py
[2024-02-18T23:56:48.269+0000] {logging_mixin.py:188} INFO - [2024-02-18T23:56:48.268+0000] {dag.py:3036} INFO - Sync 1 DAGs
[2024-02-18T23:56:48.331+0000] {logging_mixin.py:188} INFO - [2024-02-18T23:56:48.330+0000] {dag.py:3823} INFO - Setting next_dagrun for example_bash_operator to 2024-02-17 00:00:00+00:00, run_after=2024-02-18 00:00:00+00:00
[2024-02-18T23:56:48.386+0000] {processor.py:183} INFO - Processing /home/airflow/.local/lib/python3.8/site-packages/airflow/example_dags/example_bash_operator.py took 0.244 seconds
[2024-02-18T23:57:18.681+0000] {processor.py:161} INFO - Started process (PID=3286) to work on /home/airflow/.local/lib/python3.8/site-packages/airflow/example_dags/example_bash_operator.py
[2024-02-18T23:57:18.684+0000] {processor.py:830} INFO - Processing file /home/airflow/.local/lib/python3.8/site-packages/airflow/example_dags/example_bash_operator.py for tasks to queue
[2024-02-18T23:57:18.691+0000] {logging_mixin.py:188} INFO - [2024-02-18T23:57:18.689+0000] {dagbag.py:538} INFO - Filling up the DagBag from /home/airflow/.local/lib/python3.8/site-packages/airflow/example_dags/example_bash_operator.py
[2024-02-18T23:57:18.729+0000] {processor.py:840} INFO - DAG(s) 'example_bash_operator' retrieved from /home/airflow/.local/lib/python3.8/site-packages/airflow/example_dags/example_bash_operator.py
[2024-02-18T23:57:18.798+0000] {logging_mixin.py:188} INFO - [2024-02-18T23:57:18.798+0000] {dag.py:3036} INFO - Sync 1 DAGs
[2024-02-18T23:57:18.854+0000] {logging_mixin.py:188} INFO - [2024-02-18T23:57:18.853+0000] {dag.py:3823} INFO - Setting next_dagrun for example_bash_operator to 2024-02-17 00:00:00+00:00, run_after=2024-02-18 00:00:00+00:00
[2024-02-18T23:57:18.902+0000] {processor.py:183} INFO - Processing /home/airflow/.local/lib/python3.8/site-packages/airflow/example_dags/example_bash_operator.py took 0.229 seconds
[2024-02-18T23:57:49.451+0000] {processor.py:161} INFO - Started process (PID=3534) to work on /home/airflow/.local/lib/python3.8/site-packages/airflow/example_dags/example_bash_operator.py
[2024-02-18T23:57:49.454+0000] {processor.py:830} INFO - Processing file /home/airflow/.local/lib/python3.8/site-packages/airflow/example_dags/example_bash_operator.py for tasks to queue
[2024-02-18T23:57:49.458+0000] {logging_mixin.py:188} INFO - [2024-02-18T23:57:49.457+0000] {dagbag.py:538} INFO - Filling up the DagBag from /home/airflow/.local/lib/python3.8/site-packages/airflow/example_dags/example_bash_operator.py
[2024-02-18T23:57:49.514+0000] {processor.py:840} INFO - DAG(s) 'example_bash_operator' retrieved from /home/airflow/.local/lib/python3.8/site-packages/airflow/example_dags/example_bash_operator.py
[2024-02-18T23:57:49.644+0000] {logging_mixin.py:188} INFO - [2024-02-18T23:57:49.644+0000] {dag.py:3036} INFO - Sync 1 DAGs
[2024-02-18T23:57:49.703+0000] {logging_mixin.py:188} INFO - [2024-02-18T23:57:49.703+0000] {dag.py:3823} INFO - Setting next_dagrun for example_bash_operator to 2024-02-17 00:00:00+00:00, run_after=2024-02-18 00:00:00+00:00
[2024-02-18T23:57:49.770+0000] {processor.py:183} INFO - Processing /home/airflow/.local/lib/python3.8/site-packages/airflow/example_dags/example_bash_operator.py took 0.329 seconds
[2024-02-18T23:58:20.393+0000] {processor.py:161} INFO - Started process (PID=3781) to work on /home/airflow/.local/lib/python3.8/site-packages/airflow/example_dags/example_bash_operator.py
[2024-02-18T23:58:20.395+0000] {processor.py:830} INFO - Processing file /home/airflow/.local/lib/python3.8/site-packages/airflow/example_dags/example_bash_operator.py for tasks to queue
[2024-02-18T23:58:20.398+0000] {logging_mixin.py:188} INFO - [2024-02-18T23:58:20.397+0000] {dagbag.py:538} INFO - Filling up the DagBag from /home/airflow/.local/lib/python3.8/site-packages/airflow/example_dags/example_bash_operator.py
[2024-02-18T23:58:20.421+0000] {processor.py:840} INFO - DAG(s) 'example_bash_operator' retrieved from /home/airflow/.local/lib/python3.8/site-packages/airflow/example_dags/example_bash_operator.py
[2024-02-18T23:58:20.482+0000] {logging_mixin.py:188} INFO - [2024-02-18T23:58:20.481+0000] {dag.py:3036} INFO - Sync 1 DAGs
[2024-02-18T23:58:20.524+0000] {logging_mixin.py:188} INFO - [2024-02-18T23:58:20.524+0000] {dag.py:3823} INFO - Setting next_dagrun for example_bash_operator to 2024-02-17 00:00:00+00:00, run_after=2024-02-18 00:00:00+00:00
[2024-02-18T23:58:20.559+0000] {processor.py:183} INFO - Processing /home/airflow/.local/lib/python3.8/site-packages/airflow/example_dags/example_bash_operator.py took 0.174 seconds
[2024-02-18T23:58:51.438+0000] {processor.py:161} INFO - Started process (PID=4028) to work on /home/airflow/.local/lib/python3.8/site-packages/airflow/example_dags/example_bash_operator.py
[2024-02-18T23:58:51.440+0000] {processor.py:830} INFO - Processing file /home/airflow/.local/lib/python3.8/site-packages/airflow/example_dags/example_bash_operator.py for tasks to queue
[2024-02-18T23:58:51.444+0000] {logging_mixin.py:188} INFO - [2024-02-18T23:58:51.443+0000] {dagbag.py:538} INFO - Filling up the DagBag from /home/airflow/.local/lib/python3.8/site-packages/airflow/example_dags/example_bash_operator.py
[2024-02-18T23:58:51.479+0000] {processor.py:840} INFO - DAG(s) 'example_bash_operator' retrieved from /home/airflow/.local/lib/python3.8/site-packages/airflow/example_dags/example_bash_operator.py
[2024-02-18T23:58:51.589+0000] {logging_mixin.py:188} INFO - [2024-02-18T23:58:51.589+0000] {dag.py:3036} INFO - Sync 1 DAGs
[2024-02-18T23:58:51.655+0000] {logging_mixin.py:188} INFO - [2024-02-18T23:58:51.655+0000] {dag.py:3823} INFO - Setting next_dagrun for example_bash_operator to 2024-02-17 00:00:00+00:00, run_after=2024-02-18 00:00:00+00:00
[2024-02-18T23:58:51.700+0000] {processor.py:183} INFO - Processing /home/airflow/.local/lib/python3.8/site-packages/airflow/example_dags/example_bash_operator.py took 0.271 seconds
[2024-02-18T23:59:22.953+0000] {processor.py:161} INFO - Started process (PID=4275) to work on /home/airflow/.local/lib/python3.8/site-packages/airflow/example_dags/example_bash_operator.py
[2024-02-18T23:59:22.965+0000] {processor.py:830} INFO - Processing file /home/airflow/.local/lib/python3.8/site-packages/airflow/example_dags/example_bash_operator.py for tasks to queue
[2024-02-18T23:59:22.976+0000] {logging_mixin.py:188} INFO - [2024-02-18T23:59:22.975+0000] {dagbag.py:538} INFO - Filling up the DagBag from /home/airflow/.local/lib/python3.8/site-packages/airflow/example_dags/example_bash_operator.py
[2024-02-18T23:59:23.041+0000] {processor.py:840} INFO - DAG(s) 'example_bash_operator' retrieved from /home/airflow/.local/lib/python3.8/site-packages/airflow/example_dags/example_bash_operator.py
[2024-02-18T23:59:23.218+0000] {logging_mixin.py:188} INFO - [2024-02-18T23:59:23.217+0000] {dag.py:3036} INFO - Sync 1 DAGs
[2024-02-18T23:59:23.432+0000] {logging_mixin.py:188} INFO - [2024-02-18T23:59:23.428+0000] {dag.py:3823} INFO - Setting next_dagrun for example_bash_operator to 2024-02-17 00:00:00+00:00, run_after=2024-02-18 00:00:00+00:00
[2024-02-18T23:59:23.637+0000] {processor.py:183} INFO - Processing /home/airflow/.local/lib/python3.8/site-packages/airflow/example_dags/example_bash_operator.py took 0.709 seconds
[2024-02-18T23:59:54.559+0000] {processor.py:161} INFO - Started process (PID=4522) to work on /home/airflow/.local/lib/python3.8/site-packages/airflow/example_dags/example_bash_operator.py
[2024-02-18T23:59:54.562+0000] {processor.py:830} INFO - Processing file /home/airflow/.local/lib/python3.8/site-packages/airflow/example_dags/example_bash_operator.py for tasks to queue
[2024-02-18T23:59:54.566+0000] {logging_mixin.py:188} INFO - [2024-02-18T23:59:54.565+0000] {dagbag.py:538} INFO - Filling up the DagBag from /home/airflow/.local/lib/python3.8/site-packages/airflow/example_dags/example_bash_operator.py
[2024-02-18T23:59:54.611+0000] {processor.py:840} INFO - DAG(s) 'example_bash_operator' retrieved from /home/airflow/.local/lib/python3.8/site-packages/airflow/example_dags/example_bash_operator.py
[2024-02-18T23:59:54.757+0000] {logging_mixin.py:188} INFO - [2024-02-18T23:59:54.756+0000] {dag.py:3036} INFO - Sync 1 DAGs
[2024-02-18T23:59:54.829+0000] {logging_mixin.py:188} INFO - [2024-02-18T23:59:54.828+0000] {dag.py:3823} INFO - Setting next_dagrun for example_bash_operator to 2024-02-17 00:00:00+00:00, run_after=2024-02-18 00:00:00+00:00
[2024-02-18T23:59:54.875+0000] {processor.py:183} INFO - Processing /home/airflow/.local/lib/python3.8/site-packages/airflow/example_dags/example_bash_operator.py took 0.327 seconds
