[2024-02-18T23:46:28.850+0000] {processor.py:161} INFO - Started process (PID=203) to work on /home/airflow/.local/lib/python3.8/site-packages/airflow/example_dags/tutorial.py
[2024-02-18T23:46:28.853+0000] {processor.py:830} INFO - Processing file /home/airflow/.local/lib/python3.8/site-packages/airflow/example_dags/tutorial.py for tasks to queue
[2024-02-18T23:46:28.859+0000] {logging_mixin.py:188} INFO - [2024-02-18T23:46:28.858+0000] {dagbag.py:538} INFO - Filling up the DagBag from /home/airflow/.local/lib/python3.8/site-packages/airflow/example_dags/tutorial.py
[2024-02-18T23:46:28.886+0000] {processor.py:840} INFO - DAG(s) 'tutorial' retrieved from /home/airflow/.local/lib/python3.8/site-packages/airflow/example_dags/tutorial.py
[2024-02-18T23:46:29.258+0000] {logging_mixin.py:188} INFO - [2024-02-18T23:46:29.257+0000] {dag.py:3036} INFO - Sync 1 DAGs
[2024-02-18T23:46:29.319+0000] {logging_mixin.py:188} INFO - [2024-02-18T23:46:29.318+0000] {dag.py:3823} INFO - Setting next_dagrun for tutorial to 2024-02-17 00:00:00+00:00, run_after=2024-02-18 00:00:00+00:00
[2024-02-18T23:46:29.368+0000] {processor.py:183} INFO - Processing /home/airflow/.local/lib/python3.8/site-packages/airflow/example_dags/tutorial.py took 0.528 seconds
[2024-02-18T23:47:00.225+0000] {processor.py:161} INFO - Started process (PID=457) to work on /home/airflow/.local/lib/python3.8/site-packages/airflow/example_dags/tutorial.py
[2024-02-18T23:47:00.228+0000] {processor.py:830} INFO - Processing file /home/airflow/.local/lib/python3.8/site-packages/airflow/example_dags/tutorial.py for tasks to queue
[2024-02-18T23:47:00.232+0000] {logging_mixin.py:188} INFO - [2024-02-18T23:47:00.231+0000] {dagbag.py:538} INFO - Filling up the DagBag from /home/airflow/.local/lib/python3.8/site-packages/airflow/example_dags/tutorial.py
[2024-02-18T23:47:00.249+0000] {processor.py:840} INFO - DAG(s) 'tutorial' retrieved from /home/airflow/.local/lib/python3.8/site-packages/airflow/example_dags/tutorial.py
[2024-02-18T23:47:00.296+0000] {logging_mixin.py:188} INFO - [2024-02-18T23:47:00.296+0000] {dag.py:3036} INFO - Sync 1 DAGs
[2024-02-18T23:47:00.341+0000] {logging_mixin.py:188} INFO - [2024-02-18T23:47:00.341+0000] {dag.py:3823} INFO - Setting next_dagrun for tutorial to 2024-02-17 00:00:00+00:00, run_after=2024-02-18 00:00:00+00:00
[2024-02-18T23:47:00.389+0000] {processor.py:183} INFO - Processing /home/airflow/.local/lib/python3.8/site-packages/airflow/example_dags/tutorial.py took 0.174 seconds
[2024-02-18T23:47:31.101+0000] {processor.py:161} INFO - Started process (PID=702) to work on /home/airflow/.local/lib/python3.8/site-packages/airflow/example_dags/tutorial.py
[2024-02-18T23:47:31.103+0000] {processor.py:830} INFO - Processing file /home/airflow/.local/lib/python3.8/site-packages/airflow/example_dags/tutorial.py for tasks to queue
[2024-02-18T23:47:31.107+0000] {logging_mixin.py:188} INFO - [2024-02-18T23:47:31.106+0000] {dagbag.py:538} INFO - Filling up the DagBag from /home/airflow/.local/lib/python3.8/site-packages/airflow/example_dags/tutorial.py
[2024-02-18T23:47:31.124+0000] {processor.py:840} INFO - DAG(s) 'tutorial' retrieved from /home/airflow/.local/lib/python3.8/site-packages/airflow/example_dags/tutorial.py
[2024-02-18T23:47:31.181+0000] {logging_mixin.py:188} INFO - [2024-02-18T23:47:31.181+0000] {dag.py:3036} INFO - Sync 1 DAGs
[2024-02-18T23:47:31.354+0000] {logging_mixin.py:188} INFO - [2024-02-18T23:47:31.353+0000] {dag.py:3823} INFO - Setting next_dagrun for tutorial to 2024-02-17 00:00:00+00:00, run_after=2024-02-18 00:00:00+00:00
[2024-02-18T23:47:31.662+0000] {processor.py:183} INFO - Processing /home/airflow/.local/lib/python3.8/site-packages/airflow/example_dags/tutorial.py took 0.569 seconds
[2024-02-18T23:52:08.389+0000] {processor.py:161} INFO - Started process (PID=763) to work on /home/airflow/.local/lib/python3.8/site-packages/airflow/example_dags/tutorial.py
[2024-02-18T23:52:08.392+0000] {processor.py:830} INFO - Processing file /home/airflow/.local/lib/python3.8/site-packages/airflow/example_dags/tutorial.py for tasks to queue
[2024-02-18T23:52:08.396+0000] {logging_mixin.py:188} INFO - [2024-02-18T23:52:08.395+0000] {dagbag.py:538} INFO - Filling up the DagBag from /home/airflow/.local/lib/python3.8/site-packages/airflow/example_dags/tutorial.py
[2024-02-18T23:52:08.419+0000] {processor.py:840} INFO - DAG(s) 'tutorial' retrieved from /home/airflow/.local/lib/python3.8/site-packages/airflow/example_dags/tutorial.py
[2024-02-18T23:52:08.484+0000] {logging_mixin.py:188} INFO - [2024-02-18T23:52:08.484+0000] {dag.py:3036} INFO - Sync 1 DAGs
[2024-02-18T23:52:08.541+0000] {logging_mixin.py:188} INFO - [2024-02-18T23:52:08.540+0000] {dag.py:3823} INFO - Setting next_dagrun for tutorial to 2024-02-17 00:00:00+00:00, run_after=2024-02-18 00:00:00+00:00
[2024-02-18T23:52:08.589+0000] {processor.py:183} INFO - Processing /home/airflow/.local/lib/python3.8/site-packages/airflow/example_dags/tutorial.py took 0.230 seconds
[2024-02-18T23:52:38.935+0000] {processor.py:161} INFO - Started process (PID=1010) to work on /home/airflow/.local/lib/python3.8/site-packages/airflow/example_dags/tutorial.py
[2024-02-18T23:52:38.937+0000] {processor.py:830} INFO - Processing file /home/airflow/.local/lib/python3.8/site-packages/airflow/example_dags/tutorial.py for tasks to queue
[2024-02-18T23:52:38.941+0000] {logging_mixin.py:188} INFO - [2024-02-18T23:52:38.940+0000] {dagbag.py:538} INFO - Filling up the DagBag from /home/airflow/.local/lib/python3.8/site-packages/airflow/example_dags/tutorial.py
[2024-02-18T23:52:38.955+0000] {processor.py:840} INFO - DAG(s) 'tutorial' retrieved from /home/airflow/.local/lib/python3.8/site-packages/airflow/example_dags/tutorial.py
[2024-02-18T23:52:38.999+0000] {logging_mixin.py:188} INFO - [2024-02-18T23:52:38.998+0000] {dag.py:3036} INFO - Sync 1 DAGs
[2024-02-18T23:52:39.052+0000] {logging_mixin.py:188} INFO - [2024-02-18T23:52:39.052+0000] {dag.py:3823} INFO - Setting next_dagrun for tutorial to 2024-02-17 00:00:00+00:00, run_after=2024-02-18 00:00:00+00:00
[2024-02-18T23:52:39.101+0000] {processor.py:183} INFO - Processing /home/airflow/.local/lib/python3.8/site-packages/airflow/example_dags/tutorial.py took 0.173 seconds
[2024-02-18T23:53:09.758+0000] {processor.py:161} INFO - Started process (PID=1257) to work on /home/airflow/.local/lib/python3.8/site-packages/airflow/example_dags/tutorial.py
[2024-02-18T23:53:09.763+0000] {processor.py:830} INFO - Processing file /home/airflow/.local/lib/python3.8/site-packages/airflow/example_dags/tutorial.py for tasks to queue
[2024-02-18T23:53:09.770+0000] {logging_mixin.py:188} INFO - [2024-02-18T23:53:09.769+0000] {dagbag.py:538} INFO - Filling up the DagBag from /home/airflow/.local/lib/python3.8/site-packages/airflow/example_dags/tutorial.py
[2024-02-18T23:53:09.795+0000] {processor.py:840} INFO - DAG(s) 'tutorial' retrieved from /home/airflow/.local/lib/python3.8/site-packages/airflow/example_dags/tutorial.py
[2024-02-18T23:53:09.863+0000] {logging_mixin.py:188} INFO - [2024-02-18T23:53:09.862+0000] {dag.py:3036} INFO - Sync 1 DAGs
[2024-02-18T23:53:09.923+0000] {logging_mixin.py:188} INFO - [2024-02-18T23:53:09.922+0000] {dag.py:3823} INFO - Setting next_dagrun for tutorial to 2024-02-17 00:00:00+00:00, run_after=2024-02-18 00:00:00+00:00
[2024-02-18T23:53:09.963+0000] {processor.py:183} INFO - Processing /home/airflow/.local/lib/python3.8/site-packages/airflow/example_dags/tutorial.py took 0.216 seconds
[2024-02-18T23:53:41.051+0000] {processor.py:161} INFO - Started process (PID=1502) to work on /home/airflow/.local/lib/python3.8/site-packages/airflow/example_dags/tutorial.py
[2024-02-18T23:53:41.064+0000] {processor.py:830} INFO - Processing file /home/airflow/.local/lib/python3.8/site-packages/airflow/example_dags/tutorial.py for tasks to queue
[2024-02-18T23:53:41.068+0000] {logging_mixin.py:188} INFO - [2024-02-18T23:53:41.067+0000] {dagbag.py:538} INFO - Filling up the DagBag from /home/airflow/.local/lib/python3.8/site-packages/airflow/example_dags/tutorial.py
[2024-02-18T23:53:41.095+0000] {processor.py:840} INFO - DAG(s) 'tutorial' retrieved from /home/airflow/.local/lib/python3.8/site-packages/airflow/example_dags/tutorial.py
[2024-02-18T23:53:41.178+0000] {logging_mixin.py:188} INFO - [2024-02-18T23:53:41.177+0000] {dag.py:3036} INFO - Sync 1 DAGs
[2024-02-18T23:53:41.279+0000] {logging_mixin.py:188} INFO - [2024-02-18T23:53:41.279+0000] {dag.py:3823} INFO - Setting next_dagrun for tutorial to 2024-02-17 00:00:00+00:00, run_after=2024-02-18 00:00:00+00:00
[2024-02-18T23:53:41.397+0000] {processor.py:183} INFO - Processing /home/airflow/.local/lib/python3.8/site-packages/airflow/example_dags/tutorial.py took 0.363 seconds
[2024-02-18T23:54:12.252+0000] {processor.py:161} INFO - Started process (PID=1751) to work on /home/airflow/.local/lib/python3.8/site-packages/airflow/example_dags/tutorial.py
[2024-02-18T23:54:12.257+0000] {processor.py:830} INFO - Processing file /home/airflow/.local/lib/python3.8/site-packages/airflow/example_dags/tutorial.py for tasks to queue
[2024-02-18T23:54:12.260+0000] {logging_mixin.py:188} INFO - [2024-02-18T23:54:12.259+0000] {dagbag.py:538} INFO - Filling up the DagBag from /home/airflow/.local/lib/python3.8/site-packages/airflow/example_dags/tutorial.py
[2024-02-18T23:54:12.292+0000] {processor.py:840} INFO - DAG(s) 'tutorial' retrieved from /home/airflow/.local/lib/python3.8/site-packages/airflow/example_dags/tutorial.py
[2024-02-18T23:54:12.366+0000] {logging_mixin.py:188} INFO - [2024-02-18T23:54:12.365+0000] {dag.py:3036} INFO - Sync 1 DAGs
[2024-02-18T23:54:12.452+0000] {logging_mixin.py:188} INFO - [2024-02-18T23:54:12.451+0000] {dag.py:3823} INFO - Setting next_dagrun for tutorial to 2024-02-17 00:00:00+00:00, run_after=2024-02-18 00:00:00+00:00
[2024-02-18T23:54:12.567+0000] {processor.py:183} INFO - Processing /home/airflow/.local/lib/python3.8/site-packages/airflow/example_dags/tutorial.py took 0.326 seconds
[2024-02-18T23:54:43.331+0000] {processor.py:161} INFO - Started process (PID=1998) to work on /home/airflow/.local/lib/python3.8/site-packages/airflow/example_dags/tutorial.py
[2024-02-18T23:54:43.334+0000] {processor.py:830} INFO - Processing file /home/airflow/.local/lib/python3.8/site-packages/airflow/example_dags/tutorial.py for tasks to queue
[2024-02-18T23:54:43.337+0000] {logging_mixin.py:188} INFO - [2024-02-18T23:54:43.336+0000] {dagbag.py:538} INFO - Filling up the DagBag from /home/airflow/.local/lib/python3.8/site-packages/airflow/example_dags/tutorial.py
[2024-02-18T23:54:43.357+0000] {processor.py:840} INFO - DAG(s) 'tutorial' retrieved from /home/airflow/.local/lib/python3.8/site-packages/airflow/example_dags/tutorial.py
[2024-02-18T23:54:43.412+0000] {logging_mixin.py:188} INFO - [2024-02-18T23:54:43.412+0000] {dag.py:3036} INFO - Sync 1 DAGs
[2024-02-18T23:54:43.461+0000] {logging_mixin.py:188} INFO - [2024-02-18T23:54:43.460+0000] {dag.py:3823} INFO - Setting next_dagrun for tutorial to 2024-02-17 00:00:00+00:00, run_after=2024-02-18 00:00:00+00:00
[2024-02-18T23:54:43.509+0000] {processor.py:183} INFO - Processing /home/airflow/.local/lib/python3.8/site-packages/airflow/example_dags/tutorial.py took 0.188 seconds
[2024-02-18T23:55:13.852+0000] {processor.py:161} INFO - Started process (PID=2245) to work on /home/airflow/.local/lib/python3.8/site-packages/airflow/example_dags/tutorial.py
[2024-02-18T23:55:13.856+0000] {processor.py:830} INFO - Processing file /home/airflow/.local/lib/python3.8/site-packages/airflow/example_dags/tutorial.py for tasks to queue
[2024-02-18T23:55:13.861+0000] {logging_mixin.py:188} INFO - [2024-02-18T23:55:13.858+0000] {dagbag.py:538} INFO - Filling up the DagBag from /home/airflow/.local/lib/python3.8/site-packages/airflow/example_dags/tutorial.py
[2024-02-18T23:55:13.892+0000] {processor.py:840} INFO - DAG(s) 'tutorial' retrieved from /home/airflow/.local/lib/python3.8/site-packages/airflow/example_dags/tutorial.py
[2024-02-18T23:55:13.984+0000] {logging_mixin.py:188} INFO - [2024-02-18T23:55:13.984+0000] {dag.py:3036} INFO - Sync 1 DAGs
[2024-02-18T23:55:14.069+0000] {logging_mixin.py:188} INFO - [2024-02-18T23:55:14.068+0000] {dag.py:3823} INFO - Setting next_dagrun for tutorial to 2024-02-17 00:00:00+00:00, run_after=2024-02-18 00:00:00+00:00
[2024-02-18T23:55:14.130+0000] {processor.py:183} INFO - Processing /home/airflow/.local/lib/python3.8/site-packages/airflow/example_dags/tutorial.py took 0.287 seconds
[2024-02-18T23:55:44.632+0000] {processor.py:161} INFO - Started process (PID=2492) to work on /home/airflow/.local/lib/python3.8/site-packages/airflow/example_dags/tutorial.py
[2024-02-18T23:55:44.637+0000] {processor.py:830} INFO - Processing file /home/airflow/.local/lib/python3.8/site-packages/airflow/example_dags/tutorial.py for tasks to queue
[2024-02-18T23:55:44.643+0000] {logging_mixin.py:188} INFO - [2024-02-18T23:55:44.641+0000] {dagbag.py:538} INFO - Filling up the DagBag from /home/airflow/.local/lib/python3.8/site-packages/airflow/example_dags/tutorial.py
[2024-02-18T23:55:44.673+0000] {processor.py:840} INFO - DAG(s) 'tutorial' retrieved from /home/airflow/.local/lib/python3.8/site-packages/airflow/example_dags/tutorial.py
[2024-02-18T23:55:44.750+0000] {logging_mixin.py:188} INFO - [2024-02-18T23:55:44.749+0000] {dag.py:3036} INFO - Sync 1 DAGs
[2024-02-18T23:55:44.841+0000] {logging_mixin.py:188} INFO - [2024-02-18T23:55:44.840+0000] {dag.py:3823} INFO - Setting next_dagrun for tutorial to 2024-02-17 00:00:00+00:00, run_after=2024-02-18 00:00:00+00:00
[2024-02-18T23:55:44.923+0000] {processor.py:183} INFO - Processing /home/airflow/.local/lib/python3.8/site-packages/airflow/example_dags/tutorial.py took 0.301 seconds
[2024-02-18T23:56:15.252+0000] {processor.py:161} INFO - Started process (PID=2739) to work on /home/airflow/.local/lib/python3.8/site-packages/airflow/example_dags/tutorial.py
[2024-02-18T23:56:15.256+0000] {processor.py:830} INFO - Processing file /home/airflow/.local/lib/python3.8/site-packages/airflow/example_dags/tutorial.py for tasks to queue
[2024-02-18T23:56:15.262+0000] {logging_mixin.py:188} INFO - [2024-02-18T23:56:15.260+0000] {dagbag.py:538} INFO - Filling up the DagBag from /home/airflow/.local/lib/python3.8/site-packages/airflow/example_dags/tutorial.py
[2024-02-18T23:56:15.281+0000] {processor.py:840} INFO - DAG(s) 'tutorial' retrieved from /home/airflow/.local/lib/python3.8/site-packages/airflow/example_dags/tutorial.py
[2024-02-18T23:56:15.332+0000] {logging_mixin.py:188} INFO - [2024-02-18T23:56:15.331+0000] {dag.py:3036} INFO - Sync 1 DAGs
[2024-02-18T23:56:15.389+0000] {logging_mixin.py:188} INFO - [2024-02-18T23:56:15.388+0000] {dag.py:3823} INFO - Setting next_dagrun for tutorial to 2024-02-17 00:00:00+00:00, run_after=2024-02-18 00:00:00+00:00
[2024-02-18T23:56:15.431+0000] {processor.py:183} INFO - Processing /home/airflow/.local/lib/python3.8/site-packages/airflow/example_dags/tutorial.py took 0.195 seconds
[2024-02-18T23:56:45.741+0000] {processor.py:161} INFO - Started process (PID=2986) to work on /home/airflow/.local/lib/python3.8/site-packages/airflow/example_dags/tutorial.py
[2024-02-18T23:56:45.747+0000] {processor.py:830} INFO - Processing file /home/airflow/.local/lib/python3.8/site-packages/airflow/example_dags/tutorial.py for tasks to queue
[2024-02-18T23:56:45.750+0000] {logging_mixin.py:188} INFO - [2024-02-18T23:56:45.749+0000] {dagbag.py:538} INFO - Filling up the DagBag from /home/airflow/.local/lib/python3.8/site-packages/airflow/example_dags/tutorial.py
[2024-02-18T23:56:45.769+0000] {processor.py:840} INFO - DAG(s) 'tutorial' retrieved from /home/airflow/.local/lib/python3.8/site-packages/airflow/example_dags/tutorial.py
[2024-02-18T23:56:45.820+0000] {logging_mixin.py:188} INFO - [2024-02-18T23:56:45.819+0000] {dag.py:3036} INFO - Sync 1 DAGs
[2024-02-18T23:56:45.870+0000] {logging_mixin.py:188} INFO - [2024-02-18T23:56:45.870+0000] {dag.py:3823} INFO - Setting next_dagrun for tutorial to 2024-02-17 00:00:00+00:00, run_after=2024-02-18 00:00:00+00:00
[2024-02-18T23:56:45.916+0000] {processor.py:183} INFO - Processing /home/airflow/.local/lib/python3.8/site-packages/airflow/example_dags/tutorial.py took 0.184 seconds
[2024-02-18T23:57:16.108+0000] {processor.py:161} INFO - Started process (PID=3233) to work on /home/airflow/.local/lib/python3.8/site-packages/airflow/example_dags/tutorial.py
[2024-02-18T23:57:16.114+0000] {processor.py:830} INFO - Processing file /home/airflow/.local/lib/python3.8/site-packages/airflow/example_dags/tutorial.py for tasks to queue
[2024-02-18T23:57:16.119+0000] {logging_mixin.py:188} INFO - [2024-02-18T23:57:16.118+0000] {dagbag.py:538} INFO - Filling up the DagBag from /home/airflow/.local/lib/python3.8/site-packages/airflow/example_dags/tutorial.py
[2024-02-18T23:57:16.141+0000] {processor.py:840} INFO - DAG(s) 'tutorial' retrieved from /home/airflow/.local/lib/python3.8/site-packages/airflow/example_dags/tutorial.py
[2024-02-18T23:57:16.220+0000] {logging_mixin.py:188} INFO - [2024-02-18T23:57:16.220+0000] {dag.py:3036} INFO - Sync 1 DAGs
[2024-02-18T23:57:16.268+0000] {logging_mixin.py:188} INFO - [2024-02-18T23:57:16.267+0000] {dag.py:3823} INFO - Setting next_dagrun for tutorial to 2024-02-17 00:00:00+00:00, run_after=2024-02-18 00:00:00+00:00
[2024-02-18T23:57:16.308+0000] {processor.py:183} INFO - Processing /home/airflow/.local/lib/python3.8/site-packages/airflow/example_dags/tutorial.py took 0.210 seconds
[2024-02-18T23:57:47.034+0000] {processor.py:161} INFO - Started process (PID=3479) to work on /home/airflow/.local/lib/python3.8/site-packages/airflow/example_dags/tutorial.py
[2024-02-18T23:57:47.037+0000] {processor.py:830} INFO - Processing file /home/airflow/.local/lib/python3.8/site-packages/airflow/example_dags/tutorial.py for tasks to queue
[2024-02-18T23:57:47.042+0000] {logging_mixin.py:188} INFO - [2024-02-18T23:57:47.041+0000] {dagbag.py:538} INFO - Filling up the DagBag from /home/airflow/.local/lib/python3.8/site-packages/airflow/example_dags/tutorial.py
[2024-02-18T23:57:47.061+0000] {processor.py:840} INFO - DAG(s) 'tutorial' retrieved from /home/airflow/.local/lib/python3.8/site-packages/airflow/example_dags/tutorial.py
[2024-02-18T23:57:47.122+0000] {logging_mixin.py:188} INFO - [2024-02-18T23:57:47.121+0000] {dag.py:3036} INFO - Sync 1 DAGs
[2024-02-18T23:57:47.177+0000] {logging_mixin.py:188} INFO - [2024-02-18T23:57:47.176+0000] {dag.py:3823} INFO - Setting next_dagrun for tutorial to 2024-02-17 00:00:00+00:00, run_after=2024-02-18 00:00:00+00:00
[2024-02-18T23:57:47.230+0000] {processor.py:183} INFO - Processing /home/airflow/.local/lib/python3.8/site-packages/airflow/example_dags/tutorial.py took 0.211 seconds
[2024-02-18T23:58:17.425+0000] {processor.py:161} INFO - Started process (PID=3726) to work on /home/airflow/.local/lib/python3.8/site-packages/airflow/example_dags/tutorial.py
[2024-02-18T23:58:17.428+0000] {processor.py:830} INFO - Processing file /home/airflow/.local/lib/python3.8/site-packages/airflow/example_dags/tutorial.py for tasks to queue
[2024-02-18T23:58:17.433+0000] {logging_mixin.py:188} INFO - [2024-02-18T23:58:17.431+0000] {dagbag.py:538} INFO - Filling up the DagBag from /home/airflow/.local/lib/python3.8/site-packages/airflow/example_dags/tutorial.py
[2024-02-18T23:58:17.454+0000] {processor.py:840} INFO - DAG(s) 'tutorial' retrieved from /home/airflow/.local/lib/python3.8/site-packages/airflow/example_dags/tutorial.py
[2024-02-18T23:58:17.526+0000] {logging_mixin.py:188} INFO - [2024-02-18T23:58:17.525+0000] {dag.py:3036} INFO - Sync 1 DAGs
[2024-02-18T23:58:17.619+0000] {logging_mixin.py:188} INFO - [2024-02-18T23:58:17.618+0000] {dag.py:3823} INFO - Setting next_dagrun for tutorial to 2024-02-17 00:00:00+00:00, run_after=2024-02-18 00:00:00+00:00
[2024-02-18T23:58:17.681+0000] {processor.py:183} INFO - Processing /home/airflow/.local/lib/python3.8/site-packages/airflow/example_dags/tutorial.py took 0.270 seconds
[2024-02-18T23:58:48.514+0000] {processor.py:161} INFO - Started process (PID=3973) to work on /home/airflow/.local/lib/python3.8/site-packages/airflow/example_dags/tutorial.py
[2024-02-18T23:58:48.521+0000] {processor.py:830} INFO - Processing file /home/airflow/.local/lib/python3.8/site-packages/airflow/example_dags/tutorial.py for tasks to queue
[2024-02-18T23:58:48.528+0000] {logging_mixin.py:188} INFO - [2024-02-18T23:58:48.527+0000] {dagbag.py:538} INFO - Filling up the DagBag from /home/airflow/.local/lib/python3.8/site-packages/airflow/example_dags/tutorial.py
[2024-02-18T23:58:48.556+0000] {processor.py:840} INFO - DAG(s) 'tutorial' retrieved from /home/airflow/.local/lib/python3.8/site-packages/airflow/example_dags/tutorial.py
[2024-02-18T23:58:48.627+0000] {logging_mixin.py:188} INFO - [2024-02-18T23:58:48.627+0000] {dag.py:3036} INFO - Sync 1 DAGs
[2024-02-18T23:58:48.692+0000] {logging_mixin.py:188} INFO - [2024-02-18T23:58:48.692+0000] {dag.py:3823} INFO - Setting next_dagrun for tutorial to 2024-02-17 00:00:00+00:00, run_after=2024-02-18 00:00:00+00:00
[2024-02-18T23:58:48.759+0000] {processor.py:183} INFO - Processing /home/airflow/.local/lib/python3.8/site-packages/airflow/example_dags/tutorial.py took 0.261 seconds
[2024-02-18T23:59:18.902+0000] {processor.py:161} INFO - Started process (PID=4220) to work on /home/airflow/.local/lib/python3.8/site-packages/airflow/example_dags/tutorial.py
[2024-02-18T23:59:18.905+0000] {processor.py:830} INFO - Processing file /home/airflow/.local/lib/python3.8/site-packages/airflow/example_dags/tutorial.py for tasks to queue
[2024-02-18T23:59:18.908+0000] {logging_mixin.py:188} INFO - [2024-02-18T23:59:18.907+0000] {dagbag.py:538} INFO - Filling up the DagBag from /home/airflow/.local/lib/python3.8/site-packages/airflow/example_dags/tutorial.py
[2024-02-18T23:59:18.929+0000] {processor.py:840} INFO - DAG(s) 'tutorial' retrieved from /home/airflow/.local/lib/python3.8/site-packages/airflow/example_dags/tutorial.py
[2024-02-18T23:59:19.001+0000] {logging_mixin.py:188} INFO - [2024-02-18T23:59:19.001+0000] {dag.py:3036} INFO - Sync 1 DAGs
[2024-02-18T23:59:19.070+0000] {logging_mixin.py:188} INFO - [2024-02-18T23:59:19.068+0000] {dag.py:3823} INFO - Setting next_dagrun for tutorial to 2024-02-17 00:00:00+00:00, run_after=2024-02-18 00:00:00+00:00
[2024-02-18T23:59:19.128+0000] {processor.py:183} INFO - Processing /home/airflow/.local/lib/python3.8/site-packages/airflow/example_dags/tutorial.py took 0.235 seconds
[2024-02-18T23:59:49.807+0000] {processor.py:161} INFO - Started process (PID=4467) to work on /home/airflow/.local/lib/python3.8/site-packages/airflow/example_dags/tutorial.py
[2024-02-18T23:59:49.810+0000] {processor.py:830} INFO - Processing file /home/airflow/.local/lib/python3.8/site-packages/airflow/example_dags/tutorial.py for tasks to queue
[2024-02-18T23:59:49.813+0000] {logging_mixin.py:188} INFO - [2024-02-18T23:59:49.812+0000] {dagbag.py:538} INFO - Filling up the DagBag from /home/airflow/.local/lib/python3.8/site-packages/airflow/example_dags/tutorial.py
[2024-02-18T23:59:49.828+0000] {processor.py:840} INFO - DAG(s) 'tutorial' retrieved from /home/airflow/.local/lib/python3.8/site-packages/airflow/example_dags/tutorial.py
[2024-02-18T23:59:49.870+0000] {logging_mixin.py:188} INFO - [2024-02-18T23:59:49.870+0000] {dag.py:3036} INFO - Sync 1 DAGs
[2024-02-18T23:59:49.925+0000] {logging_mixin.py:188} INFO - [2024-02-18T23:59:49.923+0000] {dag.py:3823} INFO - Setting next_dagrun for tutorial to 2024-02-17 00:00:00+00:00, run_after=2024-02-18 00:00:00+00:00
[2024-02-18T23:59:49.964+0000] {processor.py:183} INFO - Processing /home/airflow/.local/lib/python3.8/site-packages/airflow/example_dags/tutorial.py took 0.163 seconds
